2023-10-24 09:49:46.293 ERROR json_response.py json_response - response_exception:{'message': 'Circular reference detected'}
2023-10-24 09:50:16.001 ERROR json_response.py json_response - response_exception:{'message': 'Circular reference detected'}
2023-10-24 09:51:11.504 ERROR json_response.py json_response - response_exception:{'message': 'Circular reference detected'}
2023-10-24 09:51:29.182 ERROR json_response.py json_response - response_exception:{'message': 'Circular reference detected'}
2023-10-24 09:51:41.603 ERROR json_response.py json_response - response_exception:{'message': 'Circular reference detected'}
2023-10-24 09:51:52.007 ERROR json_response.py json_response - response_exception:{'message': "'lead_id'"}
2023-10-24 09:52:33.191 ERROR json_response.py json_response - response_exception:{'message': 'Circular reference detected'}
2023-10-24 09:53:05.877 ERROR json_response.py json_response - response_exception:{'message': 'Circular reference detected'}
2023-10-24 09:53:07.065 ERROR json_response.py json_response - response_exception:{'message': 'Circular reference detected'}
2023-10-24 09:53:43.280 ERROR json_response.py json_response - response_exception:{'message': 'Circular reference detected'}
2023-10-24 10:02:57.655 ERROR json_response.py json_response - response_exception:{'message': '(1054, "Unknown column \'leads_table.active_status\' in \'where clause\'")'}
2023-10-24 10:05:17.024 ERROR json_response.py json_response - response_exception:{'message': '(1054, "Unknown column \'leads_table.active_status\' in \'where clause\'")'}
2023-10-24 10:05:18.540 ERROR json_response.py json_response - response_exception:{'message': '(1054, "Unknown column \'leads_table.active_status\' in \'where clause\'")'}
2023-10-24 10:05:55.567 ERROR json_response.py json_response - response_exception:{'message': '(1054, "Unknown column \'leads_table.active_status\' in \'where clause\'")'}
2023-10-24 10:06:04.789 ERROR json_response.py json_response - response_exception:{'message': '(1054, "Unknown column \'leads_table.active_status\' in \'where clause\'")'}
2023-10-24 10:06:06.614 ERROR json_response.py json_response - response_exception:{'message': '(1054, "Unknown column \'leads_table.active_status\' in \'where clause\'")'}
2023-10-24 10:06:22.701 ERROR json_response.py json_response - response_exception:{'message': '(1054, "Unknown column \'leads_table.created_date\' in \'order clause\'")'}
2023-10-24 10:06:23.931 ERROR json_response.py json_response - response_exception:{'message': '(1054, "Unknown column \'leads_table.created_date\' in \'order clause\'")'}
2023-10-24 10:07:44.018 ERROR json_response.py json_response - response_exception:{'message': '(1054, "Unknown column \'leads_table.active_status\' in \'where clause\'")'}
2023-10-24 10:08:47.481 ERROR json_response.py json_response - response_exception:{'message': '(1054, "Unknown column \'leads_table.active_status\' in \'where clause\'")'}
2023-10-24 10:08:48.670 ERROR json_response.py json_response - response_exception:{'message': '(1054, "Unknown column \'leads_table.active_status\' in \'where clause\'")'}
2023-10-24 10:09:56.774 ERROR json_response.py json_response - response_exception:{'message': '(1052, "Column \'ref_user_id\' in field list is ambiguous")'}
2023-10-24 10:11:28.983 ERROR json_response.py json_response - response_exception:{'message': '(1052, "Column \'ref_user_id\' in field list is ambiguous")'}
2023-10-24 10:12:23.700 ERROR json_response.py json_response - response_exception:{'message': '(1052, "Column \'ref_user_id\' in field list is ambiguous")'}
2023-10-24 10:13:15.918 ERROR json_response.py json_response - response_exception:{'message': '(1052, "Column \'ref_user_id\' in field list is ambiguous")'}
2023-10-24 10:13:17.386 ERROR json_response.py json_response - response_exception:{'message': '(1052, "Column \'ref_user_id\' in field list is ambiguous")'}
2023-10-24 10:13:31.475 ERROR json_response.py json_response - response_exception:{'message': '(1052, "Column \'ref_user_id\' in field list is ambiguous")'}
2023-10-24 10:13:44.402 ERROR json_response.py json_response - response_exception:{'message': '(1054, "Unknown column \'user_master.user_name\' in \'field list\'")'}
2023-10-24 10:14:03.520 ERROR json_response.py json_response - response_exception:{'message': '(1052, "Column \'ref_user_id\' in field list is ambiguous")'}
2023-10-24 10:15:00.234 ERROR json_response.py json_response - response_exception:{'message': '(1052, "Column \'ref_user_id\' in field list is ambiguous")'}
2023-10-24 10:15:01.694 ERROR json_response.py json_response - response_exception:{'message': '(1052, "Column \'ref_user_id\' in field list is ambiguous")'}
2023-10-24 10:15:57.840 ERROR json_response.py json_response - response_exception:{'message': '(1052, "Column \'ref_user_id\' in field list is ambiguous")'}
2023-10-24 10:15:58.932 ERROR json_response.py json_response - response_exception:{'message': '(1052, "Column \'ref_user_id\' in field list is ambiguous")'}
2023-10-24 10:18:52.779 ERROR json_response.py json_response - response_exception:{'message': '(1066, "Not unique table/alias: \'assign_lead_table\'")'}
2023-10-24 10:19:29.884 ERROR json_response.py json_response - response_exception:{'message': '(1066, "Not unique table/alias: \'assign_lead_table\'")'}
2023-10-24 10:19:52.869 ERROR json_response.py json_response - response_exception:{'message': '(1066, "Not unique table/alias: \'assign_lead_table\'")'}
2023-10-24 10:19:53.928 ERROR json_response.py json_response - response_exception:{'message': '(1066, "Not unique table/alias: \'assign_lead_table\'")'}
2023-10-24 10:20:19.335 ERROR json_response.py json_response - response_exception:{'message': '(1066, "Not unique table/alias: \'assign_lead_table\'")'}
2023-10-24 10:20:20.410 ERROR json_response.py json_response - response_exception:{'message': '(1066, "Not unique table/alias: \'assign_lead_table\'")'}
2023-10-24 10:20:36.416 ERROR json_response.py json_response - response_exception:{'message': '(1066, "Not unique table/alias: \'assign_lead_table\'")'}
2023-10-24 10:21:27.635 ERROR json_response.py json_response - response_exception:{'message': '(1066, "Not unique table/alias: \'assign_lead_table\'")'}
2023-10-24 10:21:29.155 ERROR json_response.py json_response - response_exception:{'message': '(1066, "Not unique table/alias: \'assign_lead_table\'")'}
2023-10-24 10:23:50.044 ERROR json_response.py json_response - response_exception:{'message': '(1064, "You have an error in your SQL syntax; check the manual that corresponds to your MariaDB server version for the right syntax to use near \'DATE_FORMAT(leads_table.created_date, \'%b %d, %Y | %l:%i %p\') as created_f_da...\' at line 23")'}
2023-10-24 10:24:43.061 ERROR json_response.py json_response - response_exception:{'message': '(1052, "Column \'ref_user_id\' in field list is ambiguous")'}
2023-10-24 10:25:44.566 ERROR json_response.py json_response - response_exception:{'message': '(1052, "Column \'ref_user_id\' in field list is ambiguous")'}
2023-10-24 10:25:45.689 ERROR json_response.py json_response - response_exception:{'message': '(1052, "Column \'ref_user_id\' in field list is ambiguous")'}
2023-10-24 10:30:11.953 ERROR json_response.py json_response - response_exception:{'message': '(1066, "Not unique table/alias: \'assign_lead_table\'")'}
2023-10-24 10:30:49.074 ERROR json_response.py json_response - response_exception:{'message': '(1066, "Not unique table/alias: \'assign_lead_table\'")'}
2023-10-24 10:30:50.080 ERROR json_response.py json_response - response_exception:{'message': '(1066, "Not unique table/alias: \'assign_lead_table\'")'}
2023-10-24 10:31:50.755 ERROR json_response.py json_response - response_exception:{'message': '(1066, "Not unique table/alias: \'assign_lead_table\'")'}
2023-10-24 10:32:13.251 ERROR json_response.py json_response - response_exception:{'message': '(1066, "Not unique table/alias: \'assign_lead_table\'")'}
2023-10-24 10:32:43.563 ERROR json_response.py json_response - response_exception:{'message': '(1054, "Unknown column \'leads_table.active_status\' in \'where clause\'")'}
2023-10-24 10:33:47.261 ERROR json_response.py json_response - response_exception:{'message': '(1066, "Not unique table/alias: \'assign_lead_table\'")'}
2023-10-24 10:33:48.285 ERROR json_response.py json_response - response_exception:{'message': '(1066, "Not unique table/alias: \'assign_lead_table\'")'}
2023-10-24 10:35:14.836 ERROR json_response.py json_response - response_exception:{'message': '(1066, "Not unique table/alias: \'assign_lead_table\'")'}
2023-10-24 10:36:08.085 ERROR json_response.py json_response - response_exception:{'message': '(1066, "Not unique table/alias: \'assign_lead_table\'")'}
2023-10-24 10:37:46.889 ERROR json_response.py json_response - response_exception:{'message': "local variable 'lead_id' referenced before assignment"}
2023-10-24 10:37:49.140 ERROR json_response.py json_response - response_exception:{'message': "local variable 'lead_id' referenced before assignment"}
2023-10-24 10:40:33.588 ERROR json_response.py json_response - response_exception:{'message': 'string indices must be integers'}
2023-10-24 10:41:01.496 ERROR json_response.py json_response - response_exception:{'message': 'string indices must be integers'}
2023-10-24 10:41:09.568 ERROR json_response.py json_response - response_exception:{'message': "name 'search' is not defined"}
2023-10-24 10:41:10.748 ERROR json_response.py json_response - response_exception:{'message': "name 'search' is not defined"}
2023-10-24 10:41:55.350 ERROR json_response.py json_response - response_exception:{'message': "local variable 'search' referenced before assignment"}
2023-10-24 10:42:56.130 ERROR json_response.py json_response - response_exception:{'message': '(1066, "Not unique table/alias: \'assign_lead_table\'")'}
2023-10-24 10:42:57.386 ERROR json_response.py json_response - response_exception:{'message': '(1066, "Not unique table/alias: \'assign_lead_table\'")'}
2023-10-24 10:44:01.492 ERROR json_response.py json_response - response_exception:{'message': '(1066, "Not unique table/alias: \'assign_lead_table\'")'}
2023-10-24 10:47:23.233 ERROR json_response.py json_response - response_exception:{'message': '(1054, "Unknown column \'customer_lead_source.source_name\' in \'field list\'")'}
2023-10-24 10:48:25.294 ERROR json_response.py json_response - response_exception:{'message': "name 'search' is not defined"}
2023-10-24 10:48:55.369 ERROR json_response.py json_response - response_exception:{'message': "local variable 'lead_id' referenced before assignment"}
2023-10-24 10:49:17.989 ERROR json_response.py json_response - response_exception:{'message': "name 'ref_lead_id' is not defined"}
2023-10-24 10:49:57.180 ERROR json_response.py json_response - response_exception:{'message': 'list indices must be integers or slices, not str'}
2023-10-24 10:49:58.429 ERROR json_response.py json_response - response_exception:{'message': 'list indices must be integers or slices, not str'}
2023-10-24 10:50:43.113 ERROR json_response.py json_response - response_exception:{'message': '(1066, "Not unique table/alias: \'assign_lead_table\'")'}
2023-10-24 10:59:17.840 ERROR json_response.py json_response - response_exception:{'message': '(1066, "Not unique table/alias: \'assign_lead_table\'")'}
2023-10-24 11:01:55.428 ERROR json_response.py json_response - response_exception:{'message': '(1066, "Not unique table/alias: \'assign_lead_table\'")'}
2023-10-24 11:08:18.488 ERROR json_response.py json_response - response_exception:{'message': '(1066, "Not unique table/alias: \'assign_lead_table\'")'}
2023-10-24 11:08:19.643 ERROR json_response.py json_response - response_exception:{'message': '(1066, "Not unique table/alias: \'assign_lead_table\'")'}
2023-10-24 11:08:50.828 ERROR json_response.py json_response - response_exception:{'message': "name 'search' is not defined"}
2023-10-24 11:10:30.647 ERROR json_response.py json_response - response_exception:{'message': '(1066, "Not unique table/alias: \'assign_lead_table\'")'}
2023-10-24 11:13:28.868 ERROR json_response.py json_response - response_exception:{'message': "'ref_lead_id'"}
2023-10-24 11:14:23.810 ERROR json_response.py json_response - response_exception:{'message': '(1054, "Unknown column \'leads_table.active_status\' in \'where clause\'")'}
2023-10-24 11:14:25.008 ERROR json_response.py json_response - response_exception:{'message': '(1054, "Unknown column \'leads_table.active_status\' in \'where clause\'")'}
2023-10-24 11:15:40.755 ERROR json_response.py json_response - response_exception:{'message': '(1066, "Not unique table/alias: \'alt\'")'}
2023-10-24 11:17:17.881 ERROR json_response.py json_response - response_exception:{'message': '(1066, "Not unique table/alias: \'alt\'")'}
2023-10-24 11:18:29.421 ERROR json_response.py json_response - response_exception:{'message': '(1054, "Unknown column \'leads_table.active_status\' in \'where clause\'")'}
2023-10-24 11:20:17.845 ERROR json_response.py json_response - response_exception:{'message': '(1054, "Unknown column \'alt.ref_customer_type\' in \'on clause\'")'}
2023-10-24 11:24:31.421 ERROR json_response.py json_response - response_exception:{'message': '(1054, "Unknown column \'alt.ref_lead_source\' in \'on clause\'")'}
2023-10-24 11:32:30.823 ERROR json_response.py json_response - response_exception:{'message': '(1064, "You have an error in your SQL syntax; check the manual that corresponds to your MariaDB server version for the right syntax to use near \'= \'ae4cf5a7-9334-43ac-883a-4e1ae410969b\'\' at line 9")'}
2023-10-24 11:32:56.213 ERROR json_response.py json_response - response_exception:{'message': '(1064, "You have an error in your SQL syntax; check the manual that corresponds to your MariaDB server version for the right syntax to use near \'= \'ae4cf5a7-9334-43ac-883a-4e1ae410969b\'  and leads_table.active_status IN (1,0)\' at line 9")'}
2023-10-24 13:44:46.498 ERROR json_response.py json_response - response_exception:{'message': "'assign_id'"}
2023-10-24 13:48:05.328 ERROR json_response.py json_response - response_exception:{'message': "'assign_id'"}
2023-10-24 15:36:54.017 ERROR json_response.py json_response - response_exception:{'message': '(1054, "Unknown column \'leads_table.lead_id\' in \'on clause\'")'}
2023-10-24 15:46:51.697 ERROR json_response.py json_response - response_exception:{'message': '(1054, "Unknown column \'follow_up_action_masters.action_id\' in \'on clause\'")'}
2023-10-24 15:55:45.404 ERROR json_response.py json_response - response_exception:{'message': "local variable 'qurey' referenced before assignment"}
2023-10-24 16:09:53.114 ERROR json_response.py json_response - response_exception:{'message': "local variable 'qurey' referenced before assignment"}
2023-10-24 16:10:26.395 ERROR json_response.py json_response - response_exception:{'message': "local variable 'qurey' referenced before assignment"}
2023-10-24 16:11:15.601 ERROR json_response.py json_response - response_exception:{'message': '(1054, "Unknown column \'follow_up_action_masters.action\' in \'where clause\'")'}
2023-10-24 16:14:17.007 ERROR json_response.py json_response - response_exception:{'message': '(1146, "Table \'follow_up_action_masters.action_id\' doesn\'t exist")'}
2023-10-24 16:14:18.307 ERROR json_response.py json_response - response_exception:{'message': '(1146, "Table \'follow_up_action_masters.action_id\' doesn\'t exist")'}
2023-10-24 16:15:13.155 ERROR json_response.py json_response - response_exception:{'message': '(1146, "Table \'follow_up_action_masters.action_id\' doesn\'t exist")'}
2023-10-24 16:16:00.062 ERROR json_response.py json_response - response_exception:{'message': '(1146, "Table \'follow_up_action_masters.action_id\' doesn\'t exist")'}
2023-10-24 16:18:04.767 ERROR json_response.py json_response - response_exception:{'message': '(1054, "Unknown column \'follow_up_action_masters.action\' in \'where clause\'")'}
2023-10-24 16:19:21.545 ERROR json_response.py json_response - response_exception:{'message': '(1054, "Unknown column \'follow_up_action_masters.action\' in \'where clause\'")'}
2023-10-24 16:19:22.670 ERROR json_response.py json_response - response_exception:{'message': '(1054, "Unknown column \'follow_up_action_masters.action\' in \'where clause\'")'}
2023-10-24 16:20:02.268 ERROR json_response.py json_response - response_exception:{'message': '(1054, "Unknown column \'follow_up_action_masters.action\' in \'where clause\'")'}
2023-10-24 16:20:35.344 ERROR json_response.py json_response - response_exception:{'message': '(1054, "Unknown column \'follow_up_action_masters.action\' in \'where clause\'")'}
2023-10-24 16:20:36.467 ERROR json_response.py json_response - response_exception:{'message': '(1054, "Unknown column \'follow_up_action_masters.action\' in \'where clause\'")'}
2023-10-24 16:27:59.606 ERROR json_response.py json_response - response_exception:{'message': '(1054, "Unknown column \'follow_up_action_masters.action\' in \'where clause\'")'}
2023-10-24 16:29:22.575 ERROR json_response.py json_response - response_exception:{'message': '(1054, "Unknown column \'follow_up_action_masters.action\' in \'where clause\'")'}
2023-10-24 16:33:29.026 ERROR json_response.py json_response - response_exception:{'message': "local variable 'qurey' referenced before assignment"}
2023-10-24 17:23:00.611 ERROR json_response.py json_response - response_exception:{'message': "'username'"}
2023-10-24 17:23:24.408 ERROR json_response.py json_response - response_exception:{'message': 'not enough values to unpack (expected 3, got 2)'}
