2023-11-16 10:08:12.651 ERROR json_response.py json_response - response_exception:{'message': '(1054, "Unknown column \'relationship_table.ref_from_id\' in \'on clause\'")'}
2023-11-16 10:08:39.500 ERROR json_response.py json_response - response_exception:{'message': '(1054, "Unknown column \'relationship_table.ref_from_id\' in \'on clause\'")'}
2023-11-16 10:08:39.517 ERROR json_response.py json_response - response_exception:{'message': '(1054, "Unknown column \'relationship_table.ref_from_id\' in \'on clause\'")'}
2023-11-16 10:08:39.525 ERROR json_response.py json_response - response_exception:{'message': '(1054, "Unknown column \'relationship_table.ref_from_id\' in \'on clause\'")'}
2023-11-16 10:08:39.586 ERROR json_response.py json_response - response_exception:{'message': '(1054, "Unknown column \'relationship_table.ref_from_id\' in \'on clause\'")'}
2023-11-16 10:08:39.620 ERROR json_response.py json_response - response_exception:{'message': '(1054, "Unknown column \'relationship_table.ref_from_id\' in \'on clause\'")'}
2023-11-16 10:08:39.625 ERROR json_response.py json_response - response_exception:{'message': '(1054, "Unknown column \'relationship_table.ref_from_id\' in \'on clause\'")'}
2023-11-16 10:08:39.860 ERROR json_response.py json_response - response_exception:{'message': '(1054, "Unknown column \'relationship_table.ref_from_id\' in \'on clause\'")'}
2023-11-16 10:08:45.077 ERROR json_response.py json_response - response_exception:{'message': '(1054, "Unknown column \'relationship_table.ref_from_id\' in \'on clause\'")'}
2023-11-16 10:08:45.078 ERROR json_response.py json_response - response_exception:{'message': '(1054, "Unknown column \'relationship_table.ref_from_id\' in \'on clause\'")'}
2023-11-16 10:08:45.093 ERROR json_response.py json_response - response_exception:{'message': '(1054, "Unknown column \'relationship_table.ref_from_id\' in \'on clause\'")'}
2023-11-16 10:41:51.371 ERROR json_response.py json_response - response_exception:{'message': "'assigning_user_id'"}
2023-11-16 10:42:05.560 ERROR json_response.py json_response - response_exception:{'message': "'assigning_user_id'"}
2023-11-16 10:43:49.666 ERROR json_response.py json_response - response_exception:{'message': '(1064, "You have an error in your SQL syntax; check the manual that corresponds to your MariaDB server version for the right syntax to use near \'FROM assign_lead_table AS alt\\n\\n                            LEFT JOIN follow_u...\' at line 25")'}
2023-11-16 10:59:57.743 ERROR json_response.py json_response - response_exception:{'message': '(1054, "Unknown column \'relationship_table.ref_from_id\' in \'on clause\'")'}
2023-11-16 11:01:27.968 ERROR json_response.py json_response - response_exception:{'message': '(1054, "Unknown column \'relationship_table.ref_from_id\' in \'on clause\'")'}
2023-11-16 11:29:47.107 ERROR json_response.py json_response - response_exception:{'message': "local variable 'search_query' referenced before assignment"}
2023-11-16 11:29:48.653 ERROR json_response.py json_response - response_exception:{'message': "local variable 'search_query' referenced before assignment"}
2023-11-16 11:29:51.557 ERROR json_response.py json_response - response_exception:{'message': "local variable 'search_query' referenced before assignment"}
2023-11-16 11:29:53.511 ERROR json_response.py json_response - response_exception:{'message': "local variable 'search_query' referenced before assignment"}
2023-11-16 11:30:58.531 ERROR json_response.py json_response - response_exception:{'message': "local variable 'search_query' referenced before assignment"}
2023-11-16 11:31:06.490 ERROR json_response.py json_response - response_exception:{'message': "local variable 'search_query' referenced before assignment"}
2023-11-16 11:31:11.611 ERROR json_response.py json_response - response_exception:{'message': "local variable 'search_query' referenced before assignment"}
2023-11-16 11:31:22.523 ERROR json_response.py json_response - response_exception:{'message': "local variable 'search_query' referenced before assignment"}
2023-11-16 11:33:17.722 ERROR json_response.py json_response - response_exception:{'message': "local variable 'search_query' referenced before assignment"}
2023-11-16 11:33:58.383 ERROR json_response.py json_response - response_exception:{'message': "'authorization'"}
2023-11-16 11:34:18.887 ERROR json_response.py json_response - response_exception:{'message': "'authorization'"}
2023-11-16 11:34:43.702 ERROR json_response.py json_response - response_exception:{'message': "local variable 'search_query' referenced before assignment"}
2023-11-16 12:01:19.901 ERROR json_response.py json_response - response_exception:{'message': "local variable 'stage' referenced before assignment"}
2023-11-16 12:03:10.121 ERROR json_response.py json_response - response_exception:{'message': "local variable 'conclusion' referenced before assignment"}
2023-11-16 12:04:20.695 ERROR json_response.py json_response - response_exception:{'message': "local variable 'conclusion' referenced before assignment"}
2023-11-16 14:18:42.663 ERROR json_response.py json_response - response_exception:{'message': 'list index out of range'}
2023-11-16 14:19:35.186 ERROR json_response.py json_response - response_exception:{'message': 'list index out of range'}
2023-11-16 14:19:53.969 ERROR json_response.py json_response - response_exception:{'message': 'list index out of range'}
2023-11-16 14:19:55.086 ERROR json_response.py json_response - response_exception:{'message': 'list index out of range'}
2023-11-16 14:20:27.270 ERROR json_response.py json_response - response_exception:{'message': 'list index out of range'}
2023-11-16 14:20:28.129 ERROR json_response.py json_response - response_exception:{'message': 'list index out of range'}
2023-11-16 14:20:46.286 ERROR json_response.py json_response - response_exception:{'message': 'list index out of range'}
2023-11-16 14:21:58.067 ERROR json_response.py json_response - response_exception:{'message': 'list index out of range'}
2023-11-16 14:22:33.106 ERROR json_response.py json_response - response_exception:{'message': 'list index out of range'}
2023-11-16 14:22:35.870 ERROR json_response.py json_response - response_exception:{'message': 'list index out of range'}
2023-11-16 14:23:01.895 ERROR json_response.py json_response - response_exception:{'message': 'list index out of range'}
2023-11-16 14:23:02.978 ERROR json_response.py json_response - response_exception:{'message': 'list index out of range'}
2023-11-16 14:23:26.050 ERROR json_response.py json_response - response_exception:{'message': 'Invalid control character at: line 15 column 25 (char 516)'}
2023-11-16 14:23:31.684 ERROR json_response.py json_response - response_exception:{'message': 'list index out of range'}
2023-11-16 14:23:49.169 ERROR json_response.py json_response - response_exception:{'message': "name 'ref_lead_id' is not defined"}
2023-11-16 14:23:50.034 ERROR json_response.py json_response - response_exception:{'message': "name 'ref_lead_id' is not defined"}
2023-11-16 14:25:41.105 ERROR json_response.py json_response - response_exception:{'message': "'assigning_user_id'"}
2023-11-16 14:25:48.368 ERROR json_response.py json_response - response_exception:{'message': "local variable 'success_message' referenced before assignment"}
2023-11-16 14:51:44.957 ERROR json_response.py json_response - response_exception:{'message': "local variable 'stage' referenced before assignment"}
2023-11-16 14:52:42.381 ERROR json_response.py json_response - response_exception:{'message': "'priority_type'"}
2023-11-16 14:54:49.709 ERROR json_response.py json_response - response_exception:{'message': "local variable 'success_message' referenced before assignment"}
2023-11-16 14:59:27.141 ERROR json_response.py json_response - response_exception:{'message': "'priority_type'"}
2023-11-16 15:11:27.193 ERROR json_response.py json_response - response_exception:{'message': "'priority_type'"}
2023-11-16 15:17:11.741 ERROR json_response.py json_response - response_exception:{'message': "'priority_type'"}
2023-11-16 15:19:12.804 ERROR json_response.py json_response - response_exception:{'message': "local variable 'success_message' referenced before assignment"}
2023-11-16 15:20:18.091 ERROR json_response.py json_response - response_exception:{'message': "local variable 'success_message' referenced before assignment"}
2023-11-16 15:20:47.732 ERROR json_response.py json_response - response_exception:{'message': "local variable 'success_message' referenced before assignment"}
2023-11-16 15:21:25.614 ERROR json_response.py json_response - response_exception:{'message': "local variable 'success_message' referenced before assignment"}
2023-11-16 15:21:26.591 ERROR json_response.py json_response - response_exception:{'message': "local variable 'success_message' referenced before assignment"}
2023-11-16 15:23:29.677 ERROR json_response.py json_response - response_exception:{'message': "local variable 'success_message' referenced before assignment"}
2023-11-16 15:23:30.569 ERROR json_response.py json_response - response_exception:{'message': "local variable 'success_message' referenced before assignment"}
2023-11-16 15:23:31.462 ERROR json_response.py json_response - response_exception:{'message': "local variable 'success_message' referenced before assignment"}
2023-11-16 15:25:19.574 ERROR json_response.py json_response - response_exception:{'message': "local variable 'success_message' referenced before assignment"}
2023-11-16 15:25:20.624 ERROR json_response.py json_response - response_exception:{'message': "local variable 'success_message' referenced before assignment"}
2023-11-16 15:26:27.706 ERROR json_response.py json_response - response_exception:{'message': "local variable 'success_message' referenced before assignment"}
2023-11-16 15:27:30.994 ERROR json_response.py json_response - response_exception:{'message': "local variable 'success_message' referenced before assignment"}
2023-11-16 15:28:26.684 ERROR json_response.py json_response - response_exception:{'message': "'priority_type'"}
2023-11-16 15:28:56.299 ERROR json_response.py json_response - response_exception:{'message': "local variable 'success_message' referenced before assignment"}
2023-11-16 15:29:27.373 ERROR json_response.py json_response - response_exception:{'message': "local variable 'success_message' referenced before assignment"}
2023-11-16 15:44:11.463 ERROR json_response.py json_response - response_exception:{'message': "local variable 'success_message' referenced before assignment"}
2023-11-16 15:53:55.250 ERROR json_response.py json_response - response_exception:{'message': "local variable 'followup_id' referenced before assignment"}
2023-11-16 15:56:41.803 ERROR json_response.py json_response - response_exception:{'message': "local variable 'followup_id' referenced before assignment"}
2023-11-16 16:04:44.142 ERROR json_response.py json_response - response_exception:{'message': '(1054, "Unknown column \'notes\' in \'field list\'")'}
2023-11-16 16:29:34.288 ERROR json_response.py json_response - response_exception:{'message': "'stage'"}
2023-11-16 16:29:48.739 ERROR json_response.py json_response - response_exception:{'message': "'ref_lead_id'"}
2023-11-16 16:31:00.102 ERROR json_response.py json_response - response_exception:{'message': "'ref_lead_id'"}
2023-11-16 16:31:43.627 ERROR json_response.py json_response - response_exception:{'message': "local variable 'execute_update' referenced before assignment"}
2023-11-16 16:50:06.474 ERROR json_response.py json_response - response_exception:{'message': 'list index out of range'}
2023-11-16 16:50:39.398 ERROR json_response.py json_response - response_exception:{'message': 'list index out of range'}
2023-11-16 16:50:55.101 ERROR json_response.py json_response - response_exception:{'message': 'list index out of range'}
2023-11-16 17:02:11.898 ERROR json_response.py json_response - response_exception:{'message': "'prior_notes'"}
2023-11-16 17:07:27.766 ERROR json_response.py json_response - response_exception:{'message': '(1064, "You have an error in your SQL syntax; check the manual that corresponds to your MariaDB server version for the right syntax to use near \'WHERE ref_lead_id = \'d7943283-62cb-4c79-a844-98db4721f934\'\' at line 19")'}
2023-11-16 17:07:50.868 ERROR json_response.py json_response - response_exception:{'message': '(1054, "Unknown column \'ref_notes\' in \'field list\'")'}
2023-11-16 18:00:15.167 ERROR json_response.py json_response - response_exception:{'message': "'stage'"}
2023-11-16 18:12:41.008 ERROR json_response.py json_response - response_exception:{'message': '(4078, "Illegal parameter data types int and row for operation \'=\'")'}
