2023-11-20 09:41:33.516 ERROR json_response.py json_response - response_exception:{'message': '(1064, "You have an error in your SQL syntax; check the manual that corresponds to your MariaDB server version for the right syntax to use near \')  order by leads_table.created_date DESC\' at line 37")'}
2023-11-20 09:42:15.275 ERROR json_response.py json_response - response_exception:{'message': '(1064, "You have an error in your SQL syntax; check the manual that corresponds to your MariaDB server version for the right syntax to use near \')  order by leads_table.created_date DESC\' at line 37")'}
2023-11-20 09:42:16.429 ERROR json_response.py json_response - response_exception:{'message': '(1064, "You have an error in your SQL syntax; check the manual that corresponds to your MariaDB server version for the right syntax to use near \')  order by leads_table.created_date DESC\' at line 37")'}
2023-11-20 09:42:29.107 ERROR json_response.py json_response - response_exception:{'message': '(1064, "You have an error in your SQL syntax; check the manual that corresponds to your MariaDB server version for the right syntax to use near \')  order by leads_table.created_date DESC\' at line 37")'}
2023-11-20 09:42:30.162 ERROR json_response.py json_response - response_exception:{'message': '(1064, "You have an error in your SQL syntax; check the manual that corresponds to your MariaDB server version for the right syntax to use near \')  order by leads_table.created_date DESC\' at line 37")'}
2023-11-20 09:42:31.102 ERROR json_response.py json_response - response_exception:{'message': '(1064, "You have an error in your SQL syntax; check the manual that corresponds to your MariaDB server version for the right syntax to use near \')  order by leads_table.created_date DESC\' at line 37")'}
2023-11-20 09:42:33.989 ERROR json_response.py json_response - response_exception:{'message': '(1064, "You have an error in your SQL syntax; check the manual that corresponds to your MariaDB server version for the right syntax to use near \')  order by leads_table.created_date DESC\' at line 37")'}
2023-11-20 09:45:06.600 ERROR json_response.py json_response - response_exception:{'message': '(1064, "You have an error in your SQL syntax; check the manual that corresponds to your MariaDB server version for the right syntax to use near \')  order by leads_table.created_date DESC\' at line 37")'}
2023-11-20 09:48:59.674 ERROR json_response.py json_response - response_exception:{'message': '(1064, "You have an error in your SQL syntax; check the manual that corresponds to your MariaDB server version for the right syntax to use near \') AND (leads_table.first_name REGEXP \'a\' OR leads_table.last_name REGEXP \'a\' ...\' at line 37")'}
2023-11-20 09:49:00.864 ERROR json_response.py json_response - response_exception:{'message': '(1064, "You have an error in your SQL syntax; check the manual that corresponds to your MariaDB server version for the right syntax to use near \') AND (leads_table.first_name REGEXP \'a\' OR leads_table.last_name REGEXP \'a\' ...\' at line 37")'}
2023-11-20 09:50:16.212 ERROR json_response.py json_response - response_exception:{'message': '(1064, "You have an error in your SQL syntax; check the manual that corresponds to your MariaDB server version for the right syntax to use near \') AND leads_table.first_name REGEXP \'a\' OR leads_table.last_name REGEXP \'a\' O...\' at line 37")'}
2023-11-20 09:50:19.585 ERROR json_response.py json_response - response_exception:{'message': '(1064, "You have an error in your SQL syntax; check the manual that corresponds to your MariaDB server version for the right syntax to use near \') AND leads_table.first_name REGEXP \'a\' OR leads_table.last_name REGEXP \'a\' O...\' at line 37")'}
2023-11-20 09:50:43.645 ERROR json_response.py json_response - response_exception:{'message': '(1064, "You have an error in your SQL syntax; check the manual that corresponds to your MariaDB server version for the right syntax to use near \') AND (leads_table.first_name REGEXP \'a\' OR leads_table.last_name REGEXP \'a\' ...\' at line 37")'}
2023-11-20 09:51:15.162 ERROR json_response.py json_response - response_exception:{'message': '(1064, "You have an error in your SQL syntax; check the manual that corresponds to your MariaDB server version for the right syntax to use near \') AND ( leads_table.first_name REGEXP \'a\' OR leads_table.last_name REGEXP \'a\'...\' at line 37")'}
2023-11-20 09:51:16.260 ERROR json_response.py json_response - response_exception:{'message': '(1064, "You have an error in your SQL syntax; check the manual that corresponds to your MariaDB server version for the right syntax to use near \') AND ( leads_table.first_name REGEXP \'a\' OR leads_table.last_name REGEXP \'a\'...\' at line 37")'}
2023-11-20 09:52:59.632 ERROR json_response.py json_response - response_exception:{'message': '(1064, "You have an error in your SQL syntax; check the manual that corresponds to your MariaDB server version for the right syntax to use near \') AND ( leads_table.first_name REGEXP \'a\' OR leads_table.last_name REGEXP \'a\'...\' at line 37")'}
2023-11-20 09:53:08.691 ERROR json_response.py json_response - response_exception:{'message': '(1064, "You have an error in your SQL syntax; check the manual that corresponds to your MariaDB server version for the right syntax to use near \')  order by leads_table.created_date DESC\' at line 37")'}
2023-11-20 09:55:20.316 ERROR json_response.py json_response - response_exception:{'message': '(1064, "You have an error in your SQL syntax; check the manual that corresponds to your MariaDB server version for the right syntax to use near \')  order by leads_table.created_date DESC\' at line 37")'}
2023-11-20 09:55:21.564 ERROR json_response.py json_response - response_exception:{'message': '(1064, "You have an error in your SQL syntax; check the manual that corresponds to your MariaDB server version for the right syntax to use near \')  order by leads_table.created_date DESC\' at line 37")'}
2023-11-20 09:57:19.224 ERROR json_response.py json_response - response_exception:{'message': '(1064, "You have an error in your SQL syntax; check the manual that corresponds to your MariaDB server version for the right syntax to use near \')  order by leads_table.created_date DESC\' at line 37")'}
2023-11-20 10:00:23.282 ERROR json_response.py json_response - response_exception:{'message': '(1064, "You have an error in your SQL syntax; check the manual that corresponds to your MariaDB server version for the right syntax to use near \')  order by leads_table.created_date DESC\' at line 37")'}
2023-11-20 10:01:31.862 ERROR json_response.py json_response - response_exception:{'message': '(1064, "You have an error in your SQL syntax; check the manual that corresponds to your MariaDB server version for the right syntax to use near \')  order by leads_table.created_date DESC\' at line 37")'}
2023-11-20 10:01:32.891 ERROR json_response.py json_response - response_exception:{'message': '(1064, "You have an error in your SQL syntax; check the manual that corresponds to your MariaDB server version for the right syntax to use near \')  order by leads_table.created_date DESC\' at line 37")'}
2023-11-20 10:01:35.233 ERROR json_response.py json_response - response_exception:{'message': '(1064, "You have an error in your SQL syntax; check the manual that corresponds to your MariaDB server version for the right syntax to use near \')  order by leads_table.created_date DESC\' at line 37")'}
2023-11-20 10:02:28.224 ERROR json_response.py json_response - response_exception:{'message': '(1064, "You have an error in your SQL syntax; check the manual that corresponds to your MariaDB server version for the right syntax to use near \')AND (leads_table.first_name REGEXP \'a\' OR leads_table.last_name REGEXP \'a\' O...\' at line 37")'}
2023-11-20 10:02:29.513 ERROR json_response.py json_response - response_exception:{'message': '(1064, "You have an error in your SQL syntax; check the manual that corresponds to your MariaDB server version for the right syntax to use near \')AND (leads_table.first_name REGEXP \'a\' OR leads_table.last_name REGEXP \'a\' O...\' at line 37")'}
2023-11-20 10:02:31.028 ERROR json_response.py json_response - response_exception:{'message': '(1064, "You have an error in your SQL syntax; check the manual that corresponds to your MariaDB server version for the right syntax to use near \')AND (leads_table.first_name REGEXP \'a\' OR leads_table.last_name REGEXP \'a\' O...\' at line 37")'}
2023-11-20 10:02:32.413 ERROR json_response.py json_response - response_exception:{'message': '(1064, "You have an error in your SQL syntax; check the manual that corresponds to your MariaDB server version for the right syntax to use near \')AND (leads_table.first_name REGEXP \'a\' OR leads_table.last_name REGEXP \'a\' O...\' at line 37")'}
2023-11-20 10:03:31.969 ERROR json_response.py json_response - response_exception:{'message': '(1064, "You have an error in your SQL syntax; check the manual that corresponds to your MariaDB server version for the right syntax to use near \')  order by leads_table.created_date DESC\' at line 37")'}
2023-11-20 10:05:19.583 ERROR json_response.py json_response - response_exception:{'message': '(1064, "You have an error in your SQL syntax; check the manual that corresponds to your MariaDB server version for the right syntax to use near \')AND (leads_table.first_name REGEXP \'a\' OR leads_table.last_name REGEXP \'a\' O...\' at line 37")'}
2023-11-20 10:05:54.857 ERROR json_response.py json_response - response_exception:{'message': '(1064, "You have an error in your SQL syntax; check the manual that corresponds to your MariaDB server version for the right syntax to use near \')AND ( leads_table.first_name REGEXP \'a\' OR leads_table.last_name REGEXP \'a\' ...\' at line 37")'}
2023-11-20 10:07:10.344 ERROR json_response.py json_response - response_exception:{'message': '(1064, "You have an error in your SQL syntax; check the manual that corresponds to your MariaDB server version for the right syntax to use near \')  order by leads_table.created_date DESC\' at line 37")'}
2023-11-20 10:08:06.365 ERROR json_response.py json_response - response_exception:{'message': '(1064, "You have an error in your SQL syntax; check the manual that corresponds to your MariaDB server version for the right syntax to use near \')  order by leads_table.created_date DESC\' at line 37")'}
2023-11-20 10:08:16.152 ERROR json_response.py json_response - response_exception:{'message': '(1064, "You have an error in your SQL syntax; check the manual that corresponds to your MariaDB server version for the right syntax to use near \')  order by leads_table.created_date DESC\' at line 37")'}
2023-11-20 10:10:02.311 ERROR json_response.py json_response - response_exception:{'message': '(1064, "You have an error in your SQL syntax; check the manual that corresponds to your MariaDB server version for the right syntax to use near \')  order by leads_table.created_date DESC\' at line 37")'}
2023-11-20 10:10:11.237 ERROR json_response.py json_response - response_exception:{'message': '(1064, "You have an error in your SQL syntax; check the manual that corresponds to your MariaDB server version for the right syntax to use near \')  order by leads_table.created_date DESC\' at line 37")'}
2023-11-20 10:10:17.227 ERROR json_response.py json_response - response_exception:{'message': '(1064, "You have an error in your SQL syntax; check the manual that corresponds to your MariaDB server version for the right syntax to use near \')  order by leads_table.created_date DESC\' at line 37")'}
2023-11-20 10:10:46.599 ERROR json_response.py json_response - response_exception:{'message': "'access_token'"}
2023-11-20 10:10:51.625 ERROR json_response.py json_response - response_exception:{'message': '(1064, "You have an error in your SQL syntax; check the manual that corresponds to your MariaDB server version for the right syntax to use near \')  order by leads_table.created_date DESC\' at line 37")'}
2023-11-20 10:11:47.710 ERROR json_response.py json_response - response_exception:{'message': '(1064, "You have an error in your SQL syntax; check the manual that corresponds to your MariaDB server version for the right syntax to use near \')  order by leads_table.created_date DESC\' at line 37")'}
2023-11-20 10:11:54.529 ERROR json_response.py json_response - response_exception:{'message': '(1064, "You have an error in your SQL syntax; check the manual that corresponds to your MariaDB server version for the right syntax to use near \')AND (leads_table.first_name REGEXP \'a\' OR leads_table.last_name REGEXP \'a\' O...\' at line 37")'}
2023-11-20 10:11:56.075 ERROR json_response.py json_response - response_exception:{'message': '(1064, "You have an error in your SQL syntax; check the manual that corresponds to your MariaDB server version for the right syntax to use near \')AND (leads_table.first_name REGEXP \'a\' OR leads_table.last_name REGEXP \'a\' O...\' at line 37")'}
2023-11-20 10:12:00.933 ERROR json_response.py json_response - response_exception:{'message': '(1064, "You have an error in your SQL syntax; check the manual that corresponds to your MariaDB server version for the right syntax to use near \')  order by leads_table.created_date DESC\' at line 37")'}
2023-11-20 10:12:07.507 ERROR json_response.py json_response - response_exception:{'message': '(1064, "You have an error in your SQL syntax; check the manual that corresponds to your MariaDB server version for the right syntax to use near \')AND (leads_table.first_name REGEXP \'a\' OR leads_table.last_name REGEXP \'a\' O...\' at line 37")'}
2023-11-20 10:13:11.746 ERROR json_response.py json_response - response_exception:{'message': '(1064, "You have an error in your SQL syntax; check the manual that corresponds to your MariaDB server version for the right syntax to use near \')AND (leads_table.first_name REGEXP \'a\' OR leads_table.last_name REGEXP \'a\' O...\' at line 37")'}
2023-11-20 10:13:34.332 ERROR json_response.py json_response - response_exception:{'message': '(1064, "You have an error in your SQL syntax; check the manual that corresponds to your MariaDB server version for the right syntax to use near \') AND leads_table.first_name REGEXP \'a\' OR leads_table.last_name REGEXP \'a\' O...\' at line 37")'}
2023-11-20 10:13:35.296 ERROR json_response.py json_response - response_exception:{'message': '(1064, "You have an error in your SQL syntax; check the manual that corresponds to your MariaDB server version for the right syntax to use near \') AND leads_table.first_name REGEXP \'a\' OR leads_table.last_name REGEXP \'a\' O...\' at line 37")'}
2023-11-20 10:13:58.348 ERROR json_response.py json_response - response_exception:{'message': '(1064, "You have an error in your SQL syntax; check the manual that corresponds to your MariaDB server version for the right syntax to use near \') AND (leads_table.first_name REGEXP \'a\' OR leads_table.last_name REGEXP \'a\' ...\' at line 37")'}
2023-11-20 10:14:10.118 ERROR json_response.py json_response - response_exception:{'message': '(1064, "You have an error in your SQL syntax; check the manual that corresponds to your MariaDB server version for the right syntax to use near \')  order by leads_table.created_date DESC\' at line 37")'}
2023-11-20 10:14:50.317 ERROR json_response.py json_response - response_exception:{'message': '(1064, "You have an error in your SQL syntax; check the manual that corresponds to your MariaDB server version for the right syntax to use near \')  order by leads_table.created_date DESC\' at line 37")'}
2023-11-20 10:15:39.633 ERROR json_response.py json_response - response_exception:{'message': '(1064, "You have an error in your SQL syntax; check the manual that corresponds to your MariaDB server version for the right syntax to use near \')  order by leads_table.created_date DESC\' at line 37")'}
2023-11-20 10:16:57.990 ERROR json_response.py json_response - response_exception:{'message': "name 'order_by' is not defined"}
2023-11-20 10:16:59.254 ERROR json_response.py json_response - response_exception:{'message': "name 'order_by' is not defined"}
2023-11-20 10:17:11.477 ERROR json_response.py json_response - response_exception:{'message': '(1064, "You have an error in your SQL syntax; check the manual that corresponds to your MariaDB server version for the right syntax to use near \')  order by leads_table.created_date DESC\' at line 37")'}
2023-11-20 10:17:41.518 ERROR json_response.py json_response - response_exception:{'message': '(1064, "You have an error in your SQL syntax; check the manual that corresponds to your MariaDB server version for the right syntax to use near \')  order by leads_table.created_date DESC\' at line 37")'}
2023-11-20 10:18:35.675 ERROR json_response.py json_response - response_exception:{'message': '(1064, "You have an error in your SQL syntax; check the manual that corresponds to your MariaDB server version for the right syntax to use near \')  order by leads_table.created_date DESC\' at line 37")'}
2023-11-20 10:19:25.630 ERROR json_response.py json_response - response_exception:{'message': '(1064, "You have an error in your SQL syntax; check the manual that corresponds to your MariaDB server version for the right syntax to use near \')  order by leads_table.created_date DESC\' at line 37")'}
2023-11-20 10:25:44.192 ERROR json_response.py json_response - response_exception:{'message': '(4078, "Illegal parameter data types int and row for operation \'=\'")'}
2023-11-20 10:26:53.462 ERROR json_response.py json_response - response_exception:{'message': '(1064, "You have an error in your SQL syntax; check the manual that corresponds to your MariaDB server version for the right syntax to use near \'and alt.created_date desc\' at line 28")'}
2023-11-20 10:27:11.618 ERROR json_response.py json_response - response_exception:{'message': '(1064, "You have an error in your SQL syntax; check the manual that corresponds to your MariaDB server version for the right syntax to use near \'alt.created_date desc\' at line 28")'}
2023-11-20 10:27:13.511 ERROR json_response.py json_response - response_exception:{'message': '(1064, "You have an error in your SQL syntax; check the manual that corresponds to your MariaDB server version for the right syntax to use near \'alt.created_date desc\' at line 28")'}
2023-11-20 10:28:00.277 ERROR json_response.py json_response - response_exception:{'message': '(1064, "You have an error in your SQL syntax; check the manual that corresponds to your MariaDB server version for the right syntax to use near \'and alt.created_date desc\' at line 28")'}
2023-11-20 10:29:28.732 ERROR json_response.py json_response - response_exception:{'message': '(1064, "You have an error in your SQL syntax; check the manual that corresponds to your MariaDB server version for the right syntax to use near \'assign_date desc\' at line 28")'}
2023-11-20 10:32:48.157 ERROR json_response.py json_response - response_exception:{'message': "'access_token'"}
2023-11-20 10:38:32.124 ERROR json_response.py json_response - response_exception:{'message': '(1064, "You have an error in your SQL syntax; check the manual that corresponds to your MariaDB server version for the right syntax to use near \'order by \'{extra_order}\'\\n                                            )\\n      ...\' at line 10")'}
2023-11-20 10:38:51.104 ERROR json_response.py json_response - response_exception:{'message': '(1064, "You have an error in your SQL syntax; check the manual that corresponds to your MariaDB server version for the right syntax to use near \'order by \'{extra_order}\'\' at line 19")'}
2023-11-20 10:38:52.357 ERROR json_response.py json_response - response_exception:{'message': '(1064, "You have an error in your SQL syntax; check the manual that corresponds to your MariaDB server version for the right syntax to use near \'order by \'{extra_order}\'\' at line 19")'}
2023-11-20 10:39:58.576 ERROR json_response.py json_response - response_exception:{'message': '(1064, "You have an error in your SQL syntax; check the manual that corresponds to your MariaDB server version for the right syntax to use near \'order by (priority_type asc and date_difference desc)\' at line 19")'}
2023-11-20 10:43:02.347 ERROR json_response.py json_response - response_exception:{'message': "local variable 'message' referenced before assignment"}
2023-11-20 10:44:37.415 ERROR json_response.py json_response - response_exception:{'message': "local variable 'message' referenced before assignment"}
2023-11-20 10:44:45.120 ERROR json_response.py json_response - response_exception:{'message': "local variable 'message' referenced before assignment"}
2023-11-20 10:45:36.511 ERROR json_response.py json_response - response_exception:{'message': "'extra_order'"}
2023-11-20 10:45:52.317 ERROR json_response.py json_response - response_exception:{'message': "'extra_order'"}
2023-11-20 10:45:53.501 ERROR json_response.py json_response - response_exception:{'message': "'extra_order'"}
2023-11-20 10:47:22.455 ERROR json_response.py json_response - response_exception:{'message': "'extra_order'"}
2023-11-20 10:47:23.558 ERROR json_response.py json_response - response_exception:{'message': "'extra_order'"}
2023-11-20 10:47:43.259 ERROR json_response.py json_response - response_exception:{'message': "'extra_order'"}
2023-11-20 10:47:44.271 ERROR json_response.py json_response - response_exception:{'message': "'extra_order'"}
2023-11-20 10:48:36.473 ERROR json_response.py json_response - response_exception:{'message': "'extra_order'"}
2023-11-20 10:48:37.499 ERROR json_response.py json_response - response_exception:{'message': "'extra_order'"}
2023-11-20 10:49:09.489 ERROR json_response.py json_response - response_exception:{'message': "'extra_order'"}
2023-11-20 10:49:28.815 ERROR json_response.py json_response - response_exception:{'message': '(1064, "You have an error in your SQL syntax; check the manual that corresponds to your MariaDB server version for the right syntax to use near \'order by alt.created_date )  order by leads_table.created_date DESC\' at line 37")'}
2023-11-20 10:51:14.091 ERROR json_response.py json_response - response_exception:{'message': '(1064, "You have an error in your SQL syntax; check the manual that corresponds to your MariaDB server version for the right syntax to use near \'order by alt.created_date )  order by leads_table.created_date DESC\' at line 37")'}
2023-11-20 11:11:49.114 ERROR json_response.py json_response - response_exception:{'message': "'extra_order'"}
2023-11-20 11:11:50.293 ERROR json_response.py json_response - response_exception:{'message': "'extra_order'"}
2023-11-20 11:12:20.552 ERROR json_response.py json_response - response_exception:{'message': '(1064, "You have an error in your SQL syntax; check the manual that corresponds to your MariaDB server version for the right syntax to use near \'order by \'alt.priority_type asc, alt.date_difference desc\' )  order by leads_...\' at line 37")'}
2023-11-20 11:12:21.898 ERROR json_response.py json_response - response_exception:{'message': '(1064, "You have an error in your SQL syntax; check the manual that corresponds to your MariaDB server version for the right syntax to use near \'order by \'alt.priority_type asc, alt.date_difference desc\' )  order by leads_...\' at line 37")'}
2023-11-20 11:12:41.021 ERROR json_response.py json_response - response_exception:{'message': '(1064, "You have an error in your SQL syntax; check the manual that corresponds to your MariaDB server version for the right syntax to use near \'order by \'alt.priority_type asc, alt.date_difference desc\' )  order by leads_...\' at line 37")'}
2023-11-20 11:12:42.070 ERROR json_response.py json_response - response_exception:{'message': '(1064, "You have an error in your SQL syntax; check the manual that corresponds to your MariaDB server version for the right syntax to use near \'order by \'alt.priority_type asc, alt.date_difference desc\' )  order by leads_...\' at line 37")'}
2023-11-20 11:13:11.977 ERROR json_response.py json_response - response_exception:{'message': '(1064, "You have an error in your SQL syntax; check the manual that corresponds to your MariaDB server version for the right syntax to use near \'order by \'alt.priority_type asc and alt.date_difference desc\' )  order by lea...\' at line 37")'}
2023-11-20 11:13:12.939 ERROR json_response.py json_response - response_exception:{'message': '(1064, "You have an error in your SQL syntax; check the manual that corresponds to your MariaDB server version for the right syntax to use near \'order by \'alt.priority_type asc and alt.date_difference desc\' )  order by lea...\' at line 37")'}
2023-11-20 11:13:42.557 ERROR json_response.py json_response - response_exception:{'message': '(1064, "You have an error in your SQL syntax; check the manual that corresponds to your MariaDB server version for the right syntax to use near \'order by \'alt.priority_type asc and alt.date_difference desc\' )  order by lea...\' at line 37")'}
2023-11-20 11:15:51.958 ERROR json_response.py json_response - response_exception:{'message': '(1064, "You have an error in your SQL syntax; check the manual that corresponds to your MariaDB server version for the right syntax to use near \'order by \'alt.priority_type asc and alt.date_difference desc\' )  order by lea...\' at line 37")'}
2023-11-20 11:17:49.199 ERROR json_response.py json_response - response_exception:{'message': '(1064, "You have an error in your SQL syntax; check the manual that corresponds to your MariaDB server version for the right syntax to use near \'order by leads_table.created_date DESC\' at line 37")'}
2023-11-20 11:17:50.103 ERROR json_response.py json_response - response_exception:{'message': '(1064, "You have an error in your SQL syntax; check the manual that corresponds to your MariaDB server version for the right syntax to use near \'order by leads_table.created_date DESC\' at line 37")'}
2023-11-20 11:18:04.967 ERROR json_response.py json_response - response_exception:{'message': '(1064, "You have an error in your SQL syntax; check the manual that corresponds to your MariaDB server version for the right syntax to use near \'order by leads_table.created_date DESC\' at line 37")'}
2023-11-20 11:22:44.075 ERROR json_response.py json_response - response_exception:{'message': "local variable 'array_sql' referenced before assignment"}
2023-11-20 11:26:14.117 ERROR json_response.py json_response - response_exception:{'message': "'extra_order'"}
2023-11-20 11:36:20.796 ERROR json_response.py json_response - response_exception:{'message': '(1064, "You have an error in your SQL syntax; check the manual that corresponds to your MariaDB server version for the right syntax to use near \'\' at line 37")'}
2023-11-20 12:02:14.345 ERROR json_response.py json_response - response_exception:{'message': "name 'order_by' is not defined"}
2023-11-20 12:04:58.914 ERROR json_response.py json_response - response_exception:{'message': "name 'order_bys' is not defined"}
2023-11-20 12:13:15.447 ERROR json_response.py json_response - response_exception:{'message': "name 'order_bys' is not defined"}
2023-11-20 12:13:55.550 ERROR json_response.py json_response - response_exception:{'message': "local variable 'order_bys' referenced before assignment"}
2023-11-20 12:21:44.971 ERROR json_response.py json_response - response_exception:{'message': "'order_field_2'"}
2023-11-20 12:23:24.960 ERROR json_response.py json_response - response_exception:{'message': "',order_field_2'"}
2023-11-20 12:29:08.524 ERROR json_response.py json_response - response_exception:{'message': "local variable 'order_bys' referenced before assignment"}
2023-11-20 12:33:37.745 ERROR json_response.py json_response - response_exception:{'message': '(1054, "Unknown column \'priority_typeasc\' in \'order clause\'")'}
2023-11-20 12:33:52.114 ERROR json_response.py json_response - response_exception:{'message': '(1054, "Unknown column \'priority_type\' in \'order clause\'")'}
2023-11-20 12:54:35.526 ERROR json_response.py json_response - response_exception:{'message': '(1064, "You have an error in your SQL syntax; check the manual that corresponds to your MariaDB server version for the right syntax to use near \'asc , date_difference desc\' at line 43")'}
2023-11-20 12:57:08.400 ERROR json_response.py json_response - response_exception:{'message': "name 'order_bys' is not defined"}
2023-11-20 13:01:48.766 ERROR json_response.py json_response - response_exception:{'message': "local variable 'message' referenced before assignment"}
2023-11-20 13:09:11.631 ERROR json_response.py json_response - response_exception:{'message': '(1064, "You have an error in your SQL syntax; check the manual that corresponds to your MariaDB server version for the right syntax to use near \'limit 0,10\' at line 43")'}
2023-11-20 13:09:13.520 ERROR json_response.py json_response - response_exception:{'message': '(1064, "You have an error in your SQL syntax; check the manual that corresponds to your MariaDB server version for the right syntax to use near \'limit 0,10\' at line 43")'}
2023-11-20 13:09:38.061 ERROR json_response.py json_response - response_exception:{'message': '(1054, "Unknown column \'pr\' in \'order clause\'")'}
2023-11-20 13:09:39.594 ERROR json_response.py json_response - response_exception:{'message': '(1054, "Unknown column \'pri\' in \'order clause\'")'}
2023-11-20 13:09:41.387 ERROR json_response.py json_response - response_exception:{'message': '(1054, "Unknown column \'prior\' in \'order clause\'")'}
2023-11-20 13:09:43.016 ERROR json_response.py json_response - response_exception:{'message': '(1054, "Unknown column \'priori\' in \'order clause\'")'}
2023-11-20 13:09:44.903 ERROR json_response.py json_response - response_exception:{'message': '(1054, "Unknown column \'priority\' in \'order clause\'")'}
2023-11-20 13:10:21.621 ERROR json_response.py json_response - response_exception:{'message': '(1064, "You have an error in your SQL syntax; check the manual that corresponds to your MariaDB server version for the right syntax to use near \'DESC   , priority_type ASC   limit 0,10\' at line 43")'}
2023-11-20 13:10:25.292 ERROR json_response.py json_response - response_exception:{'message': '(1064, "You have an error in your SQL syntax; check the manual that corresponds to your MariaDB server version for the right syntax to use near \'limit 0,10\' at line 43")'}
2023-11-20 13:10:34.769 ERROR json_response.py json_response - response_exception:{'message': '(1054, "Unknown column \'date_differ\' in \'order clause\'")'}
2023-11-20 13:10:52.381 ERROR json_response.py json_response - response_exception:{'message': '(1064, "You have an error in your SQL syntax; check the manual that corresponds to your MariaDB server version for the right syntax to use near \'DE   limit 0,10\' at line 43")'}
2023-11-20 13:10:54.530 ERROR json_response.py json_response - response_exception:{'message': '(1064, "You have an error in your SQL syntax; check the manual that corresponds to your MariaDB server version for the right syntax to use near \'DASC   limit 0,10\' at line 43")'}
2023-11-20 13:21:37.376 ERROR json_response.py json_response - response_exception:{'message': "local variable 'message' referenced before assignment"}
2023-11-20 13:21:37.592 ERROR json_response.py json_response - response_exception:{'message': "local variable 'message' referenced before assignment"}
2023-11-20 13:21:39.023 ERROR json_response.py json_response - response_exception:{'message': "local variable 'message' referenced before assignment"}
2023-11-20 14:33:22.281 ERROR json_response.py json_response - response_exception:{'message': '(1054, "Unknown column \'assign_lead_table.next\' in \'where clause\'")'}
2023-11-20 14:38:49.717 ERROR json_response.py json_response - response_exception:{'message': "local variable 'message' referenced before assignment"}
2023-11-20 14:38:55.621 ERROR json_response.py json_response - response_exception:{'message': "local variable 'message' referenced before assignment"}
2023-11-20 14:39:52.918 ERROR json_response.py json_response - response_exception:{'message': "local variable 'message' referenced before assignment"}
2023-11-20 15:49:47.469 ERROR json_response.py json_response - response_exception:{'message': "'lead_id'"}
2023-11-20 15:49:53.229 ERROR json_response.py json_response - response_exception:{'message': "local variable 'resp_array' referenced before assignment"}
2023-11-20 15:56:29.837 ERROR json_response.py json_response - response_exception:{'message': "local variable 'message' referenced before assignment"}
2023-11-20 16:47:22.143 ERROR json_response.py json_response - response_exception:{'message': "module 'datetime' has no attribute 'utcnow'"}
2023-11-20 16:49:52.022 ERROR json_response.py json_response - response_exception:{'message': "module 'datetime' has no attribute 'utcnow'"}
2023-11-20 16:49:53.146 ERROR json_response.py json_response - response_exception:{'message': "module 'datetime' has no attribute 'utcnow'"}
2023-11-20 17:00:45.626 ERROR json_response.py json_response - response_exception:{'message': "'ref_customer_type'"}
2023-11-20 17:00:55.569 ERROR json_response.py json_response - response_exception:{'message': "'ref_lead_source'"}
2023-11-20 17:01:07.089 ERROR json_response.py json_response - response_exception:{'message': "Expecting ',' delimiter: line 23 column 4 (char 744)"}
2023-11-20 17:13:20.443 ERROR json_response.py json_response - response_exception:{'message': "type object 'datetime.datetime' has no attribute 'datetime'"}
2023-11-20 17:14:50.143 ERROR json_response.py json_response - response_exception:{'message': "type object 'datetime.datetime' has no attribute 'datetime'"}
2023-11-20 17:16:23.167 ERROR json_response.py json_response - response_exception:{'message': "type object 'datetime.datetime' has no attribute 'datetime'"}
2023-11-20 17:23:51.611 ERROR json_response.py json_response - response_exception:{'message': "module 'datetime' has no attribute 'utcnow'"}
2023-11-20 17:52:25.696 ERROR json_response.py json_response - response_exception:{'message': 'str.replace() takes no keyword arguments'}
2023-11-20 17:53:37.984 ERROR json_response.py json_response - response_exception:{'message': 'Invalid format string'}
2023-11-20 17:54:41.061 ERROR json_response.py json_response - response_exception:{'message': 'Invalid format string'}
