2024-06-20 10:10:15.027 ERROR json_response.py json_response - response_exception:{'message': 'Invalid base64-encoded string: number of data characters (53) cannot be 1 more than a multiple of 4'}
2024-06-20 10:11:43.052 ERROR json_response.py json_response - response_exception:{'message': 'Invalid base64-encoded string: number of data characters (9) cannot be 1 more than a multiple of 4'}
2024-06-20 10:11:43.104 ERROR json_response.py json_response - response_exception:{'message': 'Invalid base64-encoded string: number of data characters (9) cannot be 1 more than a multiple of 4'}
2024-06-20 10:12:45.651 ERROR json_response.py json_response - response_exception:{'message': 'Invalid base64-encoded string: number of data characters (53) cannot be 1 more than a multiple of 4'}
2024-06-20 10:20:12.542 ERROR json_response.py json_response - response_exception:{'message': 'Invalid base64-encoded string: number of data characters (53) cannot be 1 more than a multiple of 4'}
2024-06-20 10:26:48.275 ERROR json_response.py json_response - response_exception:{'message': "'aadhar_number'"}
2024-06-20 10:32:48.413 ERROR json_response.py json_response - response_exception:{'message': "'blood_group'"}
2024-06-20 10:32:57.098 ERROR json_response.py json_response - response_exception:{'message': "'aadhar_number'"}
2024-06-20 10:34:58.105 ERROR json_response.py json_response - response_exception:{'message': 'Invalid base64-encoded string: number of data characters (9) cannot be 1 more than a multiple of 4'}
2024-06-20 10:34:58.180 ERROR json_response.py json_response - response_exception:{'message': 'Invalid base64-encoded string: number of data characters (9) cannot be 1 more than a multiple of 4'}
2024-06-20 10:36:56.405 ERROR json_response.py json_response - response_exception:{'message': 'Invalid base64-encoded string: number of data characters (9) cannot be 1 more than a multiple of 4'}
2024-06-20 10:36:56.465 ERROR json_response.py json_response - response_exception:{'message': 'Invalid base64-encoded string: number of data characters (9) cannot be 1 more than a multiple of 4'}
2024-06-20 10:39:28.533 ERROR json_response.py json_response - response_exception:{'message': 'Invalid base64-encoded string: number of data characters (9) cannot be 1 more than a multiple of 4'}
2024-06-20 10:39:28.589 ERROR json_response.py json_response - response_exception:{'message': 'Invalid base64-encoded string: number of data characters (9) cannot be 1 more than a multiple of 4'}
2024-06-20 10:40:46.507 ERROR json_response.py json_response - response_exception:{'message': 'Invalid base64-encoded string: number of data characters (9) cannot be 1 more than a multiple of 4'}
2024-06-20 10:40:46.562 ERROR json_response.py json_response - response_exception:{'message': 'Invalid base64-encoded string: number of data characters (9) cannot be 1 more than a multiple of 4'}
2024-06-20 10:44:01.221 ERROR json_response.py json_response - response_exception:{'message': 'Invalid base64-encoded string: number of data characters (9) cannot be 1 more than a multiple of 4'}
2024-06-20 10:44:01.293 ERROR json_response.py json_response - response_exception:{'message': 'Invalid base64-encoded string: number of data characters (9) cannot be 1 more than a multiple of 4'}
2024-06-20 11:34:14.158 ERROR json_response.py json_response - response_exception:{'message': 'Invalid base64-encoded string: number of data characters (9) cannot be 1 more than a multiple of 4'}
2024-06-20 11:34:14.212 ERROR json_response.py json_response - response_exception:{'message': 'Invalid base64-encoded string: number of data characters (9) cannot be 1 more than a multiple of 4'}
2024-06-20 11:42:48.700 ERROR json_response.py json_response - response_exception:{'message': 'Invalid base64-encoded string: number of data characters (9) cannot be 1 more than a multiple of 4'}
2024-06-20 11:42:48.762 ERROR json_response.py json_response - response_exception:{'message': 'Invalid base64-encoded string: number of data characters (9) cannot be 1 more than a multiple of 4'}
2024-06-20 11:55:01.558 ERROR json_response.py json_response - response_exception:{'message': 'Invalid base64-encoded string: number of data characters (9) cannot be 1 more than a multiple of 4'}
2024-06-20 11:55:01.621 ERROR json_response.py json_response - response_exception:{'message': 'Invalid base64-encoded string: number of data characters (9) cannot be 1 more than a multiple of 4'}
2024-06-20 11:59:20.965 ERROR json_response.py json_response - response_exception:{'message': 'Invalid base64-encoded string: number of data characters (9) cannot be 1 more than a multiple of 4'}
2024-06-20 11:59:21.027 ERROR json_response.py json_response - response_exception:{'message': 'Invalid base64-encoded string: number of data characters (9) cannot be 1 more than a multiple of 4'}
2024-06-20 12:13:24.437 ERROR json_response.py json_response - response_exception:{'message': 'Invalid base64-encoded string: number of data characters (9) cannot be 1 more than a multiple of 4'}
2024-06-20 12:13:24.499 ERROR json_response.py json_response - response_exception:{'message': 'Invalid base64-encoded string: number of data characters (9) cannot be 1 more than a multiple of 4'}
2024-06-20 12:18:55.223 ERROR json_response.py json_response - response_exception:{'message': 'Invalid base64-encoded string: number of data characters (9) cannot be 1 more than a multiple of 4'}
2024-06-20 12:18:55.278 ERROR json_response.py json_response - response_exception:{'message': 'Invalid base64-encoded string: number of data characters (9) cannot be 1 more than a multiple of 4'}
2024-06-20 12:20:34.843 ERROR json_response.py json_response - response_exception:{'message': 'Invalid base64-encoded string: number of data characters (9) cannot be 1 more than a multiple of 4'}
2024-06-20 12:20:34.905 ERROR json_response.py json_response - response_exception:{'message': 'Invalid base64-encoded string: number of data characters (9) cannot be 1 more than a multiple of 4'}
2024-06-20 12:29:06.533 ERROR json_response.py json_response - response_exception:{'message': 'Invalid base64-encoded string: number of data characters (9) cannot be 1 more than a multiple of 4'}
2024-06-20 12:29:06.590 ERROR json_response.py json_response - response_exception:{'message': 'Invalid base64-encoded string: number of data characters (9) cannot be 1 more than a multiple of 4'}
2024-06-20 12:33:16.408 ERROR json_response.py json_response - response_exception:{'message': 'Invalid base64-encoded string: number of data characters (9) cannot be 1 more than a multiple of 4'}
2024-06-20 12:33:16.488 ERROR json_response.py json_response - response_exception:{'message': 'Invalid base64-encoded string: number of data characters (9) cannot be 1 more than a multiple of 4'}
2024-06-20 12:34:41.435 ERROR json_response.py json_response - response_exception:{'message': 'Invalid base64-encoded string: number of data characters (25) cannot be 1 more than a multiple of 4'}
2024-06-20 12:35:27.674 ERROR json_response.py json_response - response_exception:{'message': 'Invalid base64-encoded string: number of data characters (25) cannot be 1 more than a multiple of 4'}
2024-06-20 12:37:46.446 ERROR json_response.py json_response - response_exception:{'message': 'Invalid base64-encoded string: number of data characters (25) cannot be 1 more than a multiple of 4'}
2024-06-20 12:38:44.663 ERROR json_response.py json_response - response_exception:{'message': 'Invalid base64-encoded string: number of data characters (9) cannot be 1 more than a multiple of 4'}
2024-06-20 12:38:44.712 ERROR json_response.py json_response - response_exception:{'message': 'Invalid base64-encoded string: number of data characters (9) cannot be 1 more than a multiple of 4'}
2024-06-20 12:40:20.566 ERROR json_response.py json_response - response_exception:{'message': 'Invalid base64-encoded string: number of data characters (25) cannot be 1 more than a multiple of 4'}
2024-06-20 12:41:57.685 ERROR json_response.py json_response - response_exception:{'message': 'Invalid base64-encoded string: number of data characters (25) cannot be 1 more than a multiple of 4'}
2024-06-20 12:42:34.340 ERROR json_response.py json_response - response_exception:{'message': 'Invalid base64-encoded string: number of data characters (25) cannot be 1 more than a multiple of 4'}
2024-06-20 12:42:45.170 ERROR json_response.py json_response - response_exception:{'message': 'Invalid base64-encoded string: number of data characters (25) cannot be 1 more than a multiple of 4'}
2024-06-20 12:43:37.409 ERROR json_response.py json_response - response_exception:{'message': 'Invalid base64-encoded string: number of data characters (25) cannot be 1 more than a multiple of 4'}
2024-06-20 12:45:36.492 ERROR json_response.py json_response - response_exception:{'message': 'Invalid base64-encoded string: number of data characters (25) cannot be 1 more than a multiple of 4'}
2024-06-20 12:46:19.844 ERROR json_response.py json_response - response_exception:{'message': 'Invalid base64-encoded string: number of data characters (25) cannot be 1 more than a multiple of 4'}
2024-06-20 12:48:17.352 ERROR json_response.py json_response - response_exception:{'message': 'Invalid base64-encoded string: number of data characters (25) cannot be 1 more than a multiple of 4'}
2024-06-20 12:49:29.640 ERROR json_response.py json_response - response_exception:{'message': 'Invalid base64-encoded string: number of data characters (25) cannot be 1 more than a multiple of 4'}
2024-06-20 12:49:44.112 ERROR json_response.py json_response - response_exception:{'message': 'Invalid base64-encoded string: number of data characters (25) cannot be 1 more than a multiple of 4'}
2024-06-20 12:50:41.383 ERROR json_response.py json_response - response_exception:{'message': 'Invalid base64-encoded string: number of data characters (25) cannot be 1 more than a multiple of 4'}
2024-06-20 12:50:50.057 ERROR json_response.py json_response - response_exception:{'message': 'Invalid base64-encoded string: number of data characters (25) cannot be 1 more than a multiple of 4'}
2024-06-20 12:50:56.670 ERROR json_response.py json_response - response_exception:{'message': 'Invalid base64-encoded string: number of data characters (25) cannot be 1 more than a multiple of 4'}
2024-06-20 12:59:08.189 ERROR json_response.py json_response - response_exception:{'message': "argument should be a bytes-like object or ASCII string, not 'NoneType'"}
2024-06-20 13:00:54.888 ERROR json_response.py json_response - response_exception:{'message': 'Invalid base64-encoded string: number of data characters (61) cannot be 1 more than a multiple of 4'}
2024-06-20 13:02:24.550 ERROR json_response.py json_response - response_exception:{'message': 'Invalid base64-encoded string: number of data characters (61) cannot be 1 more than a multiple of 4'}
2024-06-20 13:02:31.916 ERROR json_response.py json_response - response_exception:{'message': 'Invalid base64-encoded string: number of data characters (61) cannot be 1 more than a multiple of 4'}
2024-06-20 13:02:43.389 ERROR json_response.py json_response - response_exception:{'message': 'Invalid base64-encoded string: number of data characters (61) cannot be 1 more than a multiple of 4'}
2024-06-20 13:03:09.756 ERROR json_response.py json_response - response_exception:{'message': 'Invalid base64-encoded string: number of data characters (61) cannot be 1 more than a multiple of 4'}
2024-06-20 13:03:56.295 ERROR json_response.py json_response - response_exception:{'message': 'Invalid base64-encoded string: number of data characters (61) cannot be 1 more than a multiple of 4'}
2024-06-20 13:04:53.224 ERROR json_response.py json_response - response_exception:{'message': 'Invalid base64-encoded string: number of data characters (61) cannot be 1 more than a multiple of 4'}
2024-06-20 13:06:14.911 ERROR json_response.py json_response - response_exception:{'message': 'Invalid base64-encoded string: number of data characters (61) cannot be 1 more than a multiple of 4'}
2024-06-20 13:06:28.884 ERROR json_response.py json_response - response_exception:{'message': 'Invalid base64-encoded string: number of data characters (61) cannot be 1 more than a multiple of 4'}
2024-06-20 13:08:03.268 ERROR json_response.py json_response - response_exception:{'message': 'Invalid base64-encoded string: number of data characters (61) cannot be 1 more than a multiple of 4'}
2024-06-20 13:08:29.388 ERROR json_response.py json_response - response_exception:{'message': 'Invalid base64-encoded string: number of data characters (61) cannot be 1 more than a multiple of 4'}
2024-06-20 13:08:36.310 ERROR json_response.py json_response - response_exception:{'message': 'Invalid base64-encoded string: number of data characters (61) cannot be 1 more than a multiple of 4'}
2024-06-20 13:10:12.622 ERROR json_response.py json_response - response_exception:{'message': 'Invalid base64-encoded string: number of data characters (61) cannot be 1 more than a multiple of 4'}
2024-06-20 13:10:30.632 ERROR json_response.py json_response - response_exception:{'message': 'Invalid base64-encoded string: number of data characters (61) cannot be 1 more than a multiple of 4'}
2024-06-20 13:10:56.074 ERROR json_response.py json_response - response_exception:{'message': 'Invalid base64-encoded string: number of data characters (61) cannot be 1 more than a multiple of 4'}
2024-06-20 13:11:11.262 ERROR json_response.py json_response - response_exception:{'message': 'Invalid base64-encoded string: number of data characters (61) cannot be 1 more than a multiple of 4'}
2024-06-20 13:11:21.816 ERROR json_response.py json_response - response_exception:{'message': 'Invalid base64-encoded string: number of data characters (61) cannot be 1 more than a multiple of 4'}
2024-06-20 13:13:33.798 ERROR json_response.py json_response - response_exception:{'message': 'Invalid base64-encoded string: number of data characters (61) cannot be 1 more than a multiple of 4'}
2024-06-20 13:14:06.572 ERROR json_response.py json_response - response_exception:{'message': 'Invalid base64-encoded string: number of data characters (61) cannot be 1 more than a multiple of 4'}
2024-06-20 13:14:48.387 ERROR json_response.py json_response - response_exception:{'message': 'Invalid base64-encoded string: number of data characters (61) cannot be 1 more than a multiple of 4'}
2024-06-20 13:20:28.278 ERROR json_response.py json_response - response_exception:{'message': 'Invalid base64-encoded string: number of data characters (61) cannot be 1 more than a multiple of 4'}
2024-06-20 16:28:37.934 ERROR json_response.py json_response - response_exception:{'message': 'Request body exceeded settings.DATA_UPLOAD_MAX_MEMORY_SIZE.'}
2024-06-20 16:49:20.022 ERROR json_response.py json_response - response_exception:{'message': 'Invalid base64-encoded string: number of data characters (9) cannot be 1 more than a multiple of 4'}
2024-06-20 16:49:20.075 ERROR json_response.py json_response - response_exception:{'message': 'Invalid base64-encoded string: number of data characters (9) cannot be 1 more than a multiple of 4'}
2024-06-20 16:50:49.482 ERROR json_response.py json_response - response_exception:{'message': 'Invalid base64-encoded string: number of data characters (9) cannot be 1 more than a multiple of 4'}
2024-06-20 16:50:49.592 ERROR json_response.py json_response - response_exception:{'message': 'Invalid base64-encoded string: number of data characters (9) cannot be 1 more than a multiple of 4'}
2024-06-20 16:52:29.061 ERROR json_response.py json_response - response_exception:{'message': 'Invalid base64-encoded string: number of data characters (9) cannot be 1 more than a multiple of 4'}
2024-06-20 16:52:29.141 ERROR json_response.py json_response - response_exception:{'message': 'Invalid base64-encoded string: number of data characters (9) cannot be 1 more than a multiple of 4'}
2024-06-20 16:53:00.549 ERROR json_response.py json_response - response_exception:{'message': 'Invalid base64-encoded string: number of data characters (9) cannot be 1 more than a multiple of 4'}
2024-06-20 16:53:00.693 ERROR json_response.py json_response - response_exception:{'message': 'Invalid base64-encoded string: number of data characters (9) cannot be 1 more than a multiple of 4'}
2024-06-20 16:53:21.992 ERROR json_response.py json_response - response_exception:{'message': 'Invalid base64-encoded string: number of data characters (9) cannot be 1 more than a multiple of 4'}
2024-06-20 16:53:22.046 ERROR json_response.py json_response - response_exception:{'message': 'Invalid base64-encoded string: number of data characters (9) cannot be 1 more than a multiple of 4'}
2024-06-20 17:09:24.158 ERROR json_response.py json_response - response_exception:{'message': 'Invalid base64-encoded string: number of data characters (9) cannot be 1 more than a multiple of 4'}
2024-06-20 17:09:24.204 ERROR json_response.py json_response - response_exception:{'message': 'Invalid base64-encoded string: number of data characters (9) cannot be 1 more than a multiple of 4'}
2024-06-20 17:12:05.569 ERROR json_response.py json_response - response_exception:{'message': 'Invalid base64-encoded string: number of data characters (9) cannot be 1 more than a multiple of 4'}
2024-06-20 17:12:05.632 ERROR json_response.py json_response - response_exception:{'message': 'Invalid base64-encoded string: number of data characters (9) cannot be 1 more than a multiple of 4'}
