2024-05-10 10:09:35.938 ERROR json_response.py json_response - response_exception:{'message': "'builtin_function_or_method' object is not subscriptable"}
2024-05-10 10:11:28.559 ERROR json_response.py json_response - response_exception:{'message': '(1054, "Unknown column \'None\' in \'field list\'")'}
2024-05-10 10:12:15.447 ERROR json_response.py json_response - response_exception:{'message': "cannot access local variable 'manual_by' where it is not associated with a value"}
2024-05-10 10:12:41.213 ERROR json_response.py json_response - response_exception:{'message': '(1054, "Unknown column \'None\' in \'field list\'")'}
2024-05-10 10:17:04.121 ERROR json_response.py json_response - response_exception:{'message': "cannot access local variable 'reason_for_leave' where it is not associated with a value"}
2024-05-10 10:17:35.478 ERROR json_response.py json_response - response_exception:{'message': "cannot access local variable 'reason_for_leave' where it is not associated with a value"}
2024-05-10 10:18:05.781 ERROR json_response.py json_response - response_exception:{'message': "cannot access local variable 'reason_for_leave' where it is not associated with a value"}
2024-05-10 10:18:46.779 ERROR json_response.py json_response - response_exception:{'message': "cannot access local variable 'reason_for_leave' where it is not associated with a value"}
2024-05-10 10:19:37.064 ERROR json_response.py json_response - response_exception:{'message': "cannot access local variable 'reason_for_leave' where it is not associated with a value"}
2024-05-10 10:20:03.893 ERROR json_response.py json_response - response_exception:{'message': "cannot access local variable 'reason_for_leave' where it is not associated with a value"}
2024-05-10 10:20:26.428 ERROR json_response.py json_response - response_exception:{'message': "cannot access local variable 'reason_for_leave' where it is not associated with a value"}
2024-05-10 10:20:52.188 ERROR json_response.py json_response - response_exception:{'message': "cannot access local variable 'reason_for_leave' where it is not associated with a value"}
2024-05-10 10:20:56.947 ERROR json_response.py json_response - response_exception:{'message': "cannot access local variable 'reason_for_leave' where it is not associated with a value"}
2024-05-10 10:21:00.390 ERROR json_response.py json_response - response_exception:{'message': "cannot access local variable 'reason_for_leave' where it is not associated with a value"}
2024-05-10 10:21:05.715 ERROR json_response.py json_response - response_exception:{'message': "cannot access local variable 'reason_for_leave' where it is not associated with a value"}
2024-05-10 10:21:39.761 ERROR json_response.py json_response - response_exception:{'message': "cannot access local variable 'reason_for_leave' where it is not associated with a value"}
2024-05-10 10:21:41.030 ERROR json_response.py json_response - response_exception:{'message': "cannot access local variable 'reason_for_leave' where it is not associated with a value"}
2024-05-10 10:21:42.228 ERROR json_response.py json_response - response_exception:{'message': "cannot access local variable 'reason_for_leave' where it is not associated with a value"}
2024-05-10 10:21:53.426 ERROR json_response.py json_response - response_exception:{'message': "cannot access local variable 'manual_by' where it is not associated with a value"}
2024-05-10 10:21:54.782 ERROR json_response.py json_response - response_exception:{'message': "cannot access local variable 'manual_by' where it is not associated with a value"}
2024-05-10 11:27:32.376 ERROR json_response.py json_response - response_exception:{'message': "'authorization'"}
2024-05-10 11:27:47.337 ERROR json_response.py json_response - response_exception:{'message': "cannot access local variable 'checkin_time' where it is not associated with a value"}
2024-05-10 11:40:46.139 ERROR json_response.py json_response - response_exception:{'message': "'ref_student_id'"}
2024-05-10 12:03:37.288 ERROR json_response.py json_response - response_exception:{'message': 'Expecting value: line 1 column 1 (char 0)'}
2024-05-10 12:04:27.429 ERROR json_response.py json_response - response_exception:{'message': '(1054, "Unknown column \'email\' in \'field list\'")'}
2024-05-10 12:04:57.873 ERROR json_response.py json_response - response_exception:{'message': 'In order to allow non-dict objects to be serialized set the safe parameter to False.'}
2024-05-10 12:39:04.073 ERROR json_response.py json_response - response_exception:{'message': '0'}
2024-05-10 14:41:23.571 ERROR json_response.py json_response - response_exception:{'message': "'tuple' object has no attribute 'day'"}
2024-05-10 14:41:46.724 ERROR json_response.py json_response - response_exception:{'message': "descriptor 'date' for 'datetime.datetime' objects doesn't apply to a 'int' object"}
2024-05-10 14:43:13.475 ERROR json_response.py json_response - response_exception:{'message': "'str' object has no attribute 'day'"}
2024-05-10 14:45:36.869 ERROR json_response.py json_response - response_exception:{'message': "'method_descriptor' object has no attribute 'day'"}
2024-05-10 14:45:50.067 ERROR json_response.py json_response - response_exception:{'message': 'unbound method datetime.date() needs an argument'}
2024-05-10 14:48:26.969 ERROR json_response.py json_response - response_exception:{'message': "'method_descriptor' object has no attribute 'today'"}
2024-05-10 16:32:57.382 ERROR json_response.py json_response - response_exception:{'message': "'ref_compt_id'"}
2024-05-10 17:38:43.488 ERROR json_response.py json_response - response_exception:{'message': 'Object of type JsonResponse is not JSON serializable'}
2024-05-10 17:39:08.392 ERROR json_response.py json_response - response_exception:{'message': 'Object of type JsonResponse is not JSON serializable'}
2024-05-10 17:39:51.276 ERROR json_response.py json_response - response_exception:{'message': "name 'team_name' is not defined"}
2024-05-10 17:47:25.605 ERROR json_response.py json_response - response_exception:{'message': '(1064, "You have an error in your SQL syntax; check the manual that corresponds to your MariaDB server version for the right syntax to use near \'ILIKE \'%BLUE%\'\' at line 1")'}
2024-05-10 17:47:42.093 ERROR json_response.py json_response - response_exception:{'message': '(1064, "You have an error in your SQL syntax; check the manual that corresponds to your MariaDB server version for the right syntax to use near \'ILIKE \'BLUE\'\' at line 1")'}
2024-05-10 17:48:19.563 ERROR json_response.py json_response - response_exception:{'message': '(1064, "You have an error in your SQL syntax; check the manual that corresponds to your MariaDB server version for the right syntax to use near \'ILIKE \'%BLUE%\'\' at line 1")'}
