2024-05-06 09:29:29.987 ERROR json_response.py json_response - response_exception:{'message': "'is_web_reg'"}
2024-05-06 09:29:52.459 ERROR json_response.py json_response - response_exception:{'message': "'is_web_reg'"}
2024-05-06 09:34:46.900 ERROR json_response.py json_response - response_exception:{'message': "'is_web_reg'"}
2024-05-06 10:07:18.337 ERROR json_response.py json_response - response_exception:{'message': "'image_name'"}
2024-05-06 10:07:52.028 ERROR json_response.py json_response - response_exception:{'message': "'image_name'"}
2024-05-06 10:08:17.002 ERROR json_response.py json_response - response_exception:{'message': "'image_name'"}
2024-05-06 10:15:48.182 ERROR json_response.py json_response - response_exception:{'message': "'order_id'"}
2024-05-06 10:42:03.092 ERROR json_response.py json_response - response_exception:{'message': "'stud_image'"}
2024-05-06 10:42:19.229 ERROR json_response.py json_response - response_exception:{'message': "'stud_image'"}
2024-05-06 10:42:37.913 ERROR json_response.py json_response - response_exception:{'message': "'stud_image'"}
2024-05-06 10:52:41.522 ERROR json_response.py json_response - response_exception:{'message': "Expecting ',' delimiter: line 21 column 4 (char 781)"}
2024-05-06 11:00:40.424 ERROR json_response.py json_response - response_exception:{'message': '(1064, "You have an error in your SQL syntax; check the manual that corresponds to your MariaDB server version for the right syntax to use near \'\'%b %d, %Y ) as competition_date,\\n                (select user_name from user...\' at line 2")'}
2024-05-06 11:01:23.045 ERROR json_response.py json_response - response_exception:{'message': '(1064, "You have an error in your SQL syntax; check the manual that corresponds to your MariaDB server version for the right syntax to use near \'\'%b %d, %Y ) as competition_date,\\n                (select user_name from user...\' at line 2")'}
2024-05-06 11:01:52.440 ERROR json_response.py json_response - response_exception:{'message': '(1064, "You have an error in your SQL syntax; check the manual that corresponds to your MariaDB server version for the right syntax to use near \'(select user_name from user_master where user_master.data_uniq_id = competiti...\' at line 3")'}
2024-05-06 11:01:57.881 ERROR json_response.py json_response - response_exception:{'message': '(1064, "You have an error in your SQL syntax; check the manual that corresponds to your MariaDB server version for the right syntax to use near \'(select user_name from user_master where user_master.data_uniq_id = competiti...\' at line 3")'}
2024-05-06 11:02:13.361 ERROR json_response.py json_response - response_exception:{'message': '(1064, "You have an error in your SQL syntax; check the manual that corresponds to your MariaDB server version for the right syntax to use near \'(select user_name from user_master where user_master.data_uniq_id = competiti...\' at line 3")'}
2024-05-06 11:02:14.432 ERROR json_response.py json_response - response_exception:{'message': '(1064, "You have an error in your SQL syntax; check the manual that corresponds to your MariaDB server version for the right syntax to use near \'(select user_name from user_master where user_master.data_uniq_id = competiti...\' at line 3")'}
2024-05-06 11:02:15.520 ERROR json_response.py json_response - response_exception:{'message': '(1064, "You have an error in your SQL syntax; check the manual that corresponds to your MariaDB server version for the right syntax to use near \'(select user_name from user_master where user_master.data_uniq_id = competiti...\' at line 3")'}
2024-05-06 11:38:08.578 ERROR json_response.py json_response - response_exception:{'message': "'is_web_reg'"}
2024-05-06 11:44:48.763 ERROR json_response.py json_response - response_exception:{'message': "expected string or bytes-like object, got 'NoneType'"}
2024-05-06 11:46:56.756 ERROR json_response.py json_response - response_exception:{'message': "expected string or bytes-like object, got 'NoneType'"}
2024-05-06 11:47:17.192 ERROR json_response.py json_response - response_exception:{'message': "expected string or bytes-like object, got 'NoneType'"}
2024-05-06 11:47:18.699 ERROR json_response.py json_response - response_exception:{'message': "expected string or bytes-like object, got 'NoneType'"}
2024-05-06 11:48:20.711 ERROR json_response.py json_response - response_exception:{'message': "expected string or bytes-like object, got 'NoneType'"}
2024-05-06 11:48:29.916 ERROR json_response.py json_response - response_exception:{'message': "expected string or bytes-like object, got 'NoneType'"}
2024-05-06 11:48:38.863 ERROR json_response.py json_response - response_exception:{'message': "expected string or bytes-like object, got 'NoneType'"}
2024-05-06 11:49:05.361 ERROR json_response.py json_response - response_exception:{'message': "expected string or bytes-like object, got 'NoneType'"}
2024-05-06 11:49:13.762 ERROR json_response.py json_response - response_exception:{'message': "expected string or bytes-like object, got 'NoneType'"}
2024-05-06 11:49:26.283 ERROR json_response.py json_response - response_exception:{'message': "expected string or bytes-like object, got 'NoneType'"}
2024-05-06 11:52:05.731 ERROR json_response.py json_response - response_exception:{'message': "expected string or bytes-like object, got 'NoneType'"}
2024-05-06 11:56:04.868 ERROR json_response.py json_response - response_exception:{'message': "expected string or bytes-like object, got 'NoneType'"}
2024-05-06 11:56:07.201 ERROR json_response.py json_response - response_exception:{'message': "expected string or bytes-like object, got 'NoneType'"}
2024-05-06 11:58:23.601 ERROR json_response.py json_response - response_exception:{'message': "expected string or bytes-like object, got 'NoneType'"}
2024-05-06 11:58:33.822 ERROR json_response.py json_response - response_exception:{'message': "expected string or bytes-like object, got 'NoneType'"}
2024-05-06 12:04:20.095 ERROR json_response.py json_response - response_exception:{'message': "expected string or bytes-like object, got 'NoneType'"}
2024-05-06 12:24:32.368 ERROR json_response.py json_response - response_exception:{'message': "expected string or bytes-like object, got 'NoneType'"}
2024-05-06 12:24:33.783 ERROR json_response.py json_response - response_exception:{'message': "expected string or bytes-like object, got 'NoneType'"}
2024-05-06 12:37:39.006 ERROR json_response.py json_response - response_exception:{'message': "expected string or bytes-like object, got 'NoneType'"}
2024-05-06 14:48:29.594 ERROR json_response.py json_response - response_exception:{'message': "expected string or bytes-like object, got 'NoneType'"}
2024-05-06 15:16:16.126 ERROR json_response.py json_response - response_exception:{'message': '(1064, "You have an error in your SQL syntax; check the manual that corresponds to your MariaDB server version for the right syntax to use near \'[],\'\',\'[]\',\'1613230c-4d3d-4b13-9d12-a2e28cf229d8\',\'\',0,\'2024-05-06 09:46:12.0...\' at line 1")'}
2024-05-06 15:19:53.572 ERROR json_response.py json_response - response_exception:{'message': '(1064, "You have an error in your SQL syntax; check the manual that corresponds to your MariaDB server version for the right syntax to use near \'\'\',\'\',\'293b8f7f-9207-42e3-80d2-793a94d85d47\',\'\',0,\'2024-05-06 09:49:49.531981...\' at line 1")'}
2024-05-06 15:23:18.603 ERROR json_response.py json_response - response_exception:{'message': 'Expecting property name enclosed in double quotes: line 24 column 1 (char 683)'}
2024-05-06 15:25:40.079 ERROR json_response.py json_response - response_exception:{'message': '(1064, "You have an error in your SQL syntax; check the manual that corresponds to your MariaDB server version for the right syntax to use near \'\'\',\'\',\'293b8f7f-9207-42e3-80d2-793a94d85d47\',\'\',0,\'2024-05-06 09:55:35.809958...\' at line 1")'}
2024-05-06 15:28:12.741 ERROR json_response.py json_response - response_exception:{'message': '(1064, "You have an error in your SQL syntax; check the manual that corresponds to your MariaDB server version for the right syntax to use near \'\'\',\'\',\'b06c964d-4b71-4231-a3e0-f63978601c5d\',\'\',0,\'2024-05-06 09:58:08.957253...\' at line 1")'}
2024-05-06 15:47:06.817 ERROR json_response.py json_response - response_exception:{'message': "expected string or bytes-like object, got 'NoneType'"}
2024-05-06 15:47:23.901 ERROR json_response.py json_response - response_exception:{'message': "expected string or bytes-like object, got 'NoneType'"}
2024-05-06 15:51:19.763 ERROR json_response.py json_response - response_exception:{'message': '(1054, "Unknown column \'stud_mobile\' in \'where clause\'")'}
2024-05-06 15:52:26.659 ERROR json_response.py json_response - response_exception:{'message': '(1064, "You have an error in your SQL syntax; check the manual that corresponds to your MariaDB server version for the right syntax to use near \'skating experience began at a young age when he first stepped onto the rink,T...\' at line 1")'}
2024-05-06 15:53:30.746 ERROR json_response.py json_response - response_exception:{'message': '(1064, "You have an error in your SQL syntax; check the manual that corresponds to your MariaDB server version for the right syntax to use near \'skating experience began at a young age when he first stepped onto the rink,T...\' at line 1")'}
2024-05-06 15:54:29.971 ERROR json_response.py json_response - response_exception:{'message': '(1064, "You have an error in your SQL syntax; check the manual that corresponds to your MariaDB server version for the right syntax to use near \'skating experience began at a young age when he first stepped onto the rink,T...\' at line 1")'}
2024-05-06 15:55:07.438 ERROR json_response.py json_response - response_exception:{'message': '(1064, "You have an error in your SQL syntax; check the manual that corresponds to your MariaDB server version for the right syntax to use near \'skating experience began at a young age when he first stepped onto the rink\',...\' at line 1")'}
2024-05-06 15:55:08.663 ERROR json_response.py json_response - response_exception:{'message': '(1064, "You have an error in your SQL syntax; check the manual that corresponds to your MariaDB server version for the right syntax to use near \'skating experience began at a young age when he first stepped onto the rink\',...\' at line 1")'}
2024-05-06 15:56:12.942 ERROR json_response.py json_response - response_exception:{'message': "expected string or bytes-like object, got 'NoneType'"}
2024-05-06 15:57:28.670 ERROR json_response.py json_response - response_exception:{'message': '(1064, "You have an error in your SQL syntax; check the manual that corresponds to your MariaDB server version for the right syntax to use near \'skating experience began at a young age when he first stepped onto the rink\',...\' at line 2")'}
2024-05-06 15:58:07.657 ERROR json_response.py json_response - response_exception:{'message': '(1064, "You have an error in your SQL syntax; check the manual that corresponds to your MariaDB server version for the right syntax to use near \'skating experience began at a young age when he first stepped onto the rink\',...\' at line 2")'}
2024-05-06 15:58:08.864 ERROR json_response.py json_response - response_exception:{'message': '(1064, "You have an error in your SQL syntax; check the manual that corresponds to your MariaDB server version for the right syntax to use near \'skating experience began at a young age when he first stepped onto the rink\',...\' at line 2")'}
2024-05-06 16:27:48.816 ERROR json_response.py json_response - response_exception:{'message': '(1064, "You have an error in your SQL syntax; check the manual that corresponds to your MariaDB server version for the right syntax to use near \'\'\',\'\',\'2b5ea913-4666-4cd7-8b5a-174f631cfcd7\',\'\',0,\'2024-05-06 10:57:44.803675...\' at line 1")'}
2024-05-06 16:28:04.261 ERROR json_response.py json_response - response_exception:{'message': '(1054, "Unknown column \'mal\' in \'where clause\'")'}
2024-05-06 16:29:02.288 ERROR json_response.py json_response - response_exception:{'message': '(1054, "Unknown column \'mal\' in \'where clause\'")'}
2024-05-06 16:29:03.505 ERROR json_response.py json_response - response_exception:{'message': '(1054, "Unknown column \'mal\' in \'where clause\'")'}
2024-05-06 16:29:08.764 ERROR json_response.py json_response - response_exception:{'message': '(1054, "Unknown column \'mal\' in \'where clause\'")'}
2024-05-06 16:30:11.198 ERROR json_response.py json_response - response_exception:{'message': '(1064, "You have an error in your SQL syntax; check the manual that corresponds to your MariaDB server version for the right syntax to use near \'\'\',\'\',\'293b8f7f-9207-42e3-80d2-793a94d85d47\',\'\',0,\'2024-05-06 11:00:07.452347...\' at line 1")'}
2024-05-06 16:36:13.802 ERROR json_response.py json_response - response_exception:{'message': '(1054, "Unknown column \'compt_registration.alergic_to\' in \'where clause\'")'}
2024-05-06 16:36:45.547 ERROR json_response.py json_response - response_exception:{'message': '(1054, "Unknown column \'compt_registration.alergic_to\' in \'where clause\'")'}
2024-05-06 16:36:46.675 ERROR json_response.py json_response - response_exception:{'message': '(1054, "Unknown column \'compt_registration.alergic_to\' in \'where clause\'")'}
2024-05-06 16:37:05.557 ERROR json_response.py json_response - response_exception:{'message': '(1054, "Unknown column \'compt_registration.alergic_to\' in \'where clause\'")'}
2024-05-06 16:37:15.444 ERROR json_response.py json_response - response_exception:{'message': '(1054, "Unknown column \'compt_registration.alergic_to\' in \'where clause\'")'}
2024-05-06 16:37:16.631 ERROR json_response.py json_response - response_exception:{'message': '(1054, "Unknown column \'compt_registration.alergic_to\' in \'where clause\'")'}
2024-05-06 16:40:21.086 ERROR json_response.py json_response - response_exception:{'message': "'blood_group'"}
2024-05-06 16:45:04.168 ERROR json_response.py json_response - response_exception:{'message': '(1064, "You have an error in your SQL syntax; check the manual that corresponds to your MariaDB server version for the right syntax to use near \'\'\',\'\',\'b06c964d-4b71-4231-a3e0-f63978601c5d\',\'\',0,\'2024-05-06 11:14:59.846555...\' at line 1")'}
2024-05-06 16:45:21.753 ERROR json_response.py json_response - response_exception:{'message': '(1064, "You have an error in your SQL syntax; check the manual that corresponds to your MariaDB server version for the right syntax to use near \'\'\',\'\',\'b06c964d-4b71-4231-a3e0-f63978601c5d\',\'\',0,\'2024-05-06 11:15:17.319335...\' at line 1")'}
2024-05-06 16:45:43.628 ERROR json_response.py json_response - response_exception:{'message': '(1064, "You have an error in your SQL syntax; check the manual that corresponds to your MariaDB server version for the right syntax to use near \'\'\',\'\',\'b06c964d-4b71-4231-a3e0-f63978601c5d\',\'\',0,\'2024-05-06 11:15:38.922180...\' at line 1")'}
2024-05-06 16:46:10.203 ERROR json_response.py json_response - response_exception:{'message': '(1064, "You have an error in your SQL syntax; check the manual that corresponds to your MariaDB server version for the right syntax to use near \'\'\',\'\',\'b06c964d-4b71-4231-a3e0-f63978601c5d\',\'\',0,\'2024-05-06 11:16:05.990453...\' at line 1")'}
2024-05-06 16:47:42.155 ERROR json_response.py json_response - response_exception:{'message': '(1064, "You have an error in your SQL syntax; check the manual that corresponds to your MariaDB server version for the right syntax to use near \'\'\',\'\',\'\',\'\',0,\'2024-05-06 11:17:38.093926\',\'2024-05-06 11:17:38.093926\',\'01\',...\' at line 1")'}
2024-05-06 16:48:15.706 ERROR json_response.py json_response - response_exception:{'message': '(1064, "You have an error in your SQL syntax; check the manual that corresponds to your MariaDB server version for the right syntax to use near \'\'\',\'\',\'\',\'\',0,\'2024-05-06 11:18:11.959369\',\'2024-05-06 11:18:11.959369\',\'01\',...\' at line 1")'}
2024-05-06 16:48:41.341 ERROR json_response.py json_response - response_exception:{'message': '(1064, "You have an error in your SQL syntax; check the manual that corresponds to your MariaDB server version for the right syntax to use near \'\'\',\'\',\'\',\'\',0,\'2024-05-06 11:18:37.596993\',\'2024-05-06 11:18:37.596993\',\'01\',...\' at line 1")'}
2024-05-06 16:49:00.097 ERROR json_response.py json_response - response_exception:{'message': "'is_web_reg'"}
2024-05-06 16:49:47.241 ERROR json_response.py json_response - response_exception:{'message': '(1064, "You have an error in your SQL syntax; check the manual that corresponds to your MariaDB server version for the right syntax to use near \'\'\',\'\',\'\',\'\',0,\'2024-05-06 11:19:43.484411\',\'2024-05-06 11:19:43.484411\',\'01\',...\' at line 1")'}
2024-05-06 16:50:29.336 ERROR json_response.py json_response - response_exception:{'message': '(1064, "You have an error in your SQL syntax; check the manual that corresponds to your MariaDB server version for the right syntax to use near \'\'\',\'\',\'\',\'\',0,\'2024-05-06 11:20:25.521737\',\'2024-05-06 11:20:25.521737\',\'01\',...\' at line 1")'}
2024-05-06 16:52:51.632 ERROR json_response.py json_response - response_exception:{'message': '(1064, "You have an error in your SQL syntax; check the manual that corresponds to your MariaDB server version for the right syntax to use near \'\'\',\'\',\'\',\'\',0,\'2024-05-06 11:22:47.619705\',\'2024-05-06 11:22:47.619705\',\'01\',...\' at line 1")'}
2024-05-06 17:12:53.399 ERROR json_response.py json_response - response_exception:{'message': '(1054, "Unknown column \'reg_fee_date\' in \'field list\'")'}
2024-05-06 17:33:30.515 ERROR json_response.py json_response - response_exception:{'message': "expected string or bytes-like object, got 'NoneType'"}
2024-05-06 17:37:41.859 ERROR json_response.py json_response - response_exception:{'message': '(1054, "Unknown column \'approval_status\' in \'field list\'")'}
