2024-05-08 13:02:47.983 ERROR json_response.py json_response - response_exception:{'message': "'access_token'"}
2024-05-08 13:02:47.986 ERROR json_response.py json_response - response_exception:{'message': "'access_token'"}
2024-05-08 13:02:47.987 ERROR json_response.py json_response - response_exception:{'message': "'access_token'"}
2024-05-08 13:02:47.987 ERROR json_response.py json_response - response_exception:{'message': "'access_token'"}
2024-05-08 13:02:47.988 ERROR json_response.py json_response - response_exception:{'message': "'access_token'"}
2024-05-08 13:02:47.988 ERROR json_response.py json_response - response_exception:{'message': "'access_token'"}
2024-05-08 13:02:47.989 ERROR json_response.py json_response - response_exception:{'message': "'access_token'"}
2024-05-08 13:02:47.989 ERROR json_response.py json_response - response_exception:{'message': "'access_token'"}
2024-05-08 13:02:47.990 ERROR json_response.py json_response - response_exception:{'message': "'access_token'"}
2024-05-08 13:02:47.990 ERROR json_response.py json_response - response_exception:{'message': "'access_token'"}
2024-05-08 13:02:47.990 ERROR json_response.py json_response - response_exception:{'message': "'access_token'"}
2024-05-08 13:02:47.991 ERROR json_response.py json_response - response_exception:{'message': "'access_token'"}
2024-05-08 13:02:47.991 ERROR json_response.py json_response - response_exception:{'message': "'access_token'"}
2024-05-08 13:02:47.992 ERROR json_response.py json_response - response_exception:{'message': "'access_token'"}
2024-05-08 13:02:47.992 ERROR json_response.py json_response - response_exception:{'message': "'access_token'"}
2024-05-08 13:02:47.993 ERROR json_response.py json_response - response_exception:{'message': "'access_token'"}
2024-05-08 13:02:47.993 ERROR json_response.py json_response - response_exception:{'message': "'access_token'"}
2024-05-08 13:02:47.994 ERROR json_response.py json_response - response_exception:{'message': "'access_token'"}
2024-05-08 13:02:48.560 ERROR json_response.py json_response - response_exception:{'message': "'access_token'"}
2024-05-08 13:02:48.575 ERROR json_response.py json_response - response_exception:{'message': "'access_token'"}
2024-05-08 13:02:48.617 ERROR json_response.py json_response - response_exception:{'message': "'access_token'"}
2024-05-08 13:02:48.622 ERROR json_response.py json_response - response_exception:{'message': "'access_token'"}
2024-05-08 13:02:48.636 ERROR json_response.py json_response - response_exception:{'message': "'access_token'"}
2024-05-08 13:02:48.639 ERROR json_response.py json_response - response_exception:{'message': "'access_token'"}
2024-05-08 13:02:48.640 ERROR json_response.py json_response - response_exception:{'message': "'access_token'"}
2024-05-08 13:02:52.175 ERROR json_response.py json_response - response_exception:{'message': "'access_token'"}
2024-05-08 13:02:52.453 ERROR json_response.py json_response - response_exception:{'message': "'access_token'"}
2024-05-08 13:02:52.453 ERROR json_response.py json_response - response_exception:{'message': "'access_token'"}
2024-05-08 13:02:52.454 ERROR json_response.py json_response - response_exception:{'message': "'access_token'"}
2024-05-08 13:02:52.455 ERROR json_response.py json_response - response_exception:{'message': "'access_token'"}
2024-05-08 13:02:52.455 ERROR json_response.py json_response - response_exception:{'message': "'access_token'"}
2024-05-08 13:02:52.456 ERROR json_response.py json_response - response_exception:{'message': "'access_token'"}
2024-05-08 13:02:52.457 ERROR json_response.py json_response - response_exception:{'message': "'access_token'"}
2024-05-08 13:02:52.457 ERROR json_response.py json_response - response_exception:{'message': "'access_token'"}
2024-05-08 13:02:52.458 ERROR json_response.py json_response - response_exception:{'message': "'access_token'"}
2024-05-08 13:02:52.458 ERROR json_response.py json_response - response_exception:{'message': "'access_token'"}
2024-05-08 13:02:52.459 ERROR json_response.py json_response - response_exception:{'message': "'access_token'"}
2024-05-08 13:02:52.460 ERROR json_response.py json_response - response_exception:{'message': "'access_token'"}
2024-05-08 13:02:52.460 ERROR json_response.py json_response - response_exception:{'message': "'access_token'"}
2024-05-08 13:02:52.461 ERROR json_response.py json_response - response_exception:{'message': "'access_token'"}
2024-05-08 13:02:52.462 ERROR json_response.py json_response - response_exception:{'message': "'access_token'"}
2024-05-08 13:02:52.462 ERROR json_response.py json_response - response_exception:{'message': "'access_token'"}
2024-05-08 13:02:52.463 ERROR json_response.py json_response - response_exception:{'message': "'access_token'"}
2024-05-08 13:02:52.464 ERROR json_response.py json_response - response_exception:{'message': "'access_token'"}
2024-05-08 13:02:52.464 ERROR json_response.py json_response - response_exception:{'message': "'access_token'"}
2024-05-08 13:02:52.856 ERROR json_response.py json_response - response_exception:{'message': "'access_token'"}
2024-05-08 13:02:52.858 ERROR json_response.py json_response - response_exception:{'message': "'access_token'"}
2024-05-08 13:02:52.859 ERROR json_response.py json_response - response_exception:{'message': "'access_token'"}
2024-05-08 13:02:52.859 ERROR json_response.py json_response - response_exception:{'message': "'access_token'"}
2024-05-08 13:02:52.860 ERROR json_response.py json_response - response_exception:{'message': "'access_token'"}
2024-05-08 13:33:51.697 ERROR json_response.py json_response - response_exception:{'message': 'Incorrect padding'}
2024-05-08 13:34:15.132 ERROR json_response.py json_response - response_exception:{'message': 'Incorrect padding'}
2024-05-08 13:35:07.629 ERROR json_response.py json_response - response_exception:{'message': 'Incorrect padding'}
2024-05-08 15:51:16.035 ERROR json_response.py json_response - response_exception:{'message': 'Invalid base64-encoded string: number of data characters (13) cannot be 1 more than a multiple of 4'}
2024-05-08 15:51:18.861 ERROR json_response.py json_response - response_exception:{'message': 'Invalid base64-encoded string: number of data characters (13) cannot be 1 more than a multiple of 4'}
2024-05-08 15:51:21.789 ERROR json_response.py json_response - response_exception:{'message': "'utf-8' codec can't decode byte 0xe9 in position 1: invalid continuation byte"}
2024-05-08 15:51:28.723 ERROR json_response.py json_response - response_exception:{'message': "'utf-8' codec can't decode byte 0xb2 in position 0: invalid start byte"}
2024-05-08 15:51:30.755 ERROR json_response.py json_response - response_exception:{'message': 'Invalid base64-encoded string: number of data characters (13) cannot be 1 more than a multiple of 4'}
2024-05-08 15:53:04.757 ERROR json_response.py json_response - response_exception:{'message': 'Invalid base64-encoded string: number of data characters (13) cannot be 1 more than a multiple of 4'}
2024-05-08 15:54:10.477 ERROR json_response.py json_response - response_exception:{'message': 'Invalid base64-encoded string: number of data characters (13) cannot be 1 more than a multiple of 4'}
2024-05-08 15:54:20.715 ERROR json_response.py json_response - response_exception:{'message': 'Invalid base64-encoded string: number of data characters (1) cannot be 1 more than a multiple of 4'}
2024-05-08 15:54:38.239 ERROR json_response.py json_response - response_exception:{'message': 'Invalid base64-encoded string: number of data characters (1) cannot be 1 more than a multiple of 4'}
2024-05-08 15:54:45.621 ERROR json_response.py json_response - response_exception:{'message': 'Invalid base64-encoded string: number of data characters (1) cannot be 1 more than a multiple of 4'}
2024-05-08 15:55:34.433 ERROR json_response.py json_response - response_exception:{'message': 'Invalid base64-encoded string: number of data characters (1) cannot be 1 more than a multiple of 4'}
2024-05-08 15:55:58.899 ERROR json_response.py json_response - response_exception:{'message': 'Invalid base64-encoded string: number of data characters (1) cannot be 1 more than a multiple of 4'}
2024-05-08 15:56:59.314 ERROR json_response.py json_response - response_exception:{'message': "'image_name'"}
2024-05-08 15:57:00.414 ERROR json_response.py json_response - response_exception:{'message': "'image_name'"}
2024-05-08 15:57:05.779 ERROR json_response.py json_response - response_exception:{'message': "'image_name'"}
2024-05-08 15:57:07.182 ERROR json_response.py json_response - response_exception:{'message': "'image_name'"}
2024-05-08 15:57:14.628 ERROR json_response.py json_response - response_exception:{'message': "'image_name'"}
2024-05-08 16:06:57.322 ERROR json_response.py json_response - response_exception:{'message': 'Invalid base64-encoded string: number of data characters (1) cannot be 1 more than a multiple of 4'}
2024-05-08 16:11:51.498 ERROR json_response.py json_response - response_exception:{'message': 'Invalid base64-encoded string: number of data characters (1) cannot be 1 more than a multiple of 4'}
2024-05-08 16:11:59.033 ERROR json_response.py json_response - response_exception:{'message': 'Invalid base64-encoded string: number of data characters (1) cannot be 1 more than a multiple of 4'}
2024-05-08 16:12:25.356 ERROR json_response.py json_response - response_exception:{'message': 'Invalid base64-encoded string: number of data characters (1) cannot be 1 more than a multiple of 4'}
2024-05-08 16:14:28.168 ERROR json_response.py json_response - response_exception:{'message': 'Invalid base64-encoded string: number of data characters (1) cannot be 1 more than a multiple of 4'}
2024-05-08 16:14:40.102 ERROR json_response.py json_response - response_exception:{'message': 'Invalid base64-encoded string: number of data characters (1) cannot be 1 more than a multiple of 4'}
2024-05-08 16:16:21.814 ERROR json_response.py json_response - response_exception:{'message': 'Invalid base64-encoded string: number of data characters (1) cannot be 1 more than a multiple of 4'}
2024-05-08 17:07:30.282 ERROR json_response.py json_response - response_exception:{'message': "'access_token'"}
