2024-04-16 09:47:53.953 ERROR json_response.py json_response - response_exception:{'message': "local variable 't' referenced before assignment"}
2024-04-16 09:59:21.252 ERROR json_response.py json_response - response_exception:{'message': "'access_token'"}
2024-04-16 10:00:30.595 ERROR json_response.py json_response - response_exception:{'message': "'access_token'"}
2024-04-16 10:00:57.434 ERROR json_response.py json_response - response_exception:{'message': "'access_token'"}
2024-04-16 10:01:57.259 ERROR json_response.py json_response - response_exception:{'message': "'access_token'"}
2024-04-16 10:02:03.821 ERROR json_response.py json_response - response_exception:{'message': "'access_token'"}
2024-04-16 10:11:04.200 ERROR json_response.py json_response - response_exception:{'message': "'image_ids'"}
2024-04-16 11:40:22.081 ERROR json_response.py json_response - response_exception:{'message': "'length'"}
2024-04-16 11:44:31.709 ERROR json_response.py json_response - response_exception:{'message': 'operator does not exist: double precision = character varying\nLINE 1: ...gth from length_master where length_master.length = pallet_c...\n                                                             ^\nHINT:  No operator matches the given name and argument types. You might need to add explicit type casts.\n'}
2024-04-16 11:45:08.497 ERROR json_response.py json_response - response_exception:{'message': 'operator does not exist: double precision = character varying\nLINE 1: ...gth from length_master where length_master.length = pallet_c...\n                                                             ^\nHINT:  No operator matches the given name and argument types. You might need to add explicit type casts.\n'}
2024-04-16 11:46:50.166 ERROR json_response.py json_response - response_exception:{'message': 'operator does not exist: double precision = character varying\nLINE 1: ... depth from depth_master where depth_master.depth = pallet_c...\n                                                             ^\nHINT:  No operator matches the given name and argument types. You might need to add explicit type casts.\n'}
2024-04-16 12:11:25.050 ERROR json_response.py json_response - response_exception:{'message': "'utf-8' codec can't decode byte 0xad in position 0: invalid start byte"}
2024-04-16 12:12:18.006 ERROR json_response.py json_response - response_exception:{'message': "'utf-8' codec can't decode byte 0xad in position 0: invalid start byte"}
2024-04-16 12:17:44.545 ERROR json_response.py json_response - response_exception:{'message': "'utf-8' codec can't decode byte 0xad in position 0: invalid start byte"}
2024-04-16 13:10:06.387 ERROR json_response.py json_response - response_exception:{'message': "'Asia/Kolkata'"}
2024-04-16 13:10:40.339 ERROR json_response.py json_response - response_exception:{'message': "'Asia/Kolkata'"}
2024-04-16 13:10:44.846 ERROR json_response.py json_response - response_exception:{'message': "'Asia/Kolkata'"}
2024-04-16 13:10:51.512 ERROR json_response.py json_response - response_exception:{'message': "'Asia/Kolkata'"}
2024-04-16 13:11:46.113 ERROR json_response.py json_response - response_exception:{'message': "'Asia/Kolkata'"}
2024-04-16 13:12:05.467 ERROR json_response.py json_response - response_exception:{'message': "'Asia/Kolkata'"}
2024-04-16 13:12:48.288 ERROR json_response.py json_response - response_exception:{'message': "'Asia/Kolkata'"}
2024-04-16 15:40:42.294 ERROR json_response.py json_response - response_exception:{'message': "local variable 'update_image' referenced before assignment"}
2024-04-16 15:41:25.900 ERROR json_response.py json_response - response_exception:{'message': "local variable 'update_image' referenced before assignment"}
2024-04-16 15:42:09.268 ERROR json_response.py json_response - response_exception:{'message': "local variable 'update_image' referenced before assignment"}
2024-04-16 15:43:02.857 ERROR json_response.py json_response - response_exception:{'message': "local variable 'update_image' referenced before assignment"}
2024-04-16 15:43:05.036 ERROR json_response.py json_response - response_exception:{'message': "local variable 'update_image' referenced before assignment"}
2024-04-16 15:50:50.998 ERROR json_response.py json_response - response_exception:{'message': "'access_token'"}
2024-04-16 16:17:35.688 ERROR json_response.py json_response - response_exception:{'message': 'relation "product_height_master" does not exist\nLINE 1: insert into product_height_master (data_uniq_id,ref_product_...\n                    ^\n'}
2024-04-16 16:37:09.766 ERROR json_response.py json_response - response_exception:{'message': "'utf-8' codec can't decode byte 0x82 in position 0: invalid start byte"}
2024-04-16 17:05:36.777 ERROR json_response.py json_response - response_exception:{'message': "'data_uniq_id'"}
2024-04-16 17:06:06.453 ERROR json_response.py json_response - response_exception:{'message': "'data_uniq_id'"}
2024-04-16 17:06:38.828 ERROR json_response.py json_response - response_exception:{'message': "'data_uniq_id'"}
2024-04-16 17:07:05.087 ERROR json_response.py json_response - response_exception:{'message': 'list index out of range'}
2024-04-16 17:07:41.790 ERROR json_response.py json_response - response_exception:{'message': "local variable 'media_folder' referenced before assignment"}
