2024-04-17 10:32:55.932 ERROR json_response.py json_response - response_exception:{'message': 'syntax error at or near ","\nLINE 6: ...ff1d85\', \'UPRIGHT FRAME\', \'UFR-D800-H3500-U8016\', , \'UPRIGHT...\n                                                             ^\n'}
2024-04-17 10:36:31.883 ERROR json_response.py json_response - response_exception:{'message': 'syntax error at or near ","\nLINE 6: ...c4be5c\', \'UPRIGHT FRAME\', \'UFR-D800-H3500-U8016\', , \'UPRIGHT...\n                                                             ^\n'}
2024-04-17 10:37:41.206 ERROR json_response.py json_response - response_exception:{'message': 'syntax error at or near ","\nLINE 6: ...00-U8016\', \'\', \'UPRIGHT FRAME - D800 X H3500 - U8016\', , \'\',\n                                                                  ^\n'}
2024-04-17 10:38:26.885 ERROR json_response.py json_response - response_exception:{'message': 'syntax error at or near ","\nLINE 6: ...8c5\', \'UPRIGHT FRAME\', \'UFR-D800-H3500-U8016\', \'\', \'\', , \'\',\n                                                                  ^\n'}
2024-04-17 10:38:52.880 ERROR json_response.py json_response - response_exception:{'message': 'syntax error at or near ","\nLINE 6: ...00-U8016\', \'\', \'UPRIGHT FRAME - D800 X H3500 - U8016\', , \'\',\n                                                                  ^\n'}
2024-04-17 10:41:15.148 ERROR json_response.py json_response - response_exception:{'message': 'syntax error at or near "BOM"\nLINE 7:                 REF BOM SHEET, 0,\'MTcyNTMxNTItZDA3YS00MmJiLW...\n                            ^\n'}
2024-04-17 10:42:09.765 ERROR json_response.py json_response - response_exception:{'message': 'invalid input syntax for type double precision: "REF BOM SHEET"\nLINE 7:                 \'REF BOM SHEET\', 0,\'MTcyNTMxNTItZDA3YS00MmJi...\n                        ^\n'}
2024-04-17 10:42:46.368 ERROR json_response.py json_response - response_exception:{'message': 'invalid input syntax for type double precision: "REF BOM SHEET"\nLINE 7:                 \'REF BOM SHEET\', 0,\'MTcyNTMxNTItZDA3YS00MmJi...\n                        ^\n'}
2024-04-17 10:44:55.613 ERROR json_response.py json_response - response_exception:{'message': 'invalid input syntax for type double precision: "MTcyNTMxNTItZDA3YS00MmJiLWJjYmItYzRkZjVhYWM5M2U0"\nLINE 7:                 \'2\', 0,\'MTcyNTMxNTItZDA3YS00MmJiLWJjYmItYzRk...\n                               ^\n'}
2024-04-17 12:54:48.412 ERROR json_response.py json_response - response_exception:{'message': 'column "mzi2owvlnmetmtzhmy00zwy4ltgwmditotyyyjdlmjviyjbj" does not exist\nLINE 6: ...d96\', \'NEW N BEAM ASSY. - 90 X 50 X 1.4 - L1910\', MzI2OWVlNm...\n                                                             ^\n'}
2024-04-17 12:57:39.614 ERROR json_response.py json_response - response_exception:{'message': 'trailing junk after numeric literal at or near "3269e"\nLINE 6: ...d96\', \'NEW N BEAM ASSY. - 90 X 50 X 1.4 - L1910\', 3269ee6a-1...\n                                                             ^\n'}
2024-04-17 12:58:27.561 ERROR json_response.py json_response - response_exception:{'message': 'column "nta0nzc4ntktyzu2ni00mdbhlwjmotktyzhjy2e2zty5mzjh" does not exist\nLINE 7:                 \'7.06\', 0,\'\',\'\',\'80&90\',NTA0Nzc4NTktYzU2Ni00...\n                                                ^\n'}
2024-04-17 12:59:44.171 ERROR json_response.py json_response - response_exception:{'message': 'invalid input syntax for type double precision: "3269ee6a-16a3-4ef8-8002-962b7e25bb0c"\nLINE 6: ...d96\', \'NEW N BEAM ASSY. - 90 X 50 X 1.4 - L1910\', \'3269ee6a-...\n                                                             ^\n'}
2024-04-17 13:02:40.682 ERROR json_response.py json_response - response_exception:{'message': 'invalid input syntax for type double precision: "3269ee6a-16a3-4ef8-8002-962b7e25bb0c"\nLINE 6: ...d96\', \'NEW N BEAM ASSY. - 90 X 50 X 1.4 - L1910\', \'3269ee6a-...\n                                                             ^\n'}
2024-04-17 13:03:20.012 ERROR json_response.py json_response - response_exception:{'message': 'invalid input syntax for type double precision: "3269ee6a-16a3-4ef8-8002-962b7e25bb0c"\nLINE 6: ...d96\', \'NEW N BEAM ASSY. - 90 X 50 X 1.4 - L1910\', \'3269ee6a-...\n                                                             ^\n'}
2024-04-17 13:06:32.938 ERROR json_response.py json_response - response_exception:{'message': 'invalid input syntax for type double precision: "3269ee6a-16a3-4ef8-8002-962b7e25bb0c"\nLINE 6: ...d96\', \'NEW N BEAM ASSY. - 90 X 50 X 1.4 - L1910\', \'3269ee6a-...\n                                                             ^\n'}
2024-04-17 13:08:55.767 ERROR json_response.py json_response - response_exception:{'message': 'invalid input syntax for type double precision: "3269ee6a-16a3-4ef8-8002-962b7e25bb0c"\nLINE 6: ...d96\', \'NEW N BEAM ASSY. - 90 X 50 X 1.4 - L1910\', \'3269ee6a-...\n                                                             ^\n'}
2024-04-17 13:11:07.429 ERROR json_response.py json_response - response_exception:{'message': 'invalid input syntax for type double precision: "50477859-c566-400a-bf99-c8cca6e6932a"\nLINE 7:                 \'7.06\', 0,\'\',\'\',\'80&90\',\'50477859-c566-400a-...\n                                                ^\n'}
2024-04-17 13:12:41.885 ERROR json_response.py json_response - response_exception:{'message': 'invalid input syntax for type double precision: "50477859-c566-400a-bf99-c8cca6e6932a"\nLINE 7:                 \'7.06\', 0,\'\',\'\',\'80&90\',\'50477859-c566-400a-...\n                                                ^\n'}
2024-04-17 13:18:12.138 ERROR json_response.py json_response - response_exception:{'message': 'syntax error at or near "7.06"\nLINE 7:                 \'\'7.06\'\', 0,\'\',\'\',\'80&90\',\'50477859-c566-400...\n                          ^\n'}
2024-04-17 13:24:11.369 ERROR json_response.py json_response - response_exception:{'message': 'syntax error at or near "7.06"\nLINE 7:                 \'\'7.06\'\', 0,\'\',\'\',\'80&90\',\'50477859-c566-400...\n                          ^\n'}
2024-04-17 13:26:20.970 ERROR json_response.py json_response - response_exception:{'message': 'invalid input syntax for type double precision: "50477859-c566-400a-bf99-c8cca6e6932a"\nLINE 7:                 \'7.06\', 0,\'\',\'\',\'80&90\',\'50477859-c566-400a-...\n                                                ^\n'}
2024-04-17 13:26:44.737 ERROR json_response.py json_response - response_exception:{'message': 'syntax error at or near "7.06"\nLINE 7:                 \'\'7.06\'\', 0,\'\',\'\',\'80&90\',\'50477859-c566-400...\n                          ^\n'}
2024-04-17 13:29:14.480 ERROR json_response.py json_response - response_exception:{'message': 'invalid input syntax for type double precision: "50477859-c566-400a-bf99-c8cca6e6932a"\nLINE 7:                 \'7.06\', 0,\'\',\'\',\'80&90\',\'50477859-c566-400a-...\n                                                ^\n'}
2024-04-17 13:30:18.994 ERROR json_response.py json_response - response_exception:{'message': 'invalid input syntax for type double precision: "50477859-c566-400a-bf99-c8cca6e6932a"\nLINE 7:                 \'7.06\', 0,\'\',\'\',\'80&90\',\'50477859-c566-400a-...\n                                                ^\n'}
2024-04-17 13:30:57.089 ERROR json_response.py json_response - response_exception:{'message': 'invalid input syntax for type double precision: "50477859-c566-400a-bf99-c8cca6e6932a"\nLINE 7:                 7.06, 0,\'\',\'\',\'80&90\',\'50477859-c566-400a-bf...\n                                              ^\n'}
2024-04-17 13:33:19.451 ERROR json_response.py json_response - response_exception:{'message': 'invalid input syntax for type double precision: "50477859-c566-400a-bf99-c8cca6e6932a"\nLINE 7:                 7.06, 0,\'\',\'\',\'80&90\',\'50477859-c566-400a-bf...\n                                              ^\n'}
2024-04-17 13:36:23.757 ERROR json_response.py json_response - response_exception:{'message': 'invalid input syntax for type double precision: "50477859-c566-400a-bf99-c8cca6e6932a"\nLINE 7:                 7.06, 0,\'\',\'\',\'80&90\',\'50477859-c566-400a-bf...\n                                              ^\n'}
2024-04-17 13:38:30.824 ERROR json_response.py json_response - response_exception:{'message': 'invalid input syntax for type double precision: "50477859-c566-400a-bf99-c8cca6e6932a"\nLINE 7:                 7.06, 0,\'\',\'\',\'80&90\',\'50477859-c566-400a-bf...\n                                              ^\n'}
2024-04-17 13:38:55.631 ERROR json_response.py json_response - response_exception:{'message': 'invalid input syntax for type double precision: "50477859-c566-400a-bf99-c8cca6e6932a"\nLINE 7:                 \'7.06\', 0,\'\',\'\',\'80&90\',\'50477859-c566-400a-...\n                                                ^\n'}
2024-04-17 13:39:14.973 ERROR json_response.py json_response - response_exception:{'message': 'invalid input syntax for type double precision: "50477859-c566-400a-bf99-c8cca6e6932a"\nLINE 7:                 7.06, 0,\'\',\'\',\'80&90\',\'50477859-c566-400a-bf...\n                                              ^\n'}
2024-04-17 13:42:46.859 ERROR json_response.py json_response - response_exception:{'message': 'invalid input syntax for type double precision: "50477859-c566-400a-bf99-c8cca6e6932a"\nLINE 7:                 7.06, 0,\'\',\'\',\'80&90\',\'50477859-c566-400a-bf...\n                                              ^\n'}
2024-04-17 13:44:05.182 ERROR json_response.py json_response - response_exception:{'message': 'invalid input syntax for type double precision: "50477859-c566-400a-bf99-c8cca6e6932a"\nLINE 7:                 7.06, 0,\'\',\'\',\'80&90\',\'50477859-c566-400a-bf...\n                                              ^\n'}
2024-04-17 13:46:18.305 ERROR json_response.py json_response - response_exception:{'message': 'invalid input syntax for type double precision: "50477859-c566-400a-bf99-c8cca6e6932a"\nLINE 7:                 7.06, 0,\'\',\'\',\'80&90\',\'50477859-c566-400a-bf...\n                                              ^\n'}
2024-04-17 14:52:19.260 ERROR json_response.py json_response - response_exception:{'message': 'invalid input syntax for type double precision: "50477859-c566-400a-bf99-c8cca6e6932a"\nLINE 7:                 7.06, 0,\'\',\'\',\'80&90\',\'50477859-c566-400a-bf...\n                                              ^\n'}
2024-04-17 14:52:59.803 ERROR json_response.py json_response - response_exception:{'message': 'invalid input syntax for type double precision: "50477859-c566-400a-bf99-c8cca6e6932a"\nLINE 7:                 7.06, 0,\'\',\'\',\'80&90\',\'50477859-c566-400a-bf...\n                                              ^\n'}
2024-04-17 15:03:46.204 ERROR json_response.py json_response - response_exception:{'message': 'invalid input syntax for type double precision: "50477859-c566-400a-bf99-c8cca6e6932a"\nLINE 7:                 7.06, 0,\'\',\'\',\'80&90\',\'50477859-c566-400a-bf...\n                                              ^\n'}
2024-04-17 15:05:34.415 ERROR json_response.py json_response - response_exception:{'message': 'invalid input syntax for type double precision: "50477859-c566-400a-bf99-c8cca6e6932a"\nLINE 7:                 7.06, 0,\'\',\'\',\'80&90\',\'50477859-c566-400a-bf...\n                                              ^\n'}
2024-04-17 15:06:35.108 ERROR json_response.py json_response - response_exception:{'message': 'invalid input syntax for type double precision: "50477859-c566-400a-bf99-c8cca6e6932a"\nLINE 7:                 \'7.06\', 0,\'\',\'\',\'80&90\',\'50477859-c566-400a-...\n                                                ^\n'}
2024-04-17 15:09:05.961 ERROR json_response.py json_response - response_exception:{'message': 'invalid input syntax for type double precision: "50477859-c566-400a-bf99-c8cca6e6932a"\nLINE 7:                 \'7.06\', 0,\'\',\'\',\'80&90\',\'50477859-c566-400a-...\n                                                ^\n'}
2024-04-17 15:10:39.392 ERROR json_response.py json_response - response_exception:{'message': 'invalid input syntax for type double precision: ""\nLINE 7:                 \'7.06\', 0,\'\',\'\',\'80&90\',\'\',\'4f867014-4874-49...\n                                                ^\n'}
2024-04-17 15:12:49.270 ERROR json_response.py json_response - response_exception:{'message': 'invalid input syntax for type double precision: "50477859-c566-400a-bf99-c8cca6e6932a"\nLINE 7:                 \'7.06\', 0,\'\',\'\',\'80&90\',\'50477859-c566-400a-...\n                                                ^\n'}
2024-04-17 15:13:25.025 ERROR json_response.py json_response - response_exception:{'message': 'trailing junk after numeric literal at or near "400a"\nLINE 7: ...            \'7.06\', 0,\'\',\'\',\'80&90\',50477859-c566-400a-bf99-...\n                                                             ^\n'}
2024-04-17 15:13:53.991 ERROR json_response.py json_response - response_exception:{'message': 'invalid input syntax for type double precision: "50477859-c566-400a-bf99-c8cca6e6932a"\nLINE 7:                 \'7.06\', 0,\'\',\'\',\'80&90\',\'50477859-c566-400a-...\n                                                ^\n'}
2024-04-17 16:34:29.493 ERROR json_response.py json_response - response_exception:{'message': 'Invalid base64-encoded string: number of data characters (1) cannot be 1 more than a multiple of 4'}
2024-04-17 16:34:29.649 ERROR json_response.py json_response - response_exception:{'message': 'Invalid base64-encoded string: number of data characters (1) cannot be 1 more than a multiple of 4'}
2024-04-17 16:35:17.613 ERROR json_response.py json_response - response_exception:{'message': 'Invalid base64-encoded string: number of data characters (1) cannot be 1 more than a multiple of 4'}
2024-04-17 16:35:17.760 ERROR json_response.py json_response - response_exception:{'message': 'Invalid base64-encoded string: number of data characters (1) cannot be 1 more than a multiple of 4'}
2024-04-17 16:41:18.348 ERROR json_response.py json_response - response_exception:{'message': 'Invalid base64-encoded string: number of data characters (1) cannot be 1 more than a multiple of 4'}
2024-04-17 16:41:18.426 ERROR json_response.py json_response - response_exception:{'message': 'Invalid base64-encoded string: number of data characters (1) cannot be 1 more than a multiple of 4'}
2024-04-17 16:43:28.226 ERROR json_response.py json_response - response_exception:{'message': 'column "ref_component_id" does not exist\nLINE 1: select ref_component_id from component_accessory_master wher...\n               ^\n'}
2024-04-17 16:56:09.952 ERROR json_response.py json_response - response_exception:{'message': 'syntax error at or near "="\nLINE 2: ... left join product_component_map.ref_component_id = componen...\n                                                             ^\n'}
2024-04-17 17:00:02.640 ERROR json_response.py json_response - response_exception:{'message': 'Invalid type for utc_time. Must be str or datetime.'}
2024-04-17 17:00:36.149 ERROR json_response.py json_response - response_exception:{'message': 'Invalid type for utc_time. Must be str or datetime.'}
2024-04-17 17:00:58.110 ERROR json_response.py json_response - response_exception:{'message': 'Invalid type for utc_time. Must be str or datetime.'}
2024-04-17 17:02:00.063 ERROR json_response.py json_response - response_exception:{'message': 'Invalid type for utc_time. Must be str or datetime.'}
2024-04-17 17:04:45.709 ERROR json_response.py json_response - response_exception:{'message': 'Invalid type for utc_time. Must be str or datetime.'}
2024-04-17 17:11:09.777 ERROR json_response.py json_response - response_exception:{'message': 'unterminated quoted string at or near "\'Mzk3YjQ1NWQtMzU1Yy00NThlLWI5ZDAtNDIyZDQ0NjgwYzg5 ;"\nLINE 3: ...E 1=1  AND product_component_map.ref_product_id = \'Mzk3YjQ1N...\n                                                             ^\n'}
2024-04-17 17:20:18.086 ERROR json_response.py json_response - response_exception:{'message': 'Invalid base64-encoded string: number of data characters (1) cannot be 1 more than a multiple of 4'}
2024-04-17 17:20:18.323 ERROR json_response.py json_response - response_exception:{'message': 'Invalid base64-encoded string: number of data characters (1) cannot be 1 more than a multiple of 4'}
2024-04-17 17:20:18.454 ERROR json_response.py json_response - response_exception:{'message': 'Invalid base64-encoded string: number of data characters (1) cannot be 1 more than a multiple of 4'}
2024-04-17 17:20:18.705 ERROR json_response.py json_response - response_exception:{'message': 'Invalid base64-encoded string: number of data characters (1) cannot be 1 more than a multiple of 4'}
2024-04-17 17:20:22.078 ERROR json_response.py json_response - response_exception:{'message': 'column product_component_map.active_status does not exist\nLINE 3:                 WHERE 1=1  and product_component_map.active_...\n                                       ^\n'}
2024-04-17 17:20:22.169 ERROR json_response.py json_response - response_exception:{'message': 'column product_component_map.active_status does not exist\nLINE 3:                 WHERE 1=1  and product_component_map.active_...\n                                       ^\n'}
2024-04-17 17:20:37.509 ERROR json_response.py json_response - response_exception:{'message': 'column product_component_map.active_status does not exist\nLINE 3:                 WHERE 1=1  and product_component_map.active_...\n                                       ^\n'}
2024-04-17 17:20:37.616 ERROR json_response.py json_response - response_exception:{'message': 'column product_component_map.active_status does not exist\nLINE 3:                 WHERE 1=1  and product_component_map.active_...\n                                       ^\n'}
2024-04-17 17:21:39.472 ERROR json_response.py json_response - response_exception:{'message': 'Invalid base64-encoded string: number of data characters (1) cannot be 1 more than a multiple of 4'}
2024-04-17 17:21:39.568 ERROR json_response.py json_response - response_exception:{'message': 'Invalid base64-encoded string: number of data characters (1) cannot be 1 more than a multiple of 4'}
2024-04-17 17:21:39.632 ERROR json_response.py json_response - response_exception:{'message': 'Invalid base64-encoded string: number of data characters (1) cannot be 1 more than a multiple of 4'}
2024-04-17 17:21:39.784 ERROR json_response.py json_response - response_exception:{'message': 'Invalid base64-encoded string: number of data characters (1) cannot be 1 more than a multiple of 4'}
2024-04-17 17:31:53.632 ERROR json_response.py json_response - response_exception:{'message': 'operator does not exist: double precision = character varying\nLINE 2: ...ght from weight_master where weight_master.weight = componen...\n                                                             ^\nHINT:  No operator matches the given name and argument types. You might need to add explicit type casts.\n'}
2024-04-17 17:41:59.747 ERROR json_response.py json_response - response_exception:{'message': 'syntax error at or near "FROM"\nLINE 2: ...= component_accessory_master.beam) as beam_value, FROM produ...\n                                                             ^\n'}
2024-04-17 18:22:44.656 ERROR json_response.py json_response - response_exception:{'message': "'utf-8' codec can't decode byte 0xdd in position 0: invalid continuation byte"}
