2024-08-10 10:20:13.265 ERROR json_response.py json_response - response_exception:{'message': '(1146, "Table \'internal_task_mngment.privilege_master\' doesn\'t exist")'}
2024-08-10 10:20:13.278 ERROR json_response.py json_response - response_exception:{'message': '(1146, "Table \'internal_task_mngment.privilege_master\' doesn\'t exist")'}
2024-08-10 10:20:46.409 ERROR json_response.py json_response - response_exception:{'message': '(1146, "Table \'internal_task_mngment.privilege_master\' doesn\'t exist")'}
2024-08-10 10:28:29.528 ERROR json_response.py json_response - response_exception:{'message': '(1146, "Table \'internal_task_mngment.privilege_master\' doesn\'t exist")'}
2024-08-10 10:28:52.144 ERROR json_response.py json_response - response_exception:{'message': '(1146, "Table \'internal_task_mngment.paymode_master\' doesn\'t exist")'}
2024-08-10 10:28:52.154 ERROR json_response.py json_response - response_exception:{'message': '(1146, "Table \'internal_task_mngment.paymode_master\' doesn\'t exist")'}
2024-08-10 10:29:41.435 ERROR json_response.py json_response - response_exception:{'message': '(1146, "Table \'internal_task_mngment.paymode_master\' doesn\'t exist")'}
2024-08-10 10:29:42.913 ERROR json_response.py json_response - response_exception:{'message': '(1146, "Table \'internal_task_mngment.paymode_master\' doesn\'t exist")'}
2024-08-10 10:30:59.263 ERROR json_response.py json_response - response_exception:{'message': '(1146, "Table \'internal_task_mngment.paymode_master\' doesn\'t exist")'}
2024-08-10 10:31:08.586 ERROR json_response.py json_response - response_exception:{'message': '(1146, "Table \'internal_task_mngment.paymode_master\' doesn\'t exist")'}
2024-08-10 10:56:31.027 ERROR json_response.py json_response - response_exception:{'message': '(1146, "Table \'internal_task_mngment.privilege_master\' doesn\'t exist")'}
2024-08-10 10:56:31.035 ERROR json_response.py json_response - response_exception:{'message': '(1146, "Table \'internal_task_mngment.privilege_master\' doesn\'t exist")'}
2024-08-10 10:56:32.435 ERROR json_response.py json_response - response_exception:{'message': '(1146, "Table \'internal_task_mngment.privilege_master\' doesn\'t exist")'}
2024-08-10 10:56:34.280 ERROR json_response.py json_response - response_exception:{'message': '(1146, "Table \'internal_task_mngment.privilege_master\' doesn\'t exist")'}
2024-08-10 10:56:36.120 ERROR json_response.py json_response - response_exception:{'message': '(1146, "Table \'internal_task_mngment.privilege_master\' doesn\'t exist")'}
2024-08-10 10:57:53.017 ERROR json_response.py json_response - response_exception:{'message': '(1146, "Table \'internal_task_mngment.privilege_master\' doesn\'t exist")'}
2024-08-10 10:58:24.893 ERROR json_response.py json_response - response_exception:{'message': '(1146, "Table \'internal_task_mngment.privilege_master\' doesn\'t exist")'}
2024-08-10 10:58:24.903 ERROR json_response.py json_response - response_exception:{'message': '(1146, "Table \'internal_task_mngment.privilege_master\' doesn\'t exist")'}
2024-08-10 10:58:37.218 ERROR json_response.py json_response - response_exception:{'message': '(1146, "Table \'internal_task_mngment.privilege_master\' doesn\'t exist")'}
2024-08-10 10:58:41.067 ERROR json_response.py json_response - response_exception:{'message': '(1064, "You have an error in your SQL syntax; check the manual that corresponds to your MariaDB server version for the right syntax to use near \'where data_uniq_id = \'34b19b06-ddd3-4d6d-ad20-7b1b669d746a\'\' at line 1")'}
2024-08-10 11:02:38.519 ERROR json_response.py json_response - response_exception:{'message': '(1146, "Table \'internal_task_mngment.privilege_master\' doesn\'t exist")'}
2024-08-10 11:02:42.206 ERROR json_response.py json_response - response_exception:{'message': '(1146, "Table \'internal_task_mngment.privilege_master\' doesn\'t exist")'}
2024-08-10 11:02:45.023 ERROR json_response.py json_response - response_exception:{'message': '(1146, "Table \'internal_task_mngment.privilege_master\' doesn\'t exist")'}
2024-08-10 11:02:48.339 ERROR json_response.py json_response - response_exception:{'message': '(1146, "Table \'internal_task_mngment.privilege_master\' doesn\'t exist")'}
2024-08-10 11:03:10.655 ERROR json_response.py json_response - response_exception:{'message': '(1146, "Table \'internal_task_mngment.privilege_master\' doesn\'t exist")'}
2024-08-10 11:03:13.177 ERROR json_response.py json_response - response_exception:{'message': '(1146, "Table \'internal_task_mngment.privilege_master\' doesn\'t exist")'}
2024-08-10 11:03:44.510 ERROR json_response.py json_response - response_exception:{'message': '(1146, "Table \'internal_task_mngment.privilege_master\' doesn\'t exist")'}
2024-08-10 11:03:47.438 ERROR json_response.py json_response - response_exception:{'message': '(1146, "Table \'internal_task_mngment.privilege_master\' doesn\'t exist")'}
2024-08-10 11:03:50.093 ERROR json_response.py json_response - response_exception:{'message': '(1146, "Table \'internal_task_mngment.privilege_master\' doesn\'t exist")'}
2024-08-10 11:03:53.844 ERROR json_response.py json_response - response_exception:{'message': '(1146, "Table \'internal_task_mngment.privilege_master\' doesn\'t exist")'}
2024-08-10 11:03:56.173 ERROR json_response.py json_response - response_exception:{'message': '(1146, "Table \'internal_task_mngment.privilege_master\' doesn\'t exist")'}
2024-08-10 11:04:39.908 ERROR json_response.py json_response - response_exception:{'message': '(1146, "Table \'internal_task_mngment.privilege_master\' doesn\'t exist")'}
2024-08-10 11:04:39.917 ERROR json_response.py json_response - response_exception:{'message': '(1146, "Table \'internal_task_mngment.privilege_master\' doesn\'t exist")'}
2024-08-10 11:04:41.708 ERROR json_response.py json_response - response_exception:{'message': '(1146, "Table \'internal_task_mngment.privilege_master\' doesn\'t exist")'}
2024-08-10 11:05:40.684 ERROR json_response.py json_response - response_exception:{'message': '(1146, "Table \'internal_task_mngment.privilege_master\' doesn\'t exist")'}
2024-08-10 11:06:15.551 ERROR json_response.py json_response - response_exception:{'message': '(1146, "Table \'internal_task_mngment.privilege_master\' doesn\'t exist")'}
2024-08-10 11:06:15.566 ERROR json_response.py json_response - response_exception:{'message': '(1146, "Table \'internal_task_mngment.privilege_master\' doesn\'t exist")'}
2024-08-10 11:06:17.612 ERROR json_response.py json_response - response_exception:{'message': '(1146, "Table \'internal_task_mngment.privilege_master\' doesn\'t exist")'}
2024-08-10 11:06:20.338 ERROR json_response.py json_response - response_exception:{'message': '(1146, "Table \'internal_task_mngment.privilege_master\' doesn\'t exist")'}
2024-08-10 11:06:21.532 ERROR json_response.py json_response - response_exception:{'message': '(1146, "Table \'internal_task_mngment.privilege_master\' doesn\'t exist")'}
2024-08-10 11:06:21.543 ERROR json_response.py json_response - response_exception:{'message': '(1146, "Table \'internal_task_mngment.privilege_master\' doesn\'t exist")'}
2024-08-10 11:06:22.408 ERROR json_response.py json_response - response_exception:{'message': '(1146, "Table \'internal_task_mngment.privilege_master\' doesn\'t exist")'}
2024-08-10 11:06:27.370 ERROR json_response.py json_response - response_exception:{'message': '(1146, "Table \'internal_task_mngment.privilege_master\' doesn\'t exist")'}
2024-08-10 11:11:56.930 ERROR json_response.py json_response - response_exception:{'message': '(1146, "Table \'internal_task_mngment.privilege_master\' doesn\'t exist")'}
2024-08-10 11:12:09.794 ERROR json_response.py json_response - response_exception:{'message': '(1146, "Table \'internal_task_mngment.privilege_master\' doesn\'t exist")'}
2024-08-10 11:19:39.830 ERROR json_response.py json_response - response_exception:{'message': '(1146, "Table \'internal_task_mngment.privilege_master\' doesn\'t exist")'}
2024-08-10 11:19:39.838 ERROR json_response.py json_response - response_exception:{'message': '(1146, "Table \'internal_task_mngment.privilege_master\' doesn\'t exist")'}
2024-08-10 11:19:41.655 ERROR json_response.py json_response - response_exception:{'message': '(1146, "Table \'internal_task_mngment.privilege_master\' doesn\'t exist")'}
2024-08-10 11:19:42.697 ERROR json_response.py json_response - response_exception:{'message': '(1146, "Table \'internal_task_mngment.privilege_master\' doesn\'t exist")'}
2024-08-10 11:19:44.003 ERROR json_response.py json_response - response_exception:{'message': '(1146, "Table \'internal_task_mngment.privilege_master\' doesn\'t exist")'}
2024-08-10 11:19:44.014 ERROR json_response.py json_response - response_exception:{'message': '(1146, "Table \'internal_task_mngment.privilege_master\' doesn\'t exist")'}
2024-08-10 11:24:52.899 ERROR json_response.py json_response - response_exception:{'message': '(1146, "Table \'internal_task_mngment.privilege_master\' doesn\'t exist")'}
2024-08-10 11:24:52.910 ERROR json_response.py json_response - response_exception:{'message': '(1146, "Table \'internal_task_mngment.privilege_master\' doesn\'t exist")'}
2024-08-10 11:24:54.051 ERROR json_response.py json_response - response_exception:{'message': '(1146, "Table \'internal_task_mngment.privilege_master\' doesn\'t exist")'}
2024-08-10 11:25:47.858 ERROR json_response.py json_response - response_exception:{'message': '(1146, "Table \'internal_task_mngment.privilege_master\' doesn\'t exist")'}
2024-08-10 11:25:47.868 ERROR json_response.py json_response - response_exception:{'message': '(1146, "Table \'internal_task_mngment.privilege_master\' doesn\'t exist")'}
2024-08-10 11:26:11.053 ERROR json_response.py json_response - response_exception:{'message': '(1146, "Table \'internal_task_mngment.privilege_master\' doesn\'t exist")'}
2024-08-10 11:28:37.717 ERROR json_response.py json_response - response_exception:{'message': '(1146, "Table \'internal_task_mngment.privilege_master\' doesn\'t exist")'}
2024-08-10 11:34:22.404 ERROR json_response.py json_response - response_exception:{'message': '(1146, "Table \'internal_task_mngment.privilege_master\' doesn\'t exist")'}
2024-08-10 11:34:35.489 ERROR json_response.py json_response - response_exception:{'message': '(1146, "Table \'internal_task_mngment.paymode_master\' doesn\'t exist")'}
2024-08-10 11:34:35.497 ERROR json_response.py json_response - response_exception:{'message': '(1146, "Table \'internal_task_mngment.paymode_master\' doesn\'t exist")'}
2024-08-10 11:34:40.571 ERROR json_response.py json_response - response_exception:{'message': '(1146, "Table \'internal_task_mngment.privilege_master\' doesn\'t exist")'}
2024-08-10 11:34:40.595 ERROR json_response.py json_response - response_exception:{'message': '(1146, "Table \'internal_task_mngment.privilege_master\' doesn\'t exist")'}
2024-08-10 11:35:22.019 ERROR json_response.py json_response - response_exception:{'message': '(1146, "Table \'internal_task_mngment.privilege_master\' doesn\'t exist")'}
2024-08-10 11:35:30.413 ERROR json_response.py json_response - response_exception:{'message': '(1146, "Table \'internal_task_mngment.privilege_master\' doesn\'t exist")'}
2024-08-10 11:35:31.716 ERROR json_response.py json_response - response_exception:{'message': '(1146, "Table \'internal_task_mngment.privilege_master\' doesn\'t exist")'}
2024-08-10 11:35:31.725 ERROR json_response.py json_response - response_exception:{'message': '(1146, "Table \'internal_task_mngment.privilege_master\' doesn\'t exist")'}
2024-08-10 11:35:41.516 ERROR json_response.py json_response - response_exception:{'message': '(1146, "Table \'internal_task_mngment.privilege_master\' doesn\'t exist")'}
2024-08-10 11:35:41.527 ERROR json_response.py json_response - response_exception:{'message': '(1146, "Table \'internal_task_mngment.privilege_master\' doesn\'t exist")'}
2024-08-10 11:37:15.799 ERROR json_response.py json_response - response_exception:{'message': '(1146, "Table \'internal_task_mngment.privilege_master\' doesn\'t exist")'}
2024-08-10 11:37:15.812 ERROR json_response.py json_response - response_exception:{'message': '(1146, "Table \'internal_task_mngment.privilege_master\' doesn\'t exist")'}
2024-08-10 11:37:47.273 ERROR json_response.py json_response - response_exception:{'message': '(1146, "Table \'internal_task_mngment.privilege_master\' doesn\'t exist")'}
2024-08-10 11:37:47.279 ERROR json_response.py json_response - response_exception:{'message': '(1146, "Table \'internal_task_mngment.privilege_master\' doesn\'t exist")'}
2024-08-10 11:38:37.199 ERROR json_response.py json_response - response_exception:{'message': '(1146, "Table \'internal_task_mngment.privilege_master\' doesn\'t exist")'}
2024-08-10 11:38:41.636 ERROR json_response.py json_response - response_exception:{'message': '(1146, "Table \'internal_task_mngment.privilege_master\' doesn\'t exist")'}
2024-08-10 11:38:44.366 ERROR json_response.py json_response - response_exception:{'message': '(1146, "Table \'internal_task_mngment.privilege_master\' doesn\'t exist")'}
2024-08-10 11:38:44.376 ERROR json_response.py json_response - response_exception:{'message': '(1146, "Table \'internal_task_mngment.privilege_master\' doesn\'t exist")'}
2024-08-10 11:43:06.304 ERROR json_response.py json_response - response_exception:{'message': '(1146, "Table \'internal_task_mngment.privilege_master\' doesn\'t exist")'}
2024-08-10 11:43:06.314 ERROR json_response.py json_response - response_exception:{'message': '(1146, "Table \'internal_task_mngment.privilege_master\' doesn\'t exist")'}
2024-08-10 12:00:45.291 ERROR json_response.py json_response - response_exception:{'message': '(1146, "Table \'internal_task_mngment.privilege_master\' doesn\'t exist")'}
2024-08-10 12:01:00.325 ERROR json_response.py json_response - response_exception:{'message': "'utf-8' codec can't decode byte 0xc3 in position 1: invalid continuation byte"}
2024-08-10 12:01:08.613 ERROR json_response.py json_response - response_exception:{'message': "'utf-8' codec can't decode byte 0xc3 in position 1: invalid continuation byte"}
2024-08-10 12:02:11.670 ERROR json_response.py json_response - response_exception:{'message': '(1146, "Table \'internal_task_mngment.privilege_master\' doesn\'t exist")'}
2024-08-10 12:02:14.842 ERROR json_response.py json_response - response_exception:{'message': '(1146, "Table \'internal_task_mngment.privilege_master\' doesn\'t exist")'}
2024-08-10 12:02:14.853 ERROR json_response.py json_response - response_exception:{'message': '(1146, "Table \'internal_task_mngment.privilege_master\' doesn\'t exist")'}
2024-08-10 12:02:14.954 ERROR json_response.py json_response - response_exception:{'message': '(1146, "Table \'internal_task_mngment.privilege_master\' doesn\'t exist")'}
2024-08-10 12:04:22.465 ERROR json_response.py json_response - response_exception:{'message': '(1146, "Table \'internal_task_mngment.privilege_master\' doesn\'t exist")'}
2024-08-10 12:04:22.474 ERROR json_response.py json_response - response_exception:{'message': '(1146, "Table \'internal_task_mngment.privilege_master\' doesn\'t exist")'}
2024-08-10 12:04:22.667 ERROR json_response.py json_response - response_exception:{'message': '(1146, "Table \'internal_task_mngment.privilege_master\' doesn\'t exist")'}
2024-08-10 12:04:35.103 ERROR json_response.py json_response - response_exception:{'message': '(1146, "Table \'internal_task_mngment.privilege_master\' doesn\'t exist")'}
2024-08-10 12:06:10.902 ERROR json_response.py json_response - response_exception:{'message': '(1064, "You have an error in your SQL syntax; check the manual that corresponds to your MariaDB server version for the right syntax to use near \'FROM user_master\\n                WHERE 1=1 and user_type!= 1   order by creat...\' at line 2")'}
2024-08-10 12:06:10.903 ERROR json_response.py json_response - response_exception:{'message': '(1146, "Table \'internal_task_mngment.privilege_master\' doesn\'t exist")'}
2024-08-10 12:06:10.912 ERROR json_response.py json_response - response_exception:{'message': '(1064, "You have an error in your SQL syntax; check the manual that corresponds to your MariaDB server version for the right syntax to use near \'FROM user_master\\n                WHERE 1=1 and user_type!= 1   order by creat...\' at line 2")'}
2024-08-10 12:06:10.913 ERROR json_response.py json_response - response_exception:{'message': '(1146, "Table \'internal_task_mngment.privilege_master\' doesn\'t exist")'}
2024-08-10 12:06:36.220 ERROR json_response.py json_response - response_exception:{'message': '(1146, "Table \'internal_task_mngment.privilege_master\' doesn\'t exist")'}
2024-08-10 12:09:16.808 ERROR json_response.py json_response - response_exception:{'message': '(1146, "Table \'internal_task_mngment.privilege_master\' doesn\'t exist")'}
2024-08-10 12:09:28.476 ERROR json_response.py json_response - response_exception:{'message': '(1146, "Table \'internal_task_mngment.privilege_master\' doesn\'t exist")'}
2024-08-10 12:09:49.683 ERROR json_response.py json_response - response_exception:{'message': '(1146, "Table \'internal_task_mngment.privilege_master\' doesn\'t exist")'}
2024-08-10 12:09:54.240 ERROR json_response.py json_response - response_exception:{'message': '(1146, "Table \'internal_task_mngment.privilege_master\' doesn\'t exist")'}
2024-08-10 12:09:57.017 ERROR json_response.py json_response - response_exception:{'message': "'utf-8' codec can't decode byte 0xf5 in position 2: invalid start byte"}
2024-08-10 12:09:58.532 ERROR json_response.py json_response - response_exception:{'message': "'utf-8' codec can't decode byte 0xf5 in position 2: invalid start byte"}
2024-08-10 12:10:04.442 ERROR json_response.py json_response - response_exception:{'message': "'utf-8' codec can't decode byte 0xf5 in position 2: invalid start byte"}
2024-08-10 12:11:42.439 ERROR json_response.py json_response - response_exception:{'message': '(1146, "Table \'internal_task_mngment.privilege_master\' doesn\'t exist")'}
2024-08-10 12:11:42.449 ERROR json_response.py json_response - response_exception:{'message': '(1146, "Table \'internal_task_mngment.privilege_master\' doesn\'t exist")'}
2024-08-10 12:11:59.931 ERROR json_response.py json_response - response_exception:{'message': '(1146, "Table \'internal_task_mngment.privilege_master\' doesn\'t exist")'}
2024-08-10 12:12:08.115 ERROR json_response.py json_response - response_exception:{'message': '(1146, "Table \'internal_task_mngment.privilege_master\' doesn\'t exist")'}
2024-08-10 12:12:20.209 ERROR json_response.py json_response - response_exception:{'message': '(1146, "Table \'internal_task_mngment.privilege_master\' doesn\'t exist")'}
2024-08-10 12:12:23.397 ERROR json_response.py json_response - response_exception:{'message': '(1146, "Table \'internal_task_mngment.privilege_master\' doesn\'t exist")'}
2024-08-10 12:12:23.403 ERROR json_response.py json_response - response_exception:{'message': '(1146, "Table \'internal_task_mngment.privilege_master\' doesn\'t exist")'}
2024-08-10 12:12:24.174 ERROR json_response.py json_response - response_exception:{'message': '(1146, "Table \'internal_task_mngment.privilege_master\' doesn\'t exist")'}
2024-08-10 12:12:26.438 ERROR json_response.py json_response - response_exception:{'message': '(1146, "Table \'internal_task_mngment.privilege_master\' doesn\'t exist")'}
2024-08-10 12:12:27.198 ERROR json_response.py json_response - response_exception:{'message': '(1146, "Table \'internal_task_mngment.privilege_master\' doesn\'t exist")'}
2024-08-10 12:12:27.207 ERROR json_response.py json_response - response_exception:{'message': '(1146, "Table \'internal_task_mngment.privilege_master\' doesn\'t exist")'}
2024-08-10 12:12:28.590 ERROR json_response.py json_response - response_exception:{'message': '(1146, "Table \'internal_task_mngment.privilege_master\' doesn\'t exist")'}
2024-08-10 12:12:31.477 ERROR json_response.py json_response - response_exception:{'message': '(1146, "Table \'internal_task_mngment.privilege_master\' doesn\'t exist")'}
2024-08-10 12:12:41.763 ERROR json_response.py json_response - response_exception:{'message': '(1146, "Table \'internal_task_mngment.paymode_master\' doesn\'t exist")'}
2024-08-10 12:12:41.772 ERROR json_response.py json_response - response_exception:{'message': '(1146, "Table \'internal_task_mngment.paymode_master\' doesn\'t exist")'}
2024-08-10 12:12:42.730 ERROR json_response.py json_response - response_exception:{'message': '(1146, "Table \'internal_task_mngment.paymode_master\' doesn\'t exist")'}
2024-08-10 12:12:50.664 ERROR json_response.py json_response - response_exception:{'message': '(1146, "Table \'internal_task_mngment.paymode_master\' doesn\'t exist")'}
2024-08-10 12:16:11.216 ERROR json_response.py json_response - response_exception:{'message': '(1146, "Table \'internal_task_mngment.paymode_master\' doesn\'t exist")'}
2024-08-10 12:16:11.225 ERROR json_response.py json_response - response_exception:{'message': '(1146, "Table \'internal_task_mngment.paymode_master\' doesn\'t exist")'}
2024-08-10 12:16:12.561 ERROR json_response.py json_response - response_exception:{'message': '(1146, "Table \'internal_task_mngment.paymode_master\' doesn\'t exist")'}
2024-08-10 12:16:25.669 ERROR json_response.py json_response - response_exception:{'message': '(1146, "Table \'internal_task_mngment.paymode_master\' doesn\'t exist")'}
2024-08-10 12:16:31.884 ERROR json_response.py json_response - response_exception:{'message': '(1146, "Table \'internal_task_mngment.paymode_master\' doesn\'t exist")'}
2024-08-10 12:16:57.062 ERROR json_response.py json_response - response_exception:{'message': '(1146, "Table \'internal_task_mngment.paymode_master\' doesn\'t exist")'}
2024-08-10 12:16:57.070 ERROR json_response.py json_response - response_exception:{'message': '(1146, "Table \'internal_task_mngment.paymode_master\' doesn\'t exist")'}
2024-08-10 12:17:06.205 ERROR json_response.py json_response - response_exception:{'message': '(1146, "Table \'internal_task_mngment.paymode_master\' doesn\'t exist")'}
2024-08-10 12:17:31.589 ERROR json_response.py json_response - response_exception:{'message': '(1146, "Table \'internal_task_mngment.paymode_master\' doesn\'t exist")'}
2024-08-10 12:17:33.653 ERROR json_response.py json_response - response_exception:{'message': '(1146, "Table \'internal_task_mngment.paymode_master\' doesn\'t exist")'}
2024-08-10 12:20:40.845 ERROR json_response.py json_response - response_exception:{'message': '(1146, "Table \'internal_task_mngment.paymode_master\' doesn\'t exist")'}
2024-08-10 12:20:40.853 ERROR json_response.py json_response - response_exception:{'message': '(1146, "Table \'internal_task_mngment.paymode_master\' doesn\'t exist")'}
2024-08-10 12:20:41.674 ERROR json_response.py json_response - response_exception:{'message': '(1146, "Table \'internal_task_mngment.paymode_master\' doesn\'t exist")'}
2024-08-10 12:20:45.061 ERROR json_response.py json_response - response_exception:{'message': '(1146, "Table \'internal_task_mngment.paymode_master\' doesn\'t exist")'}
2024-08-10 12:20:50.857 ERROR json_response.py json_response - response_exception:{'message': '(1146, "Table \'internal_task_mngment.paymode_master\' doesn\'t exist")'}
2024-08-10 12:21:00.011 ERROR json_response.py json_response - response_exception:{'message': '(1146, "Table \'internal_task_mngment.paymode_master\' doesn\'t exist")'}
2024-08-10 12:22:48.557 ERROR json_response.py json_response - response_exception:{'message': '(1146, "Table \'internal_task_mngment.paymode_master\' doesn\'t exist")'}
2024-08-10 12:38:05.370 ERROR json_response.py json_response - response_exception:{'message': '(1146, "Table \'internal_task_mngment.privilege_master\' doesn\'t exist")'}
2024-08-10 12:38:05.384 ERROR json_response.py json_response - response_exception:{'message': '(1146, "Table \'internal_task_mngment.privilege_master\' doesn\'t exist")'}
2024-08-10 12:43:33.559 ERROR json_response.py json_response - response_exception:{'message': '(1146, "Table \'internal_task_mngment.privilege_master\' doesn\'t exist")'}
2024-08-10 12:43:33.568 ERROR json_response.py json_response - response_exception:{'message': '(1146, "Table \'internal_task_mngment.privilege_master\' doesn\'t exist")'}
2024-08-10 12:45:46.421 ERROR json_response.py json_response - response_exception:{'message': '(1146, "Table \'internal_task_mngment.privilege_master\' doesn\'t exist")'}
2024-08-10 12:45:46.430 ERROR json_response.py json_response - response_exception:{'message': '(1146, "Table \'internal_task_mngment.privilege_master\' doesn\'t exist")'}
2024-08-10 12:47:32.094 ERROR json_response.py json_response - response_exception:{'message': '(1146, "Table \'internal_task_mngment.privilege_master\' doesn\'t exist")'}
2024-08-10 12:47:32.100 ERROR json_response.py json_response - response_exception:{'message': '(1146, "Table \'internal_task_mngment.privilege_master\' doesn\'t exist")'}
2024-08-10 12:47:32.412 ERROR json_response.py json_response - response_exception:{'message': '(1146, "Table \'internal_task_mngment.privilege_master\' doesn\'t exist")'}
2024-08-10 12:47:32.437 ERROR json_response.py json_response - response_exception:{'message': '(1146, "Table \'internal_task_mngment.privilege_master\' doesn\'t exist")'}
2024-08-10 12:48:58.335 ERROR json_response.py json_response - response_exception:{'message': '(1146, "Table \'internal_task_mngment.privilege_master\' doesn\'t exist")'}
2024-08-10 12:48:58.347 ERROR json_response.py json_response - response_exception:{'message': '(1146, "Table \'internal_task_mngment.privilege_master\' doesn\'t exist")'}
2024-08-10 12:51:49.829 ERROR json_response.py json_response - response_exception:{'message': '(1146, "Table \'internal_task_mngment.team_master\' doesn\'t exist")'}
2024-08-10 12:51:49.839 ERROR json_response.py json_response - response_exception:{'message': '(1146, "Table \'internal_task_mngment.team_master\' doesn\'t exist")'}
2024-08-10 12:51:49.846 ERROR json_response.py json_response - response_exception:{'message': '(1146, "Table \'internal_task_mngment.team_master\' doesn\'t exist")'}
2024-08-10 12:51:49.846 ERROR json_response.py json_response - response_exception:{'message': '(1146, "Table \'internal_task_mngment.team_master\' doesn\'t exist")'}
2024-08-10 12:51:49.855 ERROR json_response.py json_response - response_exception:{'message': '(1146, "Table \'internal_task_mngment.team_master\' doesn\'t exist")'}
2024-08-10 12:51:49.857 ERROR json_response.py json_response - response_exception:{'message': '(1146, "Table \'internal_task_mngment.team_master\' doesn\'t exist")'}
2024-08-10 12:52:58.269 ERROR json_response.py json_response - response_exception:{'message': '(1146, "Table \'internal_task_mngment.privilege_master\' doesn\'t exist")'}
2024-08-10 12:52:58.280 ERROR json_response.py json_response - response_exception:{'message': '(1146, "Table \'internal_task_mngment.privilege_master\' doesn\'t exist")'}
2024-08-10 12:53:12.340 ERROR json_response.py json_response - response_exception:{'message': '(1146, "Table \'internal_task_mngment.privilege_master\' doesn\'t exist")'}
2024-08-10 12:53:12.351 ERROR json_response.py json_response - response_exception:{'message': '(1146, "Table \'internal_task_mngment.privilege_master\' doesn\'t exist")'}
2024-08-10 12:53:26.722 ERROR json_response.py json_response - response_exception:{'message': '(1146, "Table \'internal_task_mngment.privilege_master\' doesn\'t exist")'}
2024-08-10 12:53:26.753 ERROR json_response.py json_response - response_exception:{'message': '(1146, "Table \'internal_task_mngment.privilege_master\' doesn\'t exist")'}
2024-08-10 12:54:49.818 ERROR json_response.py json_response - response_exception:{'message': '(1146, "Table \'internal_task_mngment.privilege_master\' doesn\'t exist")'}
2024-08-10 12:54:49.832 ERROR json_response.py json_response - response_exception:{'message': '(1146, "Table \'internal_task_mngment.privilege_master\' doesn\'t exist")'}
2024-08-10 12:54:58.729 ERROR json_response.py json_response - response_exception:{'message': '(1146, "Table \'internal_task_mngment.privilege_master\' doesn\'t exist")'}
2024-08-10 12:55:00.735 ERROR json_response.py json_response - response_exception:{'message': '(1146, "Table \'internal_task_mngment.privilege_master\' doesn\'t exist")'}
2024-08-10 12:57:50.735 ERROR json_response.py json_response - response_exception:{'message': '(1146, "Table \'internal_task_mngment.privilege_master\' doesn\'t exist")'}
2024-08-10 12:57:50.744 ERROR json_response.py json_response - response_exception:{'message': '(1146, "Table \'internal_task_mngment.privilege_master\' doesn\'t exist")'}
2024-08-10 12:57:53.575 ERROR json_response.py json_response - response_exception:{'message': '(1146, "Table \'internal_task_mngment.privilege_master\' doesn\'t exist")'}
2024-08-10 12:57:53.599 ERROR json_response.py json_response - response_exception:{'message': '(1146, "Table \'internal_task_mngment.privilege_master\' doesn\'t exist")'}
2024-08-10 16:51:46.097 ERROR json_response.py json_response - response_exception:{'message': '(1146, "Table \'internal_task_mngment.privilege_master\' doesn\'t exist")'}
2024-08-10 16:51:46.111 ERROR json_response.py json_response - response_exception:{'message': '(1146, "Table \'internal_task_mngment.privilege_master\' doesn\'t exist")'}
2024-08-10 16:51:57.709 ERROR json_response.py json_response - response_exception:{'message': '(1146, "Table \'internal_task_mngment.privilege_master\' doesn\'t exist")'}
2024-08-10 16:52:03.940 ERROR json_response.py json_response - response_exception:{'message': '(1146, "Table \'internal_task_mngment.privilege_master\' doesn\'t exist")'}
2024-08-10 17:23:52.695 ERROR json_response.py json_response - response_exception:{'message': '(1146, "Table \'internal_task_mngment.privilege_master\' doesn\'t exist")'}
2024-08-10 17:23:52.705 ERROR json_response.py json_response - response_exception:{'message': '(1146, "Table \'internal_task_mngment.privilege_master\' doesn\'t exist")'}
2024-08-10 17:23:53.887 ERROR json_response.py json_response - response_exception:{'message': '(1146, "Table \'internal_task_mngment.privilege_master\' doesn\'t exist")'}
2024-08-10 17:23:58.079 ERROR json_response.py json_response - response_exception:{'message': '(1146, "Table \'internal_task_mngment.privilege_master\' doesn\'t exist")'}
2024-08-10 17:23:59.985 ERROR json_response.py json_response - response_exception:{'message': '(1146, "Table \'internal_task_mngment.privilege_master\' doesn\'t exist")'}
2024-08-10 17:24:36.251 ERROR json_response.py json_response - response_exception:{'message': '(1146, "Table \'internal_task_mngment.privilege_master\' doesn\'t exist")'}
