2024-07-09 10:01:31.755 ERROR json_response.py json_response - response_exception:{'message': 'Invalid base64-encoded string: number of data characters (9) cannot be 1 more than a multiple of 4'}
2024-07-09 10:01:31.804 ERROR json_response.py json_response - response_exception:{'message': 'Invalid base64-encoded string: number of data characters (9) cannot be 1 more than a multiple of 4'}
2024-07-09 10:01:53.110 ERROR json_response.py json_response - response_exception:{'message': 'Invalid base64-encoded string: number of data characters (9) cannot be 1 more than a multiple of 4'}
2024-07-09 10:01:53.184 ERROR json_response.py json_response - response_exception:{'message': 'Invalid base64-encoded string: number of data characters (9) cannot be 1 more than a multiple of 4'}
2024-07-09 10:04:24.173 ERROR json_response.py json_response - response_exception:{'message': "'state'"}
2024-07-09 10:06:02.892 ERROR json_response.py json_response - response_exception:{'message': 'Invalid base64-encoded string: number of data characters (9) cannot be 1 more than a multiple of 4'}
2024-07-09 10:06:03.073 ERROR json_response.py json_response - response_exception:{'message': 'Invalid base64-encoded string: number of data characters (9) cannot be 1 more than a multiple of 4'}
2024-07-09 10:10:31.050 ERROR json_response.py json_response - response_exception:{'message': 'Invalid base64-encoded string: number of data characters (9) cannot be 1 more than a multiple of 4'}
2024-07-09 10:10:31.138 ERROR json_response.py json_response - response_exception:{'message': 'Invalid base64-encoded string: number of data characters (9) cannot be 1 more than a multiple of 4'}
2024-07-09 10:11:48.999 ERROR json_response.py json_response - response_exception:{'message': 'Invalid base64-encoded string: number of data characters (9) cannot be 1 more than a multiple of 4'}
2024-07-09 10:11:49.060 ERROR json_response.py json_response - response_exception:{'message': 'Invalid base64-encoded string: number of data characters (9) cannot be 1 more than a multiple of 4'}
2024-07-09 11:16:01.648 ERROR json_response.py json_response - response_exception:{'message': "'authorization'"}
2024-07-09 11:16:22.057 ERROR json_response.py json_response - response_exception:{'message': "'access_token'"}
2024-07-09 11:24:11.356 ERROR json_response.py json_response - response_exception:{'message': '(1064, "You have an error in your SQL syntax; check the manual that corresponds to your MariaDB server version for the right syntax to use near \'FROM fee_collection join registration on registration.data_uniq_id = fee_coll...\' at line 5")'}
2024-07-09 11:54:10.955 ERROR json_response.py json_response - response_exception:{'message': 'Invalid base64-encoded string: number of data characters (9) cannot be 1 more than a multiple of 4'}
2024-07-09 11:54:11.016 ERROR json_response.py json_response - response_exception:{'message': 'Invalid base64-encoded string: number of data characters (9) cannot be 1 more than a multiple of 4'}
2024-07-09 11:54:29.620 ERROR json_response.py json_response - response_exception:{'message': 'Invalid base64-encoded string: number of data characters (9) cannot be 1 more than a multiple of 4'}
2024-07-09 11:54:29.687 ERROR json_response.py json_response - response_exception:{'message': 'Invalid base64-encoded string: number of data characters (9) cannot be 1 more than a multiple of 4'}
2024-07-09 11:58:32.947 ERROR json_response.py json_response - response_exception:{'message': 'Invalid base64-encoded string: number of data characters (9) cannot be 1 more than a multiple of 4'}
2024-07-09 11:58:33.025 ERROR json_response.py json_response - response_exception:{'message': 'Invalid base64-encoded string: number of data characters (9) cannot be 1 more than a multiple of 4'}
2024-07-09 12:01:11.068 ERROR json_response.py json_response - response_exception:{'message': 'Invalid base64-encoded string: number of data characters (9) cannot be 1 more than a multiple of 4'}
2024-07-09 12:01:11.139 ERROR json_response.py json_response - response_exception:{'message': 'Invalid base64-encoded string: number of data characters (9) cannot be 1 more than a multiple of 4'}
2024-07-09 12:33:38.053 ERROR json_response.py json_response - response_exception:{'message': '(1054, "Unknown column \'registration.data_uniq_id\' in \'where clause\'")'}
2024-07-09 12:38:30.910 ERROR json_response.py json_response - response_exception:{'message': '(1054, "Unknown column \'fee_collection.stud_id\' in \'where clause\'")'}
2024-07-09 14:12:07.317 ERROR json_response.py json_response - response_exception:{'message': 'Invalid base64-encoded string: number of data characters (9) cannot be 1 more than a multiple of 4'}
2024-07-09 14:12:07.380 ERROR json_response.py json_response - response_exception:{'message': 'Invalid base64-encoded string: number of data characters (9) cannot be 1 more than a multiple of 4'}
2024-07-09 14:46:28.853 ERROR json_response.py json_response - response_exception:{'message': "'sum'"}
2024-07-09 14:46:48.186 ERROR json_response.py json_response - response_exception:{'message': "'total_fee'"}
2024-07-09 14:47:49.405 ERROR json_response.py json_response - response_exception:{'message': '(1064, "You have an error in your SQL syntax; check the manual that corresponds to your MariaDB server version for the right syntax to use near \'AND registration.data_uniq_id IN (\'f48b97d3-7df1-41fb-bf2c-2414d5f31218\', \'20...\' at line 1")'}
2024-07-09 14:48:00.781 ERROR json_response.py json_response - response_exception:{'message': '(1064, "You have an error in your SQL syntax; check the manual that corresponds to your MariaDB server version for the right syntax to use near \'AND fee_collection.fee_date IN (\'2024-06-10\', \'2024-07-19\')\' at line 1")'}
2024-07-09 14:48:31.933 ERROR json_response.py json_response - response_exception:{'message': '(1064, "You have an error in your SQL syntax; check the manual that corresponds to your MariaDB server version for the right syntax to use near \'AND fee_collection.fee_date IN (\'2024-06-10\', \'2024-07-19\')\' at line 1")'}
2024-07-09 14:49:23.609 ERROR json_response.py json_response - response_exception:{'message': '(1064, "You have an error in your SQL syntax; check the manual that corresponds to your MariaDB server version for the right syntax to use near \'AND fee_collection.fee_date IN (\'2024-06-10\', \'2024-07-19\')\' at line 1")'}
2024-07-09 14:52:09.465 ERROR json_response.py json_response - response_exception:{'message': '(1064, "You have an error in your SQL syntax; check the manual that corresponds to your MariaDB server version for the right syntax to use near \'AND fee_collection.fee_date IN (\'2024-06-10\', \'2024-07-19\')\' at line 1")'}
2024-07-09 14:53:25.486 ERROR json_response.py json_response - response_exception:{'message': '(1064, "You have an error in your SQL syntax; check the manual that corresponds to your MariaDB server version for the right syntax to use near \'AND fee_collection.fee_date IN (\'2024-06-10\', \'2024-07-19\')\' at line 1")'}
2024-07-09 14:54:11.358 ERROR json_response.py json_response - response_exception:{'message': '(1064, "You have an error in your SQL syntax; check the manual that corresponds to your MariaDB server version for the right syntax to use near \'AND fee_collection.fee_date IN (\'2024-06-10\', \'2024-07-19\')\' at line 1")'}
2024-07-09 14:54:12.492 ERROR json_response.py json_response - response_exception:{'message': '(1064, "You have an error in your SQL syntax; check the manual that corresponds to your MariaDB server version for the right syntax to use near \'AND fee_collection.fee_date IN (\'2024-06-10\', \'2024-07-19\')\' at line 1")'}
2024-07-09 14:54:27.182 ERROR json_response.py json_response - response_exception:{'message': '(1064, "You have an error in your SQL syntax; check the manual that corresponds to your MariaDB server version for the right syntax to use near \'AND fee_collection.fee_date IN (\'2024-06-10\', \'2024-07-19\')\' at line 1")'}
2024-07-09 14:54:28.321 ERROR json_response.py json_response - response_exception:{'message': '(1064, "You have an error in your SQL syntax; check the manual that corresponds to your MariaDB server version for the right syntax to use near \'AND fee_collection.fee_date IN (\'2024-06-10\', \'2024-07-19\')\' at line 1")'}
2024-07-09 14:54:29.260 ERROR json_response.py json_response - response_exception:{'message': '(1064, "You have an error in your SQL syntax; check the manual that corresponds to your MariaDB server version for the right syntax to use near \'AND fee_collection.fee_date IN (\'2024-06-10\', \'2024-07-19\')\' at line 1")'}
2024-07-09 14:54:30.169 ERROR json_response.py json_response - response_exception:{'message': '(1064, "You have an error in your SQL syntax; check the manual that corresponds to your MariaDB server version for the right syntax to use near \'AND fee_collection.fee_date IN (\'2024-06-10\', \'2024-07-19\')\' at line 1")'}
2024-07-09 14:55:15.267 ERROR json_response.py json_response - response_exception:{'message': '(1064, "You have an error in your SQL syntax; check the manual that corresponds to your MariaDB server version for the right syntax to use near \'AND fee_collection.fee_date IN (\'2024-06-10\', \'2024-07-19\')\' at line 1")'}
2024-07-09 14:55:16.340 ERROR json_response.py json_response - response_exception:{'message': '(1064, "You have an error in your SQL syntax; check the manual that corresponds to your MariaDB server version for the right syntax to use near \'AND fee_collection.fee_date IN (\'2024-06-10\', \'2024-07-19\')\' at line 1")'}
2024-07-09 14:55:17.686 ERROR json_response.py json_response - response_exception:{'message': '(1064, "You have an error in your SQL syntax; check the manual that corresponds to your MariaDB server version for the right syntax to use near \'AND fee_collection.fee_date IN (\'2024-06-10\', \'2024-07-19\')\' at line 1")'}
2024-07-09 14:55:20.641 ERROR json_response.py json_response - response_exception:{'message': '(1064, "You have an error in your SQL syntax; check the manual that corresponds to your MariaDB server version for the right syntax to use near \'AND fee_collection.fee_date IN (\'2024-06-10\', \'2024-07-19\')\' at line 1")'}
2024-07-09 14:55:24.032 ERROR json_response.py json_response - response_exception:{'message': '(1064, "You have an error in your SQL syntax; check the manual that corresponds to your MariaDB server version for the right syntax to use near \'AND fee_collection.fee_date IN (\'2024-06-10\', \'2024-07-19\')\' at line 1")'}
2024-07-09 14:56:20.707 ERROR json_response.py json_response - response_exception:{'message': '(1064, "You have an error in your SQL syntax; check the manual that corresponds to your MariaDB server version for the right syntax to use near \'AND fee_collection.fee_date IN (\'2024-06-10\', \'2024-07-19\')\' at line 1")'}
2024-07-09 14:59:57.277 ERROR json_response.py json_response - response_exception:{'message': '(1064, "You have an error in your SQL syntax; check the manual that corresponds to your MariaDB server version for the right syntax to use near \'AND fee_collection.fee_date IN (\'2024-06-10\', \'2024-07-19\')\' at line 1")'}
2024-07-09 14:59:58.544 ERROR json_response.py json_response - response_exception:{'message': '(1064, "You have an error in your SQL syntax; check the manual that corresponds to your MariaDB server version for the right syntax to use near \'AND fee_collection.fee_date IN (\'2024-06-10\', \'2024-07-19\')\' at line 1")'}
2024-07-09 15:00:45.282 ERROR json_response.py json_response - response_exception:{'message': '(1064, "You have an error in your SQL syntax; check the manual that corresponds to your MariaDB server version for the right syntax to use near \'AND fee_collection.fee_date IN (\'2024-06-10\', \'2024-07-19\')\' at line 1")'}
2024-07-09 15:00:50.602 ERROR json_response.py json_response - response_exception:{'message': 'Invalid base64-encoded string: number of data characters (9) cannot be 1 more than a multiple of 4'}
2024-07-09 15:00:50.663 ERROR json_response.py json_response - response_exception:{'message': 'Invalid base64-encoded string: number of data characters (9) cannot be 1 more than a multiple of 4'}
2024-07-09 15:00:53.841 ERROR json_response.py json_response - response_exception:{'message': 'Invalid base64-encoded string: number of data characters (9) cannot be 1 more than a multiple of 4'}
2024-07-09 15:00:53.904 ERROR json_response.py json_response - response_exception:{'message': 'Invalid base64-encoded string: number of data characters (9) cannot be 1 more than a multiple of 4'}
2024-07-09 15:02:00.789 ERROR json_response.py json_response - response_exception:{'message': 'Invalid base64-encoded string: number of data characters (9) cannot be 1 more than a multiple of 4'}
2024-07-09 15:02:00.856 ERROR json_response.py json_response - response_exception:{'message': 'Invalid base64-encoded string: number of data characters (9) cannot be 1 more than a multiple of 4'}
2024-07-09 15:02:32.046 ERROR json_response.py json_response - response_exception:{'message': '(1064, "You have an error in your SQL syntax; check the manual that corresponds to your MariaDB server version for the right syntax to use near \'AND fee_collection.fee_date IN (\'2024-06-10\', \'2024-07-19\')\' at line 1")'}
2024-07-09 15:02:32.233 ERROR json_response.py json_response - response_exception:{'message': 'Invalid base64-encoded string: number of data characters (9) cannot be 1 more than a multiple of 4'}
2024-07-09 15:02:32.293 ERROR json_response.py json_response - response_exception:{'message': 'Invalid base64-encoded string: number of data characters (9) cannot be 1 more than a multiple of 4'}
2024-07-09 15:02:35.764 ERROR json_response.py json_response - response_exception:{'message': '(1064, "You have an error in your SQL syntax; check the manual that corresponds to your MariaDB server version for the right syntax to use near \'AND fee_collection.fee_date IN (\'2024-06-10\', \'2024-07-19\')\' at line 1")'}
2024-07-09 15:02:49.386 ERROR json_response.py json_response - response_exception:{'message': '(1064, \'You have an error in your SQL syntax; check the manual that corresponds to your MariaDB server version for the right syntax to use near \\\'AND fee_collection.fee_date IN (\\\'"2024-06-10\\\', \\\'2024-07-19"\\\')\\\' at line 1\')'}
2024-07-09 15:02:50.629 ERROR json_response.py json_response - response_exception:{'message': '(1064, \'You have an error in your SQL syntax; check the manual that corresponds to your MariaDB server version for the right syntax to use near \\\'AND fee_collection.fee_date IN (\\\'"2024-06-10\\\', \\\'2024-07-19"\\\')\\\' at line 1\')'}
2024-07-09 15:02:58.989 ERROR json_response.py json_response - response_exception:{'message': '(1064, "You have an error in your SQL syntax; check the manual that corresponds to your MariaDB server version for the right syntax to use near \'AND fee_collection.fee_date IN (\'2024-06-10\', \'2024-07-19\')\' at line 1")'}
2024-07-09 15:07:24.833 ERROR json_response.py json_response - response_exception:{'message': '(1054, "Unknown column \'registration.data_uniq_id\' in \'where clause\'")'}
2024-07-09 15:12:39.089 ERROR json_response.py json_response - response_exception:{'message': '(1054, "Unknown column \'registration.data_uniq_id\' in \'where clause\'")'}
2024-07-09 15:41:51.634 ERROR json_response.py json_response - response_exception:{'message': '(1054, "Unknown column \'total_fee\' in \'field list\'")'}
2024-07-09 15:42:03.233 ERROR json_response.py json_response - response_exception:{'message': '(1054, "Unknown column \'total_fee\' in \'field list\'")'}
2024-07-09 15:42:03.308 ERROR json_response.py json_response - response_exception:{'message': '(1054, "Unknown column \'total_fee\' in \'field list\'")'}
2024-07-09 15:43:57.698 ERROR json_response.py json_response - response_exception:{'message': '(1054, "Unknown column \'total_fee\' in \'field list\'")'}
2024-07-09 15:43:57.769 ERROR json_response.py json_response - response_exception:{'message': '(1054, "Unknown column \'total_fee\' in \'field list\'")'}
2024-07-09 15:44:14.783 ERROR json_response.py json_response - response_exception:{'message': '(1054, "Unknown column \'total_fee\' in \'field list\'")'}
2024-07-09 16:59:34.325 ERROR json_response.py json_response - response_exception:{'message': '(1054, "Unknown column \'ref_stud_id_value\' in \'order clause\'")'}
2024-07-09 16:59:35.242 ERROR json_response.py json_response - response_exception:{'message': '(1054, "Unknown column \'ref_stud_id_value\' in \'order clause\'")'}
2024-07-09 16:59:51.594 ERROR json_response.py json_response - response_exception:{'message': '(1054, "Unknown column \'ref_stud_id_value\' in \'order clause\'")'}
2024-07-09 16:59:52.740 ERROR json_response.py json_response - response_exception:{'message': '(1054, "Unknown column \'ref_stud_id_value\' in \'order clause\'")'}
2024-07-09 17:01:56.110 ERROR json_response.py json_response - response_exception:{'message': '(1054, "Unknown column \'ref_stud_id_value\' in \'order clause\'")'}
2024-07-09 17:01:57.531 ERROR json_response.py json_response - response_exception:{'message': '(1054, "Unknown column \'ref_stud_id_value\' in \'order clause\'")'}
2024-07-09 17:03:31.908 ERROR json_response.py json_response - response_exception:{'message': '(1054, "Unknown column \'ref_stud_id_value\' in \'order clause\'")'}
2024-07-09 17:03:32.987 ERROR json_response.py json_response - response_exception:{'message': '(1054, "Unknown column \'ref_stud_id_value\' in \'order clause\'")'}
2024-07-09 17:03:36.735 ERROR json_response.py json_response - response_exception:{'message': '(1054, "Unknown column \'coach_fee\' in \'order clause\'")'}
2024-07-09 17:03:37.506 ERROR json_response.py json_response - response_exception:{'message': '(1054, "Unknown column \'coach_fee\' in \'order clause\'")'}
2024-07-09 17:03:39.286 ERROR json_response.py json_response - response_exception:{'message': '(1054, "Unknown column \'rink_fee\' in \'order clause\'")'}
2024-07-09 17:03:40.306 ERROR json_response.py json_response - response_exception:{'message': '(1054, "Unknown column \'rink_fee\' in \'order clause\'")'}
2024-07-09 17:03:41.621 ERROR json_response.py json_response - response_exception:{'message': '(1054, "Unknown column \'total_fee\' in \'order clause\'")'}
2024-07-09 17:03:42.741 ERROR json_response.py json_response - response_exception:{'message': '(1054, "Unknown column \'total_fee\' in \'order clause\'")'}
2024-07-09 17:03:44.618 ERROR json_response.py json_response - response_exception:{'message': '(1054, "Unknown column \'fee_date_value\' in \'order clause\'")'}
2024-07-09 17:03:46.609 ERROR json_response.py json_response - response_exception:{'message': '(1054, "Unknown column \'fee_date_value\' in \'order clause\'")'}
2024-07-09 18:42:22.569 ERROR json_response.py json_response - response_exception:{'message': '(2002, "Can\'t connect to server on \'192.168.0.104\' (10060)")'}
2024-07-09 18:42:22.569 ERROR json_response.py json_response - response_exception:{'message': 'Object of type OperationalError is not JSON serializable'}
2024-07-09 18:42:27.641 ERROR json_response.py json_response - response_exception:{'message': '(2002, "Can\'t connect to server on \'192.168.0.104\' (10060)")'}
2024-07-09 18:42:27.641 ERROR json_response.py json_response - response_exception:{'message': '(2002, "Can\'t connect to server on \'192.168.0.104\' (10060)")'}
2024-07-09 18:42:27.642 ERROR json_response.py json_response - response_exception:{'message': '(2002, "Can\'t connect to server on \'192.168.0.104\' (10060)")'}
2024-07-09 18:52:03.503 ERROR json_response.py json_response - response_exception:{'message': "invalid literal for int() with base 10: 'undefined'"}
2024-07-09 18:52:03.510 ERROR json_response.py json_response - response_exception:{'message': "invalid literal for int() with base 10: 'undefined'"}
2024-07-09 18:52:06.613 ERROR json_response.py json_response - response_exception:{'message': "invalid literal for int() with base 10: 'undefined'"}
2024-07-09 18:52:06.625 ERROR json_response.py json_response - response_exception:{'message': "invalid literal for int() with base 10: 'undefined'"}
2024-07-09 18:52:08.199 ERROR json_response.py json_response - response_exception:{'message': "invalid literal for int() with base 10: 'undefined'"}
2024-07-09 18:52:08.207 ERROR json_response.py json_response - response_exception:{'message': "invalid literal for int() with base 10: 'undefined'"}
2024-07-09 18:52:08.332 ERROR json_response.py json_response - response_exception:{'message': "invalid literal for int() with base 10: 'undefined'"}
2024-07-09 18:52:08.332 ERROR json_response.py json_response - response_exception:{'message': "invalid literal for int() with base 10: 'undefined'"}
2024-07-09 18:52:10.005 ERROR json_response.py json_response - response_exception:{'message': "invalid literal for int() with base 10: 'undefined'"}
2024-07-09 18:52:10.006 ERROR json_response.py json_response - response_exception:{'message': "invalid literal for int() with base 10: 'undefined'"}
2024-07-09 18:52:51.392 ERROR json_response.py json_response - response_exception:{'message': "invalid literal for int() with base 10: 'undefined'"}
2024-07-09 18:52:51.394 ERROR json_response.py json_response - response_exception:{'message': "invalid literal for int() with base 10: 'undefined'"}
2024-07-09 18:52:55.767 ERROR json_response.py json_response - response_exception:{'message': "invalid literal for int() with base 10: 'undefined'"}
2024-07-09 18:52:55.768 ERROR json_response.py json_response - response_exception:{'message': "invalid literal for int() with base 10: 'undefined'"}
2024-07-09 18:52:58.050 ERROR json_response.py json_response - response_exception:{'message': "invalid literal for int() with base 10: 'undefined'"}
2024-07-09 18:52:58.051 ERROR json_response.py json_response - response_exception:{'message': "invalid literal for int() with base 10: 'undefined'"}
2024-07-09 18:53:09.351 ERROR json_response.py json_response - response_exception:{'message': "invalid literal for int() with base 10: 'undefined'"}
2024-07-09 18:53:09.353 ERROR json_response.py json_response - response_exception:{'message': "invalid literal for int() with base 10: 'undefined'"}
2024-07-09 18:53:25.613 ERROR json_response.py json_response - response_exception:{'message': "invalid literal for int() with base 10: 'undefined'"}
2024-07-09 18:53:25.614 ERROR json_response.py json_response - response_exception:{'message': "invalid literal for int() with base 10: 'undefined'"}
2024-07-09 18:53:25.671 ERROR json_response.py json_response - response_exception:{'message': "invalid literal for int() with base 10: 'undefined'"}
2024-07-09 18:53:25.673 ERROR json_response.py json_response - response_exception:{'message': "invalid literal for int() with base 10: 'undefined'"}
2024-07-09 19:14:34.462 ERROR json_response.py json_response - response_exception:{'message': 'Invalid base64-encoded string: number of data characters (9) cannot be 1 more than a multiple of 4'}
2024-07-09 19:14:34.535 ERROR json_response.py json_response - response_exception:{'message': 'Invalid base64-encoded string: number of data characters (9) cannot be 1 more than a multiple of 4'}
2024-07-09 19:14:56.712 ERROR json_response.py json_response - response_exception:{'message': 'Invalid base64-encoded string: number of data characters (9) cannot be 1 more than a multiple of 4'}
2024-07-09 19:14:56.766 ERROR json_response.py json_response - response_exception:{'message': 'Invalid base64-encoded string: number of data characters (9) cannot be 1 more than a multiple of 4'}
