2024-05-21 11:42:01.298 ERROR json_response.py json_response - response_exception:{'message': "invalid literal for int() with base 10: ''"}
2024-05-21 11:45:40.762 ERROR json_response.py json_response - response_exception:{'message': '(1054, "Unknown column \'registration.created_date\' in \'where clause\'")'}
2024-05-21 11:46:13.719 ERROR json_response.py json_response - response_exception:{'message': '(1054, "Unknown column \'registration.created_date\' in \'where clause\'")'}
2024-05-21 11:46:51.877 ERROR json_response.py json_response - response_exception:{'message': '(1054, "Unknown column \'registration.created_date\' in \'where clause\'")'}
2024-05-21 12:15:34.854 ERROR json_response.py json_response - response_exception:{'message': 'Invalid base64-encoded string: number of data characters (9) cannot be 1 more than a multiple of 4'}
2024-05-21 12:15:34.917 ERROR json_response.py json_response - response_exception:{'message': 'Invalid base64-encoded string: number of data characters (9) cannot be 1 more than a multiple of 4'}
2024-05-21 12:18:52.953 ERROR json_response.py json_response - response_exception:{'message': '(1064, "You have an error in your SQL syntax; check the manual that corresponds to your MariaDB server version for the right syntax to use near \'SELECT team_name FROM team_master WHERE data_uniq_id = ( SELECT ref_team_id F...\' at line 4")'}
2024-05-21 12:21:05.479 ERROR json_response.py json_response - response_exception:{'message': '(1064, "You have an error in your SQL syntax; check the manual that corresponds to your MariaDB server version for the right syntax to use near \'SELECT team_name FROM team_master WHERE data_uniq_id = ( SELECT ref_team_id F...\' at line 4")'}
2024-05-21 12:22:58.511 ERROR json_response.py json_response - response_exception:{'message': '(1064, "You have an error in your SQL syntax; check the manual that corresponds to your MariaDB server version for the right syntax to use near \'SELECT team_name FROM team_master WHERE data_uniq_id = ( SELECT ref_team_id F...\' at line 4")'}
2024-05-21 12:23:31.373 ERROR json_response.py json_response - response_exception:{'message': '(1064, "You have an error in your SQL syntax; check the manual that corresponds to your MariaDB server version for the right syntax to use near \'SELECT team_name FROM team_master WHERE data_uniq_id = ( SELECT ref_team_id F...\' at line 4")'}
2024-05-21 12:24:12.150 ERROR json_response.py json_response - response_exception:{'message': '(1064, "You have an error in your SQL syntax; check the manual that corresponds to your MariaDB server version for the right syntax to use near \'SELECT \\n                (SELECT team_name \\n                FROM team_master \\n...\' at line 4")'}
2024-05-21 12:24:58.264 ERROR json_response.py json_response - response_exception:{'message': '(1064, "You have an error in your SQL syntax; check the manual that corresponds to your MariaDB server version for the right syntax to use near \'SELECT \\n                (SELECT team_name \\n                FROM team_master \\n...\' at line 4")'}
2024-05-21 12:29:40.431 ERROR json_response.py json_response - response_exception:{'message': '(1064, "You have an error in your SQL syntax; check the manual that corresponds to your MariaDB server version for the right syntax to use near \'SELECT \\n                (SELECT team_name \\n                FROM team_master \\n...\' at line 4")'}
2024-05-21 12:30:12.894 ERROR json_response.py json_response - response_exception:{'message': '(1054, "Unknown column \'registration.ref_team_id\' in \'where clause\'")'}
2024-05-21 12:31:37.829 ERROR json_response.py json_response - response_exception:{'message': '(1064, "You have an error in your SQL syntax; check the manual that corresponds to your MariaDB server version for the right syntax to use near \'ZTI5NzI5ZmUtZWExNC00OTEwLThiY2ItZDEzMTcyNDVlMGEx\', \'NjAxMzFiY2UtM2I1OC00ZWIyL...\' at line 1")'}
2024-05-21 12:33:46.951 ERROR json_response.py json_response - response_exception:{'message': '(1064, "You have an error in your SQL syntax; check the manual that corresponds to your MariaDB server version for the right syntax to use near \'SELECT \\n                (SELECT team_name \\n                FROM team_master \\n...\' at line 4")'}
2024-05-21 12:34:21.462 ERROR json_response.py json_response - response_exception:{'message': '(1064, "You have an error in your SQL syntax; check the manual that corresponds to your MariaDB server version for the right syntax to use near \'AS stud_team_name\\n            DATE_FORMAT(attendance_table.attendance_date, \'...\' at line 12")'}
2024-05-21 12:37:32.662 ERROR json_response.py json_response - response_exception:{'message': '(1064, "You have an error in your SQL syntax; check the manual that corresponds to your MariaDB server version for the right syntax to use near \'SELECT \\n                (SELECT team_name \\n                FROM team_master \\n...\' at line 5")'}
2024-05-21 12:37:33.941 ERROR json_response.py json_response - response_exception:{'message': '(1064, "You have an error in your SQL syntax; check the manual that corresponds to your MariaDB server version for the right syntax to use near \'SELECT \\n                (SELECT team_name \\n                FROM team_master \\n...\' at line 5")'}
2024-05-21 12:37:44.539 ERROR json_response.py json_response - response_exception:{'message': '(1064, "You have an error in your SQL syntax; check the manual that corresponds to your MariaDB server version for the right syntax to use near \'SELECT \\n                (SELECT team_name \\n                FROM team_master \\n...\' at line 5")'}
2024-05-21 12:41:38.556 ERROR json_response.py json_response - response_exception:{'message': '(1064, "You have an error in your SQL syntax; check the manual that corresponds to your MariaDB server version for the right syntax to use near \'ZTI5NzI5ZmUtZWExNC00OTEwLThiY2ItZDEzMTcyNDVlMGEx\', \'NjAxMzFiY2UtM2I1OC00ZWIyL...\' at line 1")'}
2024-05-21 12:43:31.576 ERROR json_response.py json_response - response_exception:{'message': '(1064, "You have an error in your SQL syntax; check the manual that corresponds to your MariaDB server version for the right syntax to use near \'ZTI5NzI5ZmUtZWExNC00OTEwLThiY2ItZDEzMTcyNDVlMGEx\', \'NjAxMzFiY2UtM2I1OC00ZWIyL...\' at line 1")'}
2024-05-21 12:43:58.160 ERROR json_response.py json_response - response_exception:{'message': '(1064, "You have an error in your SQL syntax; check the manual that corresponds to your MariaDB server version for the right syntax to use near \'ZTI5NzI5ZmUtZWExNC00OTEwLThiY2ItZDEzMTcyNDVlMGEx\', \'NjAxMzFiY2UtM2I1OC00ZWIyL...\' at line 1")'}
2024-05-21 12:47:52.655 ERROR json_response.py json_response - response_exception:{'message': '(1064, "You have an error in your SQL syntax; check the manual that corresponds to your MariaDB server version for the right syntax to use near \'ZTI5NzI5ZmUtZWExNC00OTEwLThiY2ItZDEzMTcyNDVlMGEx\', \'NjAxMzFiY2UtM2I1OC00ZWIyL...\' at line 1")'}
2024-05-21 12:48:53.111 ERROR json_response.py json_response - response_exception:{'message': '(1064, "You have an error in your SQL syntax; check the manual that corresponds to your MariaDB server version for the right syntax to use near \'ZTI5NzI5ZmUtZWExNC00OTEwLThiY2ItZDEzMTcyNDVlMGEx\', \'NjAxMzFiY2UtM2I1OC00ZWIyL...\' at line 1")'}
2024-05-21 12:52:18.139 ERROR json_response.py json_response - response_exception:{'message': '(1064, "You have an error in your SQL syntax; check the manual that corresponds to your MariaDB server version for the right syntax to use near \'ZTI5NzI5ZmUtZWExNC00OTEwLThiY2ItZDEzMTcyNDVlMGEx\', \'NjAxMzFiY2UtM2I1OC00ZWIyL...\' at line 1")'}
2024-05-21 13:03:07.189 ERROR json_response.py json_response - response_exception:{'message': 'Invalid base64-encoded string: number of data characters (9) cannot be 1 more than a multiple of 4'}
2024-05-21 13:03:07.251 ERROR json_response.py json_response - response_exception:{'message': 'Invalid base64-encoded string: number of data characters (9) cannot be 1 more than a multiple of 4'}
2024-05-21 15:34:30.552 ERROR json_response.py json_response - response_exception:{'message': "'access_token'"}
2024-05-21 15:47:25.497 ERROR json_response.py json_response - response_exception:{'message': "'access_token'"}
2024-05-21 18:32:27.609 ERROR json_response.py json_response - response_exception:{'message': 'Invalid base64-encoded string: number of data characters (9) cannot be 1 more than a multiple of 4'}
2024-05-21 18:32:27.658 ERROR json_response.py json_response - response_exception:{'message': 'Invalid base64-encoded string: number of data characters (9) cannot be 1 more than a multiple of 4'}
2024-05-21 18:34:05.006 ERROR json_response.py json_response - response_exception:{'message': '(1054, "Unknown column \'registration.data_uniq_id\' in \'IN/ALL/ANY subquery\'")'}
2024-05-21 18:41:17.626 ERROR json_response.py json_response - response_exception:{'message': '(1064, "You have an error in your SQL syntax; check the manual that corresponds to your MariaDB server version for the right syntax to use near \'@Company.co WHERE 7894561235 = \'murali\'\' at line 1")'}
2024-05-21 18:41:26.453 ERROR json_response.py json_response - response_exception:{'message': '(1064, "You have an error in your SQL syntax; check the manual that corresponds to your MariaDB server version for the right syntax to use near \'@Company.co WHERE 7894561235 = \'murali\'\' at line 1")'}
2024-05-21 18:45:08.331 ERROR json_response.py json_response - response_exception:{'message': "name 'existing_user' is not defined"}
2024-05-21 18:45:47.725 ERROR json_response.py json_response - response_exception:{'message': '(1064, "You have an error in your SQL syntax; check the manual that corresponds to your MariaDB server version for the right syntax to use near \'@gmail.com WHERE 5896452163 = \'akash\'\' at line 1")'}
2024-05-21 18:53:32.462 ERROR json_response.py json_response - response_exception:{'message': "name 'check_existing_value' is not defined"}
