2024-07-22 09:18:38.007 ERROR json_response.py json_response - response_exception:{'message': 'Invalid base64-encoded string: number of data characters (9) cannot be 1 more than a multiple of 4'}
2024-07-22 09:18:38.074 ERROR json_response.py json_response - response_exception:{'message': 'Invalid base64-encoded string: number of data characters (9) cannot be 1 more than a multiple of 4'}
2024-07-22 09:20:51.820 ERROR json_response.py json_response - response_exception:{'message': 'Invalid base64-encoded string: number of data characters (9) cannot be 1 more than a multiple of 4'}
2024-07-22 09:20:51.896 ERROR json_response.py json_response - response_exception:{'message': 'Invalid base64-encoded string: number of data characters (9) cannot be 1 more than a multiple of 4'}
2024-07-22 09:25:08.876 ERROR json_response.py json_response - response_exception:{'message': 'Invalid base64-encoded string: number of data characters (9) cannot be 1 more than a multiple of 4'}
2024-07-22 09:25:08.947 ERROR json_response.py json_response - response_exception:{'message': 'Invalid base64-encoded string: number of data characters (9) cannot be 1 more than a multiple of 4'}
2024-07-22 09:25:42.356 ERROR json_response.py json_response - response_exception:{'message': 'Invalid base64-encoded string: number of data characters (9) cannot be 1 more than a multiple of 4'}
2024-07-22 09:25:42.424 ERROR json_response.py json_response - response_exception:{'message': 'Invalid base64-encoded string: number of data characters (9) cannot be 1 more than a multiple of 4'}
2024-07-22 09:29:14.444 ERROR json_response.py json_response - response_exception:{'message': 'Invalid base64-encoded string: number of data characters (9) cannot be 1 more than a multiple of 4'}
2024-07-22 09:29:14.564 ERROR json_response.py json_response - response_exception:{'message': 'Invalid base64-encoded string: number of data characters (9) cannot be 1 more than a multiple of 4'}
2024-07-22 09:31:23.089 ERROR json_response.py json_response - response_exception:{'message': 'Invalid base64-encoded string: number of data characters (9) cannot be 1 more than a multiple of 4'}
2024-07-22 09:31:23.434 ERROR json_response.py json_response - response_exception:{'message': 'Invalid base64-encoded string: number of data characters (9) cannot be 1 more than a multiple of 4'}
2024-07-22 09:42:08.688 ERROR json_response.py json_response - response_exception:{'message': 'Invalid base64-encoded string: number of data characters (9) cannot be 1 more than a multiple of 4'}
2024-07-22 09:42:08.757 ERROR json_response.py json_response - response_exception:{'message': 'Invalid base64-encoded string: number of data characters (9) cannot be 1 more than a multiple of 4'}
2024-07-22 09:48:46.984 ERROR json_response.py json_response - response_exception:{'message': 'Invalid base64-encoded string: number of data characters (9) cannot be 1 more than a multiple of 4'}
2024-07-22 09:48:47.060 ERROR json_response.py json_response - response_exception:{'message': 'Invalid base64-encoded string: number of data characters (9) cannot be 1 more than a multiple of 4'}
2024-07-22 09:49:08.323 ERROR json_response.py json_response - response_exception:{'message': 'Invalid base64-encoded string: number of data characters (9) cannot be 1 more than a multiple of 4'}
2024-07-22 09:49:08.387 ERROR json_response.py json_response - response_exception:{'message': 'Invalid base64-encoded string: number of data characters (9) cannot be 1 more than a multiple of 4'}
2024-07-22 09:53:23.063 ERROR json_response.py json_response - response_exception:{'message': 'Invalid base64-encoded string: number of data characters (9) cannot be 1 more than a multiple of 4'}
2024-07-22 09:53:23.138 ERROR json_response.py json_response - response_exception:{'message': 'Invalid base64-encoded string: number of data characters (9) cannot be 1 more than a multiple of 4'}
2024-07-22 09:55:05.439 ERROR json_response.py json_response - response_exception:{'message': 'Invalid base64-encoded string: number of data characters (9) cannot be 1 more than a multiple of 4'}
2024-07-22 09:55:05.509 ERROR json_response.py json_response - response_exception:{'message': 'Invalid base64-encoded string: number of data characters (9) cannot be 1 more than a multiple of 4'}
2024-07-22 09:57:03.779 ERROR json_response.py json_response - response_exception:{'message': 'Invalid base64-encoded string: number of data characters (9) cannot be 1 more than a multiple of 4'}
2024-07-22 09:57:03.847 ERROR json_response.py json_response - response_exception:{'message': 'Invalid base64-encoded string: number of data characters (9) cannot be 1 more than a multiple of 4'}
2024-07-22 09:58:59.407 ERROR json_response.py json_response - response_exception:{'message': "'data_uniq_id'"}
2024-07-22 10:01:31.495 ERROR json_response.py json_response - response_exception:{'message': 'Invalid base64-encoded string: number of data characters (9) cannot be 1 more than a multiple of 4'}
2024-07-22 10:01:31.560 ERROR json_response.py json_response - response_exception:{'message': 'Invalid base64-encoded string: number of data characters (9) cannot be 1 more than a multiple of 4'}
2024-07-22 10:04:05.595 ERROR json_response.py json_response - response_exception:{'message': 'Invalid base64-encoded string: number of data characters (9) cannot be 1 more than a multiple of 4'}
2024-07-22 10:04:05.652 ERROR json_response.py json_response - response_exception:{'message': 'Invalid base64-encoded string: number of data characters (9) cannot be 1 more than a multiple of 4'}
2024-07-22 10:07:13.779 ERROR json_response.py json_response - response_exception:{'message': 'Invalid base64-encoded string: number of data characters (9) cannot be 1 more than a multiple of 4'}
2024-07-22 10:07:13.853 ERROR json_response.py json_response - response_exception:{'message': 'Invalid base64-encoded string: number of data characters (9) cannot be 1 more than a multiple of 4'}
2024-07-22 10:12:00.068 ERROR json_response.py json_response - response_exception:{'message': 'Invalid base64-encoded string: number of data characters (9) cannot be 1 more than a multiple of 4'}
2024-07-22 10:12:00.126 ERROR json_response.py json_response - response_exception:{'message': 'Invalid base64-encoded string: number of data characters (9) cannot be 1 more than a multiple of 4'}
2024-07-22 10:12:13.962 ERROR json_response.py json_response - response_exception:{'message': "'data_uniq_id'"}
2024-07-22 10:12:29.790 ERROR json_response.py json_response - response_exception:{'message': "'data_uniq_id'"}
2024-07-22 10:13:09.528 ERROR json_response.py json_response - response_exception:{'message': "'data_uniq_id'"}
2024-07-22 10:13:54.331 ERROR json_response.py json_response - response_exception:{'message': "'data_uniq_id'"}
2024-07-22 10:14:06.449 ERROR json_response.py json_response - response_exception:{'message': "'data_uniq_id'"}
2024-07-22 10:14:13.633 ERROR json_response.py json_response - response_exception:{'message': 'Invalid base64-encoded string: number of data characters (9) cannot be 1 more than a multiple of 4'}
2024-07-22 10:14:13.699 ERROR json_response.py json_response - response_exception:{'message': 'Invalid base64-encoded string: number of data characters (9) cannot be 1 more than a multiple of 4'}
2024-07-22 10:16:14.163 ERROR json_response.py json_response - response_exception:{'message': 'Invalid base64-encoded string: number of data characters (9) cannot be 1 more than a multiple of 4'}
2024-07-22 10:16:14.225 ERROR json_response.py json_response - response_exception:{'message': 'Invalid base64-encoded string: number of data characters (9) cannot be 1 more than a multiple of 4'}
2024-07-22 10:29:10.150 ERROR json_response.py json_response - response_exception:{'message': "'data_uniq_id'"}
2024-07-22 10:30:12.380 ERROR json_response.py json_response - response_exception:{'message': 'Invalid base64-encoded string: number of data characters (9) cannot be 1 more than a multiple of 4'}
2024-07-22 10:30:12.448 ERROR json_response.py json_response - response_exception:{'message': 'Invalid base64-encoded string: number of data characters (9) cannot be 1 more than a multiple of 4'}
2024-07-22 10:32:15.436 ERROR json_response.py json_response - response_exception:{'message': "(1242, 'Subquery returns more than 1 row')"}
2024-07-22 10:32:31.800 ERROR json_response.py json_response - response_exception:{'message': "(1242, 'Subquery returns more than 1 row')"}
2024-07-22 10:32:32.808 ERROR json_response.py json_response - response_exception:{'message': "(1242, 'Subquery returns more than 1 row')"}
2024-07-22 10:33:28.913 ERROR json_response.py json_response - response_exception:{'message': "(1242, 'Subquery returns more than 1 row')"}
2024-07-22 10:33:28.921 ERROR json_response.py json_response - response_exception:{'message': 'Invalid base64-encoded string: number of data characters (9) cannot be 1 more than a multiple of 4'}
2024-07-22 10:33:28.990 ERROR json_response.py json_response - response_exception:{'message': 'Invalid base64-encoded string: number of data characters (9) cannot be 1 more than a multiple of 4'}
2024-07-22 10:33:28.994 ERROR json_response.py json_response - response_exception:{'message': "(1242, 'Subquery returns more than 1 row')"}
2024-07-22 10:33:31.880 ERROR json_response.py json_response - response_exception:{'message': "(1242, 'Subquery returns more than 1 row')"}
2024-07-22 10:33:31.946 ERROR json_response.py json_response - response_exception:{'message': "(1242, 'Subquery returns more than 1 row')"}
2024-07-22 10:38:06.904 ERROR json_response.py json_response - response_exception:{'message': 'Invalid base64-encoded string: number of data characters (9) cannot be 1 more than a multiple of 4'}
2024-07-22 10:38:06.980 ERROR json_response.py json_response - response_exception:{'message': 'Invalid base64-encoded string: number of data characters (9) cannot be 1 more than a multiple of 4'}
2024-07-22 10:42:12.307 ERROR json_response.py json_response - response_exception:{'message': 'Invalid base64-encoded string: number of data characters (9) cannot be 1 more than a multiple of 4'}
2024-07-22 10:42:12.372 ERROR json_response.py json_response - response_exception:{'message': 'Invalid base64-encoded string: number of data characters (9) cannot be 1 more than a multiple of 4'}
2024-07-22 10:45:16.484 ERROR json_response.py json_response - response_exception:{'message': 'Invalid base64-encoded string: number of data characters (9) cannot be 1 more than a multiple of 4'}
2024-07-22 10:45:16.734 ERROR json_response.py json_response - response_exception:{'message': 'Invalid base64-encoded string: number of data characters (9) cannot be 1 more than a multiple of 4'}
2024-07-22 10:50:28.937 ERROR json_response.py json_response - response_exception:{'message': 'Invalid base64-encoded string: number of data characters (9) cannot be 1 more than a multiple of 4'}
2024-07-22 10:50:29.005 ERROR json_response.py json_response - response_exception:{'message': 'Invalid base64-encoded string: number of data characters (9) cannot be 1 more than a multiple of 4'}
2024-07-22 11:01:13.580 ERROR json_response.py json_response - response_exception:{'message': 'Invalid base64-encoded string: number of data characters (9) cannot be 1 more than a multiple of 4'}
2024-07-22 11:01:13.642 ERROR json_response.py json_response - response_exception:{'message': 'Invalid base64-encoded string: number of data characters (9) cannot be 1 more than a multiple of 4'}
2024-07-22 11:01:29.799 ERROR json_response.py json_response - response_exception:{'message': 'Invalid base64-encoded string: number of data characters (9) cannot be 1 more than a multiple of 4'}
2024-07-22 11:01:29.909 ERROR json_response.py json_response - response_exception:{'message': 'Invalid base64-encoded string: number of data characters (9) cannot be 1 more than a multiple of 4'}
2024-07-22 11:05:09.518 ERROR json_response.py json_response - response_exception:{'message': 'Invalid base64-encoded string: number of data characters (9) cannot be 1 more than a multiple of 4'}
2024-07-22 11:05:09.588 ERROR json_response.py json_response - response_exception:{'message': 'Invalid base64-encoded string: number of data characters (9) cannot be 1 more than a multiple of 4'}
2024-07-22 11:10:59.188 ERROR json_response.py json_response - response_exception:{'message': 'Invalid base64-encoded string: number of data characters (9) cannot be 1 more than a multiple of 4'}
2024-07-22 11:10:59.260 ERROR json_response.py json_response - response_exception:{'message': 'Invalid base64-encoded string: number of data characters (9) cannot be 1 more than a multiple of 4'}
2024-07-22 11:13:31.543 ERROR json_response.py json_response - response_exception:{'message': 'Invalid base64-encoded string: number of data characters (9) cannot be 1 more than a multiple of 4'}
2024-07-22 11:13:31.601 ERROR json_response.py json_response - response_exception:{'message': 'Invalid base64-encoded string: number of data characters (9) cannot be 1 more than a multiple of 4'}
2024-07-22 11:13:31.953 ERROR json_response.py json_response - response_exception:{'message': 'Invalid base64-encoded string: number of data characters (9) cannot be 1 more than a multiple of 4'}
2024-07-22 11:13:32.025 ERROR json_response.py json_response - response_exception:{'message': 'Invalid base64-encoded string: number of data characters (9) cannot be 1 more than a multiple of 4'}
2024-07-22 11:13:32.142 ERROR json_response.py json_response - response_exception:{'message': 'Invalid base64-encoded string: number of data characters (9) cannot be 1 more than a multiple of 4'}
2024-07-22 11:13:32.215 ERROR json_response.py json_response - response_exception:{'message': 'Invalid base64-encoded string: number of data characters (9) cannot be 1 more than a multiple of 4'}
2024-07-22 11:13:50.690 ERROR json_response.py json_response - response_exception:{'message': 'Invalid base64-encoded string: number of data characters (9) cannot be 1 more than a multiple of 4'}
2024-07-22 11:13:50.758 ERROR json_response.py json_response - response_exception:{'message': 'Invalid base64-encoded string: number of data characters (9) cannot be 1 more than a multiple of 4'}
2024-07-22 11:23:26.013 ERROR json_response.py json_response - response_exception:{'message': 'Invalid base64-encoded string: number of data characters (9) cannot be 1 more than a multiple of 4'}
2024-07-22 11:23:26.070 ERROR json_response.py json_response - response_exception:{'message': 'Invalid base64-encoded string: number of data characters (9) cannot be 1 more than a multiple of 4'}
2024-07-22 11:37:03.999 ERROR json_response.py json_response - response_exception:{'message': "'NoneType' object has no attribute 'replace'"}
2024-07-22 11:37:04.007 ERROR json_response.py json_response - response_exception:{'message': "'NoneType' object has no attribute 'replace'"}
2024-07-22 11:41:01.451 ERROR json_response.py json_response - response_exception:{'message': "'NoneType' object has no attribute 'replace'"}
2024-07-22 11:41:01.482 ERROR json_response.py json_response - response_exception:{'message': "'NoneType' object has no attribute 'replace'"}
2024-07-22 11:42:09.484 ERROR json_response.py json_response - response_exception:{'message': "'NoneType' object has no attribute 'replace'"}
2024-07-22 11:42:09.515 ERROR json_response.py json_response - response_exception:{'message': "'NoneType' object has no attribute 'replace'"}
2024-07-22 11:42:38.468 ERROR json_response.py json_response - response_exception:{'message': "'NoneType' object has no attribute 'replace'"}
2024-07-22 11:42:38.493 ERROR json_response.py json_response - response_exception:{'message': "'NoneType' object has no attribute 'replace'"}
2024-07-22 11:45:24.749 ERROR json_response.py json_response - response_exception:{'message': "'NoneType' object has no attribute 'replace'"}
2024-07-22 11:45:24.768 ERROR json_response.py json_response - response_exception:{'message': "'NoneType' object has no attribute 'replace'"}
2024-07-22 11:53:13.891 ERROR json_response.py json_response - response_exception:{'message': '(1064, "You have an error in your SQL syntax; check the manual that corresponds to your MariaDB server version for the right syntax to use near \'-15\' at line 13")'}
2024-07-22 11:53:40.868 ERROR json_response.py json_response - response_exception:{'message': '(1064, "You have an error in your SQL syntax; check the manual that corresponds to your MariaDB server version for the right syntax to use near \'-15\' at line 13")'}
2024-07-22 11:58:42.574 ERROR json_response.py json_response - response_exception:{'message': "'NoneType' object has no attribute 'replace'"}
2024-07-22 11:58:42.587 ERROR json_response.py json_response - response_exception:{'message': "'NoneType' object has no attribute 'replace'"}
2024-07-22 11:58:45.048 ERROR json_response.py json_response - response_exception:{'message': "'NoneType' object has no attribute 'replace'"}
2024-07-22 11:58:51.986 ERROR json_response.py json_response - response_exception:{'message': "'NoneType' object has no attribute 'replace'"}
2024-07-22 11:59:19.874 ERROR json_response.py json_response - response_exception:{'message': "'NoneType' object has no attribute 'replace'"}
2024-07-22 11:59:19.915 ERROR json_response.py json_response - response_exception:{'message': "'NoneType' object has no attribute 'replace'"}
2024-07-22 11:59:22.338 ERROR json_response.py json_response - response_exception:{'message': "'NoneType' object has no attribute 'replace'"}
2024-07-22 11:59:27.115 ERROR json_response.py json_response - response_exception:{'message': "'NoneType' object has no attribute 'replace'"}
2024-07-22 12:00:48.636 ERROR json_response.py json_response - response_exception:{'message': "'NoneType' object has no attribute 'replace'"}
2024-07-22 12:00:48.664 ERROR json_response.py json_response - response_exception:{'message': "'NoneType' object has no attribute 'replace'"}
2024-07-22 12:02:08.733 ERROR json_response.py json_response - response_exception:{'message': "'NoneType' object has no attribute 'replace'"}
2024-07-22 12:02:08.760 ERROR json_response.py json_response - response_exception:{'message': "'NoneType' object has no attribute 'replace'"}
2024-07-22 12:03:30.962 ERROR json_response.py json_response - response_exception:{'message': "'NoneType' object has no attribute 'replace'"}
2024-07-22 12:03:30.983 ERROR json_response.py json_response - response_exception:{'message': "'NoneType' object has no attribute 'replace'"}
2024-07-22 12:05:51.846 ERROR json_response.py json_response - response_exception:{'message': 'Invalid base64-encoded string: number of data characters (9) cannot be 1 more than a multiple of 4'}
2024-07-22 12:05:51.919 ERROR json_response.py json_response - response_exception:{'message': 'Invalid base64-encoded string: number of data characters (9) cannot be 1 more than a multiple of 4'}
2024-07-22 12:10:41.527 ERROR json_response.py json_response - response_exception:{'message': 'Invalid base64-encoded string: number of data characters (9) cannot be 1 more than a multiple of 4'}
2024-07-22 12:10:41.599 ERROR json_response.py json_response - response_exception:{'message': 'Invalid base64-encoded string: number of data characters (9) cannot be 1 more than a multiple of 4'}
2024-07-22 12:10:42.559 ERROR json_response.py json_response - response_exception:{'message': "'NoneType' object has no attribute 'replace'"}
2024-07-22 12:10:42.586 ERROR json_response.py json_response - response_exception:{'message': "'NoneType' object has no attribute 'replace'"}
2024-07-22 12:10:53.237 ERROR json_response.py json_response - response_exception:{'message': 'Invalid base64-encoded string: number of data characters (9) cannot be 1 more than a multiple of 4'}
2024-07-22 12:10:53.325 ERROR json_response.py json_response - response_exception:{'message': 'Invalid base64-encoded string: number of data characters (9) cannot be 1 more than a multiple of 4'}
2024-07-22 12:17:20.196 ERROR json_response.py json_response - response_exception:{'message': 'Invalid base64-encoded string: number of data characters (9) cannot be 1 more than a multiple of 4'}
2024-07-22 12:17:20.270 ERROR json_response.py json_response - response_exception:{'message': 'Invalid base64-encoded string: number of data characters (9) cannot be 1 more than a multiple of 4'}
2024-07-22 12:19:32.579 ERROR json_response.py json_response - response_exception:{'message': 'Invalid base64-encoded string: number of data characters (9) cannot be 1 more than a multiple of 4'}
2024-07-22 12:19:32.665 ERROR json_response.py json_response - response_exception:{'message': 'Invalid base64-encoded string: number of data characters (9) cannot be 1 more than a multiple of 4'}
2024-07-22 12:20:09.847 ERROR json_response.py json_response - response_exception:{'message': 'Invalid base64-encoded string: number of data characters (9) cannot be 1 more than a multiple of 4'}
2024-07-22 12:20:09.940 ERROR json_response.py json_response - response_exception:{'message': 'Invalid base64-encoded string: number of data characters (9) cannot be 1 more than a multiple of 4'}
