2024-04-03 09:29:45.028 ERROR json_response.py json_response - response_exception:{'message': "'str' object has no attribute 'decode'"}
2024-04-03 09:32:25.702 ERROR json_response.py json_response - response_exception:{'message': '(1064, "You have an error in your SQL syntax; check the manual that corresponds to your MariaDB server version for the right syntax to use near \'gAAAAABmDNTRaDyHfEyL4oITYf50Dtt4pn6VHRrF4oPu9WEphtQ71E2ylrTV1VGXFBMC0UeoZHHAI...\' at line 1")'}
2024-04-03 09:33:37.795 ERROR json_response.py json_response - response_exception:{'message': '(1064, "You have an error in your SQL syntax; check the manual that corresponds to your MariaDB server version for the right syntax to use near \'gAAAAABmDNUZc0sb1yMOp-km00YfmSawglmB0CJPbF5voaYnedHAucsYQVUfN6AO5c0IQLNHAkJQK...\' at line 1")'}
2024-04-03 09:33:52.656 ERROR json_response.py json_response - response_exception:{'message': '(1064, "You have an error in your SQL syntax; check the manual that corresponds to your MariaDB server version for the right syntax to use near \'gAAAAABmDNUoWMv0CPLRlL1B_xjGA7DBbuKRG8SXsF-3czk2jZcyL0MibCEoBaTFB5kFJFhBEyY9O...\' at line 1")'}
2024-04-03 09:34:25.466 ERROR json_response.py json_response - response_exception:{'message': '(1064, "You have an error in your SQL syntax; check the manual that corresponds to your MariaDB server version for the right syntax to use near \'gAAAAABmDNVJ_FLZFya2WeWjWPBTuQSRFriiek5-ahwo2KMRe02IPb3VIG4BTdIMmwfZFZY8AfoQQ...\' at line 1")'}
2024-04-03 09:37:23.356 ERROR json_response.py json_response - response_exception:{'message': '(1064, "You have an error in your SQL syntax; check the manual that corresponds to your MariaDB server version for the right syntax to use near \'gAAAAABmDNX6vKhX-bCTOaxxMpK_BOpLsJde-gHl9U_KmB8GViHJSvSfBP-UgxkrLwLvjmGHRuoKz...\' at line 2")'}
2024-04-03 09:40:14.294 ERROR json_response.py json_response - response_exception:{'message': ''}
2024-04-03 09:40:15.797 ERROR json_response.py json_response - response_exception:{'message': ''}
2024-04-03 09:41:47.447 ERROR json_response.py json_response - response_exception:{'message': ''}
2024-04-03 09:41:48.705 ERROR json_response.py json_response - response_exception:{'message': ''}
2024-04-03 11:51:15.842 ERROR json_response.py json_response - response_exception:{'message': ''}
2024-04-03 11:51:51.147 ERROR json_response.py json_response - response_exception:{'message': ''}
2024-04-03 11:52:11.787 ERROR json_response.py json_response - response_exception:{'message': ''}
2024-04-03 11:55:19.256 ERROR json_response.py json_response - response_exception:{'message': ''}
2024-04-03 11:57:35.175 ERROR json_response.py json_response - response_exception:{'message': ''}
2024-04-03 11:57:42.158 ERROR json_response.py json_response - response_exception:{'message': ''}
2024-04-03 11:59:58.235 ERROR json_response.py json_response - response_exception:{'message': ''}
2024-04-03 12:20:18.431 ERROR json_response.py json_response - response_exception:{'message': "'str' object has no attribute 'decode'"}
2024-04-03 12:22:31.272 ERROR json_response.py json_response - response_exception:{'message': 'data must be bytes'}
2024-04-03 12:30:21.475 ERROR json_response.py json_response - response_exception:{'message': 'data must be bytes'}
2024-04-03 12:32:08.499 ERROR json_response.py json_response - response_exception:{'message': "'str' object has no attribute 'decode'"}
2024-04-03 12:42:35.120 ERROR json_response.py json_response - response_exception:{'message': ''}
2024-04-03 12:43:09.161 ERROR json_response.py json_response - response_exception:{'message': ''}
2024-04-03 12:43:43.846 ERROR json_response.py json_response - response_exception:{'message': ''}
2024-04-03 13:31:31.723 ERROR json_response.py json_response - response_exception:{'message': 'decrypt_data() takes 1 positional argument but 2 were given'}
2024-04-03 13:33:57.591 ERROR json_response.py json_response - response_exception:{'message': '(1054, "Unknown column \'decoded_mobile\' in \'where clause\'")'}
2024-04-03 15:41:07.378 ERROR json_response.py json_response - response_exception:{'message': 'invalid input syntax for type double precision: "200 cm"\nLINE 1: ...y) values (\'6cff64ba-288b-4350-89c8-a3b8eb1ec372\',\'200 cm\', ...\n                                                             ^\n'}
2024-04-03 15:41:37.841 ERROR json_response.py json_response - response_exception:{'message': 'invalid input syntax for type double precision: "200cm"\nLINE 1: ...y) values (\'0c6bc14e-777c-48ce-8e21-594fe21451aa\',\'200cm\', \'...\n                                                             ^\n'}
2024-04-03 15:55:28.676 ERROR json_response.py json_response - response_exception:{'message': "function date_format(date, unknown) does not exist\nLINE 1:  SELECT *, DATE_FORMAT(height_master.created_date, '%b %d, %...\n                   ^\nHINT:  No function matches the given name and argument types. You might need to add explicit type casts.\n"}
2024-04-03 15:58:07.729 ERROR json_response.py json_response - response_exception:{'message': "function date_format(date, unknown) does not exist\nLINE 1:  SELECT *, DATE_FORMAT(height_master.created_date, '%b %d, %...\n                   ^\nHINT:  No function matches the given name and argument types. You might need to add explicit type casts.\n"}
2024-04-03 15:58:27.863 ERROR json_response.py json_response - response_exception:{'message': "function date_format(date, unknown) does not exist\nLINE 1:  SELECT *, DATE_FORMAT(height_master.created_date, '%b %d, %...\n                   ^\nHINT:  No function matches the given name and argument types. You might need to add explicit type casts.\n"}
2024-04-03 15:58:46.922 ERROR json_response.py json_response - response_exception:{'message': "function date_format(date, unknown) does not exist\nLINE 1:  SELECT *, DATE_FORMAT(user_master.created_date, '%b %d, %Y ...\n                   ^\nHINT:  No function matches the given name and argument types. You might need to add explicit type casts.\n"}
2024-04-03 16:05:38.432 ERROR json_response.py json_response - response_exception:{'message': "function date_format(date, unknown) does not exist\nLINE 1:  SELECT *, DATE_FORMAT(user_master.created_date, '%b %d, %Y ...\n                   ^\nHINT:  No function matches the given name and argument types. You might need to add explicit type casts.\n"}
2024-04-03 16:05:53.568 ERROR json_response.py json_response - response_exception:{'message': "'tzinfo' is an invalid keyword argument for replace()"}
2024-04-03 16:07:46.941 ERROR json_response.py json_response - response_exception:{'message': "'tzinfo' is an invalid keyword argument for replace()"}
2024-04-03 16:10:26.871 ERROR json_response.py json_response - response_exception:{'message': ''}
2024-04-03 16:17:00.703 ERROR json_response.py json_response - response_exception:{'message': "'tzinfo' is an invalid keyword argument for replace()"}
2024-04-03 16:19:15.941 ERROR json_response.py json_response - response_exception:{'message': "unsupported operand type(s) for -: 'datetime.datetime' and 'datetime.date'"}
2024-04-03 16:28:43.196 ERROR json_response.py json_response - response_exception:{'message': "'tzinfo' is an invalid keyword argument for replace()"}
2024-04-03 16:36:14.204 ERROR json_response.py json_response - response_exception:{'message': "'tzinfo' is an invalid keyword argument for replace()"}
2024-04-03 16:36:50.272 ERROR json_response.py json_response - response_exception:{'message': 'missing FROM-clause entry for table "client_master"\nLINE 1:  SELECT *, DATE_FORMAT(client_master.created_date, \'%b %d, %...\n                               ^\n'}
2024-04-03 16:37:23.198 ERROR json_response.py json_response - response_exception:{'message': "function date_format(timestamp without time zone, unknown) does not exist\nLINE 1:  SELECT *, DATE_FORMAT(height_master.created_date, '%b %d, %...\n                   ^\nHINT:  No function matches the given name and argument types. You might need to add explicit type casts.\n"}
2024-04-03 16:38:56.250 ERROR json_response.py json_response - response_exception:{'message': "'tzinfo' is an invalid keyword argument for replace()"}
2024-04-03 16:40:10.144 ERROR json_response.py json_response - response_exception:{'message': "'tzinfo' is an invalid keyword argument for replace()"}
2024-04-03 16:41:17.349 ERROR json_response.py json_response - response_exception:{'message': 'strptime() argument 1 must be str, not datetime.datetime'}
2024-04-03 16:42:10.422 ERROR json_response.py json_response - response_exception:{'message': 'Invalid type for utc_time. Must be str or datetime.'}
2024-04-03 16:42:56.965 ERROR json_response.py json_response - response_exception:{'message': 'Invalid type for utc_time. Must be str or datetime.'}
2024-04-03 16:51:33.867 ERROR json_response.py json_response - response_exception:{'message': "function date_format(timestamp without time zone, unknown) does not exist\nLINE 1:  SELECT *, DATE_FORMAT(user_master.created_date, '%b %d, %Y ...\n                   ^\nHINT:  No function matches the given name and argument types. You might need to add explicit type casts.\n"}
2024-04-03 16:51:59.640 ERROR json_response.py json_response - response_exception:{'message': 'syntax error at or near "FROM"\nLINE 2:                 FROM user_master\n                        ^\n'}
2024-04-03 16:52:18.814 ERROR json_response.py json_response - response_exception:{'message': 'missing FROM-clause entry for table "height_master"\nLINE 1:  SELECT *, TO_CHAR(height_master.created_date, \'Mon DD, YYYY...\n                           ^\n'}
2024-04-03 16:52:44.292 ERROR json_response.py json_response - response_exception:{'message': 'Invalid type for utc_time. Must be str or datetime.'}
2024-04-03 17:37:57.664 ERROR json_response.py json_response - response_exception:{'message': 'syntax error at or near "REGEXP"\nLINE 3: ...             WHERE 1=1  AND  height_master.height REGEXP 100...\n                                                             ^\n'}
2024-04-03 17:38:19.577 ERROR json_response.py json_response - response_exception:{'message': 'syntax error at or near "REGEXP"\nLINE 3: ...             WHERE 1=1  AND  height_master.height REGEXP \'10...\n                                                             ^\n'}
2024-04-03 17:38:46.172 ERROR json_response.py json_response - response_exception:{'message': 'syntax error at or near "REGEXP"\nLINE 3: ...             WHERE 1=1  AND  height_master.height REGEXP \'10...\n                                                             ^\n'}
2024-04-03 17:40:24.487 ERROR json_response.py json_response - response_exception:{'message': 'syntax error at or near "REGEXP"\nLINE 3: ...              WHERE 1=1  AND height_master.height REGEXP \'10...\n                                                             ^\n'}
2024-04-03 17:45:00.485 ERROR json_response.py json_response - response_exception:{'message': "operator does not exist: double precision ~ unknown\nLINE 3: ...               WHERE 1=1  AND height_master.height ~ '100' ;\n                                                              ^\nHINT:  No operator matches the given name and argument types. You might need to add explicit type casts.\n"}
2024-04-03 17:45:17.654 ERROR json_response.py json_response - response_exception:{'message': 'syntax error at or near "REGEXP"\nLINE 3: ...              WHERE 1=1  AND height_master.height REGEXP \'10...\n                                                             ^\n'}
2024-04-03 17:48:18.186 ERROR json_response.py json_response - response_exception:{'message': 'column "data_uniq_id" of relation "width_master" does not exist\nLINE 1: insert into width_master (data_uniq_id,width,as_default,crea...\n                                  ^\n'}
2024-04-03 17:48:47.101 ERROR json_response.py json_response - response_exception:{'message': 'column "data_uniq_id" of relation "width_master" does not exist\nLINE 1: insert into width_master (data_uniq_id,width,as_default,crea...\n                                  ^\n'}
2024-04-03 18:01:12.024 ERROR json_response.py json_response - response_exception:{'message': "'authorization'"}
