2024-04-05 10:11:42.441 ERROR json_response.py json_response - response_exception:{'message': 'syntax error at or near "*"\nLINE 1: delete * from product_master where data_uniq_id = \'05279136-...\n               ^\n'}
2024-04-05 10:27:53.708 ERROR json_response.py json_response - response_exception:{'message': "'image_ids'"}
2024-04-05 10:29:25.784 ERROR json_response.py json_response - response_exception:{'message': "Expecting ':' delimiter: line 7 column 5 (char 207)"}
2024-04-05 10:29:33.711 ERROR json_response.py json_response - response_exception:{'message': "'image_ids'"}
2024-04-05 10:32:20.730 ERROR json_response.py json_response - response_exception:{'message': 'column "image_id" does not exist\nLINE 1: select image_id as id from product_master where data_uniq_id...\n               ^\n'}
2024-04-05 10:40:23.134 ERROR json_response.py json_response - response_exception:{'message': 'list indices must be integers or slices, not str'}
2024-04-05 10:43:47.493 ERROR json_response.py json_response - response_exception:{'message': "'image_id'"}
2024-04-05 10:44:46.447 ERROR json_response.py json_response - response_exception:{'message': "'id '"}
2024-04-05 10:50:53.696 ERROR json_response.py json_response - response_exception:{'message': 'string indices must be integers'}
2024-04-05 10:52:09.078 ERROR json_response.py json_response - response_exception:{'message': 'the JSON object must be str, bytes or bytearray, not dict'}
2024-04-05 10:53:56.729 ERROR json_response.py json_response - response_exception:{'message': 'list indices must be integers or slices, not str'}
2024-04-05 10:56:19.739 ERROR json_response.py json_response - response_exception:{'message': "local variable 'image_ids' referenced before assignment"}
2024-04-05 10:56:52.784 ERROR json_response.py json_response - response_exception:{'message': "local variable 'image_ids' referenced before assignment"}
2024-04-05 10:57:01.762 ERROR json_response.py json_response - response_exception:{'message': "local variable 'image_ids' referenced before assignment"}
2024-04-05 10:57:55.929 ERROR json_response.py json_response - response_exception:{'message': "local variable 'image_ids' referenced before assignment"}
2024-04-05 10:58:03.052 ERROR json_response.py json_response - response_exception:{'message': "local variable 'image_ids' referenced before assignment"}
2024-04-05 10:58:42.253 ERROR json_response.py json_response - response_exception:{'message': 'string indices must be integers'}
2024-04-05 11:02:45.650 ERROR json_response.py json_response - response_exception:{'message': "'list' object is not callable"}
2024-04-05 11:03:28.280 ERROR json_response.py json_response - response_exception:{'message': "'list' object is not callable"}
2024-04-05 11:04:27.352 ERROR json_response.py json_response - response_exception:{'message': "'list' object is not callable"}
2024-04-05 11:29:48.562 ERROR json_response.py json_response - response_exception:{'message': "local variable 'Err' referenced before assignment"}
2024-04-05 12:00:31.134 ERROR json_response.py json_response - response_exception:{'message': "'image_id'"}
2024-04-05 12:06:12.170 ERROR json_response.py json_response - response_exception:{'message': "'component_name'"}
2024-04-05 12:06:16.008 ERROR json_response.py json_response - response_exception:{'message': "'component_name'"}
2024-04-05 12:06:18.276 ERROR json_response.py json_response - response_exception:{'message': "'component_name'"}
2024-04-05 12:06:19.044 ERROR json_response.py json_response - response_exception:{'message': "'component_name'"}
2024-04-05 12:11:38.363 ERROR json_response.py json_response - response_exception:{'message': 'Object of type set is not JSON serializable'}
2024-04-05 12:12:24.657 ERROR json_response.py json_response - response_exception:{'message': 'Object of type set is not JSON serializable'}
2024-04-05 12:13:27.205 ERROR json_response.py json_response - response_exception:{'message': 'Object of type set is not JSON serializable'}
2024-04-05 12:15:49.254 ERROR json_response.py json_response - response_exception:{'message': 'Object of type set is not JSON serializable'}
2024-04-05 12:30:17.369 ERROR json_response.py json_response - response_exception:{'message': "local variable 'query' referenced before assignment"}
2024-04-05 12:30:55.186 ERROR json_response.py json_response - response_exception:{'message': "local variable 'query' referenced before assignment"}
2024-04-05 13:01:49.055 ERROR json_response.py json_response - response_exception:{'message': "name 'update_image' is not defined"}
2024-04-05 13:02:03.073 ERROR json_response.py json_response - response_exception:{'message': "name 'update_image' is not defined"}
2024-04-05 14:30:15.810 ERROR json_response.py json_response - response_exception:{'message': 'string indices must be integers'}
2024-04-05 14:35:33.795 ERROR json_response.py json_response - response_exception:{'message': "local variable 'image_list' referenced before assignment"}
2024-04-05 14:40:13.020 ERROR json_response.py json_response - response_exception:{'message': 'string indices must be integers'}
2024-04-05 14:41:14.207 ERROR json_response.py json_response - response_exception:{'message': "'image_id'"}
2024-04-05 14:42:00.627 ERROR json_response.py json_response - response_exception:{'message': "'image_id'"}
2024-04-05 14:43:12.225 ERROR json_response.py json_response - response_exception:{'message': 'string indices must be integers'}
2024-04-05 14:46:00.169 ERROR json_response.py json_response - response_exception:{'message': 'string indices must be integers'}
2024-04-05 14:48:41.726 ERROR json_response.py json_response - response_exception:{'message': 'string indices must be integers'}
2024-04-05 14:49:24.543 ERROR json_response.py json_response - response_exception:{'message': 'string indices must be integers'}
2024-04-05 14:57:44.714 ERROR json_response.py json_response - response_exception:{'message': 'string indices must be integers'}
2024-04-05 15:01:59.465 ERROR json_response.py json_response - response_exception:{'message': 'string indices must be integers'}
2024-04-05 15:02:54.136 ERROR json_response.py json_response - response_exception:{'message': 'string indices must be integers'}
2024-04-05 15:05:03.778 ERROR json_response.py json_response - response_exception:{'message': "'image_id'"}
2024-04-05 15:16:22.170 ERROR json_response.py json_response - response_exception:{'message': "'product_image'"}
