2024-05-23 11:49:10.659 ERROR json_response.py json_response - response_exception:{'message': "'access_token'"}
2024-05-23 11:49:19.866 ERROR json_response.py json_response - response_exception:{'message': "'access_token'"}
2024-05-23 11:50:08.003 ERROR json_response.py json_response - response_exception:{'message': "'access_token'"}
2024-05-23 11:50:22.193 ERROR json_response.py json_response - response_exception:{'message': "'access_token'"}
2024-05-23 11:51:11.659 ERROR json_response.py json_response - response_exception:{'message': "'access_token'"}
2024-05-23 11:51:44.911 ERROR json_response.py json_response - response_exception:{'message': "'access_token'"}
2024-05-23 11:56:29.661 ERROR json_response.py json_response - response_exception:{'message': "check_authorization_key() missing 1 required positional argument: 'access_token'"}
2024-05-23 12:02:19.664 ERROR json_response.py json_response - response_exception:{'message': "'access_token'"}
2024-05-23 12:02:36.041 ERROR json_response.py json_response - response_exception:{'message': "'access_token'"}
2024-05-23 12:07:11.607 ERROR json_response.py json_response - response_exception:{'message': 'string index out of range'}
2024-05-23 12:12:17.932 ERROR json_response.py json_response - response_exception:{'message': 'string index out of range'}
2024-05-23 12:15:54.348 ERROR json_response.py json_response - response_exception:{'message': 'list index out of range'}
2024-05-23 12:22:07.518 ERROR json_response.py json_response - response_exception:{'message': "'access_token'"}
2024-05-23 12:37:25.281 ERROR json_response.py json_response - response_exception:{'message': "name 'user_id' is not defined"}
2024-05-23 14:50:19.606 ERROR json_response.py json_response - response_exception:{'message': "'access_token'"}
2024-05-23 14:51:38.229 ERROR json_response.py json_response - response_exception:{'message': "'access_token'"}
2024-05-23 14:52:17.598 ERROR json_response.py json_response - response_exception:{'message': "'access_token'"}
2024-05-23 14:55:50.083 ERROR json_response.py json_response - response_exception:{'message': "'access_token'"}
2024-05-23 16:42:32.378 ERROR json_response.py json_response - response_exception:{'message': 'Invalid base64-encoded string: number of data characters (9) cannot be 1 more than a multiple of 4'}
2024-05-23 16:42:32.425 ERROR json_response.py json_response - response_exception:{'message': 'Invalid base64-encoded string: number of data characters (9) cannot be 1 more than a multiple of 4'}
