2024-04-25 09:19:29.392 ERROR json_response.py json_response - response_exception:{'message': 'Invalid base64-encoded string: number of data characters (9) cannot be 1 more than a multiple of 4'}
2024-04-25 09:19:29.502 ERROR json_response.py json_response - response_exception:{'message': 'Invalid base64-encoded string: number of data characters (9) cannot be 1 more than a multiple of 4'}
2024-04-25 09:20:31.088 ERROR json_response.py json_response - response_exception:{'message': 'unterminated quoted string at or near "\'YWFiNjgxNDQtYjJlMy00ZWQyLWJjNmQtMjg3MGU1NmQ4N2Y4 ;"\nLINE 3: ...         WHERE 1=1  AND order_table.ref_user_id = \'YWFiNjgxN...\n                                                             ^\n'}
2024-04-25 09:20:31.159 ERROR json_response.py json_response - response_exception:{'message': 'unterminated quoted string at or near "\'YWFiNjgxNDQtYjJlMy00ZWQyLWJjNmQtMjg3MGU1NmQ4N2Y4 ;"\nLINE 3: ...         WHERE 1=1  AND order_table.ref_user_id = \'YWFiNjgxN...\n                                                             ^\n'}
2024-04-25 09:20:31.221 ERROR json_response.py json_response - response_exception:{'message': 'unterminated quoted string at or near "\'YWFiNjgxNDQtYjJlMy00ZWQyLWJjNmQtMjg3MGU1NmQ4N2Y4 ;"\nLINE 3: ...         WHERE 1=1  AND order_table.ref_user_id = \'YWFiNjgxN...\n                                                             ^\n'}
2024-04-25 09:20:31.851 ERROR json_response.py json_response - response_exception:{'message': 'Invalid base64-encoded string: number of data characters (9) cannot be 1 more than a multiple of 4'}
2024-04-25 09:20:31.976 ERROR json_response.py json_response - response_exception:{'message': 'Invalid base64-encoded string: number of data characters (9) cannot be 1 more than a multiple of 4'}
2024-04-25 09:20:55.280 ERROR json_response.py json_response - response_exception:{'message': 'Invalid base64-encoded string: number of data characters (9) cannot be 1 more than a multiple of 4'}
2024-04-25 09:20:55.484 ERROR json_response.py json_response - response_exception:{'message': 'Invalid base64-encoded string: number of data characters (9) cannot be 1 more than a multiple of 4'}
2024-04-25 09:32:03.268 ERROR json_response.py json_response - response_exception:{'message': 'unterminated quoted string at or near "\'YWFiNjgxNDQtYjJlMy00ZWQyLWJjNmQtMjg3MGU1NmQ4N2Y4 ;"\nLINE 3: ...         WHERE 1=1  AND order_table.ref_user_id = \'YWFiNjgxN...\n                                                             ^\n'}
2024-04-25 09:32:03.319 ERROR json_response.py json_response - response_exception:{'message': 'unterminated quoted string at or near "\'YWFiNjgxNDQtYjJlMy00ZWQyLWJjNmQtMjg3MGU1NmQ4N2Y4 ;"\nLINE 3: ...         WHERE 1=1  AND order_table.ref_user_id = \'YWFiNjgxN...\n                                                             ^\n'}
2024-04-25 09:32:03.384 ERROR json_response.py json_response - response_exception:{'message': 'unterminated quoted string at or near "\'YWFiNjgxNDQtYjJlMy00ZWQyLWJjNmQtMjg3MGU1NmQ4N2Y4 ;"\nLINE 3: ...         WHERE 1=1  AND order_table.ref_user_id = \'YWFiNjgxN...\n                                                             ^\n'}
2024-04-25 09:32:43.691 ERROR json_response.py json_response - response_exception:{'message': 'unterminated quoted string at or near "\'YWFiNjgxNDQtYjJlMy00ZWQyLWJjNmQtMjg3MGU1NmQ4N2Y4 ;"\nLINE 3: ...         WHERE 1=1  AND order_table.ref_user_id = \'YWFiNjgxN...\n                                                             ^\n'}
2024-04-25 09:32:43.757 ERROR json_response.py json_response - response_exception:{'message': 'unterminated quoted string at or near "\'YWFiNjgxNDQtYjJlMy00ZWQyLWJjNmQtMjg3MGU1NmQ4N2Y4 ;"\nLINE 3: ...         WHERE 1=1  AND order_table.ref_user_id = \'YWFiNjgxN...\n                                                             ^\n'}
2024-04-25 09:32:43.878 ERROR json_response.py json_response - response_exception:{'message': 'unterminated quoted string at or near "\'YWFiNjgxNDQtYjJlMy00ZWQyLWJjNmQtMjg3MGU1NmQ4N2Y4 ;"\nLINE 3: ...         WHERE 1=1  AND order_table.ref_user_id = \'YWFiNjgxN...\n                                                             ^\n'}
2024-04-25 09:32:58.813 ERROR json_response.py json_response - response_exception:{'message': 'unterminated quoted string at or near "\'YWFiNjgxNDQtYjJlMy00ZWQyLWJjNmQtMjg3MGU1NmQ4N2Y4 ;"\nLINE 3: ...         WHERE 1=1  AND order_table.ref_user_id = \'YWFiNjgxN...\n                                                             ^\n'}
2024-04-25 09:32:58.873 ERROR json_response.py json_response - response_exception:{'message': 'unterminated quoted string at or near "\'YWFiNjgxNDQtYjJlMy00ZWQyLWJjNmQtMjg3MGU1NmQ4N2Y4 ;"\nLINE 3: ...         WHERE 1=1  AND order_table.ref_user_id = \'YWFiNjgxN...\n                                                             ^\n'}
2024-04-25 09:32:59.040 ERROR json_response.py json_response - response_exception:{'message': 'unterminated quoted string at or near "\'YWFiNjgxNDQtYjJlMy00ZWQyLWJjNmQtMjg3MGU1NmQ4N2Y4 ;"\nLINE 3: ...         WHERE 1=1  AND order_table.ref_user_id = \'YWFiNjgxN...\n                                                             ^\n'}
2024-04-25 09:34:49.285 ERROR json_response.py json_response - response_exception:{'message': 'unterminated quoted string at or near "\'YWFiNjgxNDQtYjJlMy00ZWQyLWJjNmQtMjg3MGU1NmQ4N2Y4 ;"\nLINE 3: ...         WHERE 1=1  AND order_table.ref_user_id = \'YWFiNjgxN...\n                                                             ^\n'}
2024-04-25 09:34:49.347 ERROR json_response.py json_response - response_exception:{'message': 'unterminated quoted string at or near "\'YWFiNjgxNDQtYjJlMy00ZWQyLWJjNmQtMjg3MGU1NmQ4N2Y4 ;"\nLINE 3: ...         WHERE 1=1  AND order_table.ref_user_id = \'YWFiNjgxN...\n                                                             ^\n'}
2024-04-25 09:34:49.404 ERROR json_response.py json_response - response_exception:{'message': 'unterminated quoted string at or near "\'YWFiNjgxNDQtYjJlMy00ZWQyLWJjNmQtMjg3MGU1NmQ4N2Y4 ;"\nLINE 3: ...         WHERE 1=1  AND order_table.ref_user_id = \'YWFiNjgxN...\n                                                             ^\n'}
2024-04-25 09:35:32.318 ERROR json_response.py json_response - response_exception:{'message': 'unterminated quoted string at or near "\'YWFiNjgxNDQtYjJlMy00ZWQyLWJjNmQtMjg3MGU1NmQ4N2Y4 ;"\nLINE 3: ...         WHERE 1=1  AND order_table.ref_user_id = \'YWFiNjgxN...\n                                                             ^\n'}
2024-04-25 09:35:37.752 ERROR json_response.py json_response - response_exception:{'message': 'unterminated quoted string at or near "\'YWFiNjgxNDQtYjJlMy00ZWQyLWJjNmQtMjg3MGU1NmQ4N2Y4 ;"\nLINE 3: ...         WHERE 1=1  AND order_table.ref_user_id = \'YWFiNjgxN...\n                                                             ^\n'}
2024-04-25 09:35:37.813 ERROR json_response.py json_response - response_exception:{'message': 'unterminated quoted string at or near "\'YWFiNjgxNDQtYjJlMy00ZWQyLWJjNmQtMjg3MGU1NmQ4N2Y4 ;"\nLINE 3: ...         WHERE 1=1  AND order_table.ref_user_id = \'YWFiNjgxN...\n                                                             ^\n'}
2024-04-25 09:35:37.896 ERROR json_response.py json_response - response_exception:{'message': 'unterminated quoted string at or near "\'YWFiNjgxNDQtYjJlMy00ZWQyLWJjNmQtMjg3MGU1NmQ4N2Y4 ;"\nLINE 3: ...         WHERE 1=1  AND order_table.ref_user_id = \'YWFiNjgxN...\n                                                             ^\n'}
2024-04-25 09:36:25.296 ERROR json_response.py json_response - response_exception:{'message': 'unterminated quoted string at or near "\'YWFiNjgxNDQtYjJlMy00ZWQyLWJjNmQtMjg3MGU1NmQ4N2Y4 ;"\nLINE 3: ...         WHERE 1=1  AND order_table.ref_user_id = \'YWFiNjgxN...\n                                                             ^\n'}
2024-04-25 09:38:27.322 ERROR json_response.py json_response - response_exception:{'message': 'unterminated quoted string at or near "\'YWFiNjgxNDQtYjJlMy00ZWQyLWJjNmQtMjg3MGU1NmQ4N2Y4 ;"\nLINE 3: ...         WHERE 1=1  AND order_table.ref_user_id = \'YWFiNjgxN...\n                                                             ^\n'}
2024-04-25 09:38:27.387 ERROR json_response.py json_response - response_exception:{'message': 'unterminated quoted string at or near "\'YWFiNjgxNDQtYjJlMy00ZWQyLWJjNmQtMjg3MGU1NmQ4N2Y4 ;"\nLINE 3: ...         WHERE 1=1  AND order_table.ref_user_id = \'YWFiNjgxN...\n                                                             ^\n'}
2024-04-25 09:38:27.452 ERROR json_response.py json_response - response_exception:{'message': 'unterminated quoted string at or near "\'YWFiNjgxNDQtYjJlMy00ZWQyLWJjNmQtMjg3MGU1NmQ4N2Y4 ;"\nLINE 3: ...         WHERE 1=1  AND order_table.ref_user_id = \'YWFiNjgxN...\n                                                             ^\n'}
2024-04-25 09:40:30.430 ERROR json_response.py json_response - response_exception:{'message': 'unterminated quoted string at or near "\'YWFiNjgxNDQtYjJlMy00ZWQyLWJjNmQtMjg3MGU1NmQ4N2Y4 ;"\nLINE 3: ...         WHERE 1=1  AND order_table.ref_user_id = \'YWFiNjgxN...\n                                                             ^\n'}
2024-04-25 09:40:31.816 ERROR json_response.py json_response - response_exception:{'message': 'unterminated quoted string at or near "\'YWFiNjgxNDQtYjJlMy00ZWQyLWJjNmQtMjg3MGU1NmQ4N2Y4 ;"\nLINE 3: ...         WHERE 1=1  AND order_table.ref_user_id = \'YWFiNjgxN...\n                                                             ^\n'}
2024-04-25 09:43:50.025 ERROR json_response.py json_response - response_exception:{'message': 'unterminated quoted string at or near "\'YWFiNjgxNDQtYjJlMy00ZWQyLWJjNmQtMjg3MGU1NmQ4N2Y4 ;"\nLINE 3: ...         WHERE 1=1  AND order_table.ref_user_id = \'YWFiNjgxN...\n                                                             ^\n'}
2024-04-25 09:47:39.243 ERROR json_response.py json_response - response_exception:{'message': 'unterminated quoted string at or near "\'YWFiNjgxNDQtYjJlMy00ZWQyLWJjNmQtMjg3MGU1NmQ4N2Y4 ;"\nLINE 3: ...         WHERE 1=1  AND order_table.ref_user_id = \'YWFiNjgxN...\n                                                             ^\n'}
2024-04-25 09:49:24.820 ERROR json_response.py json_response - response_exception:{'message': 'unterminated quoted string at or near "\'YWFiNjgxNDQtYjJlMy00ZWQyLWJjNmQtMjg3MGU1NmQ4N2Y4 ;"\nLINE 3: ...         WHERE 1=1  AND order_table.ref_user_id = \'YWFiNjgxN...\n                                                             ^\n'}
2024-04-25 09:49:24.961 ERROR json_response.py json_response - response_exception:{'message': 'unterminated quoted string at or near "\'YWFiNjgxNDQtYjJlMy00ZWQyLWJjNmQtMjg3MGU1NmQ4N2Y4 ;"\nLINE 3: ...         WHERE 1=1  AND order_table.ref_user_id = \'YWFiNjgxN...\n                                                             ^\n'}
2024-04-25 09:49:25.086 ERROR json_response.py json_response - response_exception:{'message': 'unterminated quoted string at or near "\'YWFiNjgxNDQtYjJlMy00ZWQyLWJjNmQtMjg3MGU1NmQ4N2Y4 ;"\nLINE 3: ...         WHERE 1=1  AND order_table.ref_user_id = \'YWFiNjgxN...\n                                                             ^\n'}
2024-04-25 09:49:54.788 ERROR json_response.py json_response - response_exception:{'message': 'unterminated quoted string at or near "\'YWFiNjgxNDQtYjJlMy00ZWQyLWJjNmQtMjg3MGU1NmQ4N2Y4 ;"\nLINE 3: ...         WHERE 1=1  AND order_table.ref_user_id = \'YWFiNjgxN...\n                                                             ^\n'}
2024-04-25 09:49:54.845 ERROR json_response.py json_response - response_exception:{'message': 'unterminated quoted string at or near "\'YWFiNjgxNDQtYjJlMy00ZWQyLWJjNmQtMjg3MGU1NmQ4N2Y4 ;"\nLINE 3: ...         WHERE 1=1  AND order_table.ref_user_id = \'YWFiNjgxN...\n                                                             ^\n'}
2024-04-25 09:49:54.908 ERROR json_response.py json_response - response_exception:{'message': 'unterminated quoted string at or near "\'YWFiNjgxNDQtYjJlMy00ZWQyLWJjNmQtMjg3MGU1NmQ4N2Y4 ;"\nLINE 3: ...         WHERE 1=1  AND order_table.ref_user_id = \'YWFiNjgxN...\n                                                             ^\n'}
2024-04-25 09:49:57.791 ERROR json_response.py json_response - response_exception:{'message': 'unterminated quoted string at or near "\'YWFiNjgxNDQtYjJlMy00ZWQyLWJjNmQtMjg3MGU1NmQ4N2Y4 ;"\nLINE 3: ...         WHERE 1=1  AND order_table.ref_user_id = \'YWFiNjgxN...\n                                                             ^\n'}
2024-04-25 09:50:13.780 ERROR json_response.py json_response - response_exception:{'message': 'unterminated quoted string at or near "\'YWFiNjgxNDQtYjJlMy00ZWQyLWJjNmQtMjg3MGU1NmQ4N2Y4 ;"\nLINE 3: ...         WHERE 1=1  AND order_table.ref_user_id = \'YWFiNjgxN...\n                                                             ^\n'}
2024-04-25 09:50:16.169 ERROR json_response.py json_response - response_exception:{'message': 'unterminated quoted string at or near "\'YWFiNjgxNDQtYjJlMy00ZWQyLWJjNmQtMjg3MGU1NmQ4N2Y4 ;"\nLINE 3: ...         WHERE 1=1  AND order_table.ref_user_id = \'YWFiNjgxN...\n                                                             ^\n'}
2024-04-25 09:50:43.927 ERROR json_response.py json_response - response_exception:{'message': 'unterminated quoted string at or near "\'YWFiNjgxNDQtYjJlMy00ZWQyLWJjNmQtMjg3MGU1NmQ4N2Y4 ;"\nLINE 3: ...         WHERE 1=1  AND order_table.ref_user_id = \'YWFiNjgxN...\n                                                             ^\n'}
2024-04-25 09:50:43.984 ERROR json_response.py json_response - response_exception:{'message': 'unterminated quoted string at or near "\'YWFiNjgxNDQtYjJlMy00ZWQyLWJjNmQtMjg3MGU1NmQ4N2Y4 ;"\nLINE 3: ...         WHERE 1=1  AND order_table.ref_user_id = \'YWFiNjgxN...\n                                                             ^\n'}
2024-04-25 09:50:44.047 ERROR json_response.py json_response - response_exception:{'message': 'unterminated quoted string at or near "\'YWFiNjgxNDQtYjJlMy00ZWQyLWJjNmQtMjg3MGU1NmQ4N2Y4 ;"\nLINE 3: ...         WHERE 1=1  AND order_table.ref_user_id = \'YWFiNjgxN...\n                                                             ^\n'}
2024-04-25 09:50:52.777 ERROR json_response.py json_response - response_exception:{'message': 'unterminated quoted string at or near "\'YWFiNjgxNDQtYjJlMy00ZWQyLWJjNmQtMjg3MGU1NmQ4N2Y4 ;"\nLINE 3: ...         WHERE 1=1  AND order_table.ref_user_id = \'YWFiNjgxN...\n                                                             ^\n'}
2024-04-25 09:58:26.112 ERROR json_response.py json_response - response_exception:{'message': 'unterminated quoted string at or near "\'YWFiNjgxNDQtYjJlMy00ZWQyLWJjNmQtMjg3MGU1NmQ4N2Y4 ;"\nLINE 3: ...         WHERE 1=1  AND order_table.ref_user_id = \'YWFiNjgxN...\n                                                             ^\n'}
2024-04-25 09:58:26.171 ERROR json_response.py json_response - response_exception:{'message': 'unterminated quoted string at or near "\'YWFiNjgxNDQtYjJlMy00ZWQyLWJjNmQtMjg3MGU1NmQ4N2Y4 ;"\nLINE 3: ...         WHERE 1=1  AND order_table.ref_user_id = \'YWFiNjgxN...\n                                                             ^\n'}
2024-04-25 09:58:26.238 ERROR json_response.py json_response - response_exception:{'message': 'unterminated quoted string at or near "\'YWFiNjgxNDQtYjJlMy00ZWQyLWJjNmQtMjg3MGU1NmQ4N2Y4 ;"\nLINE 3: ...         WHERE 1=1  AND order_table.ref_user_id = \'YWFiNjgxN...\n                                                             ^\n'}
2024-04-25 10:11:04.089 ERROR json_response.py json_response - response_exception:{'message': "'product_d_name'"}
2024-04-25 10:11:16.308 ERROR json_response.py json_response - response_exception:{'message': "'product_d_name'"}
2024-04-25 10:23:49.548 ERROR json_response.py json_response - response_exception:{'message': "'product_id'"}
2024-04-25 10:24:43.560 ERROR json_response.py json_response - response_exception:{'message': "'product_id'"}
2024-04-25 10:50:10.024 ERROR json_response.py json_response - response_exception:{'message': "'product_d_name'"}
2024-04-25 11:08:55.679 ERROR json_response.py json_response - response_exception:{'message': "'product_id'"}
2024-04-25 11:09:05.750 ERROR json_response.py json_response - response_exception:{'message': "'product_id'"}
2024-04-25 11:09:45.523 ERROR json_response.py json_response - response_exception:{'message': "'utf-8' codec can't decode byte 0xdf in position 0: invalid continuation byte"}
2024-04-25 11:10:17.100 ERROR json_response.py json_response - response_exception:{'message': 'string indices must be integers'}
2024-04-25 11:16:35.853 ERROR json_response.py json_response - response_exception:{'message': 'Expecting property name enclosed in double quotes: line 35 column 1 (char 651)'}
2024-04-25 11:17:47.687 ERROR json_response.py json_response - response_exception:{'message': "Expecting ',' delimiter: line 33 column 6 (char 640)"}
2024-04-25 11:19:27.669 ERROR json_response.py json_response - response_exception:{'message': 'string indices must be integers'}
2024-04-25 11:19:56.522 ERROR json_response.py json_response - response_exception:{'message': 'string indices must be integers'}
2024-04-25 11:20:16.378 ERROR json_response.py json_response - response_exception:{'message': 'string indices must be integers'}
2024-04-25 11:20:30.474 ERROR json_response.py json_response - response_exception:{'message': 'string indices must be integers'}
2024-04-25 11:23:31.698 ERROR json_response.py json_response - response_exception:{'message': "'product_d_name'"}
2024-04-25 11:23:41.736 ERROR json_response.py json_response - response_exception:{'message': 'string indices must be integers'}
2024-04-25 11:24:07.806 ERROR json_response.py json_response - response_exception:{'message': "'product_d_name'"}
2024-04-25 11:24:26.889 ERROR json_response.py json_response - response_exception:{'message': "'product_d_name'"}
2024-04-25 11:24:44.752 ERROR json_response.py json_response - response_exception:{'message': 'string indices must be integers'}
2024-04-25 11:25:40.477 ERROR json_response.py json_response - response_exception:{'message': "'product_d_name'"}
2024-04-25 11:26:11.697 ERROR json_response.py json_response - response_exception:{'message': 'string indices must be integers'}
2024-04-25 11:26:35.188 ERROR json_response.py json_response - response_exception:{'message': "'product_id'"}
2024-04-25 11:28:25.197 ERROR json_response.py json_response - response_exception:{'message': "'product_id'"}
2024-04-25 11:28:43.692 ERROR json_response.py json_response - response_exception:{'message': "'product_id'"}
2024-04-25 11:29:59.506 ERROR json_response.py json_response - response_exception:{'message': "'utf-8' codec can't decode byte 0xb6 in position 0: invalid start byte"}
2024-04-25 11:30:11.083 ERROR json_response.py json_response - response_exception:{'message': "'utf-8' codec can't decode byte 0xb6 in position 0: invalid start byte"}
2024-04-25 11:31:00.061 ERROR json_response.py json_response - response_exception:{'message': "'utf-8' codec can't decode byte 0xa6 in position 0: invalid start byte"}
2024-04-25 11:32:42.271 ERROR json_response.py json_response - response_exception:{'message': "'utf-8' codec can't decode byte 0xa6 in position 0: invalid start byte"}
2024-04-25 11:34:39.994 ERROR json_response.py json_response - response_exception:{'message': "'utf-8' codec can't decode byte 0xa6 in position 0: invalid start byte"}
2024-04-25 11:35:15.369 ERROR json_response.py json_response - response_exception:{'message': "name 'order_details' is not defined"}
2024-04-25 11:36:26.707 ERROR json_response.py json_response - response_exception:{'message': "'product_id'"}
2024-04-25 11:36:54.190 ERROR json_response.py json_response - response_exception:{'message': "'utf-8' codec can't decode byte 0x89 in position 0: invalid start byte"}
2024-04-25 11:52:21.332 ERROR json_response.py json_response - response_exception:{'message': 'string indices must be integers'}
2024-04-25 11:52:34.179 ERROR json_response.py json_response - response_exception:{'message': 'string indices must be integers'}
2024-04-25 11:54:18.383 ERROR json_response.py json_response - response_exception:{'message': 'string indices must be integers'}
2024-04-25 11:55:51.077 ERROR json_response.py json_response - response_exception:{'message': "'utf-8' codec can't decode byte 0xad in position 0: invalid start byte"}
2024-04-25 12:02:17.399 ERROR json_response.py json_response - response_exception:{'message': 'string indices must be integers'}
2024-04-25 12:02:50.019 ERROR json_response.py json_response - response_exception:{'message': 'string indices must be integers'}
2024-04-25 12:05:06.875 ERROR json_response.py json_response - response_exception:{'message': "'utf-8' codec can't decode byte 0xa6 in position 0: invalid start byte"}
2024-04-25 12:05:18.685 ERROR json_response.py json_response - response_exception:{'message': "'utf-8' codec can't decode byte 0xa6 in position 0: invalid start byte"}
2024-04-25 12:05:38.931 ERROR json_response.py json_response - response_exception:{'message': 'string indices must be integers'}
2024-04-25 12:07:43.447 ERROR json_response.py json_response - response_exception:{'message': 'string indices must be integers'}
2024-04-25 12:07:46.587 ERROR json_response.py json_response - response_exception:{'message': 'string indices must be integers'}
2024-04-25 12:08:16.679 ERROR json_response.py json_response - response_exception:{'message': 'string indices must be integers'}
2024-04-25 12:08:27.942 ERROR json_response.py json_response - response_exception:{'message': 'string indices must be integers'}
2024-04-25 12:10:03.046 ERROR json_response.py json_response - response_exception:{'message': 'string indices must be integers'}
2024-04-25 12:10:32.624 ERROR json_response.py json_response - response_exception:{'message': 'string indices must be integers'}
2024-04-25 12:11:12.138 ERROR json_response.py json_response - response_exception:{'message': 'string indices must be integers'}
2024-04-25 12:12:41.794 ERROR json_response.py json_response - response_exception:{'message': 'Expecting value: line 1 column 1 (char 0)'}
2024-04-25 12:13:25.239 ERROR json_response.py json_response - response_exception:{'message': "'utf-8' codec can't decode byte 0xa6 in position 0: invalid start byte"}
2024-04-25 12:15:31.960 ERROR json_response.py json_response - response_exception:{'message': "'utf-8' codec can't decode byte 0xa6 in position 0: invalid start byte"}
2024-04-25 12:25:09.221 ERROR json_response.py json_response - response_exception:{'message': 'string indices must be integers'}
2024-04-25 12:29:12.436 ERROR json_response.py json_response - response_exception:{'message': "'utf-8' codec can't decode byte 0xa6 in position 0: invalid start byte"}
2024-04-25 12:29:51.407 ERROR json_response.py json_response - response_exception:{'message': 'string indices must be integers'}
2024-04-25 12:31:04.783 ERROR json_response.py json_response - response_exception:{'message': 'string indices must be integers'}
2024-04-25 12:32:52.466 ERROR json_response.py json_response - response_exception:{'message': 'string indices must be integers'}
2024-04-25 12:38:28.005 ERROR json_response.py json_response - response_exception:{'message': 'Expecting property name enclosed in double quotes: line 1 column 2 (char 1)'}
2024-04-25 12:38:28.129 ERROR json_response.py json_response - response_exception:{'message': 'Expecting property name enclosed in double quotes: line 1 column 2 (char 1)'}
2024-04-25 12:40:39.729 ERROR json_response.py json_response - response_exception:{'message': 'Expecting property name enclosed in double quotes: line 1 column 2 (char 1)'}
2024-04-25 12:40:39.869 ERROR json_response.py json_response - response_exception:{'message': 'Expecting property name enclosed in double quotes: line 1 column 2 (char 1)'}
2024-04-25 12:42:22.920 ERROR json_response.py json_response - response_exception:{'message': 'string indices must be integers'}
2024-04-25 12:42:33.388 ERROR json_response.py json_response - response_exception:{'message': 'Expecting property name enclosed in double quotes: line 1 column 2 (char 1)'}
2024-04-25 12:42:33.504 ERROR json_response.py json_response - response_exception:{'message': 'Expecting property name enclosed in double quotes: line 1 column 2 (char 1)'}
2024-04-25 12:42:47.388 ERROR json_response.py json_response - response_exception:{'message': 'string indices must be integers'}
2024-04-25 12:42:50.439 ERROR json_response.py json_response - response_exception:{'message': 'Expecting property name enclosed in double quotes: line 1 column 2 (char 1)'}
2024-04-25 12:42:50.556 ERROR json_response.py json_response - response_exception:{'message': 'Expecting property name enclosed in double quotes: line 1 column 2 (char 1)'}
2024-04-25 12:45:30.665 ERROR json_response.py json_response - response_exception:{'message': "'utf-8' codec can't decode byte 0xa6 in position 0: invalid start byte"}
2024-04-25 12:45:32.116 ERROR json_response.py json_response - response_exception:{'message': 'string indices must be integers'}
2024-04-25 12:45:37.840 ERROR json_response.py json_response - response_exception:{'message': 'string indices must be integers'}
2024-04-25 12:45:40.777 ERROR json_response.py json_response - response_exception:{'message': 'string indices must be integers'}
2024-04-25 12:45:55.773 ERROR json_response.py json_response - response_exception:{'message': 'string indices must be integers'}
2024-04-25 12:46:02.795 ERROR json_response.py json_response - response_exception:{'message': 'Expecting property name enclosed in double quotes: line 1 column 2 (char 1)'}
2024-04-25 12:46:02.934 ERROR json_response.py json_response - response_exception:{'message': 'Expecting property name enclosed in double quotes: line 1 column 2 (char 1)'}
2024-04-25 12:47:00.553 ERROR json_response.py json_response - response_exception:{'message': 'Expecting property name enclosed in double quotes: line 1 column 2 (char 1)'}
2024-04-25 12:47:00.710 ERROR json_response.py json_response - response_exception:{'message': 'Expecting property name enclosed in double quotes: line 1 column 2 (char 1)'}
2024-04-25 12:54:28.030 ERROR json_response.py json_response - response_exception:{'message': 'Expecting value: line 1 column 1 (char 0)'}
2024-04-25 12:54:28.154 ERROR json_response.py json_response - response_exception:{'message': 'Expecting value: line 1 column 1 (char 0)'}
2024-04-25 12:59:45.367 ERROR json_response.py json_response - response_exception:{'message': 'column order_table.ref_product_id does not exist\nLINE 2: ...roduct_master where product_master.data_uniq_id = order_tabl...\n                                                             ^\n'}
2024-04-25 12:59:58.037 ERROR json_response.py json_response - response_exception:{'message': 'column order_table.ref_product_id does not exist\nLINE 2: ...roduct_master where product_master.data_uniq_id = order_tabl...\n                                                             ^\n'}
2024-04-25 12:59:58.209 ERROR json_response.py json_response - response_exception:{'message': 'column order_table.ref_product_id does not exist\nLINE 2: ...roduct_master where product_master.data_uniq_id = order_tabl...\n                                                             ^\n'}
2024-04-25 12:59:58.271 ERROR json_response.py json_response - response_exception:{'message': 'column order_table.ref_product_id does not exist\nLINE 2: ...roduct_master where product_master.data_uniq_id = order_tabl...\n                                                             ^\n'}
2024-04-25 12:59:58.334 ERROR json_response.py json_response - response_exception:{'message': 'column order_table.ref_product_id does not exist\nLINE 2: ...roduct_master where product_master.data_uniq_id = order_tabl...\n                                                             ^\n'}
2024-04-25 12:59:58.381 ERROR json_response.py json_response - response_exception:{'message': 'column order_table.ref_product_id does not exist\nLINE 2: ...roduct_master where product_master.data_uniq_id = order_tabl...\n                                                             ^\n'}
2024-04-25 12:59:58.459 ERROR json_response.py json_response - response_exception:{'message': 'column order_table.ref_product_id does not exist\nLINE 2: ...roduct_master where product_master.data_uniq_id = order_tabl...\n                                                             ^\n'}
2024-04-25 12:59:58.490 ERROR json_response.py json_response - response_exception:{'message': 'column order_table.ref_product_id does not exist\nLINE 2: ...roduct_master where product_master.data_uniq_id = order_tabl...\n                                                             ^\n'}
2024-04-25 12:59:58.600 ERROR json_response.py json_response - response_exception:{'message': 'column order_table.ref_product_id does not exist\nLINE 2: ...roduct_master where product_master.data_uniq_id = order_tabl...\n                                                             ^\n'}
2024-04-25 12:59:58.725 ERROR json_response.py json_response - response_exception:{'message': 'column order_table.ref_product_id does not exist\nLINE 2: ...roduct_master where product_master.data_uniq_id = order_tabl...\n                                                             ^\n'}
2024-04-25 12:59:58.865 ERROR json_response.py json_response - response_exception:{'message': 'column order_table.ref_product_id does not exist\nLINE 2: ...roduct_master where product_master.data_uniq_id = order_tabl...\n                                                             ^\n'}
2024-04-25 12:59:58.990 ERROR json_response.py json_response - response_exception:{'message': 'column order_table.ref_product_id does not exist\nLINE 2: ...roduct_master where product_master.data_uniq_id = order_tabl...\n                                                             ^\n'}
2024-04-25 13:01:42.979 ERROR json_response.py json_response - response_exception:{'message': 'Expecting value: line 1 column 1 (char 0)'}
2024-04-25 13:01:43.150 ERROR json_response.py json_response - response_exception:{'message': 'Expecting value: line 1 column 1 (char 0)'}
2024-04-25 13:16:32.370 ERROR json_response.py json_response - response_exception:{'message': 'Expecting value: line 1 column 1 (char 0)'}
2024-04-25 13:16:32.492 ERROR json_response.py json_response - response_exception:{'message': 'Expecting value: line 1 column 1 (char 0)'}
2024-04-25 14:21:10.446 ERROR json_response.py json_response - response_exception:{'message': 'connection to server at "192.168.29.26", port 5432 failed: server closed the connection unexpectedly\n\tThis probably means the server terminated abnormally\n\tbefore or while processing the request.\n'}
2024-04-25 14:21:10.461 ERROR json_response.py json_response - response_exception:{'message': 'connection to server at "192.168.29.26", port 5432 failed: server closed the connection unexpectedly\n\tThis probably means the server terminated abnormally\n\tbefore or while processing the request.\n'}
2024-04-25 14:21:10.477 ERROR json_response.py json_response - response_exception:{'message': 'connection to server at "192.168.29.26", port 5432 failed: server closed the connection unexpectedly\n\tThis probably means the server terminated abnormally\n\tbefore or while processing the request.\n'}
2024-04-25 14:21:25.039 ERROR json_response.py json_response - response_exception:{'message': 'Expecting value: line 1 column 1 (char 0)'}
2024-04-25 14:21:25.148 ERROR json_response.py json_response - response_exception:{'message': 'Expecting value: line 1 column 1 (char 0)'}
2024-04-25 14:22:51.069 ERROR json_response.py json_response - response_exception:{'message': 'Expecting value: line 1 column 1 (char 0)'}
2024-04-25 14:22:51.200 ERROR json_response.py json_response - response_exception:{'message': 'Expecting value: line 1 column 1 (char 0)'}
2024-04-25 14:45:38.253 ERROR json_response.py json_response - response_exception:{'message': 'Expecting value: line 1 column 1 (char 0)'}
2024-04-25 14:45:38.409 ERROR json_response.py json_response - response_exception:{'message': 'Expecting value: line 1 column 1 (char 0)'}
2024-04-25 14:45:47.599 ERROR json_response.py json_response - response_exception:{'message': 'Expecting value: line 1 column 1 (char 0)'}
2024-04-25 14:45:47.755 ERROR json_response.py json_response - response_exception:{'message': 'Expecting value: line 1 column 1 (char 0)'}
2024-04-25 15:21:02.030 ERROR json_response.py json_response - response_exception:{'message': 'Expecting value: line 1 column 1 (char 0)'}
2024-04-25 15:21:02.218 ERROR json_response.py json_response - response_exception:{'message': 'Expecting value: line 1 column 1 (char 0)'}
2024-04-25 15:38:16.820 ERROR json_response.py json_response - response_exception:{'message': 'Expecting value: line 1 column 1 (char 0)'}
2024-04-25 15:38:16.961 ERROR json_response.py json_response - response_exception:{'message': 'Expecting value: line 1 column 1 (char 0)'}
2024-04-25 15:41:24.963 ERROR json_response.py json_response - response_exception:{'message': 'Expecting value: line 1 column 1 (char 0)'}
2024-04-25 15:41:25.104 ERROR json_response.py json_response - response_exception:{'message': 'Expecting value: line 1 column 1 (char 0)'}
2024-04-25 15:41:31.665 ERROR json_response.py json_response - response_exception:{'message': 'Expecting value: line 1 column 1 (char 0)'}
2024-04-25 15:41:31.790 ERROR json_response.py json_response - response_exception:{'message': 'Expecting value: line 1 column 1 (char 0)'}
2024-04-25 15:41:42.663 ERROR json_response.py json_response - response_exception:{'message': 'Expecting value: line 1 column 1 (char 0)'}
2024-04-25 15:43:17.035 ERROR json_response.py json_response - response_exception:{'message': 'Expecting value: line 1 column 1 (char 0)'}
2024-04-25 15:43:53.116 ERROR json_response.py json_response - response_exception:{'message': 'Expecting value: line 1 column 1 (char 0)'}
2024-04-25 15:46:51.411 ERROR json_response.py json_response - response_exception:{'message': 'Expecting value: line 1 column 1 (char 0)'}
2024-04-25 15:47:28.200 ERROR json_response.py json_response - response_exception:{'message': 'Expecting value: line 1 column 1 (char 0)'}
2024-04-25 15:48:11.288 ERROR json_response.py json_response - response_exception:{'message': 'Expecting value: line 1 column 1 (char 0)'}
2024-04-25 15:49:43.633 ERROR json_response.py json_response - response_exception:{'message': 'Expecting value: line 1 column 1 (char 0)'}
2024-04-25 15:50:15.709 ERROR json_response.py json_response - response_exception:{'message': 'Expecting value: line 1 column 1 (char 0)'}
2024-04-25 15:50:15.880 ERROR json_response.py json_response - response_exception:{'message': 'Expecting value: line 1 column 1 (char 0)'}
2024-04-25 15:50:23.053 ERROR json_response.py json_response - response_exception:{'message': 'Expecting value: line 1 column 1 (char 0)'}
2024-04-25 15:50:57.079 ERROR json_response.py json_response - response_exception:{'message': 'Expecting value: line 1 column 1 (char 0)'}
2024-04-25 15:52:04.495 ERROR json_response.py json_response - response_exception:{'message': 'Expecting value: line 1 column 1 (char 0)'}
2024-04-25 15:52:20.904 ERROR json_response.py json_response - response_exception:{'message': 'Expecting value: line 1 column 1 (char 0)'}
2024-04-25 15:52:38.432 ERROR json_response.py json_response - response_exception:{'message': 'Expecting value: line 1 column 1 (char 0)'}
2024-04-25 15:52:45.009 ERROR json_response.py json_response - response_exception:{'message': "'authorization'"}
2024-04-25 15:53:23.992 ERROR json_response.py json_response - response_exception:{'message': 'Expecting value: line 1 column 1 (char 0)'}
2024-04-25 15:54:12.615 ERROR json_response.py json_response - response_exception:{'message': 'Expecting value: line 1 column 1 (char 0)'}
2024-04-25 15:54:12.739 ERROR json_response.py json_response - response_exception:{'message': 'Expecting value: line 1 column 1 (char 0)'}
2024-04-25 15:54:57.008 ERROR json_response.py json_response - response_exception:{'message': 'Expecting value: line 1 column 1 (char 0)'}
2024-04-25 15:54:57.149 ERROR json_response.py json_response - response_exception:{'message': 'Expecting value: line 1 column 1 (char 0)'}
2024-04-25 15:55:04.128 ERROR json_response.py json_response - response_exception:{'message': 'Expecting value: line 1 column 1 (char 0)'}
2024-04-25 15:55:06.035 ERROR json_response.py json_response - response_exception:{'message': 'Expecting value: line 1 column 1 (char 0)'}
2024-04-25 15:55:12.346 ERROR json_response.py json_response - response_exception:{'message': 'Expecting value: line 1 column 1 (char 0)'}
2024-04-25 15:55:18.407 ERROR json_response.py json_response - response_exception:{'message': 'Expecting value: line 1 column 1 (char 0)'}
2024-04-25 15:55:24.216 ERROR json_response.py json_response - response_exception:{'message': 'Expecting value: line 1 column 1 (char 0)'}
2024-04-25 15:56:26.620 ERROR json_response.py json_response - response_exception:{'message': "'authorization'"}
2024-04-25 15:57:11.863 ERROR json_response.py json_response - response_exception:{'message': 'Expecting value: line 1 column 1 (char 0)'}
2024-04-25 15:57:40.754 ERROR json_response.py json_response - response_exception:{'message': 'Expecting value: line 1 column 1 (char 0)'}
2024-04-25 15:57:40.889 ERROR json_response.py json_response - response_exception:{'message': 'Expecting value: line 1 column 1 (char 0)'}
2024-04-25 15:59:30.270 ERROR json_response.py json_response - response_exception:{'message': 'Expecting value: line 1 column 1 (char 0)'}
2024-04-25 16:02:18.613 ERROR json_response.py json_response - response_exception:{'message': 'Expecting value: line 1 column 1 (char 0)'}
2024-04-25 16:02:18.780 ERROR json_response.py json_response - response_exception:{'message': 'Expecting value: line 1 column 1 (char 0)'}
2024-04-25 16:02:27.769 ERROR json_response.py json_response - response_exception:{'message': 'Expecting value: line 1 column 1 (char 0)'}
2024-04-25 16:06:39.210 ERROR json_response.py json_response - response_exception:{'message': 'Expecting value: line 1 column 1 (char 0)'}
2024-04-25 16:06:39.368 ERROR json_response.py json_response - response_exception:{'message': 'Expecting value: line 1 column 1 (char 0)'}
2024-04-25 16:11:47.037 ERROR json_response.py json_response - response_exception:{'message': 'Expecting value: line 1 column 1 (char 0)'}
2024-04-25 16:11:47.177 ERROR json_response.py json_response - response_exception:{'message': 'Expecting value: line 1 column 1 (char 0)'}
2024-04-25 16:16:37.456 ERROR json_response.py json_response - response_exception:{'message': 'Expecting value: line 1 column 1 (char 0)'}
2024-04-25 16:16:37.589 ERROR json_response.py json_response - response_exception:{'message': 'Expecting value: line 1 column 1 (char 0)'}
2024-04-25 16:17:34.862 ERROR json_response.py json_response - response_exception:{'message': 'Expecting value: line 1 column 1 (char 0)'}
2024-04-25 16:17:38.252 ERROR json_response.py json_response - response_exception:{'message': 'Expecting value: line 1 column 1 (char 0)'}
2024-04-25 16:17:52.483 ERROR json_response.py json_response - response_exception:{'message': 'Expecting value: line 1 column 1 (char 0)'}
2024-04-25 16:19:09.602 ERROR json_response.py json_response - response_exception:{'message': 'Expecting value: line 1 column 1 (char 0)'}
2024-04-25 16:19:10.589 ERROR json_response.py json_response - response_exception:{'message': 'Expecting value: line 1 column 1 (char 0)'}
2024-04-25 16:19:10.707 ERROR json_response.py json_response - response_exception:{'message': 'Expecting value: line 1 column 1 (char 0)'}
2024-04-25 16:21:34.561 ERROR json_response.py json_response - response_exception:{'message': 'Expecting property name enclosed in double quotes: line 1 column 2 (char 1)'}
2024-04-25 16:21:44.908 ERROR json_response.py json_response - response_exception:{'message': 'Expecting property name enclosed in double quotes: line 1 column 2 (char 1)'}
2024-04-25 16:21:59.061 ERROR json_response.py json_response - response_exception:{'message': 'Expecting property name enclosed in double quotes: line 1 column 2 (char 1)'}
2024-04-25 16:22:06.784 ERROR json_response.py json_response - response_exception:{'message': 'Expecting property name enclosed in double quotes: line 1 column 2 (char 1)'}
2024-04-25 16:22:13.175 ERROR json_response.py json_response - response_exception:{'message': 'Expecting property name enclosed in double quotes: line 1 column 2 (char 1)'}
2024-04-25 16:22:23.962 ERROR json_response.py json_response - response_exception:{'message': 'Expecting property name enclosed in double quotes: line 1 column 2 (char 1)'}
2024-04-25 16:22:36.487 ERROR json_response.py json_response - response_exception:{'message': 'Expecting property name enclosed in double quotes: line 1 column 2 (char 1)'}
2024-04-25 16:22:49.234 ERROR json_response.py json_response - response_exception:{'message': "'access_token'"}
2024-04-25 16:23:30.062 ERROR json_response.py json_response - response_exception:{'message': 'Expecting property name enclosed in double quotes: line 1 column 2 (char 1)'}
2024-04-25 16:24:05.624 ERROR json_response.py json_response - response_exception:{'message': 'Expecting property name enclosed in double quotes: line 1 column 2 (char 1)'}
2024-04-25 16:24:24.213 ERROR json_response.py json_response - response_exception:{'message': 'Expecting property name enclosed in double quotes: line 1 column 2 (char 1)'}
2024-04-25 16:24:59.353 ERROR json_response.py json_response - response_exception:{'message': 'Expecting property name enclosed in double quotes: line 1 column 2 (char 1)'}
2024-04-25 16:25:13.922 ERROR json_response.py json_response - response_exception:{'message': 'Expecting property name enclosed in double quotes: line 1 column 2 (char 1)'}
2024-04-25 16:26:34.391 ERROR json_response.py json_response - response_exception:{'message': 'Expecting property name enclosed in double quotes: line 1 column 2 (char 1)'}
2024-04-25 16:30:34.328 ERROR json_response.py json_response - response_exception:{'message': 'Expecting property name enclosed in double quotes: line 1 column 2 (char 1)'}
2024-04-25 16:32:10.037 ERROR json_response.py json_response - response_exception:{'message': 'Expecting property name enclosed in double quotes: line 1 column 2 (char 1)'}
2024-04-25 16:34:46.233 ERROR json_response.py json_response - response_exception:{'message': 'Expecting property name enclosed in double quotes: line 1 column 2 (char 1)'}
2024-04-25 16:37:25.769 ERROR json_response.py json_response - response_exception:{'message': 'Expecting property name enclosed in double quotes: line 1 column 2 (char 1)'}
2024-04-25 16:37:32.153 ERROR json_response.py json_response - response_exception:{'message': 'Expecting property name enclosed in double quotes: line 1 column 2 (char 1)'}
2024-04-25 16:37:33.236 ERROR json_response.py json_response - response_exception:{'message': 'Expecting property name enclosed in double quotes: line 1 column 2 (char 1)'}
2024-04-25 16:37:34.639 ERROR json_response.py json_response - response_exception:{'message': 'Expecting property name enclosed in double quotes: line 1 column 2 (char 1)'}
2024-04-25 16:37:36.405 ERROR json_response.py json_response - response_exception:{'message': 'Expecting property name enclosed in double quotes: line 1 column 2 (char 1)'}
2024-04-25 16:37:39.560 ERROR json_response.py json_response - response_exception:{'message': 'Expecting property name enclosed in double quotes: line 1 column 2 (char 1)'}
2024-04-25 16:38:06.079 ERROR json_response.py json_response - response_exception:{'message': 'Expecting property name enclosed in double quotes: line 1 column 2 (char 1)'}
2024-04-25 16:38:25.315 ERROR json_response.py json_response - response_exception:{'message': 'Expecting property name enclosed in double quotes: line 1 column 2 (char 1)'}
2024-04-25 16:38:32.821 ERROR json_response.py json_response - response_exception:{'message': 'Expecting property name enclosed in double quotes: line 1 column 2 (char 1)'}
2024-04-25 16:38:43.450 ERROR json_response.py json_response - response_exception:{'message': 'Expecting property name enclosed in double quotes: line 1 column 2 (char 1)'}
2024-04-25 16:38:52.031 ERROR json_response.py json_response - response_exception:{'message': 'Expecting property name enclosed in double quotes: line 1 column 2 (char 1)'}
2024-04-25 16:39:33.487 ERROR json_response.py json_response - response_exception:{'message': 'Expecting property name enclosed in double quotes: line 1 column 2 (char 1)'}
2024-04-25 16:39:36.766 ERROR json_response.py json_response - response_exception:{'message': 'Expecting property name enclosed in double quotes: line 1 column 2 (char 1)'}
2024-04-25 16:39:43.262 ERROR json_response.py json_response - response_exception:{'message': 'Expecting property name enclosed in double quotes: line 1 column 2 (char 1)'}
2024-04-25 16:39:48.101 ERROR json_response.py json_response - response_exception:{'message': 'Expecting property name enclosed in double quotes: line 1 column 2 (char 1)'}
2024-04-25 16:39:53.169 ERROR json_response.py json_response - response_exception:{'message': 'Expecting property name enclosed in double quotes: line 1 column 2 (char 1)'}
2024-04-25 16:40:08.475 ERROR json_response.py json_response - response_exception:{'message': 'Expecting property name enclosed in double quotes: line 1 column 2 (char 1)'}
2024-04-25 16:40:08.615 ERROR json_response.py json_response - response_exception:{'message': 'Expecting property name enclosed in double quotes: line 1 column 2 (char 1)'}
2024-04-25 16:40:18.328 ERROR json_response.py json_response - response_exception:{'message': 'Expecting property name enclosed in double quotes: line 1 column 2 (char 1)'}
2024-04-25 16:40:18.467 ERROR json_response.py json_response - response_exception:{'message': 'Expecting property name enclosed in double quotes: line 1 column 2 (char 1)'}
2024-04-25 16:40:26.820 ERROR json_response.py json_response - response_exception:{'message': 'Expecting property name enclosed in double quotes: line 1 column 2 (char 1)'}
2024-04-25 16:42:14.934 ERROR json_response.py json_response - response_exception:{'message': 'Expecting property name enclosed in double quotes: line 1 column 2 (char 1)'}
2024-04-25 16:43:33.873 ERROR json_response.py json_response - response_exception:{'message': 'Expecting property name enclosed in double quotes: line 1 column 2 (char 1)'}
2024-04-25 16:43:38.560 ERROR json_response.py json_response - response_exception:{'message': 'Expecting property name enclosed in double quotes: line 1 column 2 (char 1)'}
2024-04-25 16:43:42.587 ERROR json_response.py json_response - response_exception:{'message': "'access_token'"}
2024-04-25 16:43:51.577 ERROR json_response.py json_response - response_exception:{'message': 'Expecting property name enclosed in double quotes: line 1 column 2 (char 1)'}
2024-04-25 16:45:43.016 ERROR json_response.py json_response - response_exception:{'message': 'Expecting property name enclosed in double quotes: line 1 column 2 (char 1)'}
2024-04-25 16:46:03.636 ERROR json_response.py json_response - response_exception:{'message': 'Expecting property name enclosed in double quotes: line 1 column 2 (char 1)'}
2024-04-25 16:46:11.057 ERROR json_response.py json_response - response_exception:{'message': "'access_token'"}
2024-04-25 16:47:10.476 ERROR json_response.py json_response - response_exception:{'message': 'Expecting property name enclosed in double quotes: line 1 column 2 (char 1)'}
2024-04-25 16:50:26.840 ERROR json_response.py json_response - response_exception:{'message': 'Expecting property name enclosed in double quotes: line 1 column 2 (char 1)'}
2024-04-25 16:50:40.119 ERROR json_response.py json_response - response_exception:{'message': 'Expecting property name enclosed in double quotes: line 1 column 2 (char 1)'}
2024-04-25 16:51:21.935 ERROR json_response.py json_response - response_exception:{'message': 'Expecting property name enclosed in double quotes: line 1 column 2 (char 1)'}
2024-04-25 16:51:30.757 ERROR json_response.py json_response - response_exception:{'message': 'Expecting property name enclosed in double quotes: line 1 column 2 (char 1)'}
2024-04-25 16:51:30.895 ERROR json_response.py json_response - response_exception:{'message': 'Expecting property name enclosed in double quotes: line 1 column 2 (char 1)'}
2024-04-25 16:53:31.159 ERROR json_response.py json_response - response_exception:{'message': 'Expecting property name enclosed in double quotes: line 1 column 2 (char 1)'}
2024-04-25 16:53:36.179 ERROR json_response.py json_response - response_exception:{'message': 'Expecting property name enclosed in double quotes: line 1 column 2 (char 1)'}
2024-04-25 16:53:40.192 ERROR json_response.py json_response - response_exception:{'message': 'Expecting property name enclosed in double quotes: line 1 column 2 (char 1)'}
2024-04-25 16:53:44.735 ERROR json_response.py json_response - response_exception:{'message': 'Expecting property name enclosed in double quotes: line 1 column 2 (char 1)'}
2024-04-25 16:54:08.868 ERROR json_response.py json_response - response_exception:{'message': 'Expecting property name enclosed in double quotes: line 1 column 2 (char 1)'}
2024-04-25 16:57:41.825 ERROR json_response.py json_response - response_exception:{'message': 'Expecting property name enclosed in double quotes: line 1 column 2 (char 1)'}
2024-04-25 17:01:06.812 ERROR json_response.py json_response - response_exception:{'message': 'Expecting property name enclosed in double quotes: line 1 column 2 (char 1)'}
2024-04-25 17:13:27.338 ERROR json_response.py json_response - response_exception:{'message': 'Expecting property name enclosed in double quotes: line 1 column 2 (char 1)'}
2024-04-25 17:13:51.286 ERROR json_response.py json_response - response_exception:{'message': 'Expecting property name enclosed in double quotes: line 1 column 2 (char 1)'}
2024-04-25 17:14:22.949 ERROR json_response.py json_response - response_exception:{'message': 'Expecting property name enclosed in double quotes: line 1 column 2 (char 1)'}
2024-04-25 17:15:00.417 ERROR json_response.py json_response - response_exception:{'message': 'Expecting property name enclosed in double quotes: line 1 column 2 (char 1)'}
2024-04-25 17:35:27.500 ERROR json_response.py json_response - response_exception:{'message': 'column "none" does not exist\nLINE 3:                 SET active_status = None, modified_date = \'2...\n                                            ^\n'}
2024-04-25 17:37:16.714 ERROR json_response.py json_response - response_exception:{'message': 'column "active_status" of relation "order_table" does not exist\nLINE 3:                 SET active_status = 1, modified_date = \'2024...\n                            ^\n'}
2024-04-25 17:39:25.045 ERROR json_response.py json_response - response_exception:{'message': 'column "active_status" of relation "order_table" does not exist\nLINE 3:                 SET active_status = 1, modified_date = \'2024...\n                            ^\n'}
2024-04-25 18:05:18.270 ERROR json_response.py json_response - response_exception:{'message': 'Expecting property name enclosed in double quotes: line 1 column 2 (char 1)'}
2024-04-25 18:05:18.286 ERROR json_response.py json_response - response_exception:{'message': 'Expecting property name enclosed in double quotes: line 1 column 2 (char 1)'}
2024-04-25 18:05:18.442 ERROR json_response.py json_response - response_exception:{'message': 'Expecting property name enclosed in double quotes: line 1 column 2 (char 1)'}
2024-04-25 18:05:20.804 ERROR json_response.py json_response - response_exception:{'message': 'Expecting property name enclosed in double quotes: line 1 column 2 (char 1)'}
2024-04-25 18:05:20.967 ERROR json_response.py json_response - response_exception:{'message': 'Expecting property name enclosed in double quotes: line 1 column 2 (char 1)'}
2024-04-25 18:05:26.661 ERROR json_response.py json_response - response_exception:{'message': 'Expecting property name enclosed in double quotes: line 1 column 2 (char 1)'}
2024-04-25 18:05:27.759 ERROR json_response.py json_response - response_exception:{'message': 'Expecting property name enclosed in double quotes: line 1 column 2 (char 1)'}
2024-04-25 18:05:28.847 ERROR json_response.py json_response - response_exception:{'message': 'Expecting property name enclosed in double quotes: line 1 column 2 (char 1)'}
2024-04-25 18:05:30.214 ERROR json_response.py json_response - response_exception:{'message': 'Expecting property name enclosed in double quotes: line 1 column 2 (char 1)'}
2024-04-25 18:05:39.173 ERROR json_response.py json_response - response_exception:{'message': 'Expecting property name enclosed in double quotes: line 1 column 2 (char 1)'}
2024-04-25 18:09:12.319 ERROR json_response.py json_response - response_exception:{'message': 'Expecting property name enclosed in double quotes: line 1 column 2 (char 1)'}
2024-04-25 18:09:12.454 ERROR json_response.py json_response - response_exception:{'message': 'Expecting property name enclosed in double quotes: line 1 column 2 (char 1)'}
2024-04-25 18:19:28.288 ERROR json_response.py json_response - response_exception:{'message': 'Expecting property name enclosed in double quotes: line 1 column 2 (char 1)'}
2024-04-25 18:19:36.073 ERROR json_response.py json_response - response_exception:{'message': 'Expecting property name enclosed in double quotes: line 1 column 2 (char 1)'}
2024-04-25 18:24:18.709 ERROR json_response.py json_response - response_exception:{'message': 'Expecting property name enclosed in double quotes: line 1 column 2 (char 1)'}
2024-04-25 18:24:18.853 ERROR json_response.py json_response - response_exception:{'message': 'Expecting property name enclosed in double quotes: line 1 column 2 (char 1)'}
2024-04-25 18:25:14.811 ERROR json_response.py json_response - response_exception:{'message': 'Expecting property name enclosed in double quotes: line 1 column 2 (char 1)'}
2024-04-25 18:26:01.677 ERROR json_response.py json_response - response_exception:{'message': 'Expecting property name enclosed in double quotes: line 1 column 2 (char 1)'}
2024-04-25 18:29:54.746 ERROR json_response.py json_response - response_exception:{'message': 'Expecting property name enclosed in double quotes: line 1 column 2 (char 1)'}
2024-04-25 18:32:16.674 ERROR json_response.py json_response - response_exception:{'message': 'Expecting property name enclosed in double quotes: line 1 column 2 (char 1)'}
2024-04-25 18:32:16.824 ERROR json_response.py json_response - response_exception:{'message': 'Expecting property name enclosed in double quotes: line 1 column 2 (char 1)'}
