2024-05-03 09:44:04.059 ERROR json_response.py json_response - response_exception:{'message': "'<' not supported between instances of 'str' and 'datetime.date'"}
2024-05-03 09:55:32.369 ERROR json_response.py json_response - response_exception:{'message': '(1064, "You have an error in your SQL syntax; check the manual that corresponds to your MariaDB server version for the right syntax to use near \'ILIKE \'%kajal%\' or registration.age::text LIKE \'%kajal%\' or  registration.stu...\' at line 3")'}
2024-05-03 10:01:02.282 ERROR json_response.py json_response - response_exception:{'message': '(1054, "Unknown column \'kajal\' in \'where clause\'")'}
2024-05-03 10:01:35.494 ERROR json_response.py json_response - response_exception:{'message': '(1054, "Unknown column \'ska\' in \'where clause\'")'}
2024-05-03 10:02:08.661 ERROR json_response.py json_response - response_exception:{'message': '(1054, "Unknown column \'ska\' in \'where clause\'")'}
2024-05-03 12:31:37.589 ERROR json_response.py json_response - response_exception:{'message': "'authorization'"}
2024-05-03 14:44:17.885 ERROR json_response.py json_response - response_exception:{'message': "unhashable type: 'set'"}
2024-05-03 15:02:14.198 ERROR json_response.py json_response - response_exception:{'message': "'authorization'"}
2024-05-03 15:48:26.049 ERROR json_response.py json_response - response_exception:{'message': '(1054, "Unknown column \'registration.game_name\' in \'where clause\'")'}
2024-05-03 16:08:21.047 ERROR json_response.py json_response - response_exception:{'message': '(1064, "You have an error in your SQL syntax; check the manual that corresponds to your MariaDB server version for the right syntax to use near \'ILIKE \'%A%\' OR registration.alergic_to REGEXP \'A\'OR registration.parent_name ...\' at line 3")'}
2024-05-03 16:08:36.849 ERROR json_response.py json_response - response_exception:{'message': '(1064, "You have an error in your SQL syntax; check the manual that corresponds to your MariaDB server version for the right syntax to use near \'ILIKE \'%A%\' OR registration.alergic_to REGEXP \'A\'OR registration.parent_name ...\' at line 3")'}
2024-05-03 16:08:48.233 ERROR json_response.py json_response - response_exception:{'message': '(1064, "You have an error in your SQL syntax; check the manual that corresponds to your MariaDB server version for the right syntax to use near \'ILIKE \'%A%\' OR registration.alergic_to REGEXP \'A\'OR registration.parent_name ...\' at line 3")'}
2024-05-03 16:08:49.601 ERROR json_response.py json_response - response_exception:{'message': '(1064, "You have an error in your SQL syntax; check the manual that corresponds to your MariaDB server version for the right syntax to use near \'ILIKE \'%A%\' OR registration.alergic_to REGEXP \'A\'OR registration.parent_name ...\' at line 3")'}
2024-05-03 16:08:54.111 ERROR json_response.py json_response - response_exception:{'message': '(1064, "You have an error in your SQL syntax; check the manual that corresponds to your MariaDB server version for the right syntax to use near \'ILIKE \'%A%\' OR registration.alergic_to REGEXP \'A\'OR registration.parent_name ...\' at line 3")'}
2024-05-03 16:08:55.381 ERROR json_response.py json_response - response_exception:{'message': '(1064, "You have an error in your SQL syntax; check the manual that corresponds to your MariaDB server version for the right syntax to use near \'ILIKE \'%A%\' OR registration.alergic_to REGEXP \'A\'OR registration.parent_name ...\' at line 3")'}
2024-05-03 16:09:49.400 ERROR json_response.py json_response - response_exception:{'message': '(1064, "You have an error in your SQL syntax; check the manual that corresponds to your MariaDB server version for the right syntax to use near \'ILIKE \'A\' OR registration.alergic_to REGEXP \'A\'OR registration.parent_name RE...\' at line 3")'}
2024-05-03 16:09:51.354 ERROR json_response.py json_response - response_exception:{'message': '(1064, "You have an error in your SQL syntax; check the manual that corresponds to your MariaDB server version for the right syntax to use near \'ILIKE \'A\' OR registration.alergic_to REGEXP \'A\'OR registration.parent_name RE...\' at line 3")'}
2024-05-03 16:29:37.293 ERROR json_response.py json_response - response_exception:{'message': 'Invalid base64-encoded string: number of data characters (5) cannot be 1 more than a multiple of 4'}
2024-05-03 16:30:56.890 ERROR json_response.py json_response - response_exception:{'message': 'Invalid base64-encoded string: number of data characters (5) cannot be 1 more than a multiple of 4'}
2024-05-03 16:43:59.713 ERROR json_response.py json_response - response_exception:{'message': '(1064, "You have an error in your SQL syntax; check the manual that corresponds to your MariaDB server version for the right syntax to use near \'\'cash\',\'harry\',\'b06c964d-4b71-4231-a3e0-f63978601c5d\',\'2024-05-03 11:13:59.60...\' at line 1")'}
2024-05-03 16:44:48.090 ERROR json_response.py json_response - response_exception:{'message': '(1064, "You have an error in your SQL syntax; check the manual that corresponds to your MariaDB server version for the right syntax to use near \'\'cash\',\'harry\',\'b06c964d-4b71-4231-a3e0-f63978601c5d\',\'2024-05-03 11:14:47.98...\' at line 1")'}
2024-05-03 16:44:49.593 ERROR json_response.py json_response - response_exception:{'message': '(1064, "You have an error in your SQL syntax; check the manual that corresponds to your MariaDB server version for the right syntax to use near \'\'cash\',\'harry\',\'b06c964d-4b71-4231-a3e0-f63978601c5d\',\'2024-05-03 11:14:49.46...\' at line 1")'}
2024-05-03 16:45:40.806 ERROR json_response.py json_response - response_exception:{'message': '(1064, "You have an error in your SQL syntax; check the manual that corresponds to your MariaDB server version for the right syntax to use near \'\'cash\',\'harry\',\'b06c964d-4b71-4231-a3e0-f63978601c5d\',\'2024-05-03 11:15:40.66...\' at line 1")'}
2024-05-03 16:46:04.988 ERROR json_response.py json_response - response_exception:{'message': '(1064, "You have an error in your SQL syntax; check the manual that corresponds to your MariaDB server version for the right syntax to use near \'\'cash\',\'harry\',\'b06c964d-4b71-4231-a3e0-f63978601c5d\',\'2024-05-03 11:16:04.88...\' at line 1")'}
2024-05-03 16:46:28.479 ERROR json_response.py json_response - response_exception:{'message': '(1064, "You have an error in your SQL syntax; check the manual that corresponds to your MariaDB server version for the right syntax to use near \'\'cash\',\'harry\',\'b06c964d-4b71-4231-a3e0-f63978601c5d\',\'2024-05-03 11:16:28.34...\' at line 1")'}
2024-05-03 17:53:26.715 ERROR json_response.py json_response - response_exception:{'message': "'ref_rf_id'"}
