2024-08-12 09:31:58.287 ERROR json_response.py json_response - response_exception:{'message': '(1146, "Table \'internal_task_mngment.attendance_table\' doesn\'t exist")'}
2024-08-12 09:31:58.303 ERROR json_response.py json_response - response_exception:{'message': '(1146, "Table \'internal_task_mngment.attendance_table\' doesn\'t exist")'}
2024-08-12 09:32:16.613 ERROR json_response.py json_response - response_exception:{'message': '(1146, "Table \'internal_task_mngment.tasks_table\' doesn\'t exist")'}
2024-08-12 09:32:16.623 ERROR json_response.py json_response - response_exception:{'message': '(1146, "Table \'internal_task_mngment.tasks_table\' doesn\'t exist")'}
2024-08-12 09:32:21.852 ERROR json_response.py json_response - response_exception:{'message': '(1146, "Table \'internal_task_mngment.tasks_table\' doesn\'t exist")'}
2024-08-12 09:32:22.692 ERROR json_response.py json_response - response_exception:{'message': '(1146, "Table \'internal_task_mngment.tasks_table\' doesn\'t exist")'}
2024-08-12 09:32:23.374 ERROR json_response.py json_response - response_exception:{'message': '(1146, "Table \'internal_task_mngment.tasks_table\' doesn\'t exist")'}
2024-08-12 09:32:24.103 ERROR json_response.py json_response - response_exception:{'message': '(1146, "Table \'internal_task_mngment.tasks_table\' doesn\'t exist")'}
2024-08-12 09:32:24.900 ERROR json_response.py json_response - response_exception:{'message': '(1146, "Table \'internal_task_mngment.tasks_table\' doesn\'t exist")'}
2024-08-12 09:32:29.425 ERROR json_response.py json_response - response_exception:{'message': '(1146, "Table \'internal_task_mngment.tasks_table\' doesn\'t exist")'}
2024-08-12 09:32:29.436 ERROR json_response.py json_response - response_exception:{'message': '(1146, "Table \'internal_task_mngment.tasks_table\' doesn\'t exist")'}
2024-08-12 09:32:31.767 ERROR json_response.py json_response - response_exception:{'message': '(1146, "Table \'internal_task_mngment.tasks_table\' doesn\'t exist")'}
2024-08-12 09:32:32.854 ERROR json_response.py json_response - response_exception:{'message': '(1146, "Table \'internal_task_mngment.tasks_table\' doesn\'t exist")'}
2024-08-12 09:32:35.009 ERROR json_response.py json_response - response_exception:{'message': '(1146, "Table \'internal_task_mngment.tasks_table\' doesn\'t exist")'}
2024-08-12 09:32:35.020 ERROR json_response.py json_response - response_exception:{'message': '(1146, "Table \'internal_task_mngment.tasks_table\' doesn\'t exist")'}
2024-08-12 09:32:37.557 ERROR json_response.py json_response - response_exception:{'message': '(1146, "Table \'internal_task_mngment.tasks_table\' doesn\'t exist")'}
2024-08-12 09:32:40.988 ERROR json_response.py json_response - response_exception:{'message': '(1146, "Table \'internal_task_mngment.tasks_table\' doesn\'t exist")'}
2024-08-12 09:32:41.000 ERROR json_response.py json_response - response_exception:{'message': '(1146, "Table \'internal_task_mngment.tasks_table\' doesn\'t exist")'}
2024-08-12 09:32:46.431 ERROR json_response.py json_response - response_exception:{'message': '(1146, "Table \'internal_task_mngment.tasks_table\' doesn\'t exist")'}
2024-08-12 09:32:48.956 ERROR json_response.py json_response - response_exception:{'message': '(1146, "Table \'internal_task_mngment.tasks_table\' doesn\'t exist")'}
2024-08-12 09:32:48.967 ERROR json_response.py json_response - response_exception:{'message': '(1146, "Table \'internal_task_mngment.tasks_table\' doesn\'t exist")'}
2024-08-12 09:32:51.240 ERROR json_response.py json_response - response_exception:{'message': '(1146, "Table \'internal_task_mngment.tasks_table\' doesn\'t exist")'}
2024-08-12 09:32:52.030 ERROR json_response.py json_response - response_exception:{'message': '(1146, "Table \'internal_task_mngment.tasks_table\' doesn\'t exist")'}
2024-08-12 09:32:52.719 ERROR json_response.py json_response - response_exception:{'message': '(1146, "Table \'internal_task_mngment.tasks_table\' doesn\'t exist")'}
2024-08-12 09:32:59.979 ERROR json_response.py json_response - response_exception:{'message': '(1146, "Table \'internal_task_mngment.privilege_master\' doesn\'t exist")'}
2024-08-12 09:32:59.990 ERROR json_response.py json_response - response_exception:{'message': '(1146, "Table \'internal_task_mngment.privilege_master\' doesn\'t exist")'}
2024-08-12 09:33:39.552 ERROR json_response.py json_response - response_exception:{'message': '(1146, "Table \'internal_task_mngment.tasks_table\' doesn\'t exist")'}
2024-08-12 09:33:39.563 ERROR json_response.py json_response - response_exception:{'message': '(1146, "Table \'internal_task_mngment.tasks_table\' doesn\'t exist")'}
2024-08-12 09:38:53.649 ERROR json_response.py json_response - response_exception:{'message': '(1146, "Table \'internal_task_mngment.privilege_master\' doesn\'t exist")'}
2024-08-12 09:38:53.659 ERROR json_response.py json_response - response_exception:{'message': '(1146, "Table \'internal_task_mngment.privilege_master\' doesn\'t exist")'}
2024-08-12 09:38:55.927 ERROR json_response.py json_response - response_exception:{'message': '(1146, "Table \'internal_task_mngment.tasks_table\' doesn\'t exist")'}
2024-08-12 09:38:55.937 ERROR json_response.py json_response - response_exception:{'message': '(1146, "Table \'internal_task_mngment.tasks_table\' doesn\'t exist")'}
2024-08-12 09:38:56.778 ERROR json_response.py json_response - response_exception:{'message': '(1146, "Table \'internal_task_mngment.tasks_table\' doesn\'t exist")'}
2024-08-12 09:38:56.788 ERROR json_response.py json_response - response_exception:{'message': '(1146, "Table \'internal_task_mngment.tasks_table\' doesn\'t exist")'}
2024-08-12 09:38:57.806 ERROR json_response.py json_response - response_exception:{'message': '(1146, "Table \'internal_task_mngment.tasks_table\' doesn\'t exist")'}
2024-08-12 09:38:57.817 ERROR json_response.py json_response - response_exception:{'message': '(1146, "Table \'internal_task_mngment.tasks_table\' doesn\'t exist")'}
2024-08-12 09:38:58.993 ERROR json_response.py json_response - response_exception:{'message': '(1146, "Table \'internal_task_mngment.tasks_table\' doesn\'t exist")'}
2024-08-12 09:38:59.006 ERROR json_response.py json_response - response_exception:{'message': '(1146, "Table \'internal_task_mngment.tasks_table\' doesn\'t exist")'}
2024-08-12 09:39:00.151 ERROR json_response.py json_response - response_exception:{'message': '(1146, "Table \'internal_task_mngment.tasks_table\' doesn\'t exist")'}
2024-08-12 09:39:00.159 ERROR json_response.py json_response - response_exception:{'message': '(1146, "Table \'internal_task_mngment.tasks_table\' doesn\'t exist")'}
2024-08-12 09:46:00.892 ERROR json_response.py json_response - response_exception:{'message': '(1146, "Table \'internal_task_mngment.tasks_table\' doesn\'t exist")'}
2024-08-12 09:46:00.900 ERROR json_response.py json_response - response_exception:{'message': '(1146, "Table \'internal_task_mngment.tasks_table\' doesn\'t exist")'}
2024-08-12 09:46:02.132 ERROR json_response.py json_response - response_exception:{'message': '(1146, "Table \'internal_task_mngment.tasks_table\' doesn\'t exist")'}
2024-08-12 09:47:03.268 ERROR json_response.py json_response - response_exception:{'message': '(1146, "Table \'internal_task_mngment.tasks_table\' doesn\'t exist")'}
2024-08-12 09:47:12.074 ERROR json_response.py json_response - response_exception:{'message': '(1146, "Table \'internal_task_mngment.tasks_table\' doesn\'t exist")'}
2024-08-12 10:08:21.226 ERROR json_response.py json_response - response_exception:{'message': '(1146, "Table \'internal_task_management.privilege_master\' doesn\'t exist")'}
2024-08-12 10:08:21.240 ERROR json_response.py json_response - response_exception:{'message': '(1146, "Table \'internal_task_management.privilege_master\' doesn\'t exist")'}
2024-08-12 10:08:22.474 ERROR json_response.py json_response - response_exception:{'message': '(1146, "Table \'internal_task_management.privilege_master\' doesn\'t exist")'}
2024-08-12 10:09:10.949 ERROR json_response.py json_response - response_exception:{'message': '(1146, "Table \'internal_task_management.privilege_master\' doesn\'t exist")'}
2024-08-12 10:09:13.506 ERROR json_response.py json_response - response_exception:{'message': '(1146, "Table \'internal_task_management.privilege_master\' doesn\'t exist")'}
2024-08-12 10:09:13.514 ERROR json_response.py json_response - response_exception:{'message': '(1146, "Table \'internal_task_management.privilege_master\' doesn\'t exist")'}
2024-08-12 10:09:15.014 ERROR json_response.py json_response - response_exception:{'message': '(1146, "Table \'internal_task_management.privilege_master\' doesn\'t exist")'}
2024-08-12 10:09:23.634 ERROR json_response.py json_response - response_exception:{'message': '(1146, "Table \'internal_task_management.privilege_master\' doesn\'t exist")'}
2024-08-12 10:09:24.111 ERROR json_response.py json_response - response_exception:{'message': '(1146, "Table \'internal_task_management.privilege_master\' doesn\'t exist")'}
2024-08-12 10:09:24.120 ERROR json_response.py json_response - response_exception:{'message': '(1146, "Table \'internal_task_management.privilege_master\' doesn\'t exist")'}
2024-08-12 10:09:28.583 ERROR json_response.py json_response - response_exception:{'message': '(1146, "Table \'internal_task_management.privilege_master\' doesn\'t exist")'}
2024-08-12 10:09:31.072 ERROR json_response.py json_response - response_exception:{'message': '(1146, "Table \'internal_task_management.privilege_master\' doesn\'t exist")'}
2024-08-12 10:41:35.855 ERROR json_response.py json_response - response_exception:{'message': '(1146, "Table \'internal_task_management.attendance_table\' doesn\'t exist")'}
2024-08-12 10:41:35.866 ERROR json_response.py json_response - response_exception:{'message': '(1146, "Table \'internal_task_management.attendance_table\' doesn\'t exist")'}
2024-08-12 10:49:52.589 ERROR json_response.py json_response - response_exception:{'message': '(1146, "Table \'internal_task_management.attendance_table\' doesn\'t exist")'}
2024-08-12 10:49:52.603 ERROR json_response.py json_response - response_exception:{'message': '(1146, "Table \'internal_task_management.attendance_table\' doesn\'t exist")'}
2024-08-12 14:21:55.374 ERROR json_response.py json_response - response_exception:{'message': '(1146, "Table \'internal_task_management.privilege_master\' doesn\'t exist")'}
2024-08-12 14:21:55.389 ERROR json_response.py json_response - response_exception:{'message': '(1146, "Table \'internal_task_management.privilege_master\' doesn\'t exist")'}
2024-08-12 14:21:56.850 ERROR json_response.py json_response - response_exception:{'message': '(1146, "Table \'internal_task_management.privilege_master\' doesn\'t exist")'}
2024-08-12 14:21:57.546 ERROR json_response.py json_response - response_exception:{'message': '(1146, "Table \'internal_task_management.privilege_master\' doesn\'t exist")'}
2024-08-12 14:21:57.558 ERROR json_response.py json_response - response_exception:{'message': '(1146, "Table \'internal_task_management.privilege_master\' doesn\'t exist")'}
2024-08-12 14:23:23.539 ERROR json_response.py json_response - response_exception:{'message': '(1146, "Table \'internal_task_management.privilege_master\' doesn\'t exist")'}
2024-08-12 14:23:23.553 ERROR json_response.py json_response - response_exception:{'message': '(1146, "Table \'internal_task_management.privilege_master\' doesn\'t exist")'}
2024-08-12 14:25:33.976 ERROR json_response.py json_response - response_exception:{'message': '(1146, "Table \'internal_task_management.privilege_master\' doesn\'t exist")'}
2024-08-12 14:25:33.986 ERROR json_response.py json_response - response_exception:{'message': '(1146, "Table \'internal_task_management.privilege_master\' doesn\'t exist")'}
2024-08-12 14:25:35.246 ERROR json_response.py json_response - response_exception:{'message': '(1146, "Table \'internal_task_management.privilege_master\' doesn\'t exist")'}
2024-08-12 14:26:16.459 ERROR json_response.py json_response - response_exception:{'message': '(1146, "Table \'internal_task_management.privilege_master\' doesn\'t exist")'}
2024-08-12 14:26:18.901 ERROR json_response.py json_response - response_exception:{'message': '(1146, "Table \'internal_task_management.privilege_master\' doesn\'t exist")'}
2024-08-12 14:26:18.910 ERROR json_response.py json_response - response_exception:{'message': '(1146, "Table \'internal_task_management.privilege_master\' doesn\'t exist")'}
2024-08-12 14:26:20.005 ERROR json_response.py json_response - response_exception:{'message': '(1146, "Table \'internal_task_management.privilege_master\' doesn\'t exist")'}
2024-08-12 14:26:25.813 ERROR json_response.py json_response - response_exception:{'message': '(1146, "Table \'internal_task_management.privilege_master\' doesn\'t exist")'}
2024-08-12 14:27:18.911 ERROR json_response.py json_response - response_exception:{'message': '(1146, "Table \'internal_task_management.privilege_master\' doesn\'t exist")'}
2024-08-12 14:27:18.920 ERROR json_response.py json_response - response_exception:{'message': '(1146, "Table \'internal_task_management.privilege_master\' doesn\'t exist")'}
2024-08-12 14:27:22.499 ERROR json_response.py json_response - response_exception:{'message': '(1146, "Table \'internal_task_management.privilege_master\' doesn\'t exist")'}
2024-08-12 14:28:02.471 ERROR json_response.py json_response - response_exception:{'message': '(1146, "Table \'internal_task_management.privilege_master\' doesn\'t exist")'}
