2025-01-02 10:00:18.072 ERROR json_response.py json_response - response_exception:{'message': "'utf-8' codec can't decode byte 0xb2 in position 0: invalid start byte"}
2025-01-02 10:00:36.246 ERROR json_response.py json_response - response_exception:{'message': "'utf-8' codec can't decode byte 0xb2 in position 0: invalid start byte"}
2025-01-02 10:00:39.034 ERROR json_response.py json_response - response_exception:{'message': 'Incorrect padding'}
2025-01-02 11:30:19.394 ERROR json_response.py json_response - response_exception:{'message': "'utf-8' codec can't decode byte 0xb7 in position 0: invalid start byte"}
2025-01-02 11:30:19.491 ERROR json_response.py json_response - response_exception:{'message': "'utf-8' codec can't decode byte 0xb7 in position 0: invalid start byte"}
2025-01-02 11:32:36.853 ERROR json_response.py json_response - response_exception:{'message': 'Invalid base64-encoded string: number of data characters (9) cannot be 1 more than a multiple of 4'}
2025-01-02 11:32:36.909 ERROR json_response.py json_response - response_exception:{'message': 'Invalid base64-encoded string: number of data characters (9) cannot be 1 more than a multiple of 4'}
2025-01-02 11:34:12.366 ERROR json_response.py json_response - response_exception:{'message': '(1064, "You have an error in your SQL syntax; check the manual that corresponds to your MariaDB server version for the right syntax to use near \'\'\',\'Shyam\',\'EMP009\',0,\'eb57b7c1-bb60-4582-89d5-026355057c75\',\'test\',\'\',1,\'tes...\' at line 1")'}
2025-01-02 11:44:57.041 ERROR json_response.py json_response - response_exception:{'message': "'utf-8' codec can't decode byte 0xb7 in position 0: invalid start byte"}
2025-01-02 11:44:57.117 ERROR json_response.py json_response - response_exception:{'message': "'utf-8' codec can't decode byte 0xb7 in position 0: invalid start byte"}
2025-01-02 11:45:14.624 ERROR json_response.py json_response - response_exception:{'message': 'Invalid base64-encoded string: number of data characters (9) cannot be 1 more than a multiple of 4'}
2025-01-02 11:45:14.697 ERROR json_response.py json_response - response_exception:{'message': 'Invalid base64-encoded string: number of data characters (9) cannot be 1 more than a multiple of 4'}
2025-01-02 11:45:14.698 ERROR json_response.py json_response - response_exception:{'message': 'Invalid base64-encoded string: number of data characters (9) cannot be 1 more than a multiple of 4'}
2025-01-02 11:45:14.753 ERROR json_response.py json_response - response_exception:{'message': 'Invalid base64-encoded string: number of data characters (9) cannot be 1 more than a multiple of 4'}
2025-01-02 11:50:45.250 ERROR json_response.py json_response - response_exception:{'message': 'Invalid base64-encoded string: number of data characters (9) cannot be 1 more than a multiple of 4'}
2025-01-02 11:50:45.260 ERROR json_response.py json_response - response_exception:{'message': 'Invalid base64-encoded string: number of data characters (9) cannot be 1 more than a multiple of 4'}
2025-01-02 11:50:45.317 ERROR json_response.py json_response - response_exception:{'message': 'Invalid base64-encoded string: number of data characters (9) cannot be 1 more than a multiple of 4'}
2025-01-02 11:50:45.319 ERROR json_response.py json_response - response_exception:{'message': 'Invalid base64-encoded string: number of data characters (9) cannot be 1 more than a multiple of 4'}
2025-01-02 11:50:54.079 ERROR json_response.py json_response - response_exception:{'message': 'Invalid base64-encoded string: number of data characters (9) cannot be 1 more than a multiple of 4'}
2025-01-02 11:50:54.113 ERROR json_response.py json_response - response_exception:{'message': 'Invalid base64-encoded string: number of data characters (9) cannot be 1 more than a multiple of 4'}
2025-01-02 11:50:54.149 ERROR json_response.py json_response - response_exception:{'message': 'Invalid base64-encoded string: number of data characters (9) cannot be 1 more than a multiple of 4'}
2025-01-02 11:50:54.178 ERROR json_response.py json_response - response_exception:{'message': 'Invalid base64-encoded string: number of data characters (9) cannot be 1 more than a multiple of 4'}
2025-01-02 11:52:09.342 ERROR json_response.py json_response - response_exception:{'message': 'Invalid base64-encoded string: number of data characters (9) cannot be 1 more than a multiple of 4'}
2025-01-02 11:52:09.371 ERROR json_response.py json_response - response_exception:{'message': 'Invalid base64-encoded string: number of data characters (9) cannot be 1 more than a multiple of 4'}
2025-01-02 11:52:09.411 ERROR json_response.py json_response - response_exception:{'message': 'Invalid base64-encoded string: number of data characters (9) cannot be 1 more than a multiple of 4'}
2025-01-02 11:52:09.429 ERROR json_response.py json_response - response_exception:{'message': 'Invalid base64-encoded string: number of data characters (9) cannot be 1 more than a multiple of 4'}
2025-01-02 11:58:30.182 ERROR json_response.py json_response - response_exception:{'message': 'Invalid base64-encoded string: number of data characters (9) cannot be 1 more than a multiple of 4'}
2025-01-02 11:58:30.183 ERROR json_response.py json_response - response_exception:{'message': 'Invalid base64-encoded string: number of data characters (9) cannot be 1 more than a multiple of 4'}
2025-01-02 11:58:30.245 ERROR json_response.py json_response - response_exception:{'message': 'Invalid base64-encoded string: number of data characters (9) cannot be 1 more than a multiple of 4'}
2025-01-02 11:58:30.255 ERROR json_response.py json_response - response_exception:{'message': 'Invalid base64-encoded string: number of data characters (9) cannot be 1 more than a multiple of 4'}
2025-01-02 12:08:43.523 ERROR json_response.py json_response - response_exception:{'message': 'Invalid base64-encoded string: number of data characters (9) cannot be 1 more than a multiple of 4'}
2025-01-02 12:08:43.541 ERROR json_response.py json_response - response_exception:{'message': 'Invalid base64-encoded string: number of data characters (9) cannot be 1 more than a multiple of 4'}
2025-01-02 12:08:43.588 ERROR json_response.py json_response - response_exception:{'message': 'Invalid base64-encoded string: number of data characters (9) cannot be 1 more than a multiple of 4'}
2025-01-02 12:08:43.610 ERROR json_response.py json_response - response_exception:{'message': 'Invalid base64-encoded string: number of data characters (9) cannot be 1 more than a multiple of 4'}
2025-01-02 12:11:27.436 ERROR json_response.py json_response - response_exception:{'message': 'Invalid base64-encoded string: number of data characters (9) cannot be 1 more than a multiple of 4'}
2025-01-02 12:11:27.437 ERROR json_response.py json_response - response_exception:{'message': 'Invalid base64-encoded string: number of data characters (9) cannot be 1 more than a multiple of 4'}
2025-01-02 12:11:27.500 ERROR json_response.py json_response - response_exception:{'message': 'Invalid base64-encoded string: number of data characters (9) cannot be 1 more than a multiple of 4'}
2025-01-02 12:11:27.501 ERROR json_response.py json_response - response_exception:{'message': 'Invalid base64-encoded string: number of data characters (9) cannot be 1 more than a multiple of 4'}
2025-01-02 12:22:31.440 ERROR json_response.py json_response - response_exception:{'message': 'Invalid base64-encoded string: number of data characters (9) cannot be 1 more than a multiple of 4'}
2025-01-02 12:22:31.459 ERROR json_response.py json_response - response_exception:{'message': 'Invalid base64-encoded string: number of data characters (9) cannot be 1 more than a multiple of 4'}
2025-01-02 12:22:31.605 ERROR json_response.py json_response - response_exception:{'message': 'Invalid base64-encoded string: number of data characters (9) cannot be 1 more than a multiple of 4'}
2025-01-02 12:22:31.622 ERROR json_response.py json_response - response_exception:{'message': 'Invalid base64-encoded string: number of data characters (9) cannot be 1 more than a multiple of 4'}
2025-01-02 12:31:01.116 ERROR json_response.py json_response - response_exception:{'message': 'Invalid base64-encoded string: number of data characters (9) cannot be 1 more than a multiple of 4'}
2025-01-02 12:31:01.116 ERROR json_response.py json_response - response_exception:{'message': 'Invalid base64-encoded string: number of data characters (9) cannot be 1 more than a multiple of 4'}
2025-01-02 12:31:01.175 ERROR json_response.py json_response - response_exception:{'message': 'Invalid base64-encoded string: number of data characters (9) cannot be 1 more than a multiple of 4'}
2025-01-02 12:31:01.176 ERROR json_response.py json_response - response_exception:{'message': 'Invalid base64-encoded string: number of data characters (9) cannot be 1 more than a multiple of 4'}
2025-01-02 12:33:49.927 ERROR json_response.py json_response - response_exception:{'message': 'Invalid base64-encoded string: number of data characters (9) cannot be 1 more than a multiple of 4'}
2025-01-02 12:33:49.935 ERROR json_response.py json_response - response_exception:{'message': 'Invalid base64-encoded string: number of data characters (9) cannot be 1 more than a multiple of 4'}
2025-01-02 12:33:49.975 ERROR json_response.py json_response - response_exception:{'message': 'Invalid base64-encoded string: number of data characters (9) cannot be 1 more than a multiple of 4'}
2025-01-02 12:33:49.991 ERROR json_response.py json_response - response_exception:{'message': 'Invalid base64-encoded string: number of data characters (9) cannot be 1 more than a multiple of 4'}
2025-01-02 12:34:36.056 ERROR json_response.py json_response - response_exception:{'message': 'Invalid base64-encoded string: number of data characters (9) cannot be 1 more than a multiple of 4'}
2025-01-02 12:34:36.056 ERROR json_response.py json_response - response_exception:{'message': 'Invalid base64-encoded string: number of data characters (9) cannot be 1 more than a multiple of 4'}
2025-01-02 12:34:36.126 ERROR json_response.py json_response - response_exception:{'message': 'Invalid base64-encoded string: number of data characters (9) cannot be 1 more than a multiple of 4'}
2025-01-02 12:34:36.128 ERROR json_response.py json_response - response_exception:{'message': 'Invalid base64-encoded string: number of data characters (9) cannot be 1 more than a multiple of 4'}
2025-01-02 12:42:18.502 ERROR json_response.py json_response - response_exception:{'message': 'Invalid base64-encoded string: number of data characters (9) cannot be 1 more than a multiple of 4'}
2025-01-02 12:42:18.503 ERROR json_response.py json_response - response_exception:{'message': 'Invalid base64-encoded string: number of data characters (9) cannot be 1 more than a multiple of 4'}
2025-01-02 12:42:18.558 ERROR json_response.py json_response - response_exception:{'message': 'Invalid base64-encoded string: number of data characters (9) cannot be 1 more than a multiple of 4'}
2025-01-02 12:42:18.559 ERROR json_response.py json_response - response_exception:{'message': 'Invalid base64-encoded string: number of data characters (9) cannot be 1 more than a multiple of 4'}
2025-01-02 12:42:21.649 ERROR json_response.py json_response - response_exception:{'message': 'Invalid base64-encoded string: number of data characters (9) cannot be 1 more than a multiple of 4'}
2025-01-02 12:42:21.664 ERROR json_response.py json_response - response_exception:{'message': 'Invalid base64-encoded string: number of data characters (9) cannot be 1 more than a multiple of 4'}
2025-01-02 12:42:21.712 ERROR json_response.py json_response - response_exception:{'message': 'Invalid base64-encoded string: number of data characters (9) cannot be 1 more than a multiple of 4'}
2025-01-02 12:42:21.728 ERROR json_response.py json_response - response_exception:{'message': 'Invalid base64-encoded string: number of data characters (9) cannot be 1 more than a multiple of 4'}
2025-01-02 12:45:05.158 ERROR json_response.py json_response - response_exception:{'message': 'Invalid base64-encoded string: number of data characters (9) cannot be 1 more than a multiple of 4'}
2025-01-02 12:45:05.162 ERROR json_response.py json_response - response_exception:{'message': 'Invalid base64-encoded string: number of data characters (9) cannot be 1 more than a multiple of 4'}
2025-01-02 12:45:05.264 ERROR json_response.py json_response - response_exception:{'message': 'Invalid base64-encoded string: number of data characters (9) cannot be 1 more than a multiple of 4'}
2025-01-02 12:45:05.265 ERROR json_response.py json_response - response_exception:{'message': 'Invalid base64-encoded string: number of data characters (9) cannot be 1 more than a multiple of 4'}
2025-01-02 12:49:56.412 ERROR json_response.py json_response - response_exception:{'message': 'Invalid base64-encoded string: number of data characters (9) cannot be 1 more than a multiple of 4'}
2025-01-02 12:49:56.439 ERROR json_response.py json_response - response_exception:{'message': 'Invalid base64-encoded string: number of data characters (9) cannot be 1 more than a multiple of 4'}
2025-01-02 12:49:56.500 ERROR json_response.py json_response - response_exception:{'message': 'Invalid base64-encoded string: number of data characters (9) cannot be 1 more than a multiple of 4'}
2025-01-02 12:49:56.501 ERROR json_response.py json_response - response_exception:{'message': 'Invalid base64-encoded string: number of data characters (9) cannot be 1 more than a multiple of 4'}
2025-01-02 12:51:41.119 ERROR json_response.py json_response - response_exception:{'message': 'Invalid base64-encoded string: number of data characters (9) cannot be 1 more than a multiple of 4'}
2025-01-02 12:51:41.120 ERROR json_response.py json_response - response_exception:{'message': 'Invalid base64-encoded string: number of data characters (9) cannot be 1 more than a multiple of 4'}
2025-01-02 12:51:41.188 ERROR json_response.py json_response - response_exception:{'message': 'Invalid base64-encoded string: number of data characters (9) cannot be 1 more than a multiple of 4'}
2025-01-02 12:51:41.189 ERROR json_response.py json_response - response_exception:{'message': 'Invalid base64-encoded string: number of data characters (9) cannot be 1 more than a multiple of 4'}
2025-01-02 12:53:14.500 ERROR json_response.py json_response - response_exception:{'message': 'Invalid base64-encoded string: number of data characters (9) cannot be 1 more than a multiple of 4'}
2025-01-02 12:53:14.520 ERROR json_response.py json_response - response_exception:{'message': 'Invalid base64-encoded string: number of data characters (9) cannot be 1 more than a multiple of 4'}
2025-01-02 12:53:14.567 ERROR json_response.py json_response - response_exception:{'message': 'Invalid base64-encoded string: number of data characters (9) cannot be 1 more than a multiple of 4'}
2025-01-02 12:53:14.588 ERROR json_response.py json_response - response_exception:{'message': 'Invalid base64-encoded string: number of data characters (9) cannot be 1 more than a multiple of 4'}
2025-01-02 12:53:26.680 ERROR json_response.py json_response - response_exception:{'message': 'Invalid base64-encoded string: number of data characters (9) cannot be 1 more than a multiple of 4'}
2025-01-02 12:53:26.699 ERROR json_response.py json_response - response_exception:{'message': 'Invalid base64-encoded string: number of data characters (9) cannot be 1 more than a multiple of 4'}
2025-01-02 12:53:26.751 ERROR json_response.py json_response - response_exception:{'message': 'Invalid base64-encoded string: number of data characters (9) cannot be 1 more than a multiple of 4'}
2025-01-02 12:53:26.772 ERROR json_response.py json_response - response_exception:{'message': 'Invalid base64-encoded string: number of data characters (9) cannot be 1 more than a multiple of 4'}
2025-01-02 12:56:29.920 ERROR json_response.py json_response - response_exception:{'message': 'Invalid base64-encoded string: number of data characters (9) cannot be 1 more than a multiple of 4'}
2025-01-02 12:56:29.921 ERROR json_response.py json_response - response_exception:{'message': 'Invalid base64-encoded string: number of data characters (9) cannot be 1 more than a multiple of 4'}
2025-01-02 12:56:29.983 ERROR json_response.py json_response - response_exception:{'message': 'Invalid base64-encoded string: number of data characters (9) cannot be 1 more than a multiple of 4'}
2025-01-02 12:56:29.983 ERROR json_response.py json_response - response_exception:{'message': 'Invalid base64-encoded string: number of data characters (9) cannot be 1 more than a multiple of 4'}
2025-01-02 12:57:59.467 ERROR json_response.py json_response - response_exception:{'message': 'Invalid base64-encoded string: number of data characters (9) cannot be 1 more than a multiple of 4'}
2025-01-02 12:57:59.470 ERROR json_response.py json_response - response_exception:{'message': 'Invalid base64-encoded string: number of data characters (9) cannot be 1 more than a multiple of 4'}
2025-01-02 12:57:59.525 ERROR json_response.py json_response - response_exception:{'message': 'Invalid base64-encoded string: number of data characters (9) cannot be 1 more than a multiple of 4'}
2025-01-02 12:57:59.534 ERROR json_response.py json_response - response_exception:{'message': 'Invalid base64-encoded string: number of data characters (9) cannot be 1 more than a multiple of 4'}
2025-01-02 12:59:17.595 ERROR json_response.py json_response - response_exception:{'message': 'Invalid base64-encoded string: number of data characters (9) cannot be 1 more than a multiple of 4'}
2025-01-02 12:59:17.596 ERROR json_response.py json_response - response_exception:{'message': 'Invalid base64-encoded string: number of data characters (9) cannot be 1 more than a multiple of 4'}
2025-01-02 12:59:17.645 ERROR json_response.py json_response - response_exception:{'message': 'Invalid base64-encoded string: number of data characters (9) cannot be 1 more than a multiple of 4'}
2025-01-02 12:59:17.662 ERROR json_response.py json_response - response_exception:{'message': 'Invalid base64-encoded string: number of data characters (9) cannot be 1 more than a multiple of 4'}
2025-01-02 12:59:34.605 ERROR json_response.py json_response - response_exception:{'message': 'Invalid base64-encoded string: number of data characters (9) cannot be 1 more than a multiple of 4'}
2025-01-02 12:59:34.606 ERROR json_response.py json_response - response_exception:{'message': 'Invalid base64-encoded string: number of data characters (9) cannot be 1 more than a multiple of 4'}
2025-01-02 12:59:34.669 ERROR json_response.py json_response - response_exception:{'message': 'Invalid base64-encoded string: number of data characters (9) cannot be 1 more than a multiple of 4'}
2025-01-02 12:59:34.670 ERROR json_response.py json_response - response_exception:{'message': 'Invalid base64-encoded string: number of data characters (9) cannot be 1 more than a multiple of 4'}
2025-01-02 12:59:46.355 ERROR json_response.py json_response - response_exception:{'message': 'Invalid base64-encoded string: number of data characters (9) cannot be 1 more than a multiple of 4'}
2025-01-02 12:59:46.372 ERROR json_response.py json_response - response_exception:{'message': 'Invalid base64-encoded string: number of data characters (9) cannot be 1 more than a multiple of 4'}
2025-01-02 12:59:46.433 ERROR json_response.py json_response - response_exception:{'message': 'Invalid base64-encoded string: number of data characters (9) cannot be 1 more than a multiple of 4'}
2025-01-02 12:59:46.443 ERROR json_response.py json_response - response_exception:{'message': 'Invalid base64-encoded string: number of data characters (9) cannot be 1 more than a multiple of 4'}
2025-01-02 13:00:46.048 ERROR json_response.py json_response - response_exception:{'message': 'Invalid base64-encoded string: number of data characters (9) cannot be 1 more than a multiple of 4'}
2025-01-02 13:00:46.069 ERROR json_response.py json_response - response_exception:{'message': 'Invalid base64-encoded string: number of data characters (9) cannot be 1 more than a multiple of 4'}
2025-01-02 13:00:46.119 ERROR json_response.py json_response - response_exception:{'message': 'Invalid base64-encoded string: number of data characters (9) cannot be 1 more than a multiple of 4'}
2025-01-02 13:00:46.127 ERROR json_response.py json_response - response_exception:{'message': 'Invalid base64-encoded string: number of data characters (9) cannot be 1 more than a multiple of 4'}
2025-01-02 13:01:00.942 ERROR json_response.py json_response - response_exception:{'message': 'Invalid base64-encoded string: number of data characters (9) cannot be 1 more than a multiple of 4'}
2025-01-02 13:01:00.944 ERROR json_response.py json_response - response_exception:{'message': 'Invalid base64-encoded string: number of data characters (9) cannot be 1 more than a multiple of 4'}
2025-01-02 13:01:01.003 ERROR json_response.py json_response - response_exception:{'message': 'Invalid base64-encoded string: number of data characters (9) cannot be 1 more than a multiple of 4'}
2025-01-02 13:01:01.004 ERROR json_response.py json_response - response_exception:{'message': 'Invalid base64-encoded string: number of data characters (9) cannot be 1 more than a multiple of 4'}
2025-01-02 13:02:26.685 ERROR json_response.py json_response - response_exception:{'message': 'Invalid base64-encoded string: number of data characters (9) cannot be 1 more than a multiple of 4'}
2025-01-02 13:02:26.685 ERROR json_response.py json_response - response_exception:{'message': 'Invalid base64-encoded string: number of data characters (9) cannot be 1 more than a multiple of 4'}
2025-01-02 13:02:26.740 ERROR json_response.py json_response - response_exception:{'message': 'Invalid base64-encoded string: number of data characters (9) cannot be 1 more than a multiple of 4'}
2025-01-02 13:02:26.750 ERROR json_response.py json_response - response_exception:{'message': 'Invalid base64-encoded string: number of data characters (9) cannot be 1 more than a multiple of 4'}
2025-01-02 13:02:58.286 ERROR json_response.py json_response - response_exception:{'message': 'Invalid base64-encoded string: number of data characters (9) cannot be 1 more than a multiple of 4'}
2025-01-02 13:02:58.287 ERROR json_response.py json_response - response_exception:{'message': 'Invalid base64-encoded string: number of data characters (9) cannot be 1 more than a multiple of 4'}
2025-01-02 13:02:58.347 ERROR json_response.py json_response - response_exception:{'message': 'Invalid base64-encoded string: number of data characters (9) cannot be 1 more than a multiple of 4'}
2025-01-02 13:02:58.348 ERROR json_response.py json_response - response_exception:{'message': 'Invalid base64-encoded string: number of data characters (9) cannot be 1 more than a multiple of 4'}
2025-01-02 13:04:12.112 ERROR json_response.py json_response - response_exception:{'message': 'Invalid base64-encoded string: number of data characters (9) cannot be 1 more than a multiple of 4'}
2025-01-02 13:04:12.122 ERROR json_response.py json_response - response_exception:{'message': 'Invalid base64-encoded string: number of data characters (9) cannot be 1 more than a multiple of 4'}
2025-01-02 13:04:12.283 ERROR json_response.py json_response - response_exception:{'message': 'Invalid base64-encoded string: number of data characters (9) cannot be 1 more than a multiple of 4'}
2025-01-02 13:04:12.284 ERROR json_response.py json_response - response_exception:{'message': 'Invalid base64-encoded string: number of data characters (9) cannot be 1 more than a multiple of 4'}
2025-01-02 13:05:38.734 ERROR json_response.py json_response - response_exception:{'message': 'Invalid base64-encoded string: number of data characters (9) cannot be 1 more than a multiple of 4'}
2025-01-02 13:05:38.736 ERROR json_response.py json_response - response_exception:{'message': 'Invalid base64-encoded string: number of data characters (9) cannot be 1 more than a multiple of 4'}
2025-01-02 13:05:38.801 ERROR json_response.py json_response - response_exception:{'message': 'Invalid base64-encoded string: number of data characters (9) cannot be 1 more than a multiple of 4'}
2025-01-02 13:05:38.802 ERROR json_response.py json_response - response_exception:{'message': 'Invalid base64-encoded string: number of data characters (9) cannot be 1 more than a multiple of 4'}
2025-01-02 13:05:59.254 ERROR json_response.py json_response - response_exception:{'message': 'Invalid base64-encoded string: number of data characters (9) cannot be 1 more than a multiple of 4'}
2025-01-02 13:05:59.256 ERROR json_response.py json_response - response_exception:{'message': 'Invalid base64-encoded string: number of data characters (9) cannot be 1 more than a multiple of 4'}
2025-01-02 13:05:59.326 ERROR json_response.py json_response - response_exception:{'message': 'Invalid base64-encoded string: number of data characters (9) cannot be 1 more than a multiple of 4'}
2025-01-02 13:05:59.327 ERROR json_response.py json_response - response_exception:{'message': 'Invalid base64-encoded string: number of data characters (9) cannot be 1 more than a multiple of 4'}
2025-01-02 13:07:23.049 ERROR json_response.py json_response - response_exception:{'message': 'Invalid base64-encoded string: number of data characters (9) cannot be 1 more than a multiple of 4'}
2025-01-02 13:07:23.073 ERROR json_response.py json_response - response_exception:{'message': 'Invalid base64-encoded string: number of data characters (9) cannot be 1 more than a multiple of 4'}
2025-01-02 13:07:23.131 ERROR json_response.py json_response - response_exception:{'message': 'Invalid base64-encoded string: number of data characters (9) cannot be 1 more than a multiple of 4'}
2025-01-02 13:07:23.132 ERROR json_response.py json_response - response_exception:{'message': 'Invalid base64-encoded string: number of data characters (9) cannot be 1 more than a multiple of 4'}
2025-01-02 13:08:11.919 ERROR json_response.py json_response - response_exception:{'message': 'Invalid base64-encoded string: number of data characters (9) cannot be 1 more than a multiple of 4'}
2025-01-02 13:08:11.924 ERROR json_response.py json_response - response_exception:{'message': 'Invalid base64-encoded string: number of data characters (9) cannot be 1 more than a multiple of 4'}
2025-01-02 13:08:11.980 ERROR json_response.py json_response - response_exception:{'message': 'Invalid base64-encoded string: number of data characters (9) cannot be 1 more than a multiple of 4'}
2025-01-02 13:08:11.981 ERROR json_response.py json_response - response_exception:{'message': 'Invalid base64-encoded string: number of data characters (9) cannot be 1 more than a multiple of 4'}
2025-01-02 13:14:49.886 ERROR json_response.py json_response - response_exception:{'message': 'Invalid base64-encoded string: number of data characters (9) cannot be 1 more than a multiple of 4'}
2025-01-02 13:14:49.886 ERROR json_response.py json_response - response_exception:{'message': 'Invalid base64-encoded string: number of data characters (9) cannot be 1 more than a multiple of 4'}
2025-01-02 13:14:49.962 ERROR json_response.py json_response - response_exception:{'message': 'Invalid base64-encoded string: number of data characters (9) cannot be 1 more than a multiple of 4'}
2025-01-02 13:14:49.963 ERROR json_response.py json_response - response_exception:{'message': 'Invalid base64-encoded string: number of data characters (9) cannot be 1 more than a multiple of 4'}
2025-01-02 13:20:29.663 ERROR json_response.py json_response - response_exception:{'message': 'Invalid base64-encoded string: number of data characters (9) cannot be 1 more than a multiple of 4'}
2025-01-02 13:20:29.664 ERROR json_response.py json_response - response_exception:{'message': 'Invalid base64-encoded string: number of data characters (9) cannot be 1 more than a multiple of 4'}
2025-01-02 13:20:29.724 ERROR json_response.py json_response - response_exception:{'message': 'Invalid base64-encoded string: number of data characters (9) cannot be 1 more than a multiple of 4'}
2025-01-02 13:20:29.724 ERROR json_response.py json_response - response_exception:{'message': 'Invalid base64-encoded string: number of data characters (9) cannot be 1 more than a multiple of 4'}
2025-01-02 14:12:58.831 ERROR json_response.py json_response - response_exception:{'message': 'Invalid base64-encoded string: number of data characters (9) cannot be 1 more than a multiple of 4'}
2025-01-02 14:12:58.877 ERROR json_response.py json_response - response_exception:{'message': 'Invalid base64-encoded string: number of data characters (9) cannot be 1 more than a multiple of 4'}
2025-01-02 14:12:58.917 ERROR json_response.py json_response - response_exception:{'message': 'Invalid base64-encoded string: number of data characters (9) cannot be 1 more than a multiple of 4'}
2025-01-02 14:12:58.943 ERROR json_response.py json_response - response_exception:{'message': 'Invalid base64-encoded string: number of data characters (9) cannot be 1 more than a multiple of 4'}
2025-01-02 14:15:33.614 ERROR json_response.py json_response - response_exception:{'message': 'Invalid base64-encoded string: number of data characters (9) cannot be 1 more than a multiple of 4'}
2025-01-02 14:15:33.616 ERROR json_response.py json_response - response_exception:{'message': 'Invalid base64-encoded string: number of data characters (9) cannot be 1 more than a multiple of 4'}
2025-01-02 14:15:33.683 ERROR json_response.py json_response - response_exception:{'message': 'Invalid base64-encoded string: number of data characters (9) cannot be 1 more than a multiple of 4'}
2025-01-02 14:15:33.685 ERROR json_response.py json_response - response_exception:{'message': 'Invalid base64-encoded string: number of data characters (9) cannot be 1 more than a multiple of 4'}
2025-01-02 14:28:33.104 ERROR json_response.py json_response - response_exception:{'message': 'Invalid base64-encoded string: number of data characters (9) cannot be 1 more than a multiple of 4'}
2025-01-02 14:28:33.160 ERROR json_response.py json_response - response_exception:{'message': 'Invalid base64-encoded string: number of data characters (9) cannot be 1 more than a multiple of 4'}
2025-01-02 14:28:53.236 ERROR json_response.py json_response - response_exception:{'message': 'Invalid base64-encoded string: number of data characters (9) cannot be 1 more than a multiple of 4'}
2025-01-02 14:28:53.292 ERROR json_response.py json_response - response_exception:{'message': 'Invalid base64-encoded string: number of data characters (9) cannot be 1 more than a multiple of 4'}
2025-01-02 14:28:57.640 ERROR json_response.py json_response - response_exception:{'message': 'Invalid base64-encoded string: number of data characters (9) cannot be 1 more than a multiple of 4'}
2025-01-02 14:28:57.641 ERROR json_response.py json_response - response_exception:{'message': 'Invalid base64-encoded string: number of data characters (9) cannot be 1 more than a multiple of 4'}
2025-01-02 14:28:57.719 ERROR json_response.py json_response - response_exception:{'message': 'Invalid base64-encoded string: number of data characters (9) cannot be 1 more than a multiple of 4'}
2025-01-02 14:28:57.720 ERROR json_response.py json_response - response_exception:{'message': 'Invalid base64-encoded string: number of data characters (9) cannot be 1 more than a multiple of 4'}
2025-01-02 14:29:58.237 ERROR json_response.py json_response - response_exception:{'message': 'Invalid base64-encoded string: number of data characters (9) cannot be 1 more than a multiple of 4'}
2025-01-02 14:29:58.238 ERROR json_response.py json_response - response_exception:{'message': 'Invalid base64-encoded string: number of data characters (9) cannot be 1 more than a multiple of 4'}
2025-01-02 14:29:58.307 ERROR json_response.py json_response - response_exception:{'message': 'Invalid base64-encoded string: number of data characters (9) cannot be 1 more than a multiple of 4'}
2025-01-02 14:29:58.307 ERROR json_response.py json_response - response_exception:{'message': 'Invalid base64-encoded string: number of data characters (9) cannot be 1 more than a multiple of 4'}
2025-01-02 14:32:24.467 ERROR json_response.py json_response - response_exception:{'message': 'Invalid base64-encoded string: number of data characters (9) cannot be 1 more than a multiple of 4'}
2025-01-02 14:32:24.490 ERROR json_response.py json_response - response_exception:{'message': 'Invalid base64-encoded string: number of data characters (9) cannot be 1 more than a multiple of 4'}
2025-01-02 14:32:24.538 ERROR json_response.py json_response - response_exception:{'message': 'Invalid base64-encoded string: number of data characters (9) cannot be 1 more than a multiple of 4'}
2025-01-02 14:32:24.560 ERROR json_response.py json_response - response_exception:{'message': 'Invalid base64-encoded string: number of data characters (9) cannot be 1 more than a multiple of 4'}
2025-01-02 14:32:27.579 ERROR json_response.py json_response - response_exception:{'message': 'Invalid base64-encoded string: number of data characters (9) cannot be 1 more than a multiple of 4'}
2025-01-02 14:32:27.634 ERROR json_response.py json_response - response_exception:{'message': 'Invalid base64-encoded string: number of data characters (9) cannot be 1 more than a multiple of 4'}
2025-01-02 14:32:28.610 ERROR json_response.py json_response - response_exception:{'message': 'Invalid base64-encoded string: number of data characters (9) cannot be 1 more than a multiple of 4'}
2025-01-02 14:32:28.660 ERROR json_response.py json_response - response_exception:{'message': 'Invalid base64-encoded string: number of data characters (9) cannot be 1 more than a multiple of 4'}
2025-01-02 14:32:32.646 ERROR json_response.py json_response - response_exception:{'message': 'Invalid base64-encoded string: number of data characters (9) cannot be 1 more than a multiple of 4'}
2025-01-02 14:32:32.697 ERROR json_response.py json_response - response_exception:{'message': 'Invalid base64-encoded string: number of data characters (9) cannot be 1 more than a multiple of 4'}
2025-01-02 14:32:34.265 ERROR json_response.py json_response - response_exception:{'message': 'Invalid base64-encoded string: number of data characters (9) cannot be 1 more than a multiple of 4'}
2025-01-02 14:32:34.317 ERROR json_response.py json_response - response_exception:{'message': 'Invalid base64-encoded string: number of data characters (9) cannot be 1 more than a multiple of 4'}
2025-01-02 14:32:35.065 ERROR json_response.py json_response - response_exception:{'message': 'Invalid base64-encoded string: number of data characters (9) cannot be 1 more than a multiple of 4'}
2025-01-02 14:32:35.116 ERROR json_response.py json_response - response_exception:{'message': 'Invalid base64-encoded string: number of data characters (9) cannot be 1 more than a multiple of 4'}
2025-01-02 14:32:54.164 ERROR json_response.py json_response - response_exception:{'message': 'Invalid base64-encoded string: number of data characters (9) cannot be 1 more than a multiple of 4'}
2025-01-02 14:32:54.187 ERROR json_response.py json_response - response_exception:{'message': 'Invalid base64-encoded string: number of data characters (9) cannot be 1 more than a multiple of 4'}
2025-01-02 14:32:54.239 ERROR json_response.py json_response - response_exception:{'message': 'Invalid base64-encoded string: number of data characters (9) cannot be 1 more than a multiple of 4'}
2025-01-02 14:32:54.256 ERROR json_response.py json_response - response_exception:{'message': 'Invalid base64-encoded string: number of data characters (9) cannot be 1 more than a multiple of 4'}
2025-01-02 14:33:22.148 ERROR json_response.py json_response - response_exception:{'message': 'Invalid base64-encoded string: number of data characters (9) cannot be 1 more than a multiple of 4'}
2025-01-02 14:33:22.202 ERROR json_response.py json_response - response_exception:{'message': 'Invalid base64-encoded string: number of data characters (9) cannot be 1 more than a multiple of 4'}
2025-01-02 15:03:35.880 ERROR json_response.py json_response - response_exception:{'message': 'Invalid base64-encoded string: number of data characters (9) cannot be 1 more than a multiple of 4'}
2025-01-02 15:03:35.900 ERROR json_response.py json_response - response_exception:{'message': 'Invalid base64-encoded string: number of data characters (9) cannot be 1 more than a multiple of 4'}
2025-01-02 15:03:35.943 ERROR json_response.py json_response - response_exception:{'message': 'Invalid base64-encoded string: number of data characters (9) cannot be 1 more than a multiple of 4'}
2025-01-02 15:03:35.958 ERROR json_response.py json_response - response_exception:{'message': 'Invalid base64-encoded string: number of data characters (9) cannot be 1 more than a multiple of 4'}
2025-01-02 15:06:22.771 ERROR json_response.py json_response - response_exception:{'message': 'Invalid base64-encoded string: number of data characters (9) cannot be 1 more than a multiple of 4'}
2025-01-02 15:06:22.776 ERROR json_response.py json_response - response_exception:{'message': 'Invalid base64-encoded string: number of data characters (9) cannot be 1 more than a multiple of 4'}
2025-01-02 15:06:22.825 ERROR json_response.py json_response - response_exception:{'message': 'Invalid base64-encoded string: number of data characters (9) cannot be 1 more than a multiple of 4'}
2025-01-02 15:06:22.828 ERROR json_response.py json_response - response_exception:{'message': 'Invalid base64-encoded string: number of data characters (9) cannot be 1 more than a multiple of 4'}
2025-01-02 15:06:24.920 ERROR json_response.py json_response - response_exception:{'message': 'Invalid base64-encoded string: number of data characters (9) cannot be 1 more than a multiple of 4'}
2025-01-02 15:06:24.973 ERROR json_response.py json_response - response_exception:{'message': 'Invalid base64-encoded string: number of data characters (9) cannot be 1 more than a multiple of 4'}
2025-01-02 15:06:32.255 ERROR json_response.py json_response - response_exception:{'message': 'Invalid base64-encoded string: number of data characters (9) cannot be 1 more than a multiple of 4'}
2025-01-02 15:06:32.316 ERROR json_response.py json_response - response_exception:{'message': 'Invalid base64-encoded string: number of data characters (9) cannot be 1 more than a multiple of 4'}
2025-01-02 15:07:18.660 ERROR json_response.py json_response - response_exception:{'message': 'Invalid base64-encoded string: number of data characters (9) cannot be 1 more than a multiple of 4'}
2025-01-02 15:07:18.684 ERROR json_response.py json_response - response_exception:{'message': 'Invalid base64-encoded string: number of data characters (9) cannot be 1 more than a multiple of 4'}
2025-01-02 15:07:18.713 ERROR json_response.py json_response - response_exception:{'message': 'Invalid base64-encoded string: number of data characters (9) cannot be 1 more than a multiple of 4'}
2025-01-02 15:07:18.754 ERROR json_response.py json_response - response_exception:{'message': 'Invalid base64-encoded string: number of data characters (9) cannot be 1 more than a multiple of 4'}
2025-01-02 15:08:33.269 ERROR json_response.py json_response - response_exception:{'message': 'Invalid base64-encoded string: number of data characters (9) cannot be 1 more than a multiple of 4'}
2025-01-02 15:08:33.290 ERROR json_response.py json_response - response_exception:{'message': 'Invalid base64-encoded string: number of data characters (9) cannot be 1 more than a multiple of 4'}
2025-01-02 15:08:33.320 ERROR json_response.py json_response - response_exception:{'message': 'Invalid base64-encoded string: number of data characters (9) cannot be 1 more than a multiple of 4'}
2025-01-02 15:08:33.363 ERROR json_response.py json_response - response_exception:{'message': 'Invalid base64-encoded string: number of data characters (9) cannot be 1 more than a multiple of 4'}
2025-01-02 15:15:19.022 ERROR json_response.py json_response - response_exception:{'message': 'Invalid base64-encoded string: number of data characters (9) cannot be 1 more than a multiple of 4'}
2025-01-02 15:15:19.023 ERROR json_response.py json_response - response_exception:{'message': 'Invalid base64-encoded string: number of data characters (9) cannot be 1 more than a multiple of 4'}
2025-01-02 15:15:19.094 ERROR json_response.py json_response - response_exception:{'message': 'Invalid base64-encoded string: number of data characters (9) cannot be 1 more than a multiple of 4'}
2025-01-02 15:15:19.095 ERROR json_response.py json_response - response_exception:{'message': 'Invalid base64-encoded string: number of data characters (9) cannot be 1 more than a multiple of 4'}
2025-01-02 15:19:04.064 ERROR json_response.py json_response - response_exception:{'message': 'Invalid base64-encoded string: number of data characters (9) cannot be 1 more than a multiple of 4'}
2025-01-02 15:19:04.064 ERROR json_response.py json_response - response_exception:{'message': 'Invalid base64-encoded string: number of data characters (9) cannot be 1 more than a multiple of 4'}
2025-01-02 15:19:04.117 ERROR json_response.py json_response - response_exception:{'message': 'Invalid base64-encoded string: number of data characters (9) cannot be 1 more than a multiple of 4'}
2025-01-02 15:19:04.131 ERROR json_response.py json_response - response_exception:{'message': 'Invalid base64-encoded string: number of data characters (9) cannot be 1 more than a multiple of 4'}
2025-01-02 15:21:36.156 ERROR json_response.py json_response - response_exception:{'message': 'Invalid base64-encoded string: number of data characters (9) cannot be 1 more than a multiple of 4'}
2025-01-02 15:21:36.159 ERROR json_response.py json_response - response_exception:{'message': 'Invalid base64-encoded string: number of data characters (9) cannot be 1 more than a multiple of 4'}
2025-01-02 15:21:36.210 ERROR json_response.py json_response - response_exception:{'message': 'Invalid base64-encoded string: number of data characters (9) cannot be 1 more than a multiple of 4'}
2025-01-02 15:21:36.217 ERROR json_response.py json_response - response_exception:{'message': 'Invalid base64-encoded string: number of data characters (9) cannot be 1 more than a multiple of 4'}
2025-01-02 15:23:32.456 ERROR json_response.py json_response - response_exception:{'message': 'Invalid base64-encoded string: number of data characters (9) cannot be 1 more than a multiple of 4'}
2025-01-02 15:23:32.458 ERROR json_response.py json_response - response_exception:{'message': 'Invalid base64-encoded string: number of data characters (9) cannot be 1 more than a multiple of 4'}
2025-01-02 15:23:32.526 ERROR json_response.py json_response - response_exception:{'message': 'Invalid base64-encoded string: number of data characters (9) cannot be 1 more than a multiple of 4'}
2025-01-02 15:23:32.527 ERROR json_response.py json_response - response_exception:{'message': 'Invalid base64-encoded string: number of data characters (9) cannot be 1 more than a multiple of 4'}
2025-01-02 15:24:11.538 ERROR json_response.py json_response - response_exception:{'message': 'Invalid base64-encoded string: number of data characters (9) cannot be 1 more than a multiple of 4'}
2025-01-02 15:24:11.539 ERROR json_response.py json_response - response_exception:{'message': 'Invalid base64-encoded string: number of data characters (9) cannot be 1 more than a multiple of 4'}
2025-01-02 15:24:11.595 ERROR json_response.py json_response - response_exception:{'message': 'Invalid base64-encoded string: number of data characters (9) cannot be 1 more than a multiple of 4'}
2025-01-02 15:24:11.596 ERROR json_response.py json_response - response_exception:{'message': 'Invalid base64-encoded string: number of data characters (9) cannot be 1 more than a multiple of 4'}
2025-01-02 15:26:26.399 ERROR json_response.py json_response - response_exception:{'message': 'Invalid base64-encoded string: number of data characters (9) cannot be 1 more than a multiple of 4'}
2025-01-02 15:26:26.417 ERROR json_response.py json_response - response_exception:{'message': 'Invalid base64-encoded string: number of data characters (9) cannot be 1 more than a multiple of 4'}
2025-01-02 15:26:26.462 ERROR json_response.py json_response - response_exception:{'message': 'Invalid base64-encoded string: number of data characters (9) cannot be 1 more than a multiple of 4'}
2025-01-02 15:26:26.476 ERROR json_response.py json_response - response_exception:{'message': 'Invalid base64-encoded string: number of data characters (9) cannot be 1 more than a multiple of 4'}
2025-01-02 15:27:42.301 ERROR json_response.py json_response - response_exception:{'message': 'Invalid base64-encoded string: number of data characters (9) cannot be 1 more than a multiple of 4'}
2025-01-02 15:27:42.303 ERROR json_response.py json_response - response_exception:{'message': 'Invalid base64-encoded string: number of data characters (9) cannot be 1 more than a multiple of 4'}
2025-01-02 15:27:42.354 ERROR json_response.py json_response - response_exception:{'message': 'Invalid base64-encoded string: number of data characters (9) cannot be 1 more than a multiple of 4'}
2025-01-02 15:27:42.371 ERROR json_response.py json_response - response_exception:{'message': 'Invalid base64-encoded string: number of data characters (9) cannot be 1 more than a multiple of 4'}
2025-01-02 15:27:44.286 ERROR json_response.py json_response - response_exception:{'message': 'Invalid base64-encoded string: number of data characters (9) cannot be 1 more than a multiple of 4'}
2025-01-02 15:27:44.341 ERROR json_response.py json_response - response_exception:{'message': 'Invalid base64-encoded string: number of data characters (9) cannot be 1 more than a multiple of 4'}
2025-01-02 15:28:24.512 ERROR json_response.py json_response - response_exception:{'message': 'Invalid base64-encoded string: number of data characters (9) cannot be 1 more than a multiple of 4'}
2025-01-02 15:28:24.513 ERROR json_response.py json_response - response_exception:{'message': 'Invalid base64-encoded string: number of data characters (9) cannot be 1 more than a multiple of 4'}
2025-01-02 15:28:24.569 ERROR json_response.py json_response - response_exception:{'message': 'Invalid base64-encoded string: number of data characters (9) cannot be 1 more than a multiple of 4'}
2025-01-02 15:28:24.570 ERROR json_response.py json_response - response_exception:{'message': 'Invalid base64-encoded string: number of data characters (9) cannot be 1 more than a multiple of 4'}
2025-01-02 15:29:16.644 ERROR json_response.py json_response - response_exception:{'message': 'Invalid base64-encoded string: number of data characters (9) cannot be 1 more than a multiple of 4'}
2025-01-02 15:29:16.661 ERROR json_response.py json_response - response_exception:{'message': 'Invalid base64-encoded string: number of data characters (9) cannot be 1 more than a multiple of 4'}
2025-01-02 15:29:16.695 ERROR json_response.py json_response - response_exception:{'message': 'Invalid base64-encoded string: number of data characters (9) cannot be 1 more than a multiple of 4'}
2025-01-02 15:29:16.726 ERROR json_response.py json_response - response_exception:{'message': 'Invalid base64-encoded string: number of data characters (9) cannot be 1 more than a multiple of 4'}
2025-01-02 15:36:49.766 ERROR json_response.py json_response - response_exception:{'message': 'Invalid base64-encoded string: number of data characters (9) cannot be 1 more than a multiple of 4'}
2025-01-02 15:36:49.768 ERROR json_response.py json_response - response_exception:{'message': 'Invalid base64-encoded string: number of data characters (9) cannot be 1 more than a multiple of 4'}
2025-01-02 15:36:49.848 ERROR json_response.py json_response - response_exception:{'message': 'Invalid base64-encoded string: number of data characters (9) cannot be 1 more than a multiple of 4'}
2025-01-02 15:36:49.849 ERROR json_response.py json_response - response_exception:{'message': 'Invalid base64-encoded string: number of data characters (9) cannot be 1 more than a multiple of 4'}
2025-01-02 15:38:20.624 ERROR json_response.py json_response - response_exception:{'message': 'Invalid base64-encoded string: number of data characters (9) cannot be 1 more than a multiple of 4'}
2025-01-02 15:38:20.633 ERROR json_response.py json_response - response_exception:{'message': 'Invalid base64-encoded string: number of data characters (9) cannot be 1 more than a multiple of 4'}
2025-01-02 15:38:20.690 ERROR json_response.py json_response - response_exception:{'message': 'Invalid base64-encoded string: number of data characters (9) cannot be 1 more than a multiple of 4'}
2025-01-02 15:38:20.705 ERROR json_response.py json_response - response_exception:{'message': 'Invalid base64-encoded string: number of data characters (9) cannot be 1 more than a multiple of 4'}
2025-01-02 15:39:59.532 ERROR json_response.py json_response - response_exception:{'message': 'Invalid base64-encoded string: number of data characters (9) cannot be 1 more than a multiple of 4'}
2025-01-02 15:39:59.556 ERROR json_response.py json_response - response_exception:{'message': 'Invalid base64-encoded string: number of data characters (9) cannot be 1 more than a multiple of 4'}
2025-01-02 15:39:59.600 ERROR json_response.py json_response - response_exception:{'message': 'Invalid base64-encoded string: number of data characters (9) cannot be 1 more than a multiple of 4'}
2025-01-02 15:39:59.611 ERROR json_response.py json_response - response_exception:{'message': 'Invalid base64-encoded string: number of data characters (9) cannot be 1 more than a multiple of 4'}
2025-01-02 15:40:16.569 ERROR json_response.py json_response - response_exception:{'message': 'Invalid base64-encoded string: number of data characters (9) cannot be 1 more than a multiple of 4'}
2025-01-02 15:40:16.570 ERROR json_response.py json_response - response_exception:{'message': 'Invalid base64-encoded string: number of data characters (9) cannot be 1 more than a multiple of 4'}
2025-01-02 15:40:16.633 ERROR json_response.py json_response - response_exception:{'message': 'Invalid base64-encoded string: number of data characters (9) cannot be 1 more than a multiple of 4'}
2025-01-02 15:40:16.634 ERROR json_response.py json_response - response_exception:{'message': 'Invalid base64-encoded string: number of data characters (9) cannot be 1 more than a multiple of 4'}
2025-01-02 15:41:29.033 ERROR json_response.py json_response - response_exception:{'message': 'Invalid base64-encoded string: number of data characters (9) cannot be 1 more than a multiple of 4'}
2025-01-02 15:41:29.098 ERROR json_response.py json_response - response_exception:{'message': 'Invalid base64-encoded string: number of data characters (9) cannot be 1 more than a multiple of 4'}
2025-01-02 15:42:09.296 ERROR json_response.py json_response - response_exception:{'message': 'Invalid base64-encoded string: number of data characters (9) cannot be 1 more than a multiple of 4'}
2025-01-02 15:42:09.316 ERROR json_response.py json_response - response_exception:{'message': 'Invalid base64-encoded string: number of data characters (9) cannot be 1 more than a multiple of 4'}
2025-01-02 15:42:09.362 ERROR json_response.py json_response - response_exception:{'message': 'Invalid base64-encoded string: number of data characters (9) cannot be 1 more than a multiple of 4'}
2025-01-02 15:42:09.368 ERROR json_response.py json_response - response_exception:{'message': 'Invalid base64-encoded string: number of data characters (9) cannot be 1 more than a multiple of 4'}
2025-01-02 15:42:11.269 ERROR json_response.py json_response - response_exception:{'message': 'Invalid base64-encoded string: number of data characters (9) cannot be 1 more than a multiple of 4'}
2025-01-02 15:42:11.327 ERROR json_response.py json_response - response_exception:{'message': 'Invalid base64-encoded string: number of data characters (9) cannot be 1 more than a multiple of 4'}
2025-01-02 15:48:34.900 ERROR json_response.py json_response - response_exception:{'message': 'Invalid base64-encoded string: number of data characters (9) cannot be 1 more than a multiple of 4'}
2025-01-02 15:48:34.902 ERROR json_response.py json_response - response_exception:{'message': 'Invalid base64-encoded string: number of data characters (9) cannot be 1 more than a multiple of 4'}
2025-01-02 15:48:34.966 ERROR json_response.py json_response - response_exception:{'message': 'Invalid base64-encoded string: number of data characters (9) cannot be 1 more than a multiple of 4'}
2025-01-02 15:48:34.967 ERROR json_response.py json_response - response_exception:{'message': 'Invalid base64-encoded string: number of data characters (9) cannot be 1 more than a multiple of 4'}
2025-01-02 15:49:14.895 ERROR json_response.py json_response - response_exception:{'message': 'Invalid base64-encoded string: number of data characters (9) cannot be 1 more than a multiple of 4'}
2025-01-02 15:49:14.915 ERROR json_response.py json_response - response_exception:{'message': 'Invalid base64-encoded string: number of data characters (9) cannot be 1 more than a multiple of 4'}
2025-01-02 15:49:14.952 ERROR json_response.py json_response - response_exception:{'message': 'Invalid base64-encoded string: number of data characters (9) cannot be 1 more than a multiple of 4'}
2025-01-02 15:49:14.983 ERROR json_response.py json_response - response_exception:{'message': 'Invalid base64-encoded string: number of data characters (9) cannot be 1 more than a multiple of 4'}
2025-01-02 15:49:18.853 ERROR json_response.py json_response - response_exception:{'message': 'Invalid base64-encoded string: number of data characters (9) cannot be 1 more than a multiple of 4'}
2025-01-02 15:49:18.870 ERROR json_response.py json_response - response_exception:{'message': 'Invalid base64-encoded string: number of data characters (9) cannot be 1 more than a multiple of 4'}
2025-01-02 15:49:18.925 ERROR json_response.py json_response - response_exception:{'message': 'Invalid base64-encoded string: number of data characters (9) cannot be 1 more than a multiple of 4'}
2025-01-02 15:49:18.947 ERROR json_response.py json_response - response_exception:{'message': 'Invalid base64-encoded string: number of data characters (9) cannot be 1 more than a multiple of 4'}
2025-01-02 15:51:18.851 ERROR json_response.py json_response - response_exception:{'message': 'Invalid base64-encoded string: number of data characters (9) cannot be 1 more than a multiple of 4'}
2025-01-02 15:51:18.853 ERROR json_response.py json_response - response_exception:{'message': 'Invalid base64-encoded string: number of data characters (9) cannot be 1 more than a multiple of 4'}
2025-01-02 15:51:18.914 ERROR json_response.py json_response - response_exception:{'message': 'Invalid base64-encoded string: number of data characters (9) cannot be 1 more than a multiple of 4'}
2025-01-02 15:51:18.915 ERROR json_response.py json_response - response_exception:{'message': 'Invalid base64-encoded string: number of data characters (9) cannot be 1 more than a multiple of 4'}
2025-01-02 15:54:07.960 ERROR json_response.py json_response - response_exception:{'message': 'Invalid base64-encoded string: number of data characters (9) cannot be 1 more than a multiple of 4'}
2025-01-02 15:54:07.966 ERROR json_response.py json_response - response_exception:{'message': 'Invalid base64-encoded string: number of data characters (9) cannot be 1 more than a multiple of 4'}
2025-01-02 15:54:08.030 ERROR json_response.py json_response - response_exception:{'message': 'Invalid base64-encoded string: number of data characters (9) cannot be 1 more than a multiple of 4'}
2025-01-02 15:54:08.031 ERROR json_response.py json_response - response_exception:{'message': 'Invalid base64-encoded string: number of data characters (9) cannot be 1 more than a multiple of 4'}
2025-01-02 15:58:22.769 ERROR json_response.py json_response - response_exception:{'message': 'Invalid base64-encoded string: number of data characters (9) cannot be 1 more than a multiple of 4'}
2025-01-02 15:58:22.789 ERROR json_response.py json_response - response_exception:{'message': 'Invalid base64-encoded string: number of data characters (9) cannot be 1 more than a multiple of 4'}
2025-01-02 15:58:22.849 ERROR json_response.py json_response - response_exception:{'message': 'Invalid base64-encoded string: number of data characters (9) cannot be 1 more than a multiple of 4'}
2025-01-02 15:58:22.852 ERROR json_response.py json_response - response_exception:{'message': 'Invalid base64-encoded string: number of data characters (9) cannot be 1 more than a multiple of 4'}
2025-01-02 16:00:22.316 ERROR json_response.py json_response - response_exception:{'message': 'Invalid base64-encoded string: number of data characters (9) cannot be 1 more than a multiple of 4'}
2025-01-02 16:00:22.322 ERROR json_response.py json_response - response_exception:{'message': 'Invalid base64-encoded string: number of data characters (9) cannot be 1 more than a multiple of 4'}
2025-01-02 16:00:22.384 ERROR json_response.py json_response - response_exception:{'message': 'Invalid base64-encoded string: number of data characters (9) cannot be 1 more than a multiple of 4'}
2025-01-02 16:00:22.385 ERROR json_response.py json_response - response_exception:{'message': 'Invalid base64-encoded string: number of data characters (9) cannot be 1 more than a multiple of 4'}
2025-01-02 16:02:14.559 ERROR json_response.py json_response - response_exception:{'message': 'Invalid base64-encoded string: number of data characters (9) cannot be 1 more than a multiple of 4'}
2025-01-02 16:02:14.562 ERROR json_response.py json_response - response_exception:{'message': 'Invalid base64-encoded string: number of data characters (9) cannot be 1 more than a multiple of 4'}
2025-01-02 16:02:14.626 ERROR json_response.py json_response - response_exception:{'message': 'Invalid base64-encoded string: number of data characters (9) cannot be 1 more than a multiple of 4'}
2025-01-02 16:02:14.626 ERROR json_response.py json_response - response_exception:{'message': 'Invalid base64-encoded string: number of data characters (9) cannot be 1 more than a multiple of 4'}
2025-01-02 16:02:49.399 ERROR json_response.py json_response - response_exception:{'message': 'Invalid base64-encoded string: number of data characters (9) cannot be 1 more than a multiple of 4'}
2025-01-02 16:02:49.416 ERROR json_response.py json_response - response_exception:{'message': 'Invalid base64-encoded string: number of data characters (9) cannot be 1 more than a multiple of 4'}
2025-01-02 16:02:49.472 ERROR json_response.py json_response - response_exception:{'message': 'Invalid base64-encoded string: number of data characters (9) cannot be 1 more than a multiple of 4'}
2025-01-02 16:02:49.478 ERROR json_response.py json_response - response_exception:{'message': 'Invalid base64-encoded string: number of data characters (9) cannot be 1 more than a multiple of 4'}
2025-01-02 16:03:22.254 ERROR json_response.py json_response - response_exception:{'message': 'Invalid base64-encoded string: number of data characters (9) cannot be 1 more than a multiple of 4'}
2025-01-02 16:03:22.273 ERROR json_response.py json_response - response_exception:{'message': 'Invalid base64-encoded string: number of data characters (9) cannot be 1 more than a multiple of 4'}
2025-01-02 16:03:22.305 ERROR json_response.py json_response - response_exception:{'message': 'Invalid base64-encoded string: number of data characters (9) cannot be 1 more than a multiple of 4'}
2025-01-02 16:03:22.336 ERROR json_response.py json_response - response_exception:{'message': 'Invalid base64-encoded string: number of data characters (9) cannot be 1 more than a multiple of 4'}
2025-01-02 16:05:03.280 ERROR json_response.py json_response - response_exception:{'message': 'Invalid base64-encoded string: number of data characters (9) cannot be 1 more than a multiple of 4'}
2025-01-02 16:05:03.281 ERROR json_response.py json_response - response_exception:{'message': 'Invalid base64-encoded string: number of data characters (9) cannot be 1 more than a multiple of 4'}
2025-01-02 16:05:03.349 ERROR json_response.py json_response - response_exception:{'message': 'Invalid base64-encoded string: number of data characters (9) cannot be 1 more than a multiple of 4'}
2025-01-02 16:05:03.349 ERROR json_response.py json_response - response_exception:{'message': 'Invalid base64-encoded string: number of data characters (9) cannot be 1 more than a multiple of 4'}
2025-01-02 16:05:46.082 ERROR json_response.py json_response - response_exception:{'message': 'Invalid base64-encoded string: number of data characters (9) cannot be 1 more than a multiple of 4'}
2025-01-02 16:05:46.082 ERROR json_response.py json_response - response_exception:{'message': 'Invalid base64-encoded string: number of data characters (9) cannot be 1 more than a multiple of 4'}
2025-01-02 16:05:46.145 ERROR json_response.py json_response - response_exception:{'message': 'Invalid base64-encoded string: number of data characters (9) cannot be 1 more than a multiple of 4'}
2025-01-02 16:05:46.146 ERROR json_response.py json_response - response_exception:{'message': 'Invalid base64-encoded string: number of data characters (9) cannot be 1 more than a multiple of 4'}
2025-01-02 16:06:16.536 ERROR json_response.py json_response - response_exception:{'message': 'Invalid base64-encoded string: number of data characters (9) cannot be 1 more than a multiple of 4'}
2025-01-02 16:06:16.537 ERROR json_response.py json_response - response_exception:{'message': 'Invalid base64-encoded string: number of data characters (9) cannot be 1 more than a multiple of 4'}
2025-01-02 16:06:16.590 ERROR json_response.py json_response - response_exception:{'message': 'Invalid base64-encoded string: number of data characters (9) cannot be 1 more than a multiple of 4'}
2025-01-02 16:06:16.591 ERROR json_response.py json_response - response_exception:{'message': 'Invalid base64-encoded string: number of data characters (9) cannot be 1 more than a multiple of 4'}
2025-01-02 16:06:30.081 ERROR json_response.py json_response - response_exception:{'message': 'Invalid base64-encoded string: number of data characters (9) cannot be 1 more than a multiple of 4'}
2025-01-02 16:06:30.082 ERROR json_response.py json_response - response_exception:{'message': 'Invalid base64-encoded string: number of data characters (9) cannot be 1 more than a multiple of 4'}
2025-01-02 16:06:30.137 ERROR json_response.py json_response - response_exception:{'message': 'Invalid base64-encoded string: number of data characters (9) cannot be 1 more than a multiple of 4'}
2025-01-02 16:06:30.137 ERROR json_response.py json_response - response_exception:{'message': 'Invalid base64-encoded string: number of data characters (9) cannot be 1 more than a multiple of 4'}
2025-01-02 16:24:26.807 ERROR json_response.py json_response - response_exception:{'message': "'utf-8' codec can't decode byte 0x98 in position 0: invalid start byte"}
2025-01-02 16:24:26.870 ERROR json_response.py json_response - response_exception:{'message': "'utf-8' codec can't decode byte 0x98 in position 0: invalid start byte"}
2025-01-02 16:26:00.595 ERROR json_response.py json_response - response_exception:{'message': "'utf-8' codec can't decode byte 0x98 in position 0: invalid start byte"}
2025-01-02 16:26:00.665 ERROR json_response.py json_response - response_exception:{'message': "'utf-8' codec can't decode byte 0x98 in position 0: invalid start byte"}
2025-01-02 16:29:29.244 ERROR json_response.py json_response - response_exception:{'message': "'utf-8' codec can't decode byte 0xb7 in position 0: invalid start byte"}
2025-01-02 16:29:29.304 ERROR json_response.py json_response - response_exception:{'message': "'utf-8' codec can't decode byte 0xb7 in position 0: invalid start byte"}
2025-01-02 16:31:30.223 ERROR json_response.py json_response - response_exception:{'message': "'utf-8' codec can't decode byte 0x98 in position 0: invalid start byte"}
2025-01-02 16:31:30.285 ERROR json_response.py json_response - response_exception:{'message': "'utf-8' codec can't decode byte 0x98 in position 0: invalid start byte"}
2025-01-02 16:33:58.955 ERROR json_response.py json_response - response_exception:{'message': '(1064, "You have an error in your SQL syntax; check the manual that corresponds to your MariaDB server version for the right syntax to use near \'\'\',\'Lingheswaran\',\'EMP010\',0,\'7a0b8aeb-26ca-4348-9426-32220055bf62\',\'test\',\'\'...\' at line 1")'}
2025-01-02 17:18:12.263 ERROR json_response.py json_response - response_exception:{'message': 'Invalid base64-encoded string: number of data characters (9) cannot be 1 more than a multiple of 4'}
2025-01-02 17:18:12.271 ERROR json_response.py json_response - response_exception:{'message': 'Invalid base64-encoded string: number of data characters (9) cannot be 1 more than a multiple of 4'}
2025-01-02 17:18:12.320 ERROR json_response.py json_response - response_exception:{'message': 'Invalid base64-encoded string: number of data characters (9) cannot be 1 more than a multiple of 4'}
2025-01-02 17:18:12.358 ERROR json_response.py json_response - response_exception:{'message': 'Invalid base64-encoded string: number of data characters (9) cannot be 1 more than a multiple of 4'}
2025-01-02 17:18:22.048 ERROR json_response.py json_response - response_exception:{'message': 'Invalid base64-encoded string: number of data characters (9) cannot be 1 more than a multiple of 4'}
2025-01-02 17:18:22.058 ERROR json_response.py json_response - response_exception:{'message': 'Invalid base64-encoded string: number of data characters (9) cannot be 1 more than a multiple of 4'}
2025-01-02 17:18:22.115 ERROR json_response.py json_response - response_exception:{'message': 'Invalid base64-encoded string: number of data characters (9) cannot be 1 more than a multiple of 4'}
2025-01-02 17:18:22.116 ERROR json_response.py json_response - response_exception:{'message': 'Invalid base64-encoded string: number of data characters (9) cannot be 1 more than a multiple of 4'}
2025-01-02 17:19:59.964 ERROR json_response.py json_response - response_exception:{'message': 'Invalid base64-encoded string: number of data characters (9) cannot be 1 more than a multiple of 4'}
2025-01-02 17:19:59.969 ERROR json_response.py json_response - response_exception:{'message': 'Invalid base64-encoded string: number of data characters (9) cannot be 1 more than a multiple of 4'}
2025-01-02 17:20:00.040 ERROR json_response.py json_response - response_exception:{'message': 'Invalid base64-encoded string: number of data characters (9) cannot be 1 more than a multiple of 4'}
2025-01-02 17:20:00.042 ERROR json_response.py json_response - response_exception:{'message': 'Invalid base64-encoded string: number of data characters (9) cannot be 1 more than a multiple of 4'}
2025-01-02 17:28:49.788 ERROR json_response.py json_response - response_exception:{'message': 'Invalid base64-encoded string: number of data characters (9) cannot be 1 more than a multiple of 4'}
2025-01-02 17:28:49.788 ERROR json_response.py json_response - response_exception:{'message': 'Invalid base64-encoded string: number of data characters (9) cannot be 1 more than a multiple of 4'}
2025-01-02 17:28:49.844 ERROR json_response.py json_response - response_exception:{'message': 'Invalid base64-encoded string: number of data characters (9) cannot be 1 more than a multiple of 4'}
2025-01-02 17:28:49.845 ERROR json_response.py json_response - response_exception:{'message': 'Invalid base64-encoded string: number of data characters (9) cannot be 1 more than a multiple of 4'}
2025-01-02 17:29:13.415 ERROR json_response.py json_response - response_exception:{'message': 'Invalid base64-encoded string: number of data characters (9) cannot be 1 more than a multiple of 4'}
2025-01-02 17:29:13.441 ERROR json_response.py json_response - response_exception:{'message': 'Invalid base64-encoded string: number of data characters (9) cannot be 1 more than a multiple of 4'}
2025-01-02 17:29:13.494 ERROR json_response.py json_response - response_exception:{'message': 'Invalid base64-encoded string: number of data characters (9) cannot be 1 more than a multiple of 4'}
2025-01-02 17:29:13.502 ERROR json_response.py json_response - response_exception:{'message': 'Invalid base64-encoded string: number of data characters (9) cannot be 1 more than a multiple of 4'}
2025-01-02 17:30:55.280 ERROR json_response.py json_response - response_exception:{'message': 'Invalid base64-encoded string: number of data characters (9) cannot be 1 more than a multiple of 4'}
2025-01-02 17:30:55.281 ERROR json_response.py json_response - response_exception:{'message': 'Invalid base64-encoded string: number of data characters (9) cannot be 1 more than a multiple of 4'}
2025-01-02 17:30:55.336 ERROR json_response.py json_response - response_exception:{'message': 'Invalid base64-encoded string: number of data characters (9) cannot be 1 more than a multiple of 4'}
2025-01-02 17:30:55.337 ERROR json_response.py json_response - response_exception:{'message': 'Invalid base64-encoded string: number of data characters (9) cannot be 1 more than a multiple of 4'}
2025-01-02 17:32:46.483 ERROR json_response.py json_response - response_exception:{'message': 'Invalid base64-encoded string: number of data characters (9) cannot be 1 more than a multiple of 4'}
2025-01-02 17:32:46.483 ERROR json_response.py json_response - response_exception:{'message': 'Invalid base64-encoded string: number of data characters (9) cannot be 1 more than a multiple of 4'}
2025-01-02 17:32:46.533 ERROR json_response.py json_response - response_exception:{'message': 'Invalid base64-encoded string: number of data characters (9) cannot be 1 more than a multiple of 4'}
2025-01-02 17:32:46.550 ERROR json_response.py json_response - response_exception:{'message': 'Invalid base64-encoded string: number of data characters (9) cannot be 1 more than a multiple of 4'}
2025-01-02 17:34:04.249 ERROR json_response.py json_response - response_exception:{'message': 'Invalid base64-encoded string: number of data characters (9) cannot be 1 more than a multiple of 4'}
2025-01-02 17:34:04.270 ERROR json_response.py json_response - response_exception:{'message': 'Invalid base64-encoded string: number of data characters (9) cannot be 1 more than a multiple of 4'}
2025-01-02 17:34:04.309 ERROR json_response.py json_response - response_exception:{'message': 'Invalid base64-encoded string: number of data characters (9) cannot be 1 more than a multiple of 4'}
2025-01-02 17:34:04.328 ERROR json_response.py json_response - response_exception:{'message': 'Invalid base64-encoded string: number of data characters (9) cannot be 1 more than a multiple of 4'}
2025-01-02 17:34:46.766 ERROR json_response.py json_response - response_exception:{'message': 'Invalid base64-encoded string: number of data characters (9) cannot be 1 more than a multiple of 4'}
2025-01-02 17:34:46.790 ERROR json_response.py json_response - response_exception:{'message': 'Invalid base64-encoded string: number of data characters (9) cannot be 1 more than a multiple of 4'}
2025-01-02 17:34:46.835 ERROR json_response.py json_response - response_exception:{'message': 'Invalid base64-encoded string: number of data characters (9) cannot be 1 more than a multiple of 4'}
2025-01-02 17:34:46.845 ERROR json_response.py json_response - response_exception:{'message': 'Invalid base64-encoded string: number of data characters (9) cannot be 1 more than a multiple of 4'}
2025-01-02 17:36:04.042 ERROR json_response.py json_response - response_exception:{'message': 'Invalid base64-encoded string: number of data characters (9) cannot be 1 more than a multiple of 4'}
2025-01-02 17:36:04.061 ERROR json_response.py json_response - response_exception:{'message': 'Invalid base64-encoded string: number of data characters (9) cannot be 1 more than a multiple of 4'}
2025-01-02 17:36:04.107 ERROR json_response.py json_response - response_exception:{'message': 'Invalid base64-encoded string: number of data characters (9) cannot be 1 more than a multiple of 4'}
2025-01-02 17:36:04.123 ERROR json_response.py json_response - response_exception:{'message': 'Invalid base64-encoded string: number of data characters (9) cannot be 1 more than a multiple of 4'}
2025-01-02 17:41:44.771 ERROR json_response.py json_response - response_exception:{'message': 'Invalid base64-encoded string: number of data characters (9) cannot be 1 more than a multiple of 4'}
2025-01-02 17:41:44.776 ERROR json_response.py json_response - response_exception:{'message': 'Invalid base64-encoded string: number of data characters (9) cannot be 1 more than a multiple of 4'}
2025-01-02 17:41:44.826 ERROR json_response.py json_response - response_exception:{'message': 'Invalid base64-encoded string: number of data characters (9) cannot be 1 more than a multiple of 4'}
2025-01-02 17:41:44.840 ERROR json_response.py json_response - response_exception:{'message': 'Invalid base64-encoded string: number of data characters (9) cannot be 1 more than a multiple of 4'}
2025-01-02 17:42:01.749 ERROR json_response.py json_response - response_exception:{'message': 'Invalid base64-encoded string: number of data characters (9) cannot be 1 more than a multiple of 4'}
2025-01-02 17:42:01.754 ERROR json_response.py json_response - response_exception:{'message': 'Invalid base64-encoded string: number of data characters (9) cannot be 1 more than a multiple of 4'}
2025-01-02 17:42:01.811 ERROR json_response.py json_response - response_exception:{'message': 'Invalid base64-encoded string: number of data characters (9) cannot be 1 more than a multiple of 4'}
2025-01-02 17:42:01.819 ERROR json_response.py json_response - response_exception:{'message': 'Invalid base64-encoded string: number of data characters (9) cannot be 1 more than a multiple of 4'}
2025-01-02 17:42:16.370 ERROR json_response.py json_response - response_exception:{'message': 'Invalid base64-encoded string: number of data characters (9) cannot be 1 more than a multiple of 4'}
2025-01-02 17:42:16.435 ERROR json_response.py json_response - response_exception:{'message': 'Invalid base64-encoded string: number of data characters (9) cannot be 1 more than a multiple of 4'}
2025-01-02 17:42:18.752 ERROR json_response.py json_response - response_exception:{'message': 'Invalid base64-encoded string: number of data characters (9) cannot be 1 more than a multiple of 4'}
2025-01-02 17:42:18.813 ERROR json_response.py json_response - response_exception:{'message': 'Invalid base64-encoded string: number of data characters (9) cannot be 1 more than a multiple of 4'}
2025-01-02 17:42:21.309 ERROR json_response.py json_response - response_exception:{'message': 'Invalid base64-encoded string: number of data characters (9) cannot be 1 more than a multiple of 4'}
2025-01-02 17:42:21.368 ERROR json_response.py json_response - response_exception:{'message': 'Invalid base64-encoded string: number of data characters (9) cannot be 1 more than a multiple of 4'}
2025-01-02 17:42:33.267 ERROR json_response.py json_response - response_exception:{'message': 'Invalid base64-encoded string: number of data characters (9) cannot be 1 more than a multiple of 4'}
2025-01-02 17:42:33.334 ERROR json_response.py json_response - response_exception:{'message': 'Invalid base64-encoded string: number of data characters (9) cannot be 1 more than a multiple of 4'}
2025-01-02 17:44:37.692 ERROR json_response.py json_response - response_exception:{'message': 'Invalid base64-encoded string: number of data characters (9) cannot be 1 more than a multiple of 4'}
2025-01-02 17:44:37.695 ERROR json_response.py json_response - response_exception:{'message': 'Invalid base64-encoded string: number of data characters (9) cannot be 1 more than a multiple of 4'}
2025-01-02 17:44:37.762 ERROR json_response.py json_response - response_exception:{'message': 'Invalid base64-encoded string: number of data characters (9) cannot be 1 more than a multiple of 4'}
2025-01-02 17:44:37.767 ERROR json_response.py json_response - response_exception:{'message': 'Invalid base64-encoded string: number of data characters (9) cannot be 1 more than a multiple of 4'}
2025-01-02 17:45:11.938 ERROR json_response.py json_response - response_exception:{'message': 'Invalid base64-encoded string: number of data characters (9) cannot be 1 more than a multiple of 4'}
2025-01-02 17:45:11.962 ERROR json_response.py json_response - response_exception:{'message': 'Invalid base64-encoded string: number of data characters (9) cannot be 1 more than a multiple of 4'}
2025-01-02 17:45:12.003 ERROR json_response.py json_response - response_exception:{'message': 'Invalid base64-encoded string: number of data characters (9) cannot be 1 more than a multiple of 4'}
2025-01-02 17:45:12.026 ERROR json_response.py json_response - response_exception:{'message': 'Invalid base64-encoded string: number of data characters (9) cannot be 1 more than a multiple of 4'}
2025-01-02 17:45:21.725 ERROR json_response.py json_response - response_exception:{'message': 'Invalid base64-encoded string: number of data characters (9) cannot be 1 more than a multiple of 4'}
2025-01-02 17:45:21.782 ERROR json_response.py json_response - response_exception:{'message': 'Invalid base64-encoded string: number of data characters (9) cannot be 1 more than a multiple of 4'}
2025-01-02 17:45:28.652 ERROR json_response.py json_response - response_exception:{'message': 'Invalid base64-encoded string: number of data characters (9) cannot be 1 more than a multiple of 4'}
2025-01-02 17:45:28.716 ERROR json_response.py json_response - response_exception:{'message': 'Invalid base64-encoded string: number of data characters (9) cannot be 1 more than a multiple of 4'}
2025-01-02 17:48:06.009 ERROR json_response.py json_response - response_exception:{'message': 'Invalid base64-encoded string: number of data characters (9) cannot be 1 more than a multiple of 4'}
2025-01-02 17:48:06.027 ERROR json_response.py json_response - response_exception:{'message': 'Invalid base64-encoded string: number of data characters (9) cannot be 1 more than a multiple of 4'}
2025-01-02 17:48:06.084 ERROR json_response.py json_response - response_exception:{'message': 'Invalid base64-encoded string: number of data characters (9) cannot be 1 more than a multiple of 4'}
2025-01-02 17:48:06.085 ERROR json_response.py json_response - response_exception:{'message': 'Invalid base64-encoded string: number of data characters (9) cannot be 1 more than a multiple of 4'}
2025-01-02 17:48:12.630 ERROR json_response.py json_response - response_exception:{'message': 'Invalid base64-encoded string: number of data characters (9) cannot be 1 more than a multiple of 4'}
2025-01-02 17:48:12.692 ERROR json_response.py json_response - response_exception:{'message': 'Invalid base64-encoded string: number of data characters (9) cannot be 1 more than a multiple of 4'}
2025-01-02 17:48:42.670 ERROR json_response.py json_response - response_exception:{'message': 'Invalid base64-encoded string: number of data characters (9) cannot be 1 more than a multiple of 4'}
2025-01-02 17:48:42.730 ERROR json_response.py json_response - response_exception:{'message': 'Invalid base64-encoded string: number of data characters (9) cannot be 1 more than a multiple of 4'}
2025-01-02 17:48:56.963 ERROR json_response.py json_response - response_exception:{'message': 'Invalid base64-encoded string: number of data characters (9) cannot be 1 more than a multiple of 4'}
2025-01-02 17:48:56.977 ERROR json_response.py json_response - response_exception:{'message': 'Invalid base64-encoded string: number of data characters (9) cannot be 1 more than a multiple of 4'}
2025-01-02 17:48:57.034 ERROR json_response.py json_response - response_exception:{'message': 'Invalid base64-encoded string: number of data characters (9) cannot be 1 more than a multiple of 4'}
2025-01-02 17:48:57.102 ERROR json_response.py json_response - response_exception:{'message': 'Invalid base64-encoded string: number of data characters (9) cannot be 1 more than a multiple of 4'}
2025-01-02 18:01:09.834 ERROR json_response.py json_response - response_exception:{'message': 'Invalid base64-encoded string: number of data characters (9) cannot be 1 more than a multiple of 4'}
2025-01-02 18:01:09.835 ERROR json_response.py json_response - response_exception:{'message': 'Invalid base64-encoded string: number of data characters (9) cannot be 1 more than a multiple of 4'}
2025-01-02 18:01:09.911 ERROR json_response.py json_response - response_exception:{'message': 'Invalid base64-encoded string: number of data characters (9) cannot be 1 more than a multiple of 4'}
2025-01-02 18:01:09.912 ERROR json_response.py json_response - response_exception:{'message': 'Invalid base64-encoded string: number of data characters (9) cannot be 1 more than a multiple of 4'}
2025-01-02 18:01:17.132 ERROR json_response.py json_response - response_exception:{'message': 'Invalid base64-encoded string: number of data characters (9) cannot be 1 more than a multiple of 4'}
2025-01-02 18:01:17.206 ERROR json_response.py json_response - response_exception:{'message': 'Invalid base64-encoded string: number of data characters (9) cannot be 1 more than a multiple of 4'}
2025-01-02 18:01:21.896 ERROR json_response.py json_response - response_exception:{'message': 'Invalid base64-encoded string: number of data characters (9) cannot be 1 more than a multiple of 4'}
2025-01-02 18:01:21.974 ERROR json_response.py json_response - response_exception:{'message': 'Invalid base64-encoded string: number of data characters (9) cannot be 1 more than a multiple of 4'}
2025-01-02 18:01:23.747 ERROR json_response.py json_response - response_exception:{'message': 'Invalid base64-encoded string: number of data characters (9) cannot be 1 more than a multiple of 4'}
2025-01-02 18:01:23.800 ERROR json_response.py json_response - response_exception:{'message': 'Invalid base64-encoded string: number of data characters (9) cannot be 1 more than a multiple of 4'}
2025-01-02 18:01:28.123 ERROR json_response.py json_response - response_exception:{'message': 'Invalid base64-encoded string: number of data characters (9) cannot be 1 more than a multiple of 4'}
2025-01-02 18:01:28.177 ERROR json_response.py json_response - response_exception:{'message': 'Invalid base64-encoded string: number of data characters (9) cannot be 1 more than a multiple of 4'}
2025-01-02 18:01:33.926 ERROR json_response.py json_response - response_exception:{'message': 'Invalid base64-encoded string: number of data characters (9) cannot be 1 more than a multiple of 4'}
2025-01-02 18:01:33.979 ERROR json_response.py json_response - response_exception:{'message': 'Invalid base64-encoded string: number of data characters (9) cannot be 1 more than a multiple of 4'}
2025-01-02 18:01:36.462 ERROR json_response.py json_response - response_exception:{'message': 'Invalid base64-encoded string: number of data characters (9) cannot be 1 more than a multiple of 4'}
2025-01-02 18:01:36.517 ERROR json_response.py json_response - response_exception:{'message': 'Invalid base64-encoded string: number of data characters (9) cannot be 1 more than a multiple of 4'}
2025-01-02 18:02:13.025 ERROR json_response.py json_response - response_exception:{'message': 'Invalid base64-encoded string: number of data characters (9) cannot be 1 more than a multiple of 4'}
2025-01-02 18:02:13.090 ERROR json_response.py json_response - response_exception:{'message': 'Invalid base64-encoded string: number of data characters (9) cannot be 1 more than a multiple of 4'}
2025-01-02 18:03:07.571 ERROR json_response.py json_response - response_exception:{'message': 'Invalid base64-encoded string: number of data characters (9) cannot be 1 more than a multiple of 4'}
2025-01-02 18:03:07.636 ERROR json_response.py json_response - response_exception:{'message': 'Invalid base64-encoded string: number of data characters (9) cannot be 1 more than a multiple of 4'}
2025-01-02 18:03:36.064 ERROR json_response.py json_response - response_exception:{'message': 'Invalid base64-encoded string: number of data characters (9) cannot be 1 more than a multiple of 4'}
2025-01-02 18:03:36.120 ERROR json_response.py json_response - response_exception:{'message': 'Invalid base64-encoded string: number of data characters (9) cannot be 1 more than a multiple of 4'}
2025-01-02 18:03:45.162 ERROR json_response.py json_response - response_exception:{'message': 'Invalid base64-encoded string: number of data characters (9) cannot be 1 more than a multiple of 4'}
2025-01-02 18:03:45.210 ERROR json_response.py json_response - response_exception:{'message': 'Invalid base64-encoded string: number of data characters (9) cannot be 1 more than a multiple of 4'}
2025-01-02 18:03:55.830 ERROR json_response.py json_response - response_exception:{'message': 'Invalid base64-encoded string: number of data characters (9) cannot be 1 more than a multiple of 4'}
2025-01-02 18:03:55.883 ERROR json_response.py json_response - response_exception:{'message': 'Invalid base64-encoded string: number of data characters (9) cannot be 1 more than a multiple of 4'}
2025-01-02 18:04:01.154 ERROR json_response.py json_response - response_exception:{'message': 'Invalid base64-encoded string: number of data characters (9) cannot be 1 more than a multiple of 4'}
2025-01-02 18:04:01.215 ERROR json_response.py json_response - response_exception:{'message': 'Invalid base64-encoded string: number of data characters (9) cannot be 1 more than a multiple of 4'}
2025-01-02 18:05:24.485 ERROR json_response.py json_response - response_exception:{'message': 'Invalid base64-encoded string: number of data characters (9) cannot be 1 more than a multiple of 4'}
2025-01-02 18:05:24.486 ERROR json_response.py json_response - response_exception:{'message': 'Invalid base64-encoded string: number of data characters (9) cannot be 1 more than a multiple of 4'}
2025-01-02 18:05:24.553 ERROR json_response.py json_response - response_exception:{'message': 'Invalid base64-encoded string: number of data characters (9) cannot be 1 more than a multiple of 4'}
2025-01-02 18:05:24.554 ERROR json_response.py json_response - response_exception:{'message': 'Invalid base64-encoded string: number of data characters (9) cannot be 1 more than a multiple of 4'}
2025-01-02 18:06:01.175 ERROR json_response.py json_response - response_exception:{'message': 'Invalid base64-encoded string: number of data characters (9) cannot be 1 more than a multiple of 4'}
2025-01-02 18:06:01.178 ERROR json_response.py json_response - response_exception:{'message': 'Invalid base64-encoded string: number of data characters (9) cannot be 1 more than a multiple of 4'}
2025-01-02 18:06:01.389 ERROR json_response.py json_response - response_exception:{'message': 'Invalid base64-encoded string: number of data characters (9) cannot be 1 more than a multiple of 4'}
2025-01-02 18:06:01.389 ERROR json_response.py json_response - response_exception:{'message': 'Invalid base64-encoded string: number of data characters (9) cannot be 1 more than a multiple of 4'}
2025-01-02 18:06:03.756 ERROR json_response.py json_response - response_exception:{'message': 'Invalid base64-encoded string: number of data characters (9) cannot be 1 more than a multiple of 4'}
2025-01-02 18:06:03.848 ERROR json_response.py json_response - response_exception:{'message': 'Invalid base64-encoded string: number of data characters (9) cannot be 1 more than a multiple of 4'}
2025-01-02 18:06:17.765 ERROR json_response.py json_response - response_exception:{'message': 'Invalid base64-encoded string: number of data characters (9) cannot be 1 more than a multiple of 4'}
2025-01-02 18:06:17.765 ERROR json_response.py json_response - response_exception:{'message': 'Invalid base64-encoded string: number of data characters (9) cannot be 1 more than a multiple of 4'}
2025-01-02 18:06:18.044 ERROR json_response.py json_response - response_exception:{'message': 'Invalid base64-encoded string: number of data characters (9) cannot be 1 more than a multiple of 4'}
2025-01-02 18:06:18.045 ERROR json_response.py json_response - response_exception:{'message': 'Invalid base64-encoded string: number of data characters (9) cannot be 1 more than a multiple of 4'}
2025-01-02 18:06:19.761 ERROR json_response.py json_response - response_exception:{'message': 'Invalid base64-encoded string: number of data characters (9) cannot be 1 more than a multiple of 4'}
2025-01-02 18:06:19.888 ERROR json_response.py json_response - response_exception:{'message': 'Invalid base64-encoded string: number of data characters (9) cannot be 1 more than a multiple of 4'}
2025-01-02 18:06:24.280 ERROR json_response.py json_response - response_exception:{'message': 'Invalid base64-encoded string: number of data characters (9) cannot be 1 more than a multiple of 4'}
2025-01-02 18:06:24.347 ERROR json_response.py json_response - response_exception:{'message': 'Invalid base64-encoded string: number of data characters (9) cannot be 1 more than a multiple of 4'}
2025-01-02 18:06:42.821 ERROR json_response.py json_response - response_exception:{'message': 'Invalid base64-encoded string: number of data characters (9) cannot be 1 more than a multiple of 4'}
2025-01-02 18:06:42.842 ERROR json_response.py json_response - response_exception:{'message': 'Invalid base64-encoded string: number of data characters (9) cannot be 1 more than a multiple of 4'}
2025-01-02 18:06:42.881 ERROR json_response.py json_response - response_exception:{'message': 'Invalid base64-encoded string: number of data characters (9) cannot be 1 more than a multiple of 4'}
2025-01-02 18:06:42.921 ERROR json_response.py json_response - response_exception:{'message': 'Invalid base64-encoded string: number of data characters (9) cannot be 1 more than a multiple of 4'}
2025-01-02 18:07:29.251 ERROR json_response.py json_response - response_exception:{'message': 'Invalid base64-encoded string: number of data characters (9) cannot be 1 more than a multiple of 4'}
2025-01-02 18:07:29.319 ERROR json_response.py json_response - response_exception:{'message': 'Invalid base64-encoded string: number of data characters (9) cannot be 1 more than a multiple of 4'}
2025-01-02 18:10:44.060 ERROR json_response.py json_response - response_exception:{'message': 'Invalid base64-encoded string: number of data characters (9) cannot be 1 more than a multiple of 4'}
2025-01-02 18:10:44.061 ERROR json_response.py json_response - response_exception:{'message': 'Invalid base64-encoded string: number of data characters (9) cannot be 1 more than a multiple of 4'}
2025-01-02 18:10:44.120 ERROR json_response.py json_response - response_exception:{'message': 'Invalid base64-encoded string: number of data characters (9) cannot be 1 more than a multiple of 4'}
2025-01-02 18:10:44.124 ERROR json_response.py json_response - response_exception:{'message': 'Invalid base64-encoded string: number of data characters (9) cannot be 1 more than a multiple of 4'}
2025-01-02 18:11:40.607 ERROR json_response.py json_response - response_exception:{'message': 'Invalid base64-encoded string: number of data characters (9) cannot be 1 more than a multiple of 4'}
2025-01-02 18:11:40.613 ERROR json_response.py json_response - response_exception:{'message': 'Invalid base64-encoded string: number of data characters (9) cannot be 1 more than a multiple of 4'}
2025-01-02 18:11:40.674 ERROR json_response.py json_response - response_exception:{'message': 'Invalid base64-encoded string: number of data characters (9) cannot be 1 more than a multiple of 4'}
2025-01-02 18:11:40.675 ERROR json_response.py json_response - response_exception:{'message': 'Invalid base64-encoded string: number of data characters (9) cannot be 1 more than a multiple of 4'}
2025-01-02 18:44:40.023 ERROR json_response.py json_response - response_exception:{'message': "'utf-8' codec can't decode byte 0x98 in position 0: invalid start byte"}
2025-01-02 18:44:40.093 ERROR json_response.py json_response - response_exception:{'message': "'utf-8' codec can't decode byte 0x98 in position 0: invalid start byte"}
