2025-01-10 11:36:36.266 ERROR json_response.py json_response - response_exception:{'message': 'too many values to unpack (expected 2)'}
2025-01-10 11:36:42.085 ERROR json_response.py json_response - response_exception:{'message': 'too many values to unpack (expected 2)'}
2025-01-10 11:36:53.211 ERROR json_response.py json_response - response_exception:{'message': 'too many values to unpack (expected 2)'}
2025-01-10 11:38:44.860 ERROR json_response.py json_response - response_exception:{'message': 'too many values to unpack (expected 2)'}
2025-01-10 11:45:13.538 ERROR json_response.py json_response - response_exception:{'message': "'utf-8' codec can't decode byte 0xa1 in position 0: invalid start byte"}
2025-01-10 17:46:19.126 ERROR json_response.py json_response - response_exception:{'message': '(1064, "You have an error in your SQL syntax; check the manual that corresponds to your MariaDB server version for the right syntax to use near \'SELCT model FROM model_master WHERE data_uniq_id=WXpjeFl6aGhPRGt0TkRaaE15MDBa...\' at line 1")'}
2025-01-10 17:46:19.279 ERROR json_response.py json_response - response_exception:{'message': '(1064, "You have an error in your SQL syntax; check the manual that corresponds to your MariaDB server version for the right syntax to use near \'SELCT model FROM model_master WHERE data_uniq_id=WXpjeFl6aGhPRGt0TkRaaE15MDBa...\' at line 1")'}
2025-01-10 17:47:17.861 ERROR json_response.py json_response - response_exception:{'message': '(1064, "You have an error in your SQL syntax; check the manual that corresponds to your MariaDB server version for the right syntax to use near \'SELCT model FROM model_master WHERE data_uniq_id=WXpjeFl6aGhPRGt0TkRaaE15MDBa...\' at line 1")'}
2025-01-10 17:47:17.937 ERROR json_response.py json_response - response_exception:{'message': '(1064, "You have an error in your SQL syntax; check the manual that corresponds to your MariaDB server version for the right syntax to use near \'SELCT model FROM model_master WHERE data_uniq_id=WXpjeFl6aGhPRGt0TkRaaE15MDBa...\' at line 1")'}
2025-01-10 17:47:34.475 ERROR json_response.py json_response - response_exception:{'message': '(1064, "You have an error in your SQL syntax; check the manual that corresponds to your MariaDB server version for the right syntax to use near \'SELCT model FROM model_master WHERE data_uniq_id=WXpjeFl6aGhPRGt0TkRaaE15MDBa...\' at line 1")'}
2025-01-10 17:47:41.682 ERROR json_response.py json_response - response_exception:{'message': '(1064, "You have an error in your SQL syntax; check the manual that corresponds to your MariaDB server version for the right syntax to use near \'SELCT model FROM model_master WHERE data_uniq_id=WXpjeFl6aGhPRGt0TkRaaE15MDBa...\' at line 1")'}
2025-01-10 17:47:41.747 ERROR json_response.py json_response - response_exception:{'message': '(1064, "You have an error in your SQL syntax; check the manual that corresponds to your MariaDB server version for the right syntax to use near \'SELCT model FROM model_master WHERE data_uniq_id=WXpjeFl6aGhPRGt0TkRaaE15MDBa...\' at line 1")'}
2025-01-10 17:48:11.864 ERROR json_response.py json_response - response_exception:{'message': '(1064, "You have an error in your SQL syntax; check the manual that corresponds to your MariaDB server version for the right syntax to use near \'SELCT model FROM model_master WHERE data_uniq_id=c71c8a89-46a3-4ffb-b1fb-7a97...\' at line 1")'}
2025-01-10 17:48:11.937 ERROR json_response.py json_response - response_exception:{'message': '(1064, "You have an error in your SQL syntax; check the manual that corresponds to your MariaDB server version for the right syntax to use near \'SELCT model FROM model_master WHERE data_uniq_id=c71c8a89-46a3-4ffb-b1fb-7a97...\' at line 1")'}
2025-01-10 17:48:30.261 ERROR json_response.py json_response - response_exception:{'message': '(1064, "You have an error in your SQL syntax; check the manual that corresponds to your MariaDB server version for the right syntax to use near \'SELCT model FROM model_master WHERE data_uniq_id=\'c71c8a89-46a3-4ffb-b1fb-7a9...\' at line 1")'}
2025-01-10 17:48:30.348 ERROR json_response.py json_response - response_exception:{'message': '(1064, "You have an error in your SQL syntax; check the manual that corresponds to your MariaDB server version for the right syntax to use near \'SELCT model FROM model_master WHERE data_uniq_id=\'c71c8a89-46a3-4ffb-b1fb-7a9...\' at line 1")'}
2025-01-10 17:49:56.112 ERROR json_response.py json_response - response_exception:{'message': "'utf-8' codec can't decode byte 0xb5 in position 0: invalid start byte"}
2025-01-10 17:49:56.190 ERROR json_response.py json_response - response_exception:{'message': "'utf-8' codec can't decode byte 0xb5 in position 0: invalid start byte"}
2025-01-10 17:55:39.218 ERROR json_response.py json_response - response_exception:{'message': "string indices must be integers, not 'str'"}
2025-01-10 17:55:39.297 ERROR json_response.py json_response - response_exception:{'message': "string indices must be integers, not 'str'"}
2025-01-10 17:55:59.126 ERROR json_response.py json_response - response_exception:{'message': "string indices must be integers, not 'str'"}
2025-01-10 17:55:59.174 ERROR json_response.py json_response - response_exception:{'message': "string indices must be integers, not 'str'"}
2025-01-10 17:57:05.259 ERROR json_response.py json_response - response_exception:{'message': "string indices must be integers, not 'str'"}
2025-01-10 17:57:05.336 ERROR json_response.py json_response - response_exception:{'message': "string indices must be integers, not 'str'"}
2025-01-10 17:57:27.258 ERROR json_response.py json_response - response_exception:{'message': "string indices must be integers, not 'str'"}
2025-01-10 17:57:27.333 ERROR json_response.py json_response - response_exception:{'message': "string indices must be integers, not 'str'"}
2025-01-10 18:00:39.820 ERROR json_response.py json_response - response_exception:{'message': "'utf-8' codec can't decode byte 0xed in position 0: invalid continuation byte"}
2025-01-10 18:00:45.303 ERROR json_response.py json_response - response_exception:{'message': "'utf-8' codec can't decode byte 0xed in position 0: invalid continuation byte"}
2025-01-10 18:00:45.370 ERROR json_response.py json_response - response_exception:{'message': "'utf-8' codec can't decode byte 0xed in position 0: invalid continuation byte"}
2025-01-10 18:00:46.525 ERROR json_response.py json_response - response_exception:{'message': "'utf-8' codec can't decode byte 0xed in position 0: invalid continuation byte"}
2025-01-10 18:00:52.166 ERROR json_response.py json_response - response_exception:{'message': "'utf-8' codec can't decode byte 0xed in position 0: invalid continuation byte"}
2025-01-10 18:00:52.218 ERROR json_response.py json_response - response_exception:{'message': "'utf-8' codec can't decode byte 0xed in position 0: invalid continuation byte"}
2025-01-10 18:00:55.498 ERROR json_response.py json_response - response_exception:{'message': "'utf-8' codec can't decode byte 0xed in position 0: invalid continuation byte"}
2025-01-10 18:01:51.755 ERROR json_response.py json_response - response_exception:{'message': "'utf-8' codec can't decode byte 0xed in position 0: invalid continuation byte"}
2025-01-10 18:01:53.554 ERROR json_response.py json_response - response_exception:{'message': "'utf-8' codec can't decode byte 0xed in position 0: invalid continuation byte"}
2025-01-10 18:01:53.611 ERROR json_response.py json_response - response_exception:{'message': "'utf-8' codec can't decode byte 0xed in position 0: invalid continuation byte"}
2025-01-10 18:02:07.241 ERROR json_response.py json_response - response_exception:{'message': "'utf-8' codec can't decode byte 0xed in position 0: invalid continuation byte"}
2025-01-10 18:02:07.323 ERROR json_response.py json_response - response_exception:{'message': "'utf-8' codec can't decode byte 0xed in position 0: invalid continuation byte"}
2025-01-10 18:02:08.746 ERROR json_response.py json_response - response_exception:{'message': "'utf-8' codec can't decode byte 0xed in position 0: invalid continuation byte"}
2025-01-10 18:02:15.176 ERROR json_response.py json_response - response_exception:{'message': "'utf-8' codec can't decode byte 0xed in position 0: invalid continuation byte"}
2025-01-10 18:02:15.249 ERROR json_response.py json_response - response_exception:{'message': "'utf-8' codec can't decode byte 0xed in position 0: invalid continuation byte"}
