2025-01-28 12:53:19.406 ERROR json_response.py json_response - response_exception:{'message': '(1054, "Unknown column \'user_master.CreatedAt\' in \'order clause\'")'}
2025-01-28 12:53:19.464 ERROR json_response.py json_response - response_exception:{'message': '(1054, "Unknown column \'user_master.CreatedAt\' in \'order clause\'")'}
2025-01-28 14:31:57.636 ERROR json_response.py json_response - response_exception:{'message': "'utf-8' codec can't decode byte 0xb5 in position 0: invalid start byte"}
2025-01-28 14:32:03.488 ERROR json_response.py json_response - response_exception:{'message': "'utf-8' codec can't decode byte 0xb5 in position 0: invalid start byte"}
2025-01-28 14:32:03.572 ERROR json_response.py json_response - response_exception:{'message': "'utf-8' codec can't decode byte 0xb5 in position 0: invalid start byte"}
2025-01-28 14:32:04.575 ERROR json_response.py json_response - response_exception:{'message': "'utf-8' codec can't decode byte 0xb5 in position 0: invalid start byte"}
2025-01-28 14:32:22.096 ERROR json_response.py json_response - response_exception:{'message': "'utf-8' codec can't decode byte 0xb5 in position 0: invalid start byte"}
2025-01-28 14:32:30.278 ERROR json_response.py json_response - response_exception:{'message': "'utf-8' codec can't decode byte 0xb5 in position 0: invalid start byte"}
2025-01-28 14:32:30.370 ERROR json_response.py json_response - response_exception:{'message': "'utf-8' codec can't decode byte 0xb5 in position 0: invalid start byte"}
2025-01-28 14:32:31.165 ERROR json_response.py json_response - response_exception:{'message': "'utf-8' codec can't decode byte 0xb5 in position 0: invalid start byte"}
2025-01-28 14:32:34.329 ERROR json_response.py json_response - response_exception:{'message': "'utf-8' codec can't decode byte 0xb5 in position 0: invalid start byte"}
2025-01-28 15:16:46.871 ERROR json_response.py json_response - response_exception:{'message': "'utf-8' codec can't decode byte 0xb5 in position 0: invalid start byte"}
2025-01-28 15:16:46.888 ERROR json_response.py json_response - response_exception:{'message': "'utf-8' codec can't decode byte 0xb5 in position 0: invalid start byte"}
2025-01-28 15:27:41.037 ERROR json_response.py json_response - response_exception:{'message': "'utf-8' codec can't decode byte 0xb5 in position 0: invalid start byte"}
2025-01-28 15:27:41.054 ERROR json_response.py json_response - response_exception:{'message': "'utf-8' codec can't decode byte 0xb5 in position 0: invalid start byte"}
2025-01-28 15:27:42.623 ERROR json_response.py json_response - response_exception:{'message': "'utf-8' codec can't decode byte 0xb5 in position 0: invalid start byte"}
2025-01-28 15:27:48.821 ERROR json_response.py json_response - response_exception:{'message': "'utf-8' codec can't decode byte 0xb5 in position 0: invalid start byte"}
2025-01-28 15:32:15.705 ERROR json_response.py json_response - response_exception:{'message': "'utf-8' codec can't decode byte 0xb5 in position 0: invalid start byte"}
2025-01-28 15:49:05.904 ERROR json_response.py json_response - response_exception:{'message': "'utf-8' codec can't decode byte 0xb5 in position 0: invalid start byte"}
2025-01-28 15:49:05.989 ERROR json_response.py json_response - response_exception:{'message': "'utf-8' codec can't decode byte 0xb5 in position 0: invalid start byte"}
2025-01-28 15:49:07.178 ERROR json_response.py json_response - response_exception:{'message': "'utf-8' codec can't decode byte 0xb5 in position 0: invalid start byte"}
2025-01-28 15:50:25.150 ERROR json_response.py json_response - response_exception:{'message': "'utf-8' codec can't decode byte 0xb5 in position 0: invalid start byte"}
2025-01-28 15:50:25.230 ERROR json_response.py json_response - response_exception:{'message': "'utf-8' codec can't decode byte 0xb5 in position 0: invalid start byte"}
2025-01-28 15:54:08.958 ERROR json_response.py json_response - response_exception:{'message': "'utf-8' codec can't decode byte 0xb5 in position 0: invalid start byte"}
2025-01-28 15:54:09.048 ERROR json_response.py json_response - response_exception:{'message': "'utf-8' codec can't decode byte 0xb5 in position 0: invalid start byte"}
2025-01-28 15:58:16.919 ERROR json_response.py json_response - response_exception:{'message': "'utf-8' codec can't decode byte 0xb5 in position 0: invalid start byte"}
2025-01-28 15:58:16.990 ERROR json_response.py json_response - response_exception:{'message': "'utf-8' codec can't decode byte 0xb5 in position 0: invalid start byte"}
2025-01-28 15:58:33.626 ERROR json_response.py json_response - response_exception:{'message': "'utf-8' codec can't decode byte 0xb5 in position 0: invalid start byte"}
2025-01-28 15:58:33.694 ERROR json_response.py json_response - response_exception:{'message': "'utf-8' codec can't decode byte 0xb5 in position 0: invalid start byte"}
2025-01-28 16:03:01.616 ERROR json_response.py json_response - response_exception:{'message': "'utf-8' codec can't decode byte 0xaa in position 1: invalid start byte"}
2025-01-28 16:03:11.266 ERROR json_response.py json_response - response_exception:{'message': "'utf-8' codec can't decode byte 0xaa in position 1: invalid start byte"}
2025-01-28 16:03:11.336 ERROR json_response.py json_response - response_exception:{'message': "'utf-8' codec can't decode byte 0xaa in position 1: invalid start byte"}
2025-01-28 16:07:01.728 ERROR json_response.py json_response - response_exception:{'message': "'utf-8' codec can't decode byte 0xa1 in position 0: invalid start byte"}
2025-01-28 16:07:01.788 ERROR json_response.py json_response - response_exception:{'message': "'utf-8' codec can't decode byte 0xa1 in position 0: invalid start byte"}
2025-01-28 16:08:02.723 ERROR json_response.py json_response - response_exception:{'message': "'utf-8' codec can't decode byte 0xa1 in position 0: invalid start byte"}
2025-01-28 16:08:02.784 ERROR json_response.py json_response - response_exception:{'message': "'utf-8' codec can't decode byte 0xa1 in position 0: invalid start byte"}
2025-01-28 16:08:03.079 ERROR json_response.py json_response - response_exception:{'message': "'utf-8' codec can't decode byte 0xa1 in position 0: invalid start byte"}
2025-01-28 16:08:03.088 ERROR json_response.py json_response - response_exception:{'message': "'utf-8' codec can't decode byte 0xa1 in position 0: invalid start byte"}
2025-01-28 16:08:55.251 ERROR json_response.py json_response - response_exception:{'message': "'utf-8' codec can't decode byte 0xa1 in position 0: invalid start byte"}
2025-01-28 16:08:55.331 ERROR json_response.py json_response - response_exception:{'message': "'utf-8' codec can't decode byte 0xa1 in position 0: invalid start byte"}
2025-01-28 16:09:01.422 ERROR json_response.py json_response - response_exception:{'message': "'utf-8' codec can't decode byte 0xa1 in position 0: invalid start byte"}
2025-01-28 16:09:01.504 ERROR json_response.py json_response - response_exception:{'message': "'utf-8' codec can't decode byte 0xa1 in position 0: invalid start byte"}
2025-01-28 16:10:25.691 ERROR json_response.py json_response - response_exception:{'message': "'utf-8' codec can't decode byte 0xaa in position 1: invalid start byte"}
2025-01-28 16:10:25.757 ERROR json_response.py json_response - response_exception:{'message': "'utf-8' codec can't decode byte 0xaa in position 1: invalid start byte"}
2025-01-28 16:16:33.733 ERROR json_response.py json_response - response_exception:{'message': "'utf-8' codec can't decode byte 0xaa in position 1: invalid start byte"}
2025-01-28 16:21:21.910 ERROR json_response.py json_response - response_exception:{'message': "'utf-8' codec can't decode byte 0xaa in position 1: invalid start byte"}
2025-01-28 16:21:22.000 ERROR json_response.py json_response - response_exception:{'message': "'utf-8' codec can't decode byte 0xaa in position 1: invalid start byte"}
2025-01-28 16:22:13.540 ERROR json_response.py json_response - response_exception:{'message': "'utf-8' codec can't decode byte 0xaa in position 1: invalid start byte"}
2025-01-28 16:22:21.117 ERROR json_response.py json_response - response_exception:{'message': "'utf-8' codec can't decode byte 0xaa in position 1: invalid start byte"}
2025-01-28 16:22:29.263 ERROR json_response.py json_response - response_exception:{'message': "'utf-8' codec can't decode byte 0xaa in position 1: invalid start byte"}
2025-01-28 16:23:04.935 ERROR json_response.py json_response - response_exception:{'message': "'utf-8' codec can't decode byte 0xaa in position 1: invalid start byte"}
2025-01-28 16:23:06.042 ERROR json_response.py json_response - response_exception:{'message': "'utf-8' codec can't decode byte 0xaa in position 1: invalid start byte"}
2025-01-28 16:23:26.717 ERROR json_response.py json_response - response_exception:{'message': "'BlockNamess'"}
2025-01-28 16:24:10.430 ERROR json_response.py json_response - response_exception:{'message': "'BlockNamess'"}
2025-01-28 16:24:10.504 ERROR json_response.py json_response - response_exception:{'message': "'BlockNamess'"}
2025-01-28 16:24:45.682 ERROR json_response.py json_response - response_exception:{'message': 'list indices must be integers or slices, not str'}
2025-01-28 16:24:50.508 ERROR json_response.py json_response - response_exception:{'message': 'list indices must be integers or slices, not str'}
2025-01-28 16:24:50.581 ERROR json_response.py json_response - response_exception:{'message': 'list indices must be integers or slices, not str'}
2025-01-28 16:25:12.403 ERROR json_response.py json_response - response_exception:{'message': 'list indices must be integers or slices, not str'}
2025-01-28 16:25:13.359 ERROR json_response.py json_response - response_exception:{'message': 'list indices must be integers or slices, not str'}
2025-01-28 16:27:45.458 ERROR json_response.py json_response - response_exception:{'message': 'list indices must be integers or slices, not str'}
2025-01-28 16:28:05.205 ERROR json_response.py json_response - response_exception:{'message': 'list index out of range'}
2025-01-28 16:28:15.999 ERROR json_response.py json_response - response_exception:{'message': 'list index out of range'}
2025-01-28 16:28:16.019 ERROR json_response.py json_response - response_exception:{'message': 'list index out of range'}
2025-01-28 16:28:16.055 ERROR json_response.py json_response - response_exception:{'message': 'list index out of range'}
2025-01-28 16:28:16.119 ERROR json_response.py json_response - response_exception:{'message': 'list index out of range'}
2025-01-28 16:28:19.439 ERROR json_response.py json_response - response_exception:{'message': 'list index out of range'}
2025-01-28 16:28:20.468 ERROR json_response.py json_response - response_exception:{'message': 'list index out of range'}
2025-01-28 16:30:16.357 ERROR json_response.py json_response - response_exception:{'message': 'list index out of range'}
2025-01-28 16:30:33.758 ERROR json_response.py json_response - response_exception:{'message': 'list index out of range'}
2025-01-28 16:30:33.830 ERROR json_response.py json_response - response_exception:{'message': 'list index out of range'}
2025-01-28 16:30:39.444 ERROR json_response.py json_response - response_exception:{'message': 'list index out of range'}
2025-01-28 16:30:49.511 ERROR json_response.py json_response - response_exception:{'message': 'list index out of range'}
2025-01-28 16:30:59.752 ERROR json_response.py json_response - response_exception:{'message': 'list index out of range'}
2025-01-28 16:30:59.828 ERROR json_response.py json_response - response_exception:{'message': 'list index out of range'}
2025-01-28 16:30:59.839 ERROR json_response.py json_response - response_exception:{'message': 'list index out of range'}
2025-01-28 16:30:59.901 ERROR json_response.py json_response - response_exception:{'message': 'list index out of range'}
2025-01-28 16:30:59.979 ERROR json_response.py json_response - response_exception:{'message': 'list index out of range'}
2025-01-28 16:31:00.047 ERROR json_response.py json_response - response_exception:{'message': 'list index out of range'}
2025-01-28 16:31:00.114 ERROR json_response.py json_response - response_exception:{'message': 'list index out of range'}
2025-01-28 16:31:00.189 ERROR json_response.py json_response - response_exception:{'message': 'list index out of range'}
2025-01-28 16:31:00.250 ERROR json_response.py json_response - response_exception:{'message': 'list index out of range'}
2025-01-28 16:31:00.310 ERROR json_response.py json_response - response_exception:{'message': 'list index out of range'}
2025-01-28 16:31:00.377 ERROR json_response.py json_response - response_exception:{'message': 'list index out of range'}
2025-01-28 16:31:00.454 ERROR json_response.py json_response - response_exception:{'message': 'list index out of range'}
2025-01-28 16:31:00.516 ERROR json_response.py json_response - response_exception:{'message': 'list index out of range'}
2025-01-28 16:31:00.579 ERROR json_response.py json_response - response_exception:{'message': 'list index out of range'}
2025-01-28 16:31:00.641 ERROR json_response.py json_response - response_exception:{'message': 'list index out of range'}
2025-01-28 16:31:00.701 ERROR json_response.py json_response - response_exception:{'message': 'list index out of range'}
2025-01-28 16:31:00.766 ERROR json_response.py json_response - response_exception:{'message': 'list index out of range'}
2025-01-28 16:31:00.831 ERROR json_response.py json_response - response_exception:{'message': 'list index out of range'}
2025-01-28 16:31:00.906 ERROR json_response.py json_response - response_exception:{'message': 'list index out of range'}
2025-01-28 16:31:00.970 ERROR json_response.py json_response - response_exception:{'message': 'list index out of range'}
2025-01-28 16:31:01.033 ERROR json_response.py json_response - response_exception:{'message': 'list index out of range'}
2025-01-28 16:31:01.095 ERROR json_response.py json_response - response_exception:{'message': 'list index out of range'}
2025-01-28 16:31:01.170 ERROR json_response.py json_response - response_exception:{'message': 'list index out of range'}
2025-01-28 16:31:01.234 ERROR json_response.py json_response - response_exception:{'message': 'list index out of range'}
2025-01-28 16:31:01.312 ERROR json_response.py json_response - response_exception:{'message': 'list index out of range'}
2025-01-28 16:31:01.391 ERROR json_response.py json_response - response_exception:{'message': 'list index out of range'}
2025-01-28 16:31:01.467 ERROR json_response.py json_response - response_exception:{'message': 'list index out of range'}
2025-01-28 16:31:01.545 ERROR json_response.py json_response - response_exception:{'message': 'list index out of range'}
2025-01-28 16:31:01.622 ERROR json_response.py json_response - response_exception:{'message': 'list index out of range'}
2025-01-28 16:31:01.698 ERROR json_response.py json_response - response_exception:{'message': 'list index out of range'}
2025-01-28 16:31:01.759 ERROR json_response.py json_response - response_exception:{'message': 'list index out of range'}
2025-01-28 16:31:01.827 ERROR json_response.py json_response - response_exception:{'message': 'list index out of range'}
2025-01-28 16:31:01.911 ERROR json_response.py json_response - response_exception:{'message': 'list index out of range'}
2025-01-28 16:31:01.985 ERROR json_response.py json_response - response_exception:{'message': 'list index out of range'}
2025-01-28 16:31:02.060 ERROR json_response.py json_response - response_exception:{'message': 'list index out of range'}
2025-01-28 16:31:02.129 ERROR json_response.py json_response - response_exception:{'message': 'list index out of range'}
2025-01-28 16:31:02.203 ERROR json_response.py json_response - response_exception:{'message': 'list index out of range'}
2025-01-28 16:31:02.277 ERROR json_response.py json_response - response_exception:{'message': 'list index out of range'}
2025-01-28 16:31:02.338 ERROR json_response.py json_response - response_exception:{'message': 'list index out of range'}
2025-01-28 16:31:02.400 ERROR json_response.py json_response - response_exception:{'message': 'list index out of range'}
2025-01-28 16:31:02.462 ERROR json_response.py json_response - response_exception:{'message': 'list index out of range'}
2025-01-28 16:31:02.536 ERROR json_response.py json_response - response_exception:{'message': 'list index out of range'}
2025-01-28 16:31:02.605 ERROR json_response.py json_response - response_exception:{'message': 'list index out of range'}
2025-01-28 16:31:02.692 ERROR json_response.py json_response - response_exception:{'message': 'list index out of range'}
2025-01-28 16:31:02.758 ERROR json_response.py json_response - response_exception:{'message': 'list index out of range'}
2025-01-28 16:31:02.819 ERROR json_response.py json_response - response_exception:{'message': 'list index out of range'}
2025-01-28 16:31:02.887 ERROR json_response.py json_response - response_exception:{'message': 'list index out of range'}
2025-01-28 16:31:02.967 ERROR json_response.py json_response - response_exception:{'message': 'list index out of range'}
2025-01-28 16:31:03.043 ERROR json_response.py json_response - response_exception:{'message': 'list index out of range'}
2025-01-28 16:31:03.121 ERROR json_response.py json_response - response_exception:{'message': 'list index out of range'}
2025-01-28 16:31:03.210 ERROR json_response.py json_response - response_exception:{'message': 'list index out of range'}
2025-01-28 16:31:03.279 ERROR json_response.py json_response - response_exception:{'message': 'list index out of range'}
2025-01-28 16:31:03.366 ERROR json_response.py json_response - response_exception:{'message': 'list index out of range'}
2025-01-28 16:31:03.432 ERROR json_response.py json_response - response_exception:{'message': 'list index out of range'}
2025-01-28 16:31:03.495 ERROR json_response.py json_response - response_exception:{'message': 'list index out of range'}
2025-01-28 16:31:03.556 ERROR json_response.py json_response - response_exception:{'message': 'list index out of range'}
2025-01-28 16:31:03.618 ERROR json_response.py json_response - response_exception:{'message': 'list index out of range'}
2025-01-28 16:31:03.679 ERROR json_response.py json_response - response_exception:{'message': 'list index out of range'}
2025-01-28 16:31:03.744 ERROR json_response.py json_response - response_exception:{'message': 'list index out of range'}
2025-01-28 16:31:03.809 ERROR json_response.py json_response - response_exception:{'message': 'list index out of range'}
2025-01-28 16:31:03.884 ERROR json_response.py json_response - response_exception:{'message': 'list index out of range'}
2025-01-28 16:31:03.961 ERROR json_response.py json_response - response_exception:{'message': 'list index out of range'}
2025-01-28 16:31:04.029 ERROR json_response.py json_response - response_exception:{'message': 'list index out of range'}
2025-01-28 16:31:04.094 ERROR json_response.py json_response - response_exception:{'message': 'list index out of range'}
2025-01-28 16:31:04.176 ERROR json_response.py json_response - response_exception:{'message': 'list index out of range'}
2025-01-28 16:31:04.262 ERROR json_response.py json_response - response_exception:{'message': 'list index out of range'}
2025-01-28 16:31:04.328 ERROR json_response.py json_response - response_exception:{'message': 'list index out of range'}
2025-01-28 16:31:04.404 ERROR json_response.py json_response - response_exception:{'message': 'list index out of range'}
2025-01-28 16:31:04.484 ERROR json_response.py json_response - response_exception:{'message': 'list index out of range'}
2025-01-28 16:31:04.572 ERROR json_response.py json_response - response_exception:{'message': 'list index out of range'}
2025-01-28 16:31:04.641 ERROR json_response.py json_response - response_exception:{'message': 'list index out of range'}
2025-01-28 16:31:04.718 ERROR json_response.py json_response - response_exception:{'message': 'list index out of range'}
2025-01-28 16:31:04.794 ERROR json_response.py json_response - response_exception:{'message': 'list index out of range'}
2025-01-28 16:31:04.859 ERROR json_response.py json_response - response_exception:{'message': 'list index out of range'}
2025-01-28 16:31:04.921 ERROR json_response.py json_response - response_exception:{'message': 'list index out of range'}
2025-01-28 16:31:07.742 ERROR json_response.py json_response - response_exception:{'message': 'list index out of range'}
2025-01-28 16:31:07.815 ERROR json_response.py json_response - response_exception:{'message': 'list index out of range'}
2025-01-28 16:31:07.865 ERROR json_response.py json_response - response_exception:{'message': 'list index out of range'}
2025-01-28 16:31:07.908 ERROR json_response.py json_response - response_exception:{'message': 'list index out of range'}
2025-01-28 16:31:07.939 ERROR json_response.py json_response - response_exception:{'message': 'list index out of range'}
2025-01-28 16:31:08.008 ERROR json_response.py json_response - response_exception:{'message': 'list index out of range'}
2025-01-28 16:31:08.088 ERROR json_response.py json_response - response_exception:{'message': 'list index out of range'}
2025-01-28 16:31:08.164 ERROR json_response.py json_response - response_exception:{'message': 'list index out of range'}
2025-01-28 16:31:08.227 ERROR json_response.py json_response - response_exception:{'message': 'list index out of range'}
2025-01-28 16:31:08.289 ERROR json_response.py json_response - response_exception:{'message': 'list index out of range'}
2025-01-28 16:31:08.366 ERROR json_response.py json_response - response_exception:{'message': 'list index out of range'}
2025-01-28 16:31:08.432 ERROR json_response.py json_response - response_exception:{'message': 'list index out of range'}
2025-01-28 16:31:08.499 ERROR json_response.py json_response - response_exception:{'message': 'list index out of range'}
2025-01-28 16:31:08.577 ERROR json_response.py json_response - response_exception:{'message': 'list index out of range'}
2025-01-28 16:31:08.654 ERROR json_response.py json_response - response_exception:{'message': 'list index out of range'}
2025-01-28 16:31:08.718 ERROR json_response.py json_response - response_exception:{'message': 'list index out of range'}
2025-01-28 16:31:08.793 ERROR json_response.py json_response - response_exception:{'message': 'list index out of range'}
2025-01-28 16:31:08.860 ERROR json_response.py json_response - response_exception:{'message': 'list index out of range'}
2025-01-28 16:31:08.939 ERROR json_response.py json_response - response_exception:{'message': 'list index out of range'}
2025-01-28 16:31:09.017 ERROR json_response.py json_response - response_exception:{'message': 'list index out of range'}
2025-01-28 16:31:09.026 ERROR json_response.py json_response - response_exception:{'message': 'list index out of range'}
2025-01-28 16:31:09.080 ERROR json_response.py json_response - response_exception:{'message': 'list index out of range'}
2025-01-28 16:31:09.159 ERROR json_response.py json_response - response_exception:{'message': 'list index out of range'}
2025-01-28 16:31:09.233 ERROR json_response.py json_response - response_exception:{'message': 'list index out of range'}
2025-01-28 16:31:09.409 ERROR json_response.py json_response - response_exception:{'message': 'list index out of range'}
2025-01-28 16:31:09.473 ERROR json_response.py json_response - response_exception:{'message': 'list index out of range'}
2025-01-28 16:31:09.534 ERROR json_response.py json_response - response_exception:{'message': 'list index out of range'}
2025-01-28 16:31:09.599 ERROR json_response.py json_response - response_exception:{'message': 'list index out of range'}
2025-01-28 16:31:09.677 ERROR json_response.py json_response - response_exception:{'message': 'list index out of range'}
2025-01-28 16:31:09.741 ERROR json_response.py json_response - response_exception:{'message': 'list index out of range'}
2025-01-28 16:31:09.817 ERROR json_response.py json_response - response_exception:{'message': 'list index out of range'}
2025-01-28 16:31:09.877 ERROR json_response.py json_response - response_exception:{'message': 'list index out of range'}
2025-01-28 16:31:10.037 ERROR json_response.py json_response - response_exception:{'message': 'list index out of range'}
2025-01-28 16:31:10.094 ERROR json_response.py json_response - response_exception:{'message': 'list index out of range'}
2025-01-28 16:31:10.176 ERROR json_response.py json_response - response_exception:{'message': 'list index out of range'}
2025-01-28 16:31:10.260 ERROR json_response.py json_response - response_exception:{'message': 'list index out of range'}
2025-01-28 16:31:10.364 ERROR json_response.py json_response - response_exception:{'message': 'list index out of range'}
2025-01-28 16:31:10.443 ERROR json_response.py json_response - response_exception:{'message': 'list index out of range'}
2025-01-28 16:31:10.506 ERROR json_response.py json_response - response_exception:{'message': 'list index out of range'}
2025-01-28 16:31:10.570 ERROR json_response.py json_response - response_exception:{'message': 'list index out of range'}
2025-01-28 16:31:10.631 ERROR json_response.py json_response - response_exception:{'message': 'list index out of range'}
2025-01-28 16:31:10.694 ERROR json_response.py json_response - response_exception:{'message': 'list index out of range'}
2025-01-28 16:31:10.754 ERROR json_response.py json_response - response_exception:{'message': 'list index out of range'}
2025-01-28 16:31:10.817 ERROR json_response.py json_response - response_exception:{'message': 'list index out of range'}
2025-01-28 16:31:10.883 ERROR json_response.py json_response - response_exception:{'message': 'list index out of range'}
2025-01-28 16:31:10.957 ERROR json_response.py json_response - response_exception:{'message': 'list index out of range'}
2025-01-28 16:31:11.588 ERROR json_response.py json_response - response_exception:{'message': 'list index out of range'}
2025-01-28 16:31:11.656 ERROR json_response.py json_response - response_exception:{'message': 'list index out of range'}
2025-01-28 16:31:11.720 ERROR json_response.py json_response - response_exception:{'message': 'list index out of range'}
2025-01-28 16:31:11.788 ERROR json_response.py json_response - response_exception:{'message': 'list index out of range'}
2025-01-28 16:31:11.864 ERROR json_response.py json_response - response_exception:{'message': 'list index out of range'}
2025-01-28 16:31:11.939 ERROR json_response.py json_response - response_exception:{'message': 'list index out of range'}
2025-01-28 16:31:12.007 ERROR json_response.py json_response - response_exception:{'message': 'list index out of range'}
2025-01-28 16:31:12.076 ERROR json_response.py json_response - response_exception:{'message': 'list index out of range'}
2025-01-28 16:31:12.139 ERROR json_response.py json_response - response_exception:{'message': 'list index out of range'}
2025-01-28 16:31:12.201 ERROR json_response.py json_response - response_exception:{'message': 'list index out of range'}
2025-01-28 16:31:12.269 ERROR json_response.py json_response - response_exception:{'message': 'list index out of range'}
2025-01-28 16:31:12.330 ERROR json_response.py json_response - response_exception:{'message': 'list index out of range'}
2025-01-28 16:31:12.390 ERROR json_response.py json_response - response_exception:{'message': 'list index out of range'}
2025-01-28 16:31:12.453 ERROR json_response.py json_response - response_exception:{'message': 'list index out of range'}
2025-01-28 16:31:12.520 ERROR json_response.py json_response - response_exception:{'message': 'list index out of range'}
2025-01-28 16:31:12.588 ERROR json_response.py json_response - response_exception:{'message': 'list index out of range'}
2025-01-28 16:31:12.661 ERROR json_response.py json_response - response_exception:{'message': 'list index out of range'}
2025-01-28 16:31:12.726 ERROR json_response.py json_response - response_exception:{'message': 'list index out of range'}
2025-01-28 16:31:12.787 ERROR json_response.py json_response - response_exception:{'message': 'list index out of range'}
2025-01-28 16:31:12.823 ERROR json_response.py json_response - response_exception:{'message': 'list index out of range'}
2025-01-28 16:31:14.530 ERROR json_response.py json_response - response_exception:{'message': 'list index out of range'}
2025-01-28 16:31:14.593 ERROR json_response.py json_response - response_exception:{'message': 'list index out of range'}
2025-01-28 16:31:33.445 ERROR json_response.py json_response - response_exception:{'message': 'list index out of range'}
2025-01-28 16:31:36.439 ERROR json_response.py json_response - response_exception:{'message': 'list index out of range'}
2025-01-28 16:31:36.511 ERROR json_response.py json_response - response_exception:{'message': 'list index out of range'}
2025-01-28 16:31:41.233 ERROR json_response.py json_response - response_exception:{'message': 'list index out of range'}
2025-01-28 18:21:23.774 ERROR json_response.py json_response - response_exception:{'message': "'utf-8' codec can't decode byte 0xb5 in position 0: invalid start byte"}
2025-01-28 18:23:42.650 ERROR json_response.py json_response - response_exception:{'message': "'utf-8' codec can't decode byte 0xb5 in position 0: invalid start byte"}
2025-01-28 18:24:37.811 ERROR json_response.py json_response - response_exception:{'message': "'utf-8' codec can't decode byte 0xb5 in position 0: invalid start byte"}
2025-01-28 18:25:56.989 ERROR json_response.py json_response - response_exception:{'message': "'utf-8' codec can't decode byte 0xb5 in position 0: invalid start byte"}
2025-01-28 18:28:24.608 ERROR json_response.py json_response - response_exception:{'message': "'utf-8' codec can't decode byte 0xb5 in position 0: invalid start byte"}
2025-01-28 18:29:04.778 ERROR json_response.py json_response - response_exception:{'message': "'BlockNamess'"}
2025-01-28 18:29:09.378 ERROR json_response.py json_response - response_exception:{'message': "'BlockNamess'"}
2025-01-28 18:29:31.584 ERROR json_response.py json_response - response_exception:{'message': "'utf-8' codec can't decode byte 0xb5 in position 0: invalid start byte"}
2025-01-28 18:30:52.784 ERROR json_response.py json_response - response_exception:{'message': "'BlockName'"}
2025-01-28 18:32:34.440 ERROR json_response.py json_response - response_exception:{'message': "'BlockName'"}
2025-01-28 18:33:34.140 ERROR json_response.py json_response - response_exception:{'message': "'utf-8' codec can't decode byte 0xb5 in position 0: invalid start byte"}
2025-01-28 18:34:28.466 ERROR json_response.py json_response - response_exception:{'message': "'utf-8' codec can't decode byte 0xb5 in position 0: invalid start byte"}
2025-01-28 18:34:50.919 ERROR json_response.py json_response - response_exception:{'message': "'utf-8' codec can't decode byte 0xb5 in position 0: invalid start byte"}
2025-01-28 18:35:59.083 ERROR json_response.py json_response - response_exception:{'message': "'utf-8' codec can't decode byte 0xb5 in position 0: invalid start byte"}
2025-01-28 18:36:46.811 ERROR json_response.py json_response - response_exception:{'message': "'utf-8' codec can't decode byte 0xb5 in position 0: invalid start byte"}
2025-01-28 18:37:06.667 ERROR json_response.py json_response - response_exception:{'message': "'utf-8' codec can't decode byte 0xb5 in position 0: invalid start byte"}
2025-01-28 18:37:47.522 ERROR json_response.py json_response - response_exception:{'message': "'utf-8' codec can't decode byte 0xb5 in position 0: invalid start byte"}
2025-01-28 18:38:18.255 ERROR json_response.py json_response - response_exception:{'message': "'utf-8' codec can't decode byte 0xb5 in position 0: invalid start byte"}
2025-01-28 18:38:32.484 ERROR json_response.py json_response - response_exception:{'message': "'utf-8' codec can't decode byte 0xb5 in position 0: invalid start byte"}
2025-01-28 18:39:54.248 ERROR json_response.py json_response - response_exception:{'message': "'utf-8' codec can't decode byte 0xb5 in position 0: invalid start byte"}
2025-01-28 18:41:24.803 ERROR json_response.py json_response - response_exception:{'message': "'utf-8' codec can't decode byte 0xb5 in position 0: invalid start byte"}
2025-01-28 18:41:39.996 ERROR json_response.py json_response - response_exception:{'message': "'utf-8' codec can't decode byte 0xb5 in position 0: invalid start byte"}
2025-01-28 18:41:57.167 ERROR json_response.py json_response - response_exception:{'message': "'utf-8' codec can't decode byte 0xb5 in position 0: invalid start byte"}
2025-01-28 18:43:26.681 ERROR json_response.py json_response - response_exception:{'message': "'authorization'"}
2025-01-28 18:48:00.867 ERROR json_response.py json_response - response_exception:{'message': "'utf-8' codec can't decode byte 0xb5 in position 0: invalid start byte"}
2025-01-28 18:51:10.631 ERROR json_response.py json_response - response_exception:{'message': "'BlockNames'"}
2025-01-28 18:51:25.296 ERROR json_response.py json_response - response_exception:{'message': "'BlockNamess'"}
2025-01-28 18:51:38.933 ERROR json_response.py json_response - response_exception:{'message': "'utf-8' codec can't decode byte 0xb5 in position 0: invalid start byte"}
2025-01-28 18:54:21.426 ERROR json_response.py json_response - response_exception:{'message': "'utf-8' codec can't decode byte 0xd3 in position 0: invalid continuation byte"}
