2025-01-06 10:46:42.460 ERROR json_response.py json_response - response_exception:{'message': "'ref_product_name'"}
2025-01-06 12:08:23.526 ERROR json_response.py json_response - response_exception:{'message': 'Invalid base64-encoded string: number of data characters (1) cannot be 1 more than a multiple of 4'}
2025-01-06 12:09:03.386 ERROR json_response.py json_response - response_exception:{'message': 'Invalid base64-encoded string: number of data characters (1) cannot be 1 more than a multiple of 4'}
2025-01-06 12:09:04.899 ERROR json_response.py json_response - response_exception:{'message': 'Invalid base64-encoded string: number of data characters (1) cannot be 1 more than a multiple of 4'}
2025-01-06 12:24:29.922 ERROR json_response.py json_response - response_exception:{'message': "local variable 'ref_lead_name' referenced before assignment"}
2025-01-06 13:26:36.205 ERROR json_response.py json_response - response_exception:{'message': "'list' object has no attribute 'get'"}
2025-01-06 13:28:11.971 ERROR json_response.py json_response - response_exception:{'message': "'list' object has no attribute 'get'"}
2025-01-06 13:28:23.344 ERROR json_response.py json_response - response_exception:{'message': "'list' object has no attribute 'get'"}
2025-01-06 13:29:35.841 ERROR json_response.py json_response - response_exception:{'message': "'list' object has no attribute 'get'"}
2025-01-06 13:29:38.481 ERROR json_response.py json_response - response_exception:{'message': "'list' object has no attribute 'get'"}
2025-01-06 13:31:35.857 ERROR json_response.py json_response - response_exception:{'message': "'list' object has no attribute 'get'"}
2025-01-06 13:31:37.161 ERROR json_response.py json_response - response_exception:{'message': "'list' object has no attribute 'get'"}
2025-01-06 13:31:38.126 ERROR json_response.py json_response - response_exception:{'message': "'list' object has no attribute 'get'"}
2025-01-06 13:32:19.099 ERROR json_response.py json_response - response_exception:{'message': "'list' object has no attribute 'get'"}
2025-01-06 13:32:45.814 ERROR json_response.py json_response - response_exception:{'message': "'list' object has no attribute 'get'"}
2025-01-06 13:32:47.101 ERROR json_response.py json_response - response_exception:{'message': "'list' object has no attribute 'get'"}
2025-01-06 13:32:57.007 ERROR json_response.py json_response - response_exception:{'message': "'list' object has no attribute 'get'"}
2025-01-06 13:32:58.126 ERROR json_response.py json_response - response_exception:{'message': "'list' object has no attribute 'get'"}
2025-01-06 13:33:42.209 ERROR json_response.py json_response - response_exception:{'message': "'list' object has no attribute 'get'"}
2025-01-06 13:35:01.290 ERROR json_response.py json_response - response_exception:{'message': "'list' object has no attribute 'get'"}
2025-01-06 14:19:16.163 ERROR json_response.py json_response - response_exception:{'message': "'list' object has no attribute 'get'"}
2025-01-06 14:54:26.935 ERROR json_response.py json_response - response_exception:{'message': 'Extra data: line 9 column 5 (char 193)'}
2025-01-06 14:54:32.870 ERROR json_response.py json_response - response_exception:{'message': 'Extra data: line 9 column 5 (char 193)'}
2025-01-06 15:01:33.448 ERROR json_response.py json_response - response_exception:{'message': '(1064, "You have an error in your SQL syntax; check the manual that corresponds to your MariaDB server version for the right syntax to use near \'DATE_FORMAT(employee_login_details.end_time, \'%l:%i %p\') as end_time_value,\\n ...\' at line 9")'}
2025-01-06 15:01:43.600 ERROR json_response.py json_response - response_exception:{'message': '(1064, "You have an error in your SQL syntax; check the manual that corresponds to your MariaDB server version for the right syntax to use near \'\\n                DATE_FORMAT(employee_login_details.end_time, \'%l:%i %p\') as ...\' at line 8")'}
2025-01-06 15:10:32.007 ERROR json_response.py json_response - response_exception:{'message': "'start_time'"}
2025-01-06 15:11:23.664 ERROR json_response.py json_response - response_exception:{'message': "'start_time'"}
2025-01-06 17:36:11.391 ERROR json_response.py json_response - response_exception:{'message': 'hour must be in 0..23'}
2025-01-06 17:36:11.456 ERROR json_response.py json_response - response_exception:{'message': 'hour must be in 0..23'}
2025-01-06 17:38:29.084 ERROR json_response.py json_response - response_exception:{'message': 'hour must be in 0..23'}
2025-01-06 17:38:29.146 ERROR json_response.py json_response - response_exception:{'message': 'hour must be in 0..23'}
2025-01-06 17:39:18.133 ERROR json_response.py json_response - response_exception:{'message': 'hour must be in 0..23'}
2025-01-06 17:39:20.483 ERROR json_response.py json_response - response_exception:{'message': 'hour must be in 0..23'}
2025-01-06 17:39:22.650 ERROR json_response.py json_response - response_exception:{'message': 'hour must be in 0..23'}
2025-01-06 17:39:25.012 ERROR json_response.py json_response - response_exception:{'message': 'hour must be in 0..23'}
2025-01-06 17:39:28.810 ERROR json_response.py json_response - response_exception:{'message': 'hour must be in 0..23'}
2025-01-06 17:39:28.860 ERROR json_response.py json_response - response_exception:{'message': 'hour must be in 0..23'}
2025-01-06 17:39:44.851 ERROR json_response.py json_response - response_exception:{'message': 'hour must be in 0..23'}
2025-01-06 17:39:44.909 ERROR json_response.py json_response - response_exception:{'message': 'hour must be in 0..23'}
2025-01-06 17:42:39.663 ERROR json_response.py json_response - response_exception:{'message': 'hour must be in 0..23'}
2025-01-06 17:42:39.721 ERROR json_response.py json_response - response_exception:{'message': 'hour must be in 0..23'}
