2023-02-16 09:14:59.732 ERROR json_response.py json_response - response_exception:{'message': "name 'total_price_gst' is not defined"}
2023-02-16 09:17:28.387 ERROR json_response.py json_response - response_exception:{'message': "name 'total_price_gst' is not defined"}
2023-02-16 09:25:46.315 ERROR json_response.py json_response - response_exception:{'message': "name 'totalcost_price' is not defined"}
2023-02-16 09:37:17.587 ERROR json_response.py json_response - response_exception:{'message': 'column "total_price_plus_gst" of relation "product_table" does not exist\nLINE 1: ...,product_name,quantity,price,gst_perc,total_price,total_pric...\n                                                             ^\n'}
2023-02-16 09:38:07.920 ERROR json_response.py json_response - response_exception:{'message': 'column "total_price_gst" of relation "order_table" does not exist\nLINE 1: ...t = 3, total_quantity = 5.0, total_price = 706.0, total_pric...\n                                                             ^\n'}
2023-02-16 10:13:28.063 ERROR json_response.py json_response - response_exception:{'message': "Expecting ',' delimiter: line 4 column 9 (char 97)"}
2023-02-16 10:30:11.264 ERROR json_response.py json_response - response_exception:{'message': "Expecting ',' delimiter: line 29 column 9 (char 735)"}
2023-02-16 10:46:41.543 ERROR json_response.py json_response - response_exception:{'message': 'unterminated quoted string at or near "\'chandru4"\nLINE 1: ..._name, phone_no, total_price where customer_name = \'chandru4\n                                                              ^\n'}
2023-02-16 10:47:22.220 ERROR json_response.py json_response - response_exception:{'message': 'column "order_id" does not exist\nLINE 1:  SELECT order_id, customer_name, phone_no, total_price where...\n                ^\n'}
2023-02-16 10:59:02.505 ERROR json_response.py json_response - response_exception:{'message': "'function' object has no attribute 'format'"}
2023-02-16 10:59:02.505 ERROR json_response.py json_response - response_exception:{'message': 'Object of type AttributeError is not JSON serializable'}
2023-02-16 11:06:04.892 ERROR json_response.py json_response - response_exception:{'message': 'unterminated quoted string at or near "\';"\nLINE 1:  SELECT * from public.order_table \';\n                                          ^\n'}
2023-02-16 11:06:04.892 ERROR json_response.py json_response - response_exception:{'message': 'Object of type ProgrammingError is not JSON serializable'}
2023-02-16 11:20:23.738 ERROR json_response.py json_response - response_exception:{'message': 'Expecting value: line 22 column 9 (char 560)'}
2023-02-16 12:17:31.534 ERROR json_response.py json_response - response_exception:{'message': "name 'records' is not defined"}
2023-02-16 12:17:31.534 ERROR json_response.py json_response - response_exception:{'message': 'Object of type NameError is not JSON serializable'}
2023-02-16 12:18:14.502 ERROR json_response.py json_response - response_exception:{'message': "name 'records' is not defined"}
2023-02-16 12:18:14.502 ERROR json_response.py json_response - response_exception:{'message': 'Object of type NameError is not JSON serializable'}
2023-02-16 13:53:08.584 ERROR json_response.py json_response - response_exception:{'message': 'Object of type Decimal is not JSON serializable'}
2023-02-16 13:53:08.584 ERROR json_response.py json_response - response_exception:{'message': 'Object of type TypeError is not JSON serializable'}
2023-02-16 13:56:55.405 ERROR json_response.py json_response - response_exception:{'message': "'order_id'"}
2023-02-16 13:56:55.405 ERROR json_response.py json_response - response_exception:{'message': 'Object of type KeyError is not JSON serializable'}
2023-02-16 14:24:46.285 ERROR json_response.py json_response - response_exception:{'message': 'list indices must be integers or slices, not str'}
2023-02-16 14:24:46.286 ERROR json_response.py json_response - response_exception:{'message': 'Object of type TypeError is not JSON serializable'}
2023-02-16 14:25:05.224 ERROR json_response.py json_response - response_exception:{'message': 'list indices must be integers or slices, not str'}
2023-02-16 14:25:05.224 ERROR json_response.py json_response - response_exception:{'message': 'Object of type TypeError is not JSON serializable'}
2023-02-16 15:04:13.654 ERROR json_response.py json_response - response_exception:{'message': "'access_token'"}
2023-02-16 15:04:13.654 ERROR json_response.py json_response - response_exception:{'message': 'Object of type KeyError is not JSON serializable'}
2023-02-16 15:05:03.547 ERROR json_response.py json_response - response_exception:{'message': "'order_id'"}
2023-02-16 15:05:03.547 ERROR json_response.py json_response - response_exception:{'message': 'Object of type KeyError is not JSON serializable'}
2023-02-16 15:08:10.203 ERROR json_response.py json_response - response_exception:{'message': "'order_id'"}
2023-02-16 15:08:10.203 ERROR json_response.py json_response - response_exception:{'message': 'Object of type KeyError is not JSON serializable'}
2023-02-16 15:39:53.919 ERROR json_response.py json_response - response_exception:{'message': "Expecting ',' delimiter: line 9 column 17 (char 252)"}
2023-02-16 15:40:44.926 ERROR json_response.py json_response - response_exception:{'message': 'column "product_id" does not exist\nLINE 1: ...ce = 188.0, cost_price = 174.88372093023256 WHERE product_id...\n                                                             ^\n'}
2023-02-16 15:41:32.246 ERROR json_response.py json_response - response_exception:{'message': 'column "id" does not exist\nLINE 1: ...ce = 188.0, cost_price = 174.88372093023256 WHERE id = 101; \n                                                             ^\n'}
2023-02-16 15:41:56.908 ERROR json_response.py json_response - response_exception:{'message': 'column "gst" of relation "product_table" does not exist\nLINE 1: ...t_name = \'product1\', quantity = 1, price = 188.0, gst = 7.5,...\n                                                             ^\n'}
2023-02-16 15:42:25.363 ERROR json_response.py json_response - response_exception:{'message': "'product_id'"}
2023-02-16 15:43:33.359 ERROR json_response.py json_response - response_exception:{'message': "'product_id'"}
2023-02-16 15:44:10.674 ERROR json_response.py json_response - response_exception:{'message': "'product_id'"}
2023-02-16 15:45:46.944 ERROR json_response.py json_response - response_exception:{'message': "name 'quantity_count' is not defined"}
2023-02-16 15:50:01.207 ERROR json_response.py json_response - response_exception:{'message': "'product_id'"}
2023-02-16 15:57:25.383 ERROR json_response.py json_response - response_exception:{'message': 'Expecting value: line 15 column 32 (char 442)'}
2023-02-16 15:58:57.115 ERROR json_response.py json_response - response_exception:{'message': "'product_id'"}
2023-02-16 16:02:36.720 ERROR json_response.py json_response - response_exception:{'message': "'product_id'"}
2023-02-16 17:13:26.827 ERROR json_response.py json_response - response_exception:{'message': 'Replacement index 0 out of range for positional args tuple'}
2023-02-16 17:14:32.029 ERROR json_response.py json_response - response_exception:{'message': 'Replacement index 0 out of range for positional args tuple'}
2023-02-16 17:15:51.459 ERROR json_response.py json_response - response_exception:{'message': 'Replacement index 0 out of range for positional args tuple'}
2023-02-16 17:16:26.975 ERROR json_response.py json_response - response_exception:{'message': 'column "product_id" does not exist\nLINE 1:  SELECT product_id from public.product_table where order_id ...\n                ^\n'}
2023-02-16 17:17:06.351 ERROR json_response.py json_response - response_exception:{'message': "'product_id'"}
2023-02-16 17:24:01.082 ERROR json_response.py json_response - response_exception:{'message': "'list' object cannot be interpreted as an integer"}
2023-02-16 17:29:10.158 ERROR json_response.py json_response - response_exception:{'message': "name 'product' is not defined"}
2023-02-16 17:51:13.764 ERROR json_response.py json_response - response_exception:{'message': "'dict' object has no attribute 'add'"}
2023-02-16 18:06:53.757 ERROR json_response.py json_response - response_exception:{'message': "name 'pritn' is not defined"}
