2023-02-15 09:37:37.478 ERROR json_response.py json_response - response_exception:{'message': "'authorization'"}
2023-02-15 09:44:43.737 ERROR json_response.py json_response - response_exception:{'message': "'user_id'"}
2023-02-15 09:46:40.581 ERROR json_response.py json_response - response_exception:{'message': "'last_name'"}
2023-02-15 09:48:25.802 ERROR json_response.py json_response - response_exception:{'message': "name 'np' is not defined"}
2023-02-15 09:49:00.149 ERROR json_response.py json_response - response_exception:{'message': "'nn'"}
2023-02-15 09:52:00.360 ERROR json_response.py json_response - response_exception:{'message': 'relation "public.myuser" does not exist\nLINE 1: INSERT INTO PUBLIC.myuser (\n                    ^\n'}
2023-02-15 09:52:22.581 ERROR json_response.py json_response - response_exception:{'message': 'relation "public.myuser" does not exist\nLINE 1: INSERT INTO public.myuser (\n                    ^\n'}
2023-02-15 10:28:48.668 ERROR json_response.py json_response - response_exception:{'message': 'column "saravan" does not exist\nLINE 1: ...ic.myusers set active_status = 1 where user_name = saravan ;\n                                                              ^\n'}
2023-02-15 10:30:54.638 ERROR json_response.py json_response - response_exception:{'message': 'column "safvan12" does not exist\nLINE 1: ...c.myusers set active_status = 1 where user_name = safvan12 ;\n                                                             ^\n'}
2023-02-15 10:30:54.638 ERROR json_response.py json_response - response_exception:{'message': 'Object of type ProgrammingError is not JSON serializable'}
2023-02-15 10:51:36.480 ERROR json_response.py json_response - response_exception:{'message': "name 'access_token' is not defined"}
2023-02-15 10:51:36.480 ERROR json_response.py json_response - response_exception:{'message': 'Object of type NameError is not JSON serializable'}
2023-02-15 11:56:22.486 ERROR json_response.py json_response - response_exception:{'message': "'actve_status'"}
2023-02-15 12:59:54.204 ERROR json_response.py json_response - response_exception:{'message': "Expecting ':' delimiter: line 4 column 22 (char 67)"}
2023-02-15 13:00:59.741 ERROR json_response.py json_response - response_exception:{'message': "Expecting ':' delimiter: line 4 column 22 (char 67)"}
2023-02-15 13:01:35.006 ERROR json_response.py json_response - response_exception:{'message': "Expecting ':' delimiter: line 4 column 22 (char 67)"}
2023-02-15 13:02:15.161 ERROR json_response.py json_response - response_exception:{'message': "Expecting ':' delimiter: line 4 column 22 (char 67)"}
2023-02-15 13:03:04.974 ERROR json_response.py json_response - response_exception:{'message': "'price'"}
2023-02-15 13:04:17.255 ERROR json_response.py json_response - response_exception:{'message': "'price'"}
2023-02-15 13:06:25.185 ERROR json_response.py json_response - response_exception:{'message': '0'}
2023-02-15 13:07:15.383 ERROR json_response.py json_response - response_exception:{'message': "'price'"}
2023-02-15 13:09:36.438 ERROR json_response.py json_response - response_exception:{'message': "'price'"}
2023-02-15 13:13:33.932 ERROR json_response.py json_response - response_exception:{'message': "name 'insert_order_data' is not defined"}
2023-02-15 13:14:09.371 ERROR json_response.py json_response - response_exception:{'message': "cannot access local variable 'response' where it is not associated with a value"}
2023-02-15 13:16:16.470 ERROR json_response.py json_response - response_exception:{'message': "cannot access local variable 'response' where it is not associated with a value"}
2023-02-15 13:21:28.019 ERROR json_response.py json_response - response_exception:{'message': "cannot access local variable 'response' where it is not associated with a value"}
2023-02-15 13:23:00.687 ERROR json_response.py json_response - response_exception:{'message': "cannot access local variable 'response' where it is not associated with a value"}
2023-02-15 13:24:19.088 ERROR json_response.py json_response - response_exception:{'message': "cannot access local variable 'response' where it is not associated with a value"}
2023-02-15 13:30:16.305 ERROR json_response.py json_response - response_exception:{'message': "'str' object is not callable"}
2023-02-15 14:06:57.980 ERROR json_response.py json_response - response_exception:{'message': "'gst'"}
2023-02-15 14:07:51.300 ERROR json_response.py json_response - response_exception:{'message': "'gst'"}
2023-02-15 14:09:54.165 ERROR json_response.py json_response - response_exception:{'message': 'column "gst_prec" of relation "product_table" does not exist\nLINE 1: ...public.product_table (product_name,quantity,price,gst_prec,t...\n                                                             ^\n'}
2023-02-15 14:18:36.094 ERROR json_response.py json_response - response_exception:{'message': "'order_id'"}
2023-02-15 14:40:58.260 ERROR json_response.py json_response - response_exception:{'message': 'the JSON object must be str, bytes or bytearray, not list'}
2023-02-15 14:43:10.285 ERROR json_response.py json_response - response_exception:{'message': 'the JSON object must be str, bytes or bytearray, not list'}
2023-02-15 14:45:23.306 ERROR json_response.py json_response - response_exception:{'message': 'list indices must be integers or slices, not dict'}
2023-02-15 14:46:31.218 ERROR json_response.py json_response - response_exception:{'message': "'list' object cannot be interpreted as an integer"}
2023-02-15 14:47:18.072 ERROR json_response.py json_response - response_exception:{'message': "'list' object cannot be interpreted as an integer"}
2023-02-15 14:48:48.317 ERROR json_response.py json_response - response_exception:{'message': "'int' object is not iterable"}
2023-02-15 14:49:24.424 ERROR json_response.py json_response - response_exception:{'message': "name 'data' is not defined"}
2023-02-15 14:50:52.050 ERROR json_response.py json_response - response_exception:{'message': "name 'data' is not defined"}
2023-02-15 14:52:01.506 ERROR json_response.py json_response - response_exception:{'message': "name 'data' is not defined"}
2023-02-15 14:52:56.289 ERROR json_response.py json_response - response_exception:{'message': "name 'data' is not defined"}
2023-02-15 14:54:02.012 ERROR json_response.py json_response - response_exception:{'message': "name 'response' is not defined"}
2023-02-15 14:54:40.790 ERROR json_response.py json_response - response_exception:{'message': "name 'response' is not defined"}
2023-02-15 14:54:56.382 ERROR json_response.py json_response - response_exception:{'message': "name 'response' is not defined"}
2023-02-15 15:01:49.491 ERROR json_response.py json_response - response_exception:{'message': "string indices must be integers, not 'str'"}
2023-02-15 15:04:44.323 ERROR json_response.py json_response - response_exception:{'message': "string indices must be integers, not 'str'"}
2023-02-15 15:05:33.517 ERROR json_response.py json_response - response_exception:{'message': "name 'response' is not defined"}
2023-02-15 15:07:54.651 ERROR json_response.py json_response - response_exception:{'message': '0'}
2023-02-15 15:08:13.517 ERROR json_response.py json_response - response_exception:{'message': "cannot access local variable 'product_name' where it is not associated with a value"}
2023-02-15 16:29:27.534 ERROR json_response.py json_response - response_exception:{'message': "name 'rint' is not defined"}
2023-02-15 16:29:59.486 ERROR json_response.py json_response - response_exception:{'message': "'float' object is not iterable"}
2023-02-15 16:33:32.294 ERROR json_response.py json_response - response_exception:{'message': "array() missing required argument 'object' (pos 0)"}
2023-02-15 16:35:21.982 ERROR json_response.py json_response - response_exception:{'message': "'numpy.ndarray' object has no attribute 'append'"}
2023-02-15 16:37:58.312 ERROR json_response.py json_response - response_exception:{'message': "'numpy.ndarray' object has no attribute 'append'"}
2023-02-15 16:38:50.141 ERROR json_response.py json_response - response_exception:{'message': "'float' object is not iterable"}
2023-02-15 16:52:04.932 ERROR json_response.py json_response - response_exception:{'message': "'tuple' object has no attribute 'format'"}
