2023-03-21 12:38:43.738 ERROR json_response.py json_response - response_exception:{'message': "'desg_id'"}
2023-03-21 12:38:43.782 ERROR json_response.py json_response - response_exception:{'message': 'Object of type KeyError is not JSON serializable'}
2023-03-21 12:44:22.094 ERROR json_response.py json_response - response_exception:{'message': "'desg_id'"}
2023-03-21 12:44:22.095 ERROR json_response.py json_response - response_exception:{'message': 'Object of type KeyError is not JSON serializable'}
2023-03-21 12:44:44.691 ERROR json_response.py json_response - response_exception:{'message': "'desg_id'"}
2023-03-21 12:44:44.692 ERROR json_response.py json_response - response_exception:{'message': 'Object of type KeyError is not JSON serializable'}
2023-03-21 12:57:59.394 ERROR json_response.py json_response - response_exception:{'message': "'password'"}
2023-03-21 12:57:59.395 ERROR json_response.py json_response - response_exception:{'message': 'Object of type KeyError is not JSON serializable'}
2023-03-21 14:39:08.834 ERROR json_response.py json_response - response_exception:{'message': "local variable 'Err' referenced before assignment"}
2023-03-21 14:39:20.587 ERROR json_response.py json_response - response_exception:{'message': "local variable 'Err' referenced before assignment"}
2023-03-21 14:39:33.860 ERROR json_response.py json_response - response_exception:{'message': "local variable 'Err' referenced before assignment"}
2023-03-21 14:39:35.127 ERROR json_response.py json_response - response_exception:{'message': "local variable 'Err' referenced before assignment"}
2023-03-21 14:39:36.091 ERROR json_response.py json_response - response_exception:{'message': "local variable 'Err' referenced before assignment"}
2023-03-21 14:39:39.720 ERROR json_response.py json_response - response_exception:{'message': "local variable 'Err' referenced before assignment"}
2023-03-21 14:39:48.779 ERROR json_response.py json_response - response_exception:{'message': "local variable 'Err' referenced before assignment"}
2023-03-21 14:39:53.883 ERROR json_response.py json_response - response_exception:{'message': "local variable 'Err' referenced before assignment"}
2023-03-21 14:40:41.364 ERROR json_response.py json_response - response_exception:{'message': "local variable 'Err' referenced before assignment"}
2023-03-21 14:40:43.210 ERROR json_response.py json_response - response_exception:{'message': "local variable 'Err' referenced before assignment"}
2023-03-21 14:40:44.129 ERROR json_response.py json_response - response_exception:{'message': "local variable 'Err' referenced before assignment"}
2023-03-21 14:42:15.097 ERROR json_response.py json_response - response_exception:{'message': "local variable 'Err' referenced before assignment"}
2023-03-21 15:07:35.357 ERROR json_response.py json_response - response_exception:{'message': "local variable 'Err' referenced before assignment"}
2023-03-21 15:07:39.348 ERROR json_response.py json_response - response_exception:{'message': "local variable 'Err' referenced before assignment"}
2023-03-21 15:07:41.049 ERROR json_response.py json_response - response_exception:{'message': "local variable 'Err' referenced before assignment"}
2023-03-21 15:07:55.824 ERROR json_response.py json_response - response_exception:{'message': "local variable 'Err' referenced before assignment"}
2023-03-21 15:08:00.881 ERROR json_response.py json_response - response_exception:{'message': "local variable 'Err' referenced before assignment"}
2023-03-21 15:12:50.981 ERROR json_response.py json_response - response_exception:{'message': "local variable 'Err' referenced before assignment"}
2023-03-21 15:13:15.084 ERROR json_response.py json_response - response_exception:{'message': "local variable 'Err' referenced before assignment"}
2023-03-21 15:27:32.808 ERROR json_response.py json_response - response_exception:{'message': "local variable 'active_status' referenced before assignment"}
2023-03-21 15:27:32.808 ERROR json_response.py json_response - response_exception:{'message': 'Object of type UnboundLocalError is not JSON serializable'}
2023-03-21 15:31:09.050 ERROR json_response.py json_response - response_exception:{'message': "'utf-8' codec can't decode byte 0xf6 in position 1: invalid start byte"}
2023-03-21 15:31:09.050 ERROR json_response.py json_response - response_exception:{'message': 'Object of type UnicodeDecodeError is not JSON serializable'}
2023-03-21 15:50:14.898 ERROR json_response.py json_response - response_exception:{'message': "'utf-8' codec can't decode byte 0xf6 in position 1: invalid start byte"}
2023-03-21 15:50:14.899 ERROR json_response.py json_response - response_exception:{'message': 'Object of type UnicodeDecodeError is not JSON serializable'}
2023-03-21 15:51:06.561 ERROR json_response.py json_response - response_exception:{'message': "'utf-8' codec can't decode byte 0xf6 in position 1: invalid start byte"}
2023-03-21 15:51:06.561 ERROR json_response.py json_response - response_exception:{'message': 'Object of type UnicodeDecodeError is not JSON serializable'}
2023-03-21 15:56:18.737 ERROR json_response.py json_response - response_exception:{'message': 'Expecting property name enclosed in double quotes: line 3 column 13 (char 29)'}
2023-03-21 15:56:18.738 ERROR json_response.py json_response - response_exception:{'message': 'Object of type JSONDecodeError is not JSON serializable'}
2023-03-21 15:56:57.026 ERROR json_response.py json_response - response_exception:{'message': "local variable 'Err' referenced before assignment"}
2023-03-21 15:57:04.612 ERROR json_response.py json_response - response_exception:{'message': "local variable 'Err' referenced before assignment"}
2023-03-21 15:57:11.894 ERROR json_response.py json_response - response_exception:{'message': "local variable 'Err' referenced before assignment"}
2023-03-21 15:57:18.387 ERROR json_response.py json_response - response_exception:{'message': "local variable 'Err' referenced before assignment"}
2023-03-21 15:57:40.950 ERROR json_response.py json_response - response_exception:{'message': 'Expecting property name enclosed in double quotes: line 3 column 13 (char 29)'}
2023-03-21 15:57:40.950 ERROR json_response.py json_response - response_exception:{'message': 'Object of type JSONDecodeError is not JSON serializable'}
2023-03-21 15:58:25.209 ERROR json_response.py json_response - response_exception:{'message': "local variable 'Err' referenced before assignment"}
2023-03-21 16:00:35.782 ERROR json_response.py json_response - response_exception:{'message': "'active_status'"}
2023-03-21 16:00:35.782 ERROR json_response.py json_response - response_exception:{'message': 'Object of type KeyError is not JSON serializable'}
2023-03-21 16:01:01.584 ERROR json_response.py json_response - response_exception:{'message': "Expecting ',' delimiter: line 7 column 13 (char 196)"}
2023-03-21 16:01:01.584 ERROR json_response.py json_response - response_exception:{'message': 'Object of type JSONDecodeError is not JSON serializable'}
2023-03-21 16:01:11.607 ERROR json_response.py json_response - response_exception:{'message': '(1054, "Unknown column \'active\' in \'field list\'")'}
2023-03-21 16:01:11.607 ERROR json_response.py json_response - response_exception:{'message': 'Object of type OperationalError is not JSON serializable'}
2023-03-21 16:05:54.144 ERROR json_response.py json_response - response_exception:{'message': "'utf-8' codec can't decode byte 0xf6 in position 1: invalid start byte"}
2023-03-21 16:05:54.145 ERROR json_response.py json_response - response_exception:{'message': 'Object of type UnicodeDecodeError is not JSON serializable'}
2023-03-21 16:06:18.104 ERROR json_response.py json_response - response_exception:{'message': "'utf-8' codec can't decode byte 0xf6 in position 1: invalid start byte"}
2023-03-21 16:06:18.104 ERROR json_response.py json_response - response_exception:{'message': 'Object of type UnicodeDecodeError is not JSON serializable'}
2023-03-21 16:37:16.586 ERROR json_response.py json_response - response_exception:{'message': "'cid'"}
2023-03-21 16:37:16.586 ERROR json_response.py json_response - response_exception:{'message': 'Object of type KeyError is not JSON serializable'}
2023-03-21 16:42:20.812 ERROR json_response.py json_response - response_exception:{'message': "'cn'"}
2023-03-21 16:42:20.825 ERROR json_response.py json_response - response_exception:{'message': 'Object of type KeyError is not JSON serializable'}
2023-03-21 16:43:42.920 ERROR json_response.py json_response - response_exception:{'message': "'cn'"}
2023-03-21 16:43:42.921 ERROR json_response.py json_response - response_exception:{'message': 'Object of type KeyError is not JSON serializable'}
2023-03-21 16:44:47.854 ERROR json_response.py json_response - response_exception:{'message': "'cn'"}
2023-03-21 16:44:47.855 ERROR json_response.py json_response - response_exception:{'message': 'Object of type KeyError is not JSON serializable'}
2023-03-21 16:44:49.301 ERROR json_response.py json_response - response_exception:{'message': "'cn'"}
2023-03-21 16:44:49.301 ERROR json_response.py json_response - response_exception:{'message': 'Object of type KeyError is not JSON serializable'}
2023-03-21 16:44:49.504 ERROR json_response.py json_response - response_exception:{'message': "'cn'"}
2023-03-21 16:44:49.504 ERROR json_response.py json_response - response_exception:{'message': 'Object of type KeyError is not JSON serializable'}
2023-03-21 16:45:07.260 ERROR json_response.py json_response - response_exception:{'message': "'cn'"}
2023-03-21 16:45:07.260 ERROR json_response.py json_response - response_exception:{'message': 'Object of type KeyError is not JSON serializable'}
2023-03-21 16:45:08.648 ERROR json_response.py json_response - response_exception:{'message': "'cn'"}
2023-03-21 16:45:08.648 ERROR json_response.py json_response - response_exception:{'message': 'Object of type KeyError is not JSON serializable'}
2023-03-21 16:46:02.744 ERROR json_response.py json_response - response_exception:{'message': '(1054, "Unknown column \'cus_name\' in \'where clause\'")'}
2023-03-21 16:46:02.745 ERROR json_response.py json_response - response_exception:{'message': 'Object of type OperationalError is not JSON serializable'}
2023-03-21 16:46:03.727 ERROR json_response.py json_response - response_exception:{'message': '(1054, "Unknown column \'cus_name\' in \'where clause\'")'}
2023-03-21 16:46:03.727 ERROR json_response.py json_response - response_exception:{'message': 'Object of type OperationalError is not JSON serializable'}
2023-03-21 16:46:11.639 ERROR json_response.py json_response - response_exception:{'message': '(1054, "Unknown column \'cus_name\' in \'where clause\'")'}
2023-03-21 16:46:11.639 ERROR json_response.py json_response - response_exception:{'message': 'Object of type OperationalError is not JSON serializable'}
2023-03-21 16:47:41.133 ERROR json_response.py json_response - response_exception:{'message': "'id'"}
2023-03-21 16:47:41.134 ERROR json_response.py json_response - response_exception:{'message': 'Object of type KeyError is not JSON serializable'}
2023-03-21 16:48:54.662 ERROR json_response.py json_response - response_exception:{'message': "'id'"}
2023-03-21 16:48:54.663 ERROR json_response.py json_response - response_exception:{'message': 'Object of type KeyError is not JSON serializable'}
2023-03-21 17:07:53.191 ERROR json_response.py json_response - response_exception:{'message': "local variable 'Err' referenced before assignment"}
2023-03-21 17:11:26.464 ERROR json_response.py json_response - response_exception:{'message': "'cid'"}
2023-03-21 17:11:26.464 ERROR json_response.py json_response - response_exception:{'message': 'Object of type KeyError is not JSON serializable'}
2023-03-21 17:20:12.565 ERROR json_response.py json_response - response_exception:{'message': 'Expecting property name enclosed in double quotes: line 2 column 5 (char 7)'}
2023-03-21 17:20:12.566 ERROR json_response.py json_response - response_exception:{'message': 'Object of type JSONDecodeError is not JSON serializable'}
2023-03-21 17:38:27.390 ERROR json_response.py json_response - response_exception:{'message': "local variable 'Err' referenced before assignment"}
2023-03-21 17:40:33.591 ERROR json_response.py json_response - response_exception:{'message': "local variable 'Err' referenced before assignment"}
2023-03-21 17:40:55.886 ERROR json_response.py json_response - response_exception:{'message': "local variable 'Err' referenced before assignment"}
2023-03-21 17:42:36.899 ERROR json_response.py json_response - response_exception:{'message': "local variable 'Err' referenced before assignment"}
2023-03-21 17:45:01.286 ERROR json_response.py json_response - response_exception:{'message': "local variable 'Err' referenced before assignment"}
2023-03-21 17:48:10.841 ERROR json_response.py json_response - response_exception:{'message': "local variable 'Err' referenced before assignment"}
2023-03-21 17:49:03.296 ERROR json_response.py json_response - response_exception:{'message': "local variable 'Err' referenced before assignment"}
2023-03-21 17:51:34.805 ERROR json_response.py json_response - response_exception:{'message': "local variable 'mob_val' referenced before assignment"}
2023-03-21 17:51:34.805 ERROR json_response.py json_response - response_exception:{'message': 'Object of type UnboundLocalError is not JSON serializable'}
2023-03-21 18:03:01.333 ERROR json_response.py json_response - response_exception:{'message': "local variable 'Err' referenced before assignment"}
2023-03-21 18:03:18.833 ERROR json_response.py json_response - response_exception:{'message': "local variable 'Err' referenced before assignment"}
2023-03-21 18:04:09.225 ERROR json_response.py json_response - response_exception:{'message': "local variable 'Err' referenced before assignment"}
2023-03-21 18:04:10.946 ERROR json_response.py json_response - response_exception:{'message': "local variable 'Err' referenced before assignment"}
2023-03-21 18:04:18.674 ERROR json_response.py json_response - response_exception:{'message': "local variable 'Err' referenced before assignment"}
2023-03-21 18:04:57.046 ERROR json_response.py json_response - response_exception:{'message': "local variable 'Err' referenced before assignment"}
2023-03-21 18:04:58.239 ERROR json_response.py json_response - response_exception:{'message': "local variable 'Err' referenced before assignment"}
2023-03-21 18:05:13.626 ERROR json_response.py json_response - response_exception:{'message': "local variable 'Err' referenced before assignment"}
2023-03-21 18:05:14.555 ERROR json_response.py json_response - response_exception:{'message': "local variable 'Err' referenced before assignment"}
2023-03-21 18:05:19.990 ERROR json_response.py json_response - response_exception:{'message': "local variable 'Err' referenced before assignment"}
2023-03-21 18:05:34.441 ERROR json_response.py json_response - response_exception:{'message': "local variable 'Err' referenced before assignment"}
2023-03-21 18:05:43.543 ERROR json_response.py json_response - response_exception:{'message': "local variable 'Err' referenced before assignment"}
2023-03-21 18:06:00.149 ERROR json_response.py json_response - response_exception:{'message': "local variable 'Err' referenced before assignment"}
2023-03-21 18:06:06.300 ERROR json_response.py json_response - response_exception:{'message': "local variable 'Err' referenced before assignment"}
