2023-05-22 12:52:27.304 ERROR json_response.py json_response - response_exception:{'message': "'access_token'"}
2023-05-22 12:52:27.306 ERROR json_response.py json_response - response_exception:{'message': 'Object of type KeyError is not JSON serializable'}
2023-05-22 12:53:05.194 ERROR json_response.py json_response - response_exception:{'message': "'password'"}
2023-05-22 12:53:05.194 ERROR json_response.py json_response - response_exception:{'message': 'Object of type KeyError is not JSON serializable'}
2023-05-22 12:53:17.164 ERROR json_response.py json_response - response_exception:{'message': "'active_status'"}
2023-05-22 12:53:17.165 ERROR json_response.py json_response - response_exception:{'message': 'Object of type KeyError is not JSON serializable'}
2023-05-22 12:53:36.945 ERROR json_response.py json_response - response_exception:{'message': "'desg_id_en'"}
2023-05-22 12:53:36.945 ERROR json_response.py json_response - response_exception:{'message': 'Object of type KeyError is not JSON serializable'}
2023-05-22 13:00:47.934 ERROR json_response.py json_response - response_exception:{'message': '(1054, "Unknown column \'adress\' in \'field list\'")'}
2023-05-22 13:00:47.934 ERROR json_response.py json_response - response_exception:{'message': 'Object of type OperationalError is not JSON serializable'}
2023-05-22 13:00:50.199 ERROR json_response.py json_response - response_exception:{'message': '(1054, "Unknown column \'adress\' in \'field list\'")'}
2023-05-22 13:00:50.199 ERROR json_response.py json_response - response_exception:{'message': 'Object of type OperationalError is not JSON serializable'}
2023-05-22 13:08:38.107 ERROR json_response.py json_response - response_exception:{'message': "'dpid'"}
2023-05-22 13:08:38.123 ERROR json_response.py json_response - response_exception:{'message': 'Object of type KeyError is not JSON serializable'}
2023-05-22 13:10:40.795 ERROR json_response.py json_response - response_exception:{'message': '(1054, "Unknown column \'adress\' in \'field list\'")'}
2023-05-22 13:10:40.809 ERROR json_response.py json_response - response_exception:{'message': 'Object of type OperationalError is not JSON serializable'}
2023-05-22 13:11:46.709 ERROR json_response.py json_response - response_exception:{'message': '(1054, "Unknown column \'adress\' in \'field list\'")'}
2023-05-22 13:11:46.709 ERROR json_response.py json_response - response_exception:{'message': 'Object of type OperationalError is not JSON serializable'}
2023-05-22 13:23:04.391 ERROR json_response.py json_response - response_exception:{'message': "local variable 'Err' referenced before assignment"}
2023-05-22 13:25:59.215 ERROR json_response.py json_response - response_exception:{'message': "local variable 'Err' referenced before assignment"}
2023-05-22 13:26:52.226 ERROR json_response.py json_response - response_exception:{'message': "local variable 'Err' referenced before assignment"}
2023-05-22 13:27:16.497 ERROR json_response.py json_response - response_exception:{'message': "local variable 'Err' referenced before assignment"}
2023-05-22 13:27:37.233 ERROR json_response.py json_response - response_exception:{'message': "local variable 'Err' referenced before assignment"}
2023-05-22 13:28:07.335 ERROR json_response.py json_response - response_exception:{'message': "local variable 'Err' referenced before assignment"}
2023-05-22 13:28:24.448 ERROR json_response.py json_response - response_exception:{'message': "local variable 'Err' referenced before assignment"}
2023-05-22 13:29:07.462 ERROR json_response.py json_response - response_exception:{'message': "local variable 'Err' referenced before assignment"}
2023-05-22 14:30:38.846 ERROR json_response.py json_response - response_exception:{'message': "local variable 'Err' referenced before assignment"}
2023-05-22 14:31:07.853 ERROR json_response.py json_response - response_exception:{'message': "local variable 'Err' referenced before assignment"}
2023-05-22 14:31:58.612 ERROR json_response.py json_response - response_exception:{'message': "local variable 'Err' referenced before assignment"}
2023-05-22 14:33:34.590 ERROR json_response.py json_response - response_exception:{'message': "local variable 'Err' referenced before assignment"}
2023-05-22 14:33:37.355 ERROR json_response.py json_response - response_exception:{'message': "local variable 'Err' referenced before assignment"}
2023-05-22 14:34:18.298 ERROR json_response.py json_response - response_exception:{'message': "local variable 'Err' referenced before assignment"}
2023-05-22 14:34:58.374 ERROR json_response.py json_response - response_exception:{'message': "local variable 'Err' referenced before assignment"}
2023-05-22 14:36:07.758 ERROR json_response.py json_response - response_exception:{'message': "local variable 'Err' referenced before assignment"}
2023-05-22 14:42:48.119 ERROR json_response.py json_response - response_exception:{'message': "local variable 'Err' referenced before assignment"}
2023-05-22 15:47:28.449 ERROR json_response.py json_response - response_exception:{'message': "'count'"}
2023-05-22 15:47:28.454 ERROR json_response.py json_response - response_exception:{'message': 'Object of type KeyError is not JSON serializable'}
2023-05-22 15:50:14.784 ERROR json_response.py json_response - response_exception:{'message': "'count'"}
2023-05-22 15:50:14.800 ERROR json_response.py json_response - response_exception:{'message': 'Object of type KeyError is not JSON serializable'}
2023-05-22 15:51:09.972 ERROR json_response.py json_response - response_exception:{'message': "'count'"}
2023-05-22 15:51:09.972 ERROR json_response.py json_response - response_exception:{'message': 'Object of type KeyError is not JSON serializable'}
2023-05-22 15:52:11.850 ERROR json_response.py json_response - response_exception:{'message': "'gst'"}
2023-05-22 15:52:11.866 ERROR json_response.py json_response - response_exception:{'message': 'Object of type KeyError is not JSON serializable'}
2023-05-22 15:52:19.289 ERROR json_response.py json_response - response_exception:{'message': "'gst'"}
2023-05-22 15:52:19.291 ERROR json_response.py json_response - response_exception:{'message': 'Object of type KeyError is not JSON serializable'}
2023-05-22 15:52:38.894 ERROR json_response.py json_response - response_exception:{'message': '(1064, \'You have an error in your SQL syntax; check the manual that corresponds to your MariaDB server version for the right syntax to use near \\\'[{"product_id": "8578", "product_name": "tea", "quantity": 3, "rate": 10, "am...\\\' at line 1\')'}
2023-05-22 15:52:38.897 ERROR json_response.py json_response - response_exception:{'message': 'Object of type ProgrammingError is not JSON serializable'}
2023-05-22 15:54:44.672 ERROR json_response.py json_response - response_exception:{'message': 'the JSON object must be str, bytes or bytearray, not list'}
2023-05-22 15:54:44.688 ERROR json_response.py json_response - response_exception:{'message': 'Object of type TypeError is not JSON serializable'}
2023-05-22 15:55:23.950 ERROR json_response.py json_response - response_exception:{'message': 'the JSON object must be str, bytes or bytearray, not list'}
2023-05-22 15:55:23.950 ERROR json_response.py json_response - response_exception:{'message': 'Object of type TypeError is not JSON serializable'}
2023-05-22 15:55:53.876 ERROR json_response.py json_response - response_exception:{'message': 'the JSON object must be str, bytes or bytearray, not list'}
2023-05-22 15:55:53.891 ERROR json_response.py json_response - response_exception:{'message': 'Object of type TypeError is not JSON serializable'}
2023-05-22 16:01:40.248 ERROR json_response.py json_response - response_exception:{'message': '(1064, \'You have an error in your SQL syntax; check the manual that corresponds to your MariaDB server version for the right syntax to use near \\\'\\\',"[{"product_id": "8578", "product_name": "tea", "quantity": 3, "rate": 10, ...\\\' at line 1\')'}
2023-05-22 16:01:40.248 ERROR json_response.py json_response - response_exception:{'message': 'Object of type ProgrammingError is not JSON serializable'}
2023-05-22 16:08:34.749 ERROR json_response.py json_response - response_exception:{'message': "'products'"}
2023-05-22 16:08:34.749 ERROR json_response.py json_response - response_exception:{'message': 'Object of type KeyError is not JSON serializable'}
2023-05-22 16:09:33.289 ERROR json_response.py json_response - response_exception:{'message': '(1064, \'You have an error in your SQL syntax; check the manual that corresponds to your MariaDB server version for the right syntax to use near \\\'\\\',"[{"product_id": "8578", "product_name": "tea", "quantity": 3, "rate": 10, ...\\\' at line 1\')'}
2023-05-22 16:09:33.305 ERROR json_response.py json_response - response_exception:{'message': 'Object of type ProgrammingError is not JSON serializable'}
2023-05-22 16:09:59.341 ERROR json_response.py json_response - response_exception:{'message': '(1064, \'You have an error in your SQL syntax; check the manual that corresponds to your MariaDB server version for the right syntax to use near \\\'\\\',"[{"product_id": "8578", "product_name": "tea", "quantity": 3, "rate": 10, ...\\\' at line 1\')'}
2023-05-22 16:09:59.341 ERROR json_response.py json_response - response_exception:{'message': 'Object of type ProgrammingError is not JSON serializable'}
2023-05-22 16:13:51.163 ERROR json_response.py json_response - response_exception:{'message': '(1064, \'You have an error in your SQL syntax; check the manual that corresponds to your MariaDB server version for the right syntax to use near \\\'product_id": "8578", "product_name": "tea", "quantity": 3, "rate": 10, "amoun...\\\' at line 1\')'}
2023-05-22 16:13:51.175 ERROR json_response.py json_response - response_exception:{'message': 'Object of type ProgrammingError is not JSON serializable'}
2023-05-22 16:17:49.758 ERROR json_response.py json_response - response_exception:{'message': '(1064, "You have an error in your SQL syntax; check the manual that corresponds to your MariaDB server version for the right syntax to use near \'product_id\': \'8578\', \'product_name\': \'tea\', \'quantity\': 3, \'rate\': 10, \'amoun...\' at line 1")'}
2023-05-22 16:17:49.773 ERROR json_response.py json_response - response_exception:{'message': 'Object of type ProgrammingError is not JSON serializable'}
2023-05-22 16:20:01.418 ERROR json_response.py json_response - response_exception:{'message': '(1064, "You have an error in your SQL syntax; check the manual that corresponds to your MariaDB server version for the right syntax to use near \'product_id\': \'8578\', \'product_name\': \'tea\', \'quantity\': 3, \'rate\': 10, \'amoun...\' at line 1")'}
2023-05-22 16:20:01.418 ERROR json_response.py json_response - response_exception:{'message': 'Object of type ProgrammingError is not JSON serializable'}
2023-05-22 16:20:22.229 ERROR json_response.py json_response - response_exception:{'message': '(1064, \'You have an error in your SQL syntax; check the manual that corresponds to your MariaDB server version for the right syntax to use near \\\'"[{\\\'product_id\\\': \\\'8578\\\', \\\'product_name\\\': \\\'tea\\\', \\\'quantity\\\': 3, \\\'rate\\\': 10, \\\'a...\\\' at line 1\')'}
2023-05-22 16:20:22.229 ERROR json_response.py json_response - response_exception:{'message': 'Object of type ProgrammingError is not JSON serializable'}
2023-05-22 16:27:06.118 ERROR json_response.py json_response - response_exception:{'message': "module 'json' has no attribute 'dumbs'"}
2023-05-22 16:27:06.118 ERROR json_response.py json_response - response_exception:{'message': 'Object of type AttributeError is not JSON serializable'}
2023-05-22 16:44:22.341 ERROR json_response.py json_response - response_exception:{'message': "name 'lendata' is not defined"}
2023-05-22 16:44:22.341 ERROR json_response.py json_response - response_exception:{'message': 'Object of type NameError is not JSON serializable'}
2023-05-22 17:16:48.768 ERROR json_response.py json_response - response_exception:{'message': '(1064, "You have an error in your SQL syntax; check the manual that corresponds to your MariaDB server version for the right syntax to use near \'= 1, cancel_notes = \'invalid values\' where order_id = \'cdc7f192-42a\'\' at line 1")'}
2023-05-22 17:16:48.785 ERROR json_response.py json_response - response_exception:{'message': 'Object of type ProgrammingError is not JSON serializable'}
2023-05-22 17:19:02.509 ERROR json_response.py json_response - response_exception:{'message': '(1064, "You have an error in your SQL syntax; check the manual that corresponds to your MariaDB server version for the right syntax to use near \'= 1, cancel_notes = \'invalid values\' where order_id = \'cdc7f192-42a\'\' at line 1")'}
2023-05-22 17:19:02.525 ERROR json_response.py json_response - response_exception:{'message': 'Object of type ProgrammingError is not JSON serializable'}
2023-05-22 17:19:08.535 ERROR json_response.py json_response - response_exception:{'message': '(1064, "You have an error in your SQL syntax; check the manual that corresponds to your MariaDB server version for the right syntax to use near \'= 1, cancel_notes = \'invalid values\' where order_id = \'cdc7f192-42a\'\' at line 1")'}
2023-05-22 17:19:08.535 ERROR json_response.py json_response - response_exception:{'message': 'Object of type ProgrammingError is not JSON serializable'}
2023-05-22 17:20:56.965 ERROR json_response.py json_response - response_exception:{'message': '(1054, "Unknown column \'cancel_notes\' in \'field list\'")'}
2023-05-22 17:20:56.965 ERROR json_response.py json_response - response_exception:{'message': 'Object of type OperationalError is not JSON serializable'}
2023-05-22 17:58:14.666 ERROR json_response.py json_response - response_exception:{'message': '(1136, "Column count doesn\'t match value count at row 1")'}
2023-05-22 17:58:14.682 ERROR json_response.py json_response - response_exception:{'message': 'Object of type OperationalError is not JSON serializable'}
2023-05-22 18:02:37.709 ERROR json_response.py json_response - response_exception:{'message': "local variable 'bill' referenced before assignment"}
2023-05-22 18:02:37.709 ERROR json_response.py json_response - response_exception:{'message': 'Object of type UnboundLocalError is not JSON serializable'}
