2023-03-30 10:40:27.566 ERROR json_response.py json_response - response_exception:{'message': 'Expecting property name enclosed in double quotes: line 2 column 5 (char 7)'}
2023-03-30 10:40:27.566 ERROR json_response.py json_response - response_exception:{'message': 'Object of type JSONDecodeError is not JSON serializable'}
2023-03-30 10:41:39.198 ERROR json_response.py json_response - response_exception:{'message': "'ref_vendor_id'"}
2023-03-30 10:41:39.199 ERROR json_response.py json_response - response_exception:{'message': 'Object of type KeyError is not JSON serializable'}
2023-03-30 10:43:28.820 ERROR json_response.py json_response - response_exception:{'message': "cannot access local variable 'Err' where it is not associated with a value"}
2023-03-30 10:44:22.080 ERROR json_response.py json_response - response_exception:{'message': "cannot access local variable 'Err' where it is not associated with a value"}
2023-03-30 10:45:01.429 ERROR json_response.py json_response - response_exception:{'message': "cannot access local variable 'Err' where it is not associated with a value"}
2023-03-30 10:53:02.692 ERROR json_response.py json_response - response_exception:{'message': "'utf-8' codec can't decode byte 0xdb in position 0: unexpected end of data"}
2023-03-30 10:53:02.703 ERROR json_response.py json_response - response_exception:{'message': 'Object of type UnicodeDecodeError is not JSON serializable'}
2023-03-30 10:55:36.025 ERROR json_response.py json_response - response_exception:{'message': "cannot access local variable 'type_id' where it is not associated with a value"}
2023-03-30 10:55:36.026 ERROR json_response.py json_response - response_exception:{'message': 'Object of type UnboundLocalError is not JSON serializable'}
2023-03-30 10:58:02.457 ERROR json_response.py json_response - response_exception:{'message': 'Expecting property name enclosed in double quotes: line 4 column 5 (char 100)'}
2023-03-30 10:58:02.473 ERROR json_response.py json_response - response_exception:{'message': 'Object of type JSONDecodeError is not JSON serializable'}
2023-03-30 10:58:11.369 ERROR json_response.py json_response - response_exception:{'message': "'vehicle_owner'"}
2023-03-30 10:58:11.370 ERROR json_response.py json_response - response_exception:{'message': 'Object of type KeyError is not JSON serializable'}
2023-03-30 11:25:26.389 ERROR json_response.py json_response - response_exception:{'message': "'ot'"}
2023-03-30 11:25:26.403 ERROR json_response.py json_response - response_exception:{'message': 'Object of type KeyError is not JSON serializable'}
2023-03-30 11:47:38.456 ERROR json_response.py json_response - response_exception:{'message': "cannot access local variable 'Err' where it is not associated with a value"}
2023-03-30 11:48:32.762 ERROR json_response.py json_response - response_exception:{'message': "cannot access local variable 'Err' where it is not associated with a value"}
2023-03-30 12:06:34.528 ERROR json_response.py json_response - response_exception:{'message': "cannot access local variable 'Err' where it is not associated with a value"}
2023-03-30 12:13:00.141 ERROR json_response.py json_response - response_exception:{'message': "cannot access local variable 'Err' where it is not associated with a value"}
2023-03-30 15:02:32.048 ERROR json_response.py json_response - response_exception:{'message': "cannot access local variable 'Err' where it is not associated with a value"}
2023-03-30 15:04:17.861 ERROR json_response.py json_response - response_exception:{'message': "cannot access local variable 'Err' where it is not associated with a value"}
2023-03-30 15:04:20.259 ERROR json_response.py json_response - response_exception:{'message': "cannot access local variable 'Err' where it is not associated with a value"}
2023-03-30 15:04:21.412 ERROR json_response.py json_response - response_exception:{'message': "cannot access local variable 'Err' where it is not associated with a value"}
2023-03-30 15:04:21.754 ERROR json_response.py json_response - response_exception:{'message': "cannot access local variable 'Err' where it is not associated with a value"}
2023-03-30 15:04:22.614 ERROR json_response.py json_response - response_exception:{'message': "cannot access local variable 'Err' where it is not associated with a value"}
2023-03-30 15:04:23.346 ERROR json_response.py json_response - response_exception:{'message': "cannot access local variable 'Err' where it is not associated with a value"}
2023-03-30 15:04:35.561 ERROR json_response.py json_response - response_exception:{'message': "cannot access local variable 'Err' where it is not associated with a value"}
2023-03-30 15:04:36.972 ERROR json_response.py json_response - response_exception:{'message': "cannot access local variable 'Err' where it is not associated with a value"}
2023-03-30 15:04:37.458 ERROR json_response.py json_response - response_exception:{'message': "cannot access local variable 'Err' where it is not associated with a value"}
2023-03-30 15:04:38.569 ERROR json_response.py json_response - response_exception:{'message': "cannot access local variable 'Err' where it is not associated with a value"}
2023-03-30 15:04:38.970 ERROR json_response.py json_response - response_exception:{'message': "cannot access local variable 'Err' where it is not associated with a value"}
2023-03-30 15:04:53.195 ERROR json_response.py json_response - response_exception:{'message': "cannot access local variable 'Err' where it is not associated with a value"}
2023-03-30 15:05:25.419 ERROR json_response.py json_response - response_exception:{'message': "cannot access local variable 'Err' where it is not associated with a value"}
2023-03-30 15:06:52.886 ERROR json_response.py json_response - response_exception:{'message': "cannot access local variable 'Err' where it is not associated with a value"}
2023-03-30 15:07:39.100 ERROR json_response.py json_response - response_exception:{'message': "cannot access local variable 'Err' where it is not associated with a value"}
2023-03-30 15:07:50.964 ERROR json_response.py json_response - response_exception:{'message': "cannot access local variable 'Err' where it is not associated with a value"}
2023-03-30 15:13:25.064 ERROR json_response.py json_response - response_exception:{'message': "cannot access local variable 'Err' where it is not associated with a value"}
2023-03-30 15:13:39.534 ERROR json_response.py json_response - response_exception:{'message': "cannot access local variable 'Err' where it is not associated with a value"}
2023-03-30 16:10:55.807 ERROR json_response.py json_response - response_exception:{'message': "cannot access local variable 'Err' where it is not associated with a value"}
2023-03-30 16:12:34.823 ERROR json_response.py json_response - response_exception:{'message': "cannot access local variable 'Err' where it is not associated with a value"}
2023-03-30 16:13:31.849 ERROR json_response.py json_response - response_exception:{'message': "cannot access local variable 'Err' where it is not associated with a value"}
2023-03-30 16:14:05.138 ERROR json_response.py json_response - response_exception:{'message': "cannot access local variable 'Err' where it is not associated with a value"}
2023-03-30 16:14:45.598 ERROR json_response.py json_response - response_exception:{'message': "cannot access local variable 'Err' where it is not associated with a value"}
2023-03-30 16:30:06.063 ERROR json_response.py json_response - response_exception:{'message': "cannot access local variable 'Err' where it is not associated with a value"}
2023-03-30 16:30:11.837 ERROR json_response.py json_response - response_exception:{'message': "cannot access local variable 'Err' where it is not associated with a value"}
2023-03-30 16:30:13.296 ERROR json_response.py json_response - response_exception:{'message': "cannot access local variable 'Err' where it is not associated with a value"}
2023-03-30 16:30:14.039 ERROR json_response.py json_response - response_exception:{'message': "cannot access local variable 'Err' where it is not associated with a value"}
2023-03-30 16:30:15.200 ERROR json_response.py json_response - response_exception:{'message': "cannot access local variable 'Err' where it is not associated with a value"}
2023-03-30 16:31:10.525 ERROR json_response.py json_response - response_exception:{'message': "cannot access local variable 'Err' where it is not associated with a value"}
2023-03-30 16:31:22.654 ERROR json_response.py json_response - response_exception:{'message': "cannot access local variable 'Err' where it is not associated with a value"}
2023-03-30 16:31:37.312 ERROR json_response.py json_response - response_exception:{'message': "cannot access local variable 'Err' where it is not associated with a value"}
2023-03-30 16:33:08.075 ERROR json_response.py json_response - response_exception:{'message': "cannot access local variable 'Err' where it is not associated with a value"}
2023-03-30 16:33:09.094 ERROR json_response.py json_response - response_exception:{'message': "cannot access local variable 'Err' where it is not associated with a value"}
2023-03-30 16:33:09.832 ERROR json_response.py json_response - response_exception:{'message': "cannot access local variable 'Err' where it is not associated with a value"}
2023-03-30 16:43:13.209 ERROR json_response.py json_response - response_exception:{'message': "cannot access local variable 'Err' where it is not associated with a value"}
2023-03-30 16:55:28.227 ERROR json_response.py json_response - response_exception:{'message': "cannot access local variable 'Err' where it is not associated with a value"}
2023-03-30 16:58:15.419 ERROR json_response.py json_response - response_exception:{'message': "cannot access local variable 'Err' where it is not associated with a value"}
2023-03-30 16:58:23.256 ERROR json_response.py json_response - response_exception:{'message': "cannot access local variable 'Err' where it is not associated with a value"}
2023-03-30 16:58:53.864 ERROR json_response.py json_response - response_exception:{'message': "cannot access local variable 'Err' where it is not associated with a value"}
2023-03-30 16:58:56.733 ERROR json_response.py json_response - response_exception:{'message': "cannot access local variable 'Err' where it is not associated with a value"}
2023-03-30 17:00:53.337 ERROR json_response.py json_response - response_exception:{'message': "cannot access local variable 'Err' where it is not associated with a value"}
2023-03-30 17:01:20.551 ERROR json_response.py json_response - response_exception:{'message': "cannot access local variable 'Err' where it is not associated with a value"}
2023-03-30 17:01:21.567 ERROR json_response.py json_response - response_exception:{'message': "cannot access local variable 'Err' where it is not associated with a value"}
2023-03-30 17:01:22.005 ERROR json_response.py json_response - response_exception:{'message': "cannot access local variable 'Err' where it is not associated with a value"}
2023-03-30 17:02:26.323 ERROR json_response.py json_response - response_exception:{'message': "cannot access local variable 'Err' where it is not associated with a value"}
2023-03-30 17:03:18.122 ERROR json_response.py json_response - response_exception:{'message': "cannot access local variable 'Err' where it is not associated with a value"}
2023-03-30 17:03:44.453 ERROR json_response.py json_response - response_exception:{'message': "cannot access local variable 'Err' where it is not associated with a value"}
2023-03-30 17:03:49.581 ERROR json_response.py json_response - response_exception:{'message': "cannot access local variable 'Err' where it is not associated with a value"}
2023-03-30 17:04:15.772 ERROR json_response.py json_response - response_exception:{'message': "cannot access local variable 'Err' where it is not associated with a value"}
2023-03-30 17:04:31.268 ERROR json_response.py json_response - response_exception:{'message': "cannot access local variable 'Err' where it is not associated with a value"}
2023-03-30 17:04:33.569 ERROR json_response.py json_response - response_exception:{'message': "cannot access local variable 'Err' where it is not associated with a value"}
2023-03-30 17:04:48.100 ERROR json_response.py json_response - response_exception:{'message': "cannot access local variable 'Err' where it is not associated with a value"}
2023-03-30 17:04:50.570 ERROR json_response.py json_response - response_exception:{'message': "cannot access local variable 'Err' where it is not associated with a value"}
2023-03-30 17:05:00.752 ERROR json_response.py json_response - response_exception:{'message': "cannot access local variable 'Err' where it is not associated with a value"}
2023-03-30 17:05:03.899 ERROR json_response.py json_response - response_exception:{'message': "cannot access local variable 'Err' where it is not associated with a value"}
2023-03-30 17:05:47.456 ERROR json_response.py json_response - response_exception:{'message': "cannot access local variable 'Err' where it is not associated with a value"}
2023-03-30 17:07:19.682 ERROR json_response.py json_response - response_exception:{'message': "cannot access local variable 'Err' where it is not associated with a value"}
2023-03-30 17:07:40.855 ERROR json_response.py json_response - response_exception:{'message': "cannot access local variable 'Err' where it is not associated with a value"}
2023-03-30 17:07:50.155 ERROR json_response.py json_response - response_exception:{'message': "cannot access local variable 'Err' where it is not associated with a value"}
2023-03-30 17:07:59.251 ERROR json_response.py json_response - response_exception:{'message': "cannot access local variable 'Err' where it is not associated with a value"}
2023-03-30 17:08:08.274 ERROR json_response.py json_response - response_exception:{'message': "cannot access local variable 'Err' where it is not associated with a value"}
2023-03-30 17:08:19.754 ERROR json_response.py json_response - response_exception:{'message': "cannot access local variable 'Err' where it is not associated with a value"}
2023-03-30 17:08:29.115 ERROR json_response.py json_response - response_exception:{'message': "cannot access local variable 'Err' where it is not associated with a value"}
2023-03-30 17:13:43.849 ERROR json_response.py json_response - response_exception:{'message': "cannot access local variable 'Err' where it is not associated with a value"}
2023-03-30 17:13:54.781 ERROR json_response.py json_response - response_exception:{'message': "cannot access local variable 'Err' where it is not associated with a value"}
2023-03-30 17:14:44.460 ERROR json_response.py json_response - response_exception:{'message': "cannot access local variable 'Err' where it is not associated with a value"}
2023-03-30 17:14:45.860 ERROR json_response.py json_response - response_exception:{'message': "cannot access local variable 'Err' where it is not associated with a value"}
2023-03-30 17:15:25.360 ERROR json_response.py json_response - response_exception:{'message': "cannot access local variable 'Err' where it is not associated with a value"}
2023-03-30 17:15:28.278 ERROR json_response.py json_response - response_exception:{'message': "cannot access local variable 'Err' where it is not associated with a value"}
2023-03-30 17:15:31.792 ERROR json_response.py json_response - response_exception:{'message': "cannot access local variable 'Err' where it is not associated with a value"}
2023-03-30 17:15:35.876 ERROR json_response.py json_response - response_exception:{'message': "cannot access local variable 'Err' where it is not associated with a value"}
2023-03-30 17:15:41.924 ERROR json_response.py json_response - response_exception:{'message': "cannot access local variable 'Err' where it is not associated with a value"}
2023-03-30 17:15:44.544 ERROR json_response.py json_response - response_exception:{'message': "cannot access local variable 'Err' where it is not associated with a value"}
2023-03-30 17:15:47.960 ERROR json_response.py json_response - response_exception:{'message': "cannot access local variable 'Err' where it is not associated with a value"}
2023-03-30 17:15:49.149 ERROR json_response.py json_response - response_exception:{'message': "cannot access local variable 'Err' where it is not associated with a value"}
2023-03-30 17:15:54.340 ERROR json_response.py json_response - response_exception:{'message': "cannot access local variable 'Err' where it is not associated with a value"}
2023-03-30 17:15:55.984 ERROR json_response.py json_response - response_exception:{'message': "cannot access local variable 'Err' where it is not associated with a value"}
2023-03-30 17:16:05.887 ERROR json_response.py json_response - response_exception:{'message': "cannot access local variable 'Err' where it is not associated with a value"}
2023-03-30 17:16:07.629 ERROR json_response.py json_response - response_exception:{'message': "cannot access local variable 'Err' where it is not associated with a value"}
2023-03-30 17:16:12.065 ERROR json_response.py json_response - response_exception:{'message': "cannot access local variable 'Err' where it is not associated with a value"}
2023-03-30 17:16:20.278 ERROR json_response.py json_response - response_exception:{'message': "cannot access local variable 'Err' where it is not associated with a value"}
2023-03-30 17:25:00.450 ERROR json_response.py json_response - response_exception:{'message': "cannot access local variable 'Err' where it is not associated with a value"}
2023-03-30 17:25:08.165 ERROR json_response.py json_response - response_exception:{'message': "cannot access local variable 'Err' where it is not associated with a value"}
2023-03-30 17:41:08.074 ERROR json_response.py json_response - response_exception:{'message': "cannot access local variable 'Err' where it is not associated with a value"}
2023-03-30 17:41:34.525 ERROR json_response.py json_response - response_exception:{'message': "cannot access local variable 'Err' where it is not associated with a value"}
