2023-04-08 10:17:40.433 ERROR json_response.py json_response - response_exception:{'message': "cannot access local variable 'Err' where it is not associated with a value"}
2023-04-08 12:35:09.923 ERROR json_response.py json_response - response_exception:{'message': "cannot access local variable 'exc' where it is not associated with a value"}
2023-04-08 12:35:09.928 ERROR json_response.py json_response - response_exception:{'message': 'Object of type UnboundLocalError is not JSON serializable'}
2023-04-08 12:40:58.864 ERROR json_response.py json_response - response_exception:{'message': "'authorization'"}
2023-04-08 12:40:58.869 ERROR json_response.py json_response - response_exception:{'message': 'Object of type KeyError is not JSON serializable'}
2023-04-08 12:53:42.913 ERROR json_response.py json_response - response_exception:{'message': "cannot access local variable 'Err' where it is not associated with a value"}
2023-04-08 12:53:55.294 ERROR json_response.py json_response - response_exception:{'message': "cannot access local variable 'Err' where it is not associated with a value"}
2023-04-08 13:02:05.088 ERROR json_response.py json_response - response_exception:{'message': "'authorization'"}
2023-04-08 13:02:05.094 ERROR json_response.py json_response - response_exception:{'message': 'Object of type KeyError is not JSON serializable'}
2023-04-08 13:13:46.211 ERROR json_response.py json_response - response_exception:{'message': '(2002, "Can\'t connect to server on \'192.168.29.143\' (10060)")'}
2023-04-08 13:13:46.261 ERROR json_response.py json_response - response_exception:{'message': 'Object of type OperationalError is not JSON serializable'}
2023-04-08 13:13:55.962 ERROR json_response.py json_response - response_exception:{'message': "cannot access local variable 'Err' where it is not associated with a value"}
2023-04-08 13:14:04.960 ERROR json_response.py json_response - response_exception:{'message': "cannot access local variable 'Err' where it is not associated with a value"}
2023-04-08 13:14:04.960 ERROR json_response.py json_response - response_exception:{'message': "cannot access local variable 'Err' where it is not associated with a value"}
2023-04-08 13:14:07.487 ERROR json_response.py json_response - response_exception:{'message': '(2002, "Can\'t connect to server on \'192.168.29.143\' (10060)")'}
2023-04-08 13:14:07.487 ERROR json_response.py json_response - response_exception:{'message': 'Object of type OperationalError is not JSON serializable'}
2023-04-08 16:52:38.225 ERROR json_response.py json_response - response_exception:{'message': 'list index out of range'}
2023-04-08 16:52:38.232 ERROR json_response.py json_response - response_exception:{'message': 'Object of type IndexError is not JSON serializable'}
2023-04-08 16:59:29.017 ERROR json_response.py json_response - response_exception:{'message': '0'}
2023-04-08 16:59:29.020 ERROR json_response.py json_response - response_exception:{'message': 'Object of type KeyError is not JSON serializable'}
2023-04-08 17:00:18.559 ERROR json_response.py json_response - response_exception:{'message': "'notes'"}
2023-04-08 17:00:18.575 ERROR json_response.py json_response - response_exception:{'message': 'Object of type KeyError is not JSON serializable'}
2023-04-08 17:00:24.606 ERROR json_response.py json_response - response_exception:{'message': "(4025, 'CONSTRAINT `expense_table.data` failed for `sureksha`.`expense_table`')"}
2023-04-08 17:00:24.607 ERROR json_response.py json_response - response_exception:{'message': 'Object of type IntegrityError is not JSON serializable'}
2023-04-08 17:04:48.739 ERROR json_response.py json_response - response_exception:{'message': "'notes'"}
2023-04-08 17:04:48.739 ERROR json_response.py json_response - response_exception:{'message': 'Object of type KeyError is not JSON serializable'}
2023-04-08 17:12:10.239 ERROR json_response.py json_response - response_exception:{'message': 'Object of type type is not JSON serializable'}
2023-04-08 17:12:10.242 ERROR json_response.py json_response - response_exception:{'message': 'Object of type TypeError is not JSON serializable'}
2023-04-08 17:13:06.383 ERROR json_response.py json_response - response_exception:{'message': "'notes'"}
2023-04-08 17:13:06.385 ERROR json_response.py json_response - response_exception:{'message': 'Object of type KeyError is not JSON serializable'}
2023-04-08 17:13:58.669 ERROR json_response.py json_response - response_exception:{'message': '(1064, "You have an error in your SQL syntax; check the manual that corresponds to your MariaDB server version for the right syntax to use near \'Food\': 200, \'Toll\': 100}\',\'own\',300,\'\')\' at line 1")'}
2023-04-08 17:13:58.669 ERROR json_response.py json_response - response_exception:{'message': 'Object of type ProgrammingError is not JSON serializable'}
2023-04-08 17:21:53.516 ERROR json_response.py json_response - response_exception:{'message': "cannot access local variable 'Err' where it is not associated with a value"}
2023-04-08 17:21:58.702 ERROR json_response.py json_response - response_exception:{'message': "cannot access local variable 'Err' where it is not associated with a value"}
2023-04-08 17:23:58.181 ERROR json_response.py json_response - response_exception:{'message': "cannot access local variable 'Err' where it is not associated with a value"}
2023-04-08 17:24:08.999 ERROR json_response.py json_response - response_exception:{'message': "cannot access local variable 'Err' where it is not associated with a value"}
2023-04-08 17:24:12.674 ERROR json_response.py json_response - response_exception:{'message': "string indices must be integers, not 'str'"}
2023-04-08 17:24:12.684 ERROR json_response.py json_response - response_exception:{'message': 'Object of type TypeError is not JSON serializable'}
2023-04-08 17:24:23.565 ERROR json_response.py json_response - response_exception:{'message': "cannot access local variable 'Err' where it is not associated with a value"}
2023-04-08 17:27:23.501 ERROR json_response.py json_response - response_exception:{'message': "(4025, 'CONSTRAINT `expense_table.data` failed for `sureksha`.`expense_table`')"}
2023-04-08 17:27:23.511 ERROR json_response.py json_response - response_exception:{'message': 'Object of type IntegrityError is not JSON serializable'}
2023-04-08 17:29:09.945 ERROR json_response.py json_response - response_exception:{'message': "(4025, 'CONSTRAINT `expense_table.data` failed for `sureksha`.`expense_table`')"}
2023-04-08 17:29:09.961 ERROR json_response.py json_response - response_exception:{'message': 'Object of type IntegrityError is not JSON serializable'}
2023-04-08 17:29:50.967 ERROR json_response.py json_response - response_exception:{'message': "(4025, 'CONSTRAINT `expense_table.data` failed for `sureksha`.`expense_table`')"}
2023-04-08 17:29:50.982 ERROR json_response.py json_response - response_exception:{'message': 'Object of type IntegrityError is not JSON serializable'}
2023-04-08 17:30:37.735 ERROR json_response.py json_response - response_exception:{'message': "cannot access local variable 'Err' where it is not associated with a value"}
2023-04-08 17:30:41.398 ERROR json_response.py json_response - response_exception:{'message': "cannot access local variable 'Err' where it is not associated with a value"}
2023-04-08 17:30:43.011 ERROR json_response.py json_response - response_exception:{'message': "cannot access local variable 'Err' where it is not associated with a value"}
2023-04-08 17:31:26.246 ERROR json_response.py json_response - response_exception:{'message': "cannot access local variable 'Err' where it is not associated with a value"}
2023-04-08 17:32:13.664 ERROR json_response.py json_response - response_exception:{'message': "'date'"}
2023-04-08 17:32:13.664 ERROR json_response.py json_response - response_exception:{'message': 'Object of type KeyError is not JSON serializable'}
2023-04-08 17:33:05.899 ERROR json_response.py json_response - response_exception:{'message': "cannot access local variable 'Err' where it is not associated with a value"}
2023-04-08 17:33:14.642 ERROR json_response.py json_response - response_exception:{'message': "cannot access local variable 'Err' where it is not associated with a value"}
2023-04-08 17:33:28.391 ERROR json_response.py json_response - response_exception:{'message': "cannot access local variable 'Err' where it is not associated with a value"}
2023-04-08 17:33:33.564 ERROR json_response.py json_response - response_exception:{'message': "cannot access local variable 'Err' where it is not associated with a value"}
