2023-03-15 09:23:17.134 ERROR json_response.py json_response - response_exception:{'message': "local variable 'Err' referenced before assignment"}
2023-03-15 09:24:29.489 ERROR json_response.py json_response - response_exception:{'message': "local variable 'Err' referenced before assignment"}
2023-03-15 09:24:55.855 ERROR json_response.py json_response - response_exception:{'message': "local variable 'Err' referenced before assignment"}
2023-03-15 09:25:46.802 ERROR json_response.py json_response - response_exception:{'message': "local variable 'Err' referenced before assignment"}
2023-03-15 09:47:28.564 ERROR json_response.py json_response - response_exception:{'message': "local variable 'Err' referenced before assignment"}
2023-03-15 10:22:52.827 ERROR json_response.py json_response - response_exception:{'message': '(1054, "Unknown column \'order_number\' in \'field list\'")'}
2023-03-15 10:22:52.842 ERROR json_response.py json_response - response_exception:{'message': 'Object of type OperationalError is not JSON serializable'}
2023-03-15 10:55:10.342 ERROR json_response.py json_response - response_exception:{'message': "local variable 'Err' referenced before assignment"}
2023-03-15 11:00:26.165 ERROR json_response.py json_response - response_exception:{'message': "local variable 'Err' referenced before assignment"}
2023-03-15 11:34:40.837 ERROR json_response.py json_response - response_exception:{'message': "local variable 'Err' referenced before assignment"}
2023-03-15 11:36:25.230 ERROR json_response.py json_response - response_exception:{'message': "local variable 'Err' referenced before assignment"}
2023-03-15 11:36:58.379 ERROR json_response.py json_response - response_exception:{'message': "local variable 'Err' referenced before assignment"}
2023-03-15 11:59:04.925 ERROR json_response.py json_response - response_exception:{'message': "local variable 'Err' referenced before assignment"}
2023-03-15 12:00:43.126 ERROR json_response.py json_response - response_exception:{'message': "local variable 'Err' referenced before assignment"}
2023-03-15 12:38:54.106 ERROR json_response.py json_response - response_exception:{'message': "'access_token'"}
2023-03-15 12:38:54.107 ERROR json_response.py json_response - response_exception:{'message': 'Object of type MultiValueDictKeyError is not JSON serializable'}
2023-03-15 12:41:43.206 ERROR json_response.py json_response - response_exception:{'message': "type object 'datetime.datetime' has no attribute 'datetime'"}
2023-03-15 12:41:43.206 ERROR json_response.py json_response - response_exception:{'message': 'Object of type AttributeError is not JSON serializable'}
2023-03-15 13:11:08.142 ERROR json_response.py json_response - response_exception:{'message': "'order_id'"}
2023-03-15 13:11:08.143 ERROR json_response.py json_response - response_exception:{'message': 'Object of type MultiValueDictKeyError is not JSON serializable'}
2023-03-15 13:11:42.569 ERROR json_response.py json_response - response_exception:{'message': "local variable 'resp' referenced before assignment"}
2023-03-15 13:11:42.569 ERROR json_response.py json_response - response_exception:{'message': 'Object of type UnboundLocalError is not JSON serializable'}
2023-03-15 14:11:31.741 ERROR json_response.py json_response - response_exception:{'message': "unsupported operand type(s) for -: 'decimal.Decimal' and 'str'"}
2023-03-15 14:11:31.742 ERROR json_response.py json_response - response_exception:{'message': 'Object of type TypeError is not JSON serializable'}
2023-03-15 14:12:45.256 ERROR json_response.py json_response - response_exception:{'message': "unsupported operand type(s) for -: 'decimal.Decimal' and 'str'"}
2023-03-15 14:12:45.256 ERROR json_response.py json_response - response_exception:{'message': 'Object of type TypeError is not JSON serializable'}
2023-03-15 14:13:35.611 ERROR json_response.py json_response - response_exception:{'message': "'>' not supported between instances of 'str' and 'int'"}
2023-03-15 14:13:35.611 ERROR json_response.py json_response - response_exception:{'message': 'Object of type TypeError is not JSON serializable'}
2023-03-15 14:14:52.198 ERROR json_response.py json_response - response_exception:{'message': "object of type 'int' has no len()"}
2023-03-15 14:14:52.199 ERROR json_response.py json_response - response_exception:{'message': 'Object of type TypeError is not JSON serializable'}
2023-03-15 14:15:39.155 ERROR json_response.py json_response - response_exception:{'message': "object of type 'int' has no len()"}
2023-03-15 14:15:39.156 ERROR json_response.py json_response - response_exception:{'message': 'Object of type TypeError is not JSON serializable'}
2023-03-15 14:52:07.524 ERROR json_response.py json_response - response_exception:{'message': "'charges'"}
2023-03-15 14:52:07.525 ERROR json_response.py json_response - response_exception:{'message': 'Object of type KeyError is not JSON serializable'}
2023-03-15 14:53:23.665 ERROR json_response.py json_response - response_exception:{'message': "'charges'"}
2023-03-15 14:53:23.666 ERROR json_response.py json_response - response_exception:{'message': 'Object of type KeyError is not JSON serializable'}
2023-03-15 14:53:52.425 ERROR json_response.py json_response - response_exception:{'message': "local variable 'balance' referenced before assignment"}
2023-03-15 14:53:52.425 ERROR json_response.py json_response - response_exception:{'message': 'Object of type UnboundLocalError is not JSON serializable'}
2023-03-15 14:56:15.541 ERROR json_response.py json_response - response_exception:{'message': 'can only concatenate str (not "int") to str'}
2023-03-15 14:56:15.541 ERROR json_response.py json_response - response_exception:{'message': 'Object of type TypeError is not JSON serializable'}
2023-03-15 15:14:21.060 ERROR json_response.py json_response - response_exception:{'message': "local variable 'record' referenced before assignment"}
2023-03-15 15:14:21.060 ERROR json_response.py json_response - response_exception:{'message': 'Object of type UnboundLocalError is not JSON serializable'}
2023-03-15 15:16:46.698 ERROR json_response.py json_response - response_exception:{'message': '(1064, "You have an error in your SQL syntax; check the manual that corresponds to your MariaDB server version for the right syntax to use near \'where order_id = \'b76670ce-eef\'\' at line 1")'}
2023-03-15 15:16:46.699 ERROR json_response.py json_response - response_exception:{'message': 'Object of type ProgrammingError is not JSON serializable'}
2023-03-15 15:18:40.908 ERROR json_response.py json_response - response_exception:{'message': '(1054, "Unknown column \'payment_status\' in \'field list\'")'}
2023-03-15 15:18:40.908 ERROR json_response.py json_response - response_exception:{'message': 'Object of type OperationalError is not JSON serializable'}
2023-03-15 15:32:15.650 ERROR json_response.py json_response - response_exception:{'message': '(1064, "You have an error in your SQL syntax; check the manual that corresponds to your MariaDB server version for the right syntax to use near \'form payment_table\' at line 1")'}
2023-03-15 15:32:15.667 ERROR json_response.py json_response - response_exception:{'message': 'Object of type ProgrammingError is not JSON serializable'}
2023-03-15 17:11:08.900 ERROR json_response.py json_response - response_exception:{'message': "'count(*)'"}
2023-03-15 17:11:08.915 ERROR json_response.py json_response - response_exception:{'message': 'Object of type KeyError is not JSON serializable'}
