2023-03-13 10:27:36.264 ERROR json_response.py json_response - response_exception:{'message': "'mail_id'"}
2023-03-13 10:27:36.265 ERROR json_response.py json_response - response_exception:{'message': 'Object of type MultiValueDictKeyError is not JSON serializable'}
2023-03-13 10:28:04.662 ERROR json_response.py json_response - response_exception:{'message': '(1054, "Unknown column \'phone_number\' in \'where clause\'")'}
2023-03-13 10:28:04.662 ERROR json_response.py json_response - response_exception:{'message': 'Object of type OperationalError is not JSON serializable'}
2023-03-13 10:32:57.080 ERROR json_response.py json_response - response_exception:{'message': 'list index out of range'}
2023-03-13 10:32:57.081 ERROR json_response.py json_response - response_exception:{'message': 'Object of type IndexError is not JSON serializable'}
2023-03-13 10:35:24.457 ERROR json_response.py json_response - response_exception:{'message': '(1054, "Unknown column \'cus_name\' in \'field list\'")'}
2023-03-13 10:35:24.458 ERROR json_response.py json_response - response_exception:{'message': 'Object of type OperationalError is not JSON serializable'}
2023-03-13 10:36:31.917 ERROR json_response.py json_response - response_exception:{'message': '(1054, "Unknown column \'adress\' in \'field list\'")'}
2023-03-13 10:36:31.918 ERROR json_response.py json_response - response_exception:{'message': 'Object of type OperationalError is not JSON serializable'}
2023-03-13 10:38:32.622 ERROR json_response.py json_response - response_exception:{'message': "'utf-8' codec can't decode byte 0xf1 in position 0: invalid continuation byte"}
2023-03-13 10:38:32.622 ERROR json_response.py json_response - response_exception:{'message': 'Object of type UnicodeDecodeError is not JSON serializable'}
2023-03-13 10:40:26.662 ERROR json_response.py json_response - response_exception:{'message': "'user_name'"}
2023-03-13 10:40:26.662 ERROR json_response.py json_response - response_exception:{'message': 'Object of type MultiValueDictKeyError is not JSON serializable'}
2023-03-13 10:40:40.801 ERROR json_response.py json_response - response_exception:{'message': "'phone_number'"}
2023-03-13 10:40:40.801 ERROR json_response.py json_response - response_exception:{'message': 'Object of type MultiValueDictKeyError is not JSON serializable'}
2023-03-13 10:41:22.828 ERROR json_response.py json_response - response_exception:{'message': '(1054, "Unknown column \'user_id\' in \'where clause\'")'}
2023-03-13 10:41:22.828 ERROR json_response.py json_response - response_exception:{'message': 'Object of type OperationalError is not JSON serializable'}
2023-03-13 10:41:45.662 ERROR json_response.py json_response - response_exception:{'message': '(1054, "Unknown column \'phone_number\' in \'field list\'")'}
2023-03-13 10:41:45.663 ERROR json_response.py json_response - response_exception:{'message': 'Object of type OperationalError is not JSON serializable'}
2023-03-13 11:09:51.825 ERROR json_response.py json_response - response_exception:{'message': "local variable 'Err' referenced before assignment"}
2023-03-13 11:10:13.335 ERROR json_response.py json_response - response_exception:{'message': "local variable 'Err' referenced before assignment"}
2023-03-13 11:27:48.365 ERROR json_response.py json_response - response_exception:{'message': "local variable 'Err' referenced before assignment"}
2023-03-13 11:48:48.010 ERROR json_response.py json_response - response_exception:{'message': '(1054, "Unknown column \'vehicle_name\' in \'field list\'")'}
2023-03-13 11:48:48.010 ERROR json_response.py json_response - response_exception:{'message': 'Object of type OperationalError is not JSON serializable'}
2023-03-13 11:55:50.772 ERROR json_response.py json_response - response_exception:{'message': "local variable 'Err' referenced before assignment"}
2023-03-13 11:57:44.009 ERROR json_response.py json_response - response_exception:{'message': "local variable 'Err' referenced before assignment"}
2023-03-13 11:59:27.441 ERROR json_response.py json_response - response_exception:{'message': "local variable 'Err' referenced before assignment"}
2023-03-13 12:01:16.434 ERROR json_response.py json_response - response_exception:{'message': "local variable 'Err' referenced before assignment"}
2023-03-13 12:01:42.737 ERROR json_response.py json_response - response_exception:{'message': "local variable 'Err' referenced before assignment"}
2023-03-13 12:18:52.588 ERROR json_response.py json_response - response_exception:{'message': "name 'insert_vehicle_mster_data' is not defined"}
2023-03-13 12:18:52.588 ERROR json_response.py json_response - response_exception:{'message': 'Object of type NameError is not JSON serializable'}
2023-03-13 12:37:26.967 ERROR json_response.py json_response - response_exception:{'message': "name 'get_vehicle_no' is not defined"}
2023-03-13 12:37:26.969 ERROR json_response.py json_response - response_exception:{'message': 'Object of type NameError is not JSON serializable'}
2023-03-13 12:42:05.738 ERROR json_response.py json_response - response_exception:{'message': "local variable 'Err' referenced before assignment"}
2023-03-13 12:59:09.504 ERROR json_response.py json_response - response_exception:{'message': "local variable 'Err' referenced before assignment"}
2023-03-13 13:00:21.735 ERROR json_response.py json_response - response_exception:{'message': "local variable 'Err' referenced before assignment"}
2023-03-13 13:02:46.987 ERROR json_response.py json_response - response_exception:{'message': "local variable 'Err' referenced before assignment"}
2023-03-13 13:56:39.188 ERROR json_response.py json_response - response_exception:{'message': "local variable 'Err' referenced before assignment"}
2023-03-13 13:56:47.457 ERROR json_response.py json_response - response_exception:{'message': "local variable 'Err' referenced before assignment"}
2023-03-13 14:07:10.935 ERROR json_response.py json_response - response_exception:{'message': 'list index out of range'}
2023-03-13 14:07:10.936 ERROR json_response.py json_response - response_exception:{'message': 'Object of type IndexError is not JSON serializable'}
2023-03-13 14:07:40.197 ERROR json_response.py json_response - response_exception:{'message': "local variable 'Err' referenced before assignment"}
2023-03-13 14:07:51.494 ERROR json_response.py json_response - response_exception:{'message': "local variable 'Err' referenced before assignment"}
2023-03-13 14:07:52.901 ERROR json_response.py json_response - response_exception:{'message': "local variable 'Err' referenced before assignment"}
2023-03-13 14:07:56.476 ERROR json_response.py json_response - response_exception:{'message': "local variable 'Err' referenced before assignment"}
2023-03-13 14:07:57.808 ERROR json_response.py json_response - response_exception:{'message': "local variable 'Err' referenced before assignment"}
2023-03-13 14:08:00.191 ERROR json_response.py json_response - response_exception:{'message': "local variable 'Err' referenced before assignment"}
2023-03-13 14:08:00.934 ERROR json_response.py json_response - response_exception:{'message': "local variable 'Err' referenced before assignment"}
2023-03-13 14:08:01.959 ERROR json_response.py json_response - response_exception:{'message': "local variable 'Err' referenced before assignment"}
2023-03-13 14:08:02.703 ERROR json_response.py json_response - response_exception:{'message': "local variable 'Err' referenced before assignment"}
2023-03-13 14:08:11.338 ERROR json_response.py json_response - response_exception:{'message': "local variable 'Err' referenced before assignment"}
2023-03-13 14:11:40.309 ERROR json_response.py json_response - response_exception:{'message': "local variable 'Err' referenced before assignment"}
2023-03-13 14:12:41.614 ERROR json_response.py json_response - response_exception:{'message': "local variable 'Err' referenced before assignment"}
2023-03-13 14:12:50.104 ERROR json_response.py json_response - response_exception:{'message': "local variable 'Err' referenced before assignment"}
2023-03-13 14:21:35.610 ERROR json_response.py json_response - response_exception:{'message': "local variable 'Err' referenced before assignment"}
2023-03-13 14:21:46.793 ERROR json_response.py json_response - response_exception:{'message': "local variable 'Err' referenced before assignment"}
2023-03-13 14:23:17.529 ERROR json_response.py json_response - response_exception:{'message': "local variable 'Err' referenced before assignment"}
2023-03-13 14:23:21.296 ERROR json_response.py json_response - response_exception:{'message': "local variable 'Err' referenced before assignment"}
2023-03-13 14:23:22.083 ERROR json_response.py json_response - response_exception:{'message': "local variable 'Err' referenced before assignment"}
2023-03-13 14:23:22.448 ERROR json_response.py json_response - response_exception:{'message': "local variable 'Err' referenced before assignment"}
2023-03-13 14:23:22.968 ERROR json_response.py json_response - response_exception:{'message': "local variable 'Err' referenced before assignment"}
2023-03-13 15:01:07.663 ERROR json_response.py json_response - response_exception:{'message': "local variable 'Err' referenced before assignment"}
2023-03-13 15:01:34.152 ERROR json_response.py json_response - response_exception:{'message': "local variable 'Err' referenced before assignment"}
2023-03-13 15:02:05.124 ERROR json_response.py json_response - response_exception:{'message': "local variable 'Err' referenced before assignment"}
2023-03-13 15:03:41.199 ERROR json_response.py json_response - response_exception:{'message': "local variable 'Err' referenced before assignment"}
2023-03-13 15:04:28.072 ERROR json_response.py json_response - response_exception:{'message': "local variable 'Err' referenced before assignment"}
2023-03-13 15:05:32.730 ERROR json_response.py json_response - response_exception:{'message': "local variable 'Err' referenced before assignment"}
2023-03-13 15:06:09.563 ERROR json_response.py json_response - response_exception:{'message': "local variable 'Err' referenced before assignment"}
2023-03-13 15:11:24.783 ERROR json_response.py json_response - response_exception:{'message': '(1054, "Unknown column \'type_id\' in \'where clause\'")'}
2023-03-13 15:11:24.784 ERROR json_response.py json_response - response_exception:{'message': 'Object of type OperationalError is not JSON serializable'}
2023-03-13 15:34:21.854 ERROR json_response.py json_response - response_exception:{'message': "local variable 'Err' referenced before assignment"}
2023-03-13 15:37:31.753 ERROR json_response.py json_response - response_exception:{'message': "local variable 'Err' referenced before assignment"}
2023-03-13 15:37:35.833 ERROR json_response.py json_response - response_exception:{'message': "local variable 'Err' referenced before assignment"}
2023-03-13 15:37:38.082 ERROR json_response.py json_response - response_exception:{'message': "local variable 'Err' referenced before assignment"}
2023-03-13 15:37:38.936 ERROR json_response.py json_response - response_exception:{'message': "local variable 'Err' referenced before assignment"}
2023-03-13 15:37:39.263 ERROR json_response.py json_response - response_exception:{'message': "local variable 'Err' referenced before assignment"}
2023-03-13 15:37:39.609 ERROR json_response.py json_response - response_exception:{'message': "local variable 'Err' referenced before assignment"}
2023-03-13 15:37:39.913 ERROR json_response.py json_response - response_exception:{'message': "local variable 'Err' referenced before assignment"}
2023-03-13 15:37:40.202 ERROR json_response.py json_response - response_exception:{'message': "local variable 'Err' referenced before assignment"}
2023-03-13 16:08:58.085 ERROR json_response.py json_response - response_exception:{'message': "'vn'"}
2023-03-13 16:08:58.085 ERROR json_response.py json_response - response_exception:{'message': 'Object of type KeyError is not JSON serializable'}
2023-03-13 16:09:28.837 ERROR json_response.py json_response - response_exception:{'message': '(1146, "Table \'sureksha.vendor_vehicle\' doesn\'t exist")'}
2023-03-13 16:09:28.837 ERROR json_response.py json_response - response_exception:{'message': 'Object of type ProgrammingError is not JSON serializable'}
2023-03-13 16:11:00.242 ERROR json_response.py json_response - response_exception:{'message': "'vn'"}
2023-03-13 16:11:00.242 ERROR json_response.py json_response - response_exception:{'message': 'Object of type KeyError is not JSON serializable'}
2023-03-13 16:12:32.953 ERROR json_response.py json_response - response_exception:{'message': '(1064, "You have an error in your SQL syntax; check the manual that corresponds to your MariaDB server version for the right syntax to use near \'where u_id = \'4defca27\'\' at line 1")'}
2023-03-13 16:12:32.953 ERROR json_response.py json_response - response_exception:{'message': 'Object of type ProgrammingError is not JSON serializable'}
2023-03-13 16:13:13.958 ERROR json_response.py json_response - response_exception:{'message': '(1064, "You have an error in your SQL syntax; check the manual that corresponds to your MariaDB server version for the right syntax to use near \'where u_id = \'4defca27\'\' at line 1")'}
2023-03-13 16:13:13.959 ERROR json_response.py json_response - response_exception:{'message': 'Object of type ProgrammingError is not JSON serializable'}
2023-03-13 16:16:57.268 ERROR json_response.py json_response - response_exception:{'message': '(1064, "You have an error in your SQL syntax; check the manual that corresponds to your MariaDB server version for the right syntax to use near \'where u_id = \'4defca27-17a\'\' at line 1")'}
2023-03-13 16:16:57.269 ERROR json_response.py json_response - response_exception:{'message': 'Object of type ProgrammingError is not JSON serializable'}
2023-03-13 16:18:00.493 ERROR json_response.py json_response - response_exception:{'message': '(1064, "You have an error in your SQL syntax; check the manual that corresponds to your MariaDB server version for the right syntax to use near \'where u_id = \'4defca27-17a\'\' at line 1")'}
2023-03-13 16:18:00.494 ERROR json_response.py json_response - response_exception:{'message': 'Object of type ProgrammingError is not JSON serializable'}
2023-03-13 16:19:26.714 ERROR json_response.py json_response - response_exception:{'message': '(1064, "You have an error in your SQL syntax; check the manual that corresponds to your MariaDB server version for the right syntax to use near \'where u_id = \'4defca27-17a\'\' at line 1")'}
2023-03-13 16:19:26.714 ERROR json_response.py json_response - response_exception:{'message': 'Object of type ProgrammingError is not JSON serializable'}
2023-03-13 16:37:06.548 ERROR json_response.py json_response - response_exception:{'message': "local variable 'Err' referenced before assignment"}
2023-03-13 16:52:07.569 ERROR json_response.py json_response - response_exception:{'message': "local variable 'Err' referenced before assignment"}
