2023-09-21 10:23:07.343 ERROR json_response.py json_response - response_exception:{'message': 'not enough values to unpack (expected 2, got 1)'}
2023-09-21 10:29:30.339 ERROR json_response.py json_response - response_exception:{'message': 'cannot unpack non-iterable NoneType object'}
2023-09-21 10:35:23.475 ERROR json_response.py json_response - response_exception:{'message': "cannot access local variable 'message' where it is not associated with a value"}
2023-09-21 10:47:15.173 ERROR json_response.py json_response - response_exception:{'message': '(1054, "Unknown column \'show_password\' in \'field list\'")'}
2023-09-21 10:50:36.217 ERROR json_response.py json_response - response_exception:{'message': '(1054, "Unknown column \'show_password\' in \'field list\'")'}
2023-09-21 10:51:02.083 ERROR json_response.py json_response - response_exception:{'message': '(1054, "Unknown column \'show_password\' in \'field list\'")'}
2023-09-21 10:51:39.167 ERROR json_response.py json_response - response_exception:{'message': '(1054, "Unknown column \'show_password\' in \'field list\'")'}
2023-09-21 10:54:09.070 ERROR json_response.py json_response - response_exception:{'message': "name 'showpassword' is not defined"}
2023-09-21 10:54:19.738 ERROR json_response.py json_response - response_exception:{'message': "'show_password'"}
2023-09-21 11:34:02.396 ERROR json_response.py json_response - response_exception:{'message': "'psw'"}
2023-09-21 11:53:27.131 ERROR json_response.py json_response - response_exception:{'message': "'user_name'"}
2023-09-21 11:53:30.629 ERROR json_response.py json_response - response_exception:{'message': "'user_name'"}
2023-09-21 12:01:12.931 ERROR json_response.py json_response - response_exception:{'message': "'mobile'"}
2023-09-21 12:02:04.131 ERROR json_response.py json_response - response_exception:{'message': "'mobile'"}
2023-09-21 12:11:24.564 ERROR json_response.py json_response - response_exception:{'message': "'user_name'"}
2023-09-21 12:20:45.433 ERROR json_response.py json_response - response_exception:{'message': "'field'"}
2023-09-21 12:21:12.682 ERROR json_response.py json_response - response_exception:{'message': "'field'"}
2023-09-21 12:21:57.297 ERROR json_response.py json_response - response_exception:{'message': "'password'"}
2023-09-21 12:28:05.581 ERROR json_response.py json_response - response_exception:{'message': "'user_type'"}
2023-09-21 12:28:23.552 ERROR json_response.py json_response - response_exception:{'message': "'mobile'"}
2023-09-21 12:28:34.211 ERROR json_response.py json_response - response_exception:{'message': "'user_name'"}
2023-09-21 12:30:08.128 ERROR json_response.py json_response - response_exception:{'message': "'mobile'"}
2023-09-21 12:31:39.906 ERROR json_response.py json_response - response_exception:{'message': "'mobile'"}
2023-09-21 12:34:08.170 ERROR json_response.py json_response - response_exception:{'message': "'email'"}
2023-09-21 12:35:16.330 ERROR json_response.py json_response - response_exception:{'message': "'mobile'"}
2023-09-21 12:52:33.493 ERROR json_response.py json_response - response_exception:{'message': "'mobile'"}
2023-09-21 14:40:49.154 ERROR json_response.py json_response - response_exception:{'message': "'mobile'"}
2023-09-21 14:41:03.066 ERROR json_response.py json_response - response_exception:{'message': "'mobile'"}
2023-09-21 14:41:29.869 ERROR json_response.py json_response - response_exception:{'message': "'mobile'"}
2023-09-21 14:41:38.094 ERROR json_response.py json_response - response_exception:{'message': "'email'"}
2023-09-21 14:43:09.529 ERROR json_response.py json_response - response_exception:{'message': "'mobile'"}
2023-09-21 14:43:36.290 ERROR json_response.py json_response - response_exception:{'message': "'mobile'"}
2023-09-21 14:43:45.703 ERROR json_response.py json_response - response_exception:{'message': "'mobile'"}
2023-09-21 14:44:51.110 ERROR json_response.py json_response - response_exception:{'message': "'mobile'"}
2023-09-21 14:44:53.590 ERROR json_response.py json_response - response_exception:{'message': "'mobile'"}
2023-09-21 14:45:27.030 ERROR json_response.py json_response - response_exception:{'message': "'mobile'"}
2023-09-21 14:46:30.984 ERROR json_response.py json_response - response_exception:{'message': "'mobile'"}
2023-09-21 14:47:27.451 ERROR json_response.py json_response - response_exception:{'message': '(1064, "You have an error in your SQL syntax; check the manual that corresponds to your MariaDB server version for the right syntax to use near \'mobile = \'1234564334\', email =\'haritha@gmail.com\'\' at line 1")'}
2023-09-21 14:47:55.500 ERROR json_response.py json_response - response_exception:{'message': '(1064, "You have an error in your SQL syntax; check the manual that corresponds to your MariaDB server version for the right syntax to use near \' mobile = \'1234564334\', email =\'haritha@gmail.com\'\' at line 1")'}
2023-09-21 14:49:17.771 ERROR json_response.py json_response - response_exception:{'message': "name 'done' is not defined"}
2023-09-21 14:51:41.689 ERROR json_response.py json_response - response_exception:{'message': "'dict' object has no attribute 'item'"}
2023-09-21 15:27:57.106 ERROR json_response.py json_response - response_exception:{'message': '(1064, "You have an error in your SQL syntax; check the manual that corresponds to your MariaDB server version for the right syntax to use near \'search * from user_master where mobile = \'1234564534\'\' at line 1")'}
2023-09-21 15:29:09.868 ERROR json_response.py json_response - response_exception:{'message': '(1064, "You have an error in your SQL syntax; check the manual that corresponds to your MariaDB server version for the right syntax to use near \'search * from user_master where mobile = \'1234564534\'\' at line 1")'}
2023-09-21 17:11:44.875 ERROR json_response.py json_response - response_exception:{'message': '(1064, "You have an error in your SQL syntax; check the manual that corresponds to your MariaDB server version for the right syntax to use near \'search * from user_master where user_id = \'2e4eec14-1dae-48d9-95ec-576b64b5ae71\'\' at line 1")'}
2023-09-21 17:17:53.887 ERROR json_response.py json_response - response_exception:{'message': "name 'first_name' is not defined"}
2023-09-21 17:41:29.901 ERROR json_response.py json_response - response_exception:{'message': "name 'first_name' is not defined"}
2023-09-21 17:42:23.823 ERROR json_response.py json_response - response_exception:{'message': "name 'first_name' is not defined"}
2023-09-21 17:45:30.184 ERROR json_response.py json_response - response_exception:{'message': "name 'first_name' is not defined"}
2023-09-21 17:51:38.840 ERROR json_response.py json_response - response_exception:{'message': "'access_token'"}
2023-09-21 17:55:09.374 ERROR json_response.py json_response - response_exception:{'message': "'showpassword'"}
2023-09-21 17:56:02.667 ERROR json_response.py json_response - response_exception:{'message': "'user_id'"}
2023-09-21 17:57:33.961 ERROR json_response.py json_response - response_exception:{'message': "'user_id'"}
2023-09-21 17:58:52.015 ERROR json_response.py json_response - response_exception:{'message': "'user_id'"}
2023-09-21 18:04:02.905 ERROR json_response.py json_response - response_exception:{'message': "'user_id'"}
